['aqc', 'aaa', 'aab', 'aai', 'aat', 'aaw', 'aax', 'abo', 'abq', 'abt']
['asa', 'aac', 'aad', 'aah', 'aan', 'aay', 'abf', 'abg', 'acd', 'ach']
['adt', 'aae', 'aag', 'aaj', 'aal', 'aao', 'aba', 'abk', 'abl', 'acb']
['alt', 'aaf', 'aak', 'aau', 'aaz', 'abc', 'abh', 'abn', 'abv', 'ace']
['ahk', 'aam', 'aar', 'abb', 'abp', 'aca', 'acf', 'ack', 'aco', 'acp']
['akw', 'aap', 'aav', 'abe', 'abm', 'acl', 'acz', 'adl', 'adm', 'adq']
['apk', 'aaq', 'abi', 'abz', 'aci', 'acm', 'adn', 'adr', 'ads', 'adw']
['afy', 'aas', 'abj', 'act', 'ade', 'adv', 'aea', 'aek', 'aem', 'aep']
['amc', 'abd', 'abs', 'aby', 'acr', 'acs', 'adz', 'aed', 'aes', 'afb']
['akv', 'abr', 'acq', 'acv', 'acw', 'adk', 'aet', 'aex', 'afh', 'afv']
['apm', 'abu', 'abw', 'acn', 'adc', 'adg', 'aee', 'aei', 'afa', 'afg']
['apu', 'abx', 'acc', 'acu', 'acy', 'ado', 'aeh', 'afm', 'afp', 'afs']
['arr', 'acg', 'acj', 'adx', 'aeq', 'aew', 'afr', 'aft', 'afw', 'agj']
['aqn', 'acx', 'ada', 'adb', 'add', 'adu', 'aen', 'afd', 'afz', 'agh']
['ask', 'adf', 'adi', 'adj', 'aeu', 'agc', 'agg', 'ags', 'agt', 'agw']
['ajc', 'adh', 'ady', 'aeb', 'aer', 'aev', 'agb', 'agq', 'ahd', 'ahi']
['alh', 'adp', 'aej', 'afe', 'aga', 'age', 'agl', 'agn', 'agv', 'agz']
['apc', 'aec', 'afc', 'afq', 'afx', 'agr', 'ahg', 'ahn', 'ahs', 'aie']
['ajt', 'aef', 'aey', 'aez', 'afi', 'ahb', 'ahc', 'aih', 'aip', 'aje']
['asm', 'aeg', 'afu', 'ahl', 'aht', 'ahw', 'ahy', 'aif', 'aij', 'ait']
['ald', 'ael', 'afj', 'agy', 'aha', 'ahe', 'ahv', 'aiv', 'ajm', 'ajs']
['akm', 'aeo', 'aff', 'agd', 'ahj', 'ahz', 'ail', 'ais', 'ajg', 'aju']
['aqo', 'afk', 'afl', 'agi', 'ahq', 'aic', 'ajx', 'ajy', 'akc', 'akd']
['aop', 'afn', 'agk', 'ahr', 'aia', 'aim', 'aiy', 'ajf', 'ajj', 'ajz']
['akl', 'afo', 'agf', 'ahf', 'aig', 'air', 'ajh', 'akf', 'akh', 'alf']
['anz', 'agm', 'agu', 'aho', 'aiz', 'ajw', 'akb', 'akq', 'akr', 'aln']
['aos', 'ago', 'ahm', 'aiu', 'aji', 'ajl', 'akk', 'akp', 'ala', 'aly']
['arc', 'agp', 'aio', 'ajq', 'aki', 'alb', 'alg', 'alr', 'alu', 'alz']
['arg', 'agx', 'ahh', 'aib', 'ajb', 'ajv', 'aka', 'aks', 'ali', 'ame']
['ars', 'ahp', 'ahu', 'aiq', 'aiw', 'ajr', 'akz', 'ama', 'amb', 'amy']
['asu', 'ahx', 'aii', 'ale', 'all', 'amf', 'amh', 'amn', 'ani', 'anr']
['aps', 'aid', 'ain', 'akg', 'akj', 'alj', 'amj', 'ans', 'aod', 'aok']
['apg', 'aix', 'ajn', 'alx', 'ami', 'amq', 'amz', 'anm', 'anq', 'aoa']
['ash', 'aik', 'akn', 'ako', 'alv', 'ams', 'amv', 'anc', 'anv', 'anx']
['aoo', 'aja', 'ajk', 'ajp', 'ank', 'aon', 'aoz', 'apa', 'aqb', 'aqp']
['aqx', 'ajd', 'ake', 'alk', 'amt', 'aol', 'aom', 'aqq', 'arf', 'ari']
['aqg', 'akt', 'alo', 'alp', 'als', 'anb', 'aoe', 'aog', 'apj', 'are']
['asc', 'ajo', 'aml', 'ant', 'anu', 'aoc', 'aoq', 'aou', 'aph', 'aqk']
['asl', 'aku', 'aky', 'amg', 'aof', 'aor', 'apy', 'arq', 'asd', 'asw']
['ata', 'alc', 'alw', 'amp', 'ana', 'aob', 'ara', 'arj', 'asj', 'asq']
['aox', 'alm', 'alq', 'amu', 'anf', 'aov', 'aqy', 'aro', 'asi', 'asv']
['atd', 'amd', 'amk', 'amr', 'apt', 'aqt', 'aqv', 'asg', 'ass', 'asy']
['arl', 'akx', 'amx', 'ane', 'anp', 'aqh', 'anj', 'aqr', 'aqm', 'aqs']
['aqi', 'amm', 'amw', 'ang', 'aoj', 'and', 'apb', 'asf', 'ape', 'ark']
['atf', 'anh', 'aoi', 'aot', 'any', 'apf', 'apq', 'arv', 'apn', 'apr']
['aqz', 'amo', 'api', 'aqj', 'arx', 'arh', 'aqe', 'aqu', 'ase', 'apz']
['asr', 'aow', 'apo', 'app', 'aqa', 'apd', 'arp', 'anl', 'arz', 'arm']
['ary', 'ann', 'apl', 'aoh', 'apv', 'asn', 'asb', 'asp', 'aqf', 'aqw']
['arb', 'anw', 'apw', 'art', 'ano', 'ast', 'atc', 'arw', 'aql', 'apx']
['ate', 'aqd', 'aru', 'aso', 'atb', 'arn', 'asz', 'aoy', 'ard', 'asx']
