['oUs', 'bAf', 'fQ3', 'PPi', 'Ihb', '17Q', 'wgA', 'Qa3', 'aZv', 'Qyh', 'pf5']
['rz4', 'ISX', 'Zc5', 'MQT', 'qPq', '8VG', '3QX', 'cmd', 'rgC', 'kZ0', 'uZt']
['ux2', 'EoI', 'CwC', 'oSh', 'Hyj', 'mUL', 'Z7b', 'JYa', 'f9z', 'KGR', 'Twl']
['X9s', 'QEF', 'ptf', 'xRH', 'aTI', 'gkI', '0gI', '1xS', '4p5', '5U2', 'X5a']
['LTB', 'W4L', 'IJ1', 'etm', 'VPb', 'U0Z', 'tEu', 'wqW', 'tK7', 'UmG', 'dSZ']
['Fws', 'XHa', '5Li', 'txp', 'GpL', 'vyM', 'x86', 'nf5', 'tKI', 'xxJ', 's3z']
['u1N', 'blA', 'zfK', 'hHB', 'kYz', 'VoJ', 'UPL', 'YUZ', 'FEQ', 'btz', 'stN']
['iTo', 'xpw', 'DoC', 'QDa', 'PiG', 'ZFU', 'ZNv', 'ULj', 'oZQ', 'VVW', 'Ot9']
['70K', 'GUX', '1gc', 'a4K', 'Jla', 'qLD', 'E2A', 'nkl', 'W8n', 'BPL', 'ttO']
['eGG', 'P8b', 'NGB', '1QY', 'kte', '69w', 'PoH', 'Xim', 'Tn8', 'cDc', '5zB']
['psG', '1aX', 'uH4', 'NqO', 'nc0', 'PqY', 'H9O', 'oak', 's1n', 'iS6', 'NXP']
['mGb', 'sfk', 'klv', 'YMC', 'upV', 'zEh', '5qS', 'PJa', 'ewc', 'IZQ', 'XMr']
['F9o', 'nqI', 'b99', 'rXN', '28R', 'Fmb', '6Hl', 'jEj', '4Nd', '6ro', 'YBr']
['Hi0', 'AK4', 'U0P', 'uVg', 'Qtt', 'qDy', 'iGU', 'cFa', '00m', '4LY', '4fp']
['z1H', 'dvU', 'Hxo', 'Jgp', 'Afe', 'Itn', 'USE', 'KRy', 'LiP', 'wGp', 'SMj']
['iiE', 'slQ', 'vJC', 'xqY', '27J', 'HvR', 'JWV', 'Mvm', 'rmu', 'tFU', 'YEe']
['D40', 'dNX', '4nb', 'VCH', 'dLc', 'ZxX', 'O2z', 'mcI', 'ZVF', 'bA6', 'X5J']
['5i6', 'c3v', 'hQH', 'Ns3', 'KZy', 'n99', 'SV9', 'Ql9', 'x8V', 'mRG', 'iFt']
['h3r', 'gEp', 'h6l', 'tfQ', 'jWX', '8uu', '3kn', 'a55', 'rC8', 'i4H', '6pB']
['Swe', 'xLA', '2mv', 'Kn8', 'iba', 'W2Z', 'SiL', '0RD', 'OCL', 'G2k', 'zgJ']
['Y2z', 'U4K', 'WXJ', 'hct', '0oy', 'CU9', 'EJD', 'nQj', 'mLL', 'GRw', '6sH']
['FkC', 'zTH', 'sKX', 'JyM', 'rYU', 'YFC', '1uW', 'uii', 'Wmv', 'Epk', 'WLo']
['UDc', 'D5B', 'AKr', 'Hbr', 'g08', '0ID', 'Gu6', 'XlR', '5jv', 'qmj', 'JfN']
['emD', 'mIe', 'hYw', 'yLV', 'gTC', 'uGP', 'JLF', 'lKO', 'fKV', 'CYA', 'FbA']
['nQv', 'lsG', 'NyP', 'ZQL', 'kiK', 'QhQ', 'JcP', 'PQT', 'SFn', 'BV4', 'jFu']
['rMd', '8j5', 'KS2', 'mLF', 'zfD', 'euj', 'pTi', 'TUB', 'bDO', 'WB2', 'oSw']
['J8r', 'Ke0', 'EJa', 'hiF', 'j3s', 'm5j', 'gE4', '96X', 'vca', 'MrD', 'tm4']
['0Qs', 'MNb', 'xz4', '2UA', 'wwD', 'Eou', '9F9', 'WLk', 'd60', 'VAV', '81k']
['uQL', 'gVV', 'AJT', 'NiX', 's6M', 'xx7', 'b7z', 'rGT', 'e8H', 'I2S']
['hdp', 'fFJ', 'mFO', 'aLB', 'AHs', 'gEU', 'e6S', 'IU6', '8nm', 'Bfu']
['N08', 'I2i', '19T', 'tpP', 'yAp', 'u9Q', 'H68', 'Pas', 'cEk', 'AcJ']
['VZ7', 'qkE', '2vJ', 'gWT', 'PlJ', '8uz', 'ziA', 'czy', '5n5', 'SmS']
['FzE', 'jGk', '1RB', 'Qti', 'b9f', 'v6U', 'L1u', '4KN', 'iW8', 'B99']
['BDE', 'bLd', 'fFE', 'HWv', 'kT2', 'i9C', 'e8d', '4gy', 'ZY3', 'gfv']
['HkK', 'oPH', 'JVP', '6na', 'nRH', '9NA', 'YNK', 'dlb', '6Ip', '9ug']
