['Brandi', 'Cesya', 'Carmel', 'Caro', 'Carlee', 'Cherise', 'Anet', 'Camella', 'Antoinette', 'Christan']
['Bernardine', 'Angel', 'Charyl', 'Annabelle', 'Amanda', 'Babbette', 'Allissa', 'Ardella', 'Ardra', 'Bettine']
['Camel', 'Bessy', 'Agatha', 'Candis', 'Brigida', 'Christyna', 'Charlot', 'Angie', 'Cele', 'Bertine']
['Andree', 'Catharine', 'Bellanca', 'Adelheid', 'Caril', 'Addi', 'Celie', 'Andi', 'Analiese', 'Alvira']
['Carena', 'Bobinette', 'Carlye', 'April', 'Ailene', 'Bert', 'Alyda', 'Catie', 'Charity', 'Bonnee']
['Annabela', 'Caryl', 'David', 'Chiquia', 'Babs', 'Berri', 'Bobbie', 'Alikee', 'Carri', 'Charleen']
['Christal', 'Alysa', 'Chiarra', 'Blythe', 'Bernete', 'Aaren', 'Amargo', 'Alissa', 'Calida', 'Allegra']
['Alverta', 'Casandra', 'Chanda', 'Carmine', 'Anni', 'Barbabra', 'Caralie', 'Ashlie', 'Beatrice', 'Catherine']
['Auroora', 'Aeriel', 'Betty', 'Annelise', 'Celestine', 'Angela', 'Candra', 'Anabal', 'Charin', 'Carolyn']
['Catlee', 'Alayne', 'Allix', 'Cacilia', 'Celestyn', 'Bliss', 'Carina', 'Bill', 'Betti', 'Annamaria']
['Carolina', 'Agace', 'Astrix', 'Annadiane', 'Abra', 'Christye', 'Adoree', 'Berni', 'Austina', 'Anthiathia']
['Cherye', 'Bobette', 'Brier', 'Anallese', 'Bryna', 'Brittaney', 'Caroljean', 'Cathrine', 'Billy', 'Ashlen']
['Aurelea', 'Avis', 'Barbaraanne', 'Calla', 'Arlene', 'Aubrette', 'Anjela', 'Cherilyn', 'Alicea', 'Bridgette']
['Carole', 'Benita', 'Ara', 'Ambur', 'Alejandra', 'Blanche', 'Billie', 'Charmion', 'Alys', 'Blancha']
['Ada', 'Amabel', 'Cal', 'Penny', 'Babbie', 'Ali', 'Alexandrina', 'Cammi', 'Anabelle', 'Anatola']
['Alie', 'Annabel', 'Callida', 'Carlyn', 'Bess', 'Cariotta', 'Amy', 'Athena', 'Catlaina', 'Anastassia']
['Angil', 'Beverie', 'Cammy', 'Caren', 'Berta', 'Bernadine', 'Bamby', 'Binni', 'Bunni']
['Bibbie', 'Aurore', 'Andrea', 'Bobbee', 'Alix', 'Cami', 'Brandy', 'Cheslie', 'Christabella']
['Andriana', 'Cassy', 'Carrissa', 'Ardene', 'Bobby', 'Annora', 'Bobbye', 'Ashli', 'Alice']
['Berty', 'Brigid', 'Belva', 'Bernardina', 'Belita', 'Christel', 'Ariela', 'Barbey', 'Almeda']
['Benetta', 'Aimil', 'Angelina', 'Blinnie', 'Alisun', 'Anica', 'Alanah', 'Ardeen', 'Cherrita']
['Chelsy', 'Aveline', 'Anne', 'Caron', 'Abby', 'Carmelita', 'Adorne', 'Caryn', 'Brandie']
['Cassondra', 'Audy', 'Athene', 'Chelsey', 'Barbra', 'Babette', 'Casie', 'Catriona', 'Brandea']
['Alexi', 'Bride', 'Babita', 'Alexia', 'Betteann', 'Arliene', 'Anastasia', 'Billi', 'Carlynn']
['Cody', 'Brandise', 'Adelice', 'Augusta', 'Agnola', 'Aile', 'Aliza', 'Arlie', 'Bethany']
['Asia', 'Bunny', 'Arlina', 'Calli', 'Aili', 'Berna', 'Babara', 'Bren', 'Aubine']
