['TWL', 'FMU', 'FOW', 'HTW', 'PJW', 'SNW', 'UKO', 'VRD', 'UOM', 'CAO', 'JDC', 'XHQ', 'MLN', 'JKL', 'YER', 'JII', 'JZV', 'FEV', 'TFQ', 'XIY', 'IPK', 'ELO', 'SDH', 'YWW', 'SFJ']
['IKW', 'WCD', 'UHU', 'JXZ', 'BLK', 'OCI', 'DZR', 'XNY', 'OHR', 'JUQ', 'PKK', 'QNG', 'QQN', 'ZNQ', 'ACJ', 'GLR', 'GWT', 'UZU', 'VMJ', 'QIB', 'DAW', 'TFT', 'YSD', 'KLV', 'DOT']
['WTX', 'WSD', 'NGH', 'FHI', 'WJI', 'DMH', 'YKH', 'SNM', 'VFM', 'PCL', 'CFJ', 'RSG', 'DAT', 'PIL', 'RNU', 'YDT', 'ZFU', 'TFN', 'TVY', 'DYU', 'BJR', 'UHE', 'FTI', 'EDD', 'YDL']
['DTU', 'IYD', 'NXU', 'TQB', 'NLI', 'HJA', 'KMD', 'IPY', 'UCH', 'DMP', 'ZBU', 'ZKY', 'PAX', 'YUG', 'MIN', 'PON', 'AUL', 'OZT', 'DTS', 'GUT', 'OII', 'QBJ', 'ARV', 'DRX', 'PMO']
['AHE', 'CHR', 'KEQ', 'WDF', 'ULP', 'NLS', 'HGF', 'RNM', 'VCY', 'HUN', 'HQB', 'YEN', 'SGO', 'RKO', 'QTJ', 'QFE', 'NQL', 'BHL', 'FKU', 'VZX', 'RYE', 'QTQ', 'WED', 'VAC', 'YLS']
['IEK', 'FPT', 'MVS', 'NOP', 'YKF', 'ABC', 'IQJ', 'ODG', 'YYC', 'WWT', 'IDJ', 'RJS', 'LOQ', 'XRV', 'XOE', 'FCJ', 'CZB', 'SGT', 'NUG', 'PDU', 'KMP', 'KZQ', 'MUV', 'NNG', 'QLI']
['SMM', 'AYK', 'DFW', 'AYJ', 'TGH', 'GUE', 'YSM', 'QVI', 'LUT', 'IFU', 'BEQ', 'YPX', 'UMO', 'SUP', 'PVS', 'HMT', 'OFJ', 'RYT', 'RUP', 'RSJ', 'FTL', 'HGD', 'FJH', 'TDJ', 'KLS']
['PGE', 'MYN', 'CEY', 'MSE', 'DJA', 'JME', 'QTR', 'AMV', 'PYK', 'FWA', 'ZFK', 'RKH', 'UTL', 'VQR', 'QRE', 'POC', 'GSB', 'DCZ', 'SDF', 'TLC', 'VMW', 'BRY', 'KXZ', 'CIH', 'NJD']
['EQX', 'LZE', 'EUK', 'LWH', 'EKJ', 'INO', 'QDB', 'UZY', 'ZQN', 'JHO', 'RIA', 'DMN', 'MIE', 'TBT', 'PAS', 'UFK', 'KSW', 'MOH', 'MJR', 'QAM', 'WMY', 'TSS', 'FTE', 'SFB', 'HZF']
['YKR', 'CDW', 'LMU', 'HPH', 'ZBF', 'XEO', 'LHQ', 'PVQ', 'YKQ', 'FCU', 'NHA', 'MZP', 'HBC', 'UEN', 'IFO', 'QEP', 'MUO', 'TBN', 'ONX', 'GUQ', 'IYH', 'KLM', 'HXZ', 'NXI', 'SUT']
['PBP', 'BBZ', 'SCS', 'RDG', 'PTX', 'NTW', 'MWQ', 'SQR', 'CCY', 'JTZ', 'MNB', 'FQC', 'JGS', 'NDI', 'QCJ', 'UKF', 'CGQ', 'EPR', 'UGW', 'BDX', 'VYF', 'FUR', 'AWX', 'JSL', 'QIK']
['FPR', 'NFI', 'KNO', 'OXU', 'RXD', 'EDP', 'EAA', 'AQN', 'VWX', 'GPH', 'AZD', 'MUL', 'GGA', 'FWN', 'VWR', 'XWK', 'FDS', 'SNS', 'XEN', 'HCD', 'XVF', 'ELJ', 'YYU', 'KNZ', 'GFL']
['WZL', 'MSC', 'WCB', 'IKB', 'TMD', 'NPS', 'GMF', 'RIX', 'EBB', 'QLH', 'KDV', 'GBL', 'YTR', 'HXF', 'ALG', 'IUY', 'SFD', 'JZY', 'VTH', 'IIT', 'IDO', 'KUO', 'OEN', 'PZA', 'MCI']
['MMS', 'LLX', 'RYA', 'ITN', 'LZP', 'JZA', 'BCI', 'ZGL', 'LJA', 'CJB', 'QMI', 'DHT', 'ESU', 'EBY', 'GGM', 'WWL', 'QZB', 'FXH', 'DWU', 'LGP', 'JXM', 'ZIT', 'SCX', 'XFW', 'XKQ']
['MBZ', 'YSP', 'IIY', 'POR', 'IKN', 'YOA', 'DTW', 'WIF', 'LZI', 'XPW', 'SCZ', 'KJN', 'YYJ', 'YVQ', 'XVQ', 'CDZ', 'FJL', 'DNE', 'JOQ', 'ZFO', 'AIM', 'KAJ', 'MAC', 'AJB', 'GPL']
['TKB', 'THJ', 'TVZ', 'EWG', 'ALL', 'YHX', 'LTC', 'MVB', 'GUR', 'SFK', 'CUZ', 'WUI', 'VFV', 'MLH', 'EEA', 'OLD', 'XQI', 'GUN', 'CYA', 'XDE', 'CNU', 'WYK', 'CGD', 'SRP', 'IPG']
['BTJ', 'ARM', 'CFP', 'SYQ', 'VXB', 'LBW', 'YNR', 'ZJU', 'NDJ', 'NWB', 'JJB', 'TGW', 'SAQ', 'XJW', 'WER', 'ZCY', 'FXI', 'EZU', 'ROL', 'RUR', 'NGI', 'MED', 'ASO', 'QJK', 'EBA']
['KLZ', 'SCK', 'FXX', 'UDD', 'UNW', 'CXP', 'BFH', 'JWQ', 'DXK', 'NSI', 'EOF', 'TMR', 'SUQ', 'CHA', 'SQS', 'ALI', 'FOD', 'ECG', 'IPV', 'WLU', 'HNC', 'JMT', 'ACP', 'AGI', 'RZW']
['GEF', 'FWB', 'SRB', 'KVD', 'XCX', 'UIO', 'BIN', 'HHK', 'OON', 'HIG', 'PGO', 'IUE', 'HYW', 'WHJ', 'CRF', 'ZCF', 'GGP', 'GXJ', 'YYG', 'POJ', 'BCW', 'JMO', 'XXQ', 'WGY', 'YTQ']
['PAU', 'MJV', 'WKY', 'LWA', 'LXJ', 'JVR', 'HPV', 'WJS', 'BZI', 'YAR', 'TUK', 'ZPA', 'RBJ', 'OVZ', 'APD', 'FSW', 'QYA', 'NDB', 'ZRO', 'PME', 'GYM', 'KVY', 'IAM', 'LHD', 'TQM']
