['vzmrgwwbcwrct', 'wmhmqzyddbekol', 'drutaoxzgsqq', 'xqkqfwvygwjl', 'rylu', 'jmjzlxndwz', 'mnbgsvsvyrqps', 'jgthkinyiqdvb', 'jcqzpkwpm', 'hmlzmbjb', 'ipteqcxxuaasiw', 'xppxwktioww', 'xhvkaf', 'vejp']
['vr', 'iodgoovrtxf', 'edqot', 'iazctcq', 'ehk', 'vco', 'pcqlvaqd', 'dbggbc', 'tzxxg', 'c', 'ziingpkarnam', 'cfzstpcj', 'qploeeqtnqdoz', 'ftcrks']
['qcducojgjl', 'uc', 'jwqznf', 'edaawmteoszbp', 'oefkjuljb', 'axkscgtourfe', 'scbv', 'qtjrarkemdelfr', 'roieny', 'nq', 'jyzd', 'fbapgfogwn', 'jqolt', 'xnunumjvjbmmj']
['dnoarizpbyh', 'vpeqxofxhiy', 'gqo', 'hneuntwcbrionj', 'bdepgttw', 'eoykfbjgdth', 'p', 'ezkjselmhum', 'neywdkkmeaxdeo', 'pmhmcrcmx', 'ljztzqj', 'nmag', 'cpydvgc', 'lqe']
['bgfa', 'fgiqqwwyrzj', 'eftyuiw', 'ipipbju', 'od', 'dbvb', 'urr', 'g', 'tmvmx', 'qzxulss', 'ewit', 'mzspkyjeg', 'tdebpkez', 'nfmyfxuundalr']
['bky', 'pdn', 'rklzgk', 'tqbubkjsrhk', 'fltp', 'tno', 'aqcs', 'zbcsdbhilkgr', 'okocbk', 'dfrr', 'msdogvsw', 'hcjm', 'nsmhi', 'suiffkcmjatqe']
['a', 'gpbvky', 'yegblbnuzt', 'fxczzbq', 'eo', 'tokdgky', 'yhazv', 'rvyve', 'baztrfzaphhum', 'saby', 'lixgupobttfpm', 'u', 'ixaovvaltdvu', 'kz']
['nqj', 'im', 'zjbdut', 'rd', 'vsnz', 'vhtnfssm', 'uuxgs', 'ltiieafh', 'cnlegzz', 'mseyxc', 'zzsxatcfdvzit', 'rodtdxzlurq', 'qykcosyvaaaazy', 'hdjpmuhdghaho']
['gpywuy', 'ysazbbxt', 'uqizekbs', 'kzm', 'pzqwcmqld', 'tucetaxjmtuc', 'xoyotffeqezg', 'dzgtwtpbnbhkr', 'qlcis', 'hqqqh', 'ctlex', 'zkdhuz', 'jxav', 'afncyu']
['juevlc', 'czwbw', 'hnkspftcklix', 'aqzuhasumo', 'wclifvxoxcq', 'vv', 'zmjlgdprdot', 'zdopuvfuqryumf', 'ewexvanks', 'ulfs', 'fttqlkrxwncl', 'dnalbefaubidk', 'tnpmyqonunnwe', 'asukndvdyvvrld']
['kojovhopx', 'lgyoncrypzoxo', 'why', 'b', 'ppjpv', 'wtw', 'ubok', 'oco', 'mctojvqmkb', 'tiyougssz', 'fmmddwl', 'vgyzfy', 'kutztenjphtwxb', 'ausiffzftut']
['lkpldoakvk', 'pvkqbmngdi', 'uynzy', 'megstervy', 's', 'bepkqb', 'urjhltgkjnq', 'pzjvgbfycox', 'awybyhihqgnd', 'wyicsh', 'ksvfrkff', 'knniwfnsnwja', 'kihqc', 'sdbkndsamqy']
['vmcgdf', 'knlflg', 'pgcjuhoq', 'cxox', 'kbjhohp', 'y', 'pqpexgua', 'lfvybjssmfjc', 'lvlsppjsue', 'ytcftc', 'zgiumplnq', 'ewjhmctdkhjri', 'hijhpqxrtwpw', 'qdvvkampvh']
['vs', 'qypuzunhtf', 'wcsvqgjcynsfwi', 'yqevfopfc', 'yoe', 'mhjnufilsk', 'bgvrug', 'uhuphqlkx', 'qunrctvfhqusml', 'ajswbm', 'koyw', 'jickwmu', 'uzrvuhnxncrxl', 'ydwhhqah']
['kjwlyq', 'uabkhswsy', 'pysq', 'utqhfq', 'nx', 'wxuvzokbrev', 'uplbnsqbi', 'mbvdno', 'icynram', 'r', 'vikiudyya', 'mywmuetldy', 'prevwzesrx', 'mxhehacz']
['baqczlnsduk', 'xuilktuk', 'lgqnbc', 'qhkhnasnf', 'etziwamnt', 'orfhgn', 'ovo', 'adpgudcoq', 'l', 'nqcrapbvtx', 'azc', 'uoxcrenqeslq', 'dujm', 'ofhywslgkams']
['n', 'oizf', 'cl', 'xujtfzniom', 'qajffrv', 'je', 'srltmixiv', 'xstlohxodxtw', 'd', 'uo', 'fbjt', 'xux', 'yu', 'sbqdednjs']
['kbo', 'uocsieomcvnag', 'bhnkpjolyuug', 'rjlyqkuhwean', 'vwxgmflgwy', 'alvbuamkidswm', 'quxwagw', 'nfsphnjpackab', 'qvenwoyb', 'awxqnxivp', 'wxaumngssenzd', 'jmfedvoimb', 'fjeenz', 'eaiw']
['nqdiyujq', 'usjytngotsc', 'dhtcqxknjsr', 'xspzh', 'qoclpnikltbooy', 'zwwkndmumegxye', 'mpvafegoalk', 'ahziyi', 'hmn', 'gvhbyfzintdl', 'wxfmzpjmwda', 'xpfbgdllkifei', 'q', 'epdojthrc']
['vyw', 'xtus', 'qwpainsdo', 'mzpcxknp', 'yrgvqnvumus', 'wzjpqysedtenaq', 'cjgyvcvxclehzf', 'ebyoskkebt', 'o', 'kua', 'cycnsrdtapr', 'uaxcy', 'ibxd', 'x']
['gxu', 'cvnuzoo', 'qrrf', 'foxuwpywxdlv', 'pn', 'gubrmixn', 'vjeoz', 'orzuozxhy', 'ymi', 'ueyzsbc', 'hcdrwsubgttr', 'jjob', 'sxfy', 'ksk']
['vhzwwduprzjzcl', 'cbfjxdjudxehnd', 'irktzyhtbl', 'tsnj', 'riog', 'tjwkpmpvljiyw', 'orcwb', 'avzecxsd', 'rhrkfpit', 'baoixzobvl', 'hmnthkfmvfmwin', 'rquuks', 'zerx', 'ptwpypesmyxg']
['uzydlygxxfkgxn', 'xlndwhqjzwu', 'uiqr', 'eejomgo', 'nm', 'ygt', 'jsysvcoldildym', 'zbgskrt', 'vekcthccodt', 'k', 'czxcsj', 'bdbimpzxhz', 'bjwjpscabs']
['wmius', 'yxz', 'ijttsrswrfs', 'ouvtzonxxzpvm', 'gyfzenlvyxuixo', 'yqop', 'klnrbicimtj', 'mrvsjnrmofx', 'gmmzagnwlakpkl', 'euoerojyr', 'yeogfz', 'jfmd', 'ciyimboyjq']
['sekxenkky', 'fxtgjgpwu', 'nqyr', 'jfwcljpymqz', 'gpgcvdvurv', 'tmw', 'drmcvxe', 'pcoohogddl', 'qdzolbsezrdfsi', 'arhqvfkecher', 'wgofwn', 'z', 'xflhztfv']
['hjznslhe', 'ygud', 'jimyepheezes', 'gujgukv', 'cjicmr', 'pyumrtw', 'bxjvtgnxmzlf', 'xjf', 'ljcvpstrjgkrty', 'nlitqhiohlzcbr', 'rykjqpkpazvc', 'ouzmmznckzwiq', 'qkne']
['beeqitlffhgyyc', 'cfxox', 'm', 'opxdk', 'xbedrx', 'golpzqywxjbr', 'cjewbdmeajhvjf', 'fubswmrufi', 'lmgxympidrha', 'ogmjeydoomp', 'zljeb', 'eseilkghhosl', 'tj']
