['ptpmisy', 'upucitb', 'nvjeors', 'iiybggp', 'ekbghpg', 'mbrlttj', 'jigaagt', 'egfbifk', 'wqohgce', 'atvqyki', 'qqeafqd', 'jwpfwqz', 'gmqbbof', 'pojnkue']
['pmckuxh', 'lpzhylm', 'tjtezbn', 'yfabxdu', 'kuwyrgr', 'mcirxcd', 'rnluyib', 'drtgipl', 'jcoguvu', 'bnuxlph', 'kolwqja', 'cewygrc', 'igvkuru', 'ymwwchd']
['vvjtuhb', 'xlypwfl', 'vowjmgf', 'qerzkir', 'yiuitfo', 'hqikiss', 'dgvegls', 'atfmxqs', 'vogmqqe', 'pxgrikq', 'werprzm', 'jnwitwp', 'brpqwlx', 'jojnukl']
['lfxhllc', 'nsjgubf', 'wznyiaw', 'ktyynlr', 'zhdvxfc', 'upgszso', 'ljllxhw', 'itivxup', 'dsvowko', 'gevooyy', 'weondbg', 'pvwdbuk', 'ygoytty', 'fhflmkc']
['dqbtiaw', 'sfjvtxw', 'zmgjecs', 'nehlpbv', 'okdlbya', 'jxlxfoo', 'uekjkik', 'gceicua', 'capkmzr', 'njoxkmb', 'bfonhts', 'amfrehb', 'rbpdoot', 'mclspox']
['sfzipfj', 'adzdoyj', 'ydirvrp', 'qhwwalp', 'jbockfp', 'sieoave', 'acgwdsb', 'bnyrwnb', 'djzcmeu', 'zxtfzys', 'qccnlus', 'mnxptfo', 'engjphl', 'thidksk']
['qwcwszq', 'emqikpe', 'bkrlzdx', 'jgbbizt', 'vahwsck', 'ylnttkr', 'wmodcaj', 'nbftfsb', 'bundjpw', 'oqqfikf', 'owvackd', 'ynxyoyb', 'bxtdbjc', 'hfzbxzo']
['azzpyql', 'zxijrwr', 'rbwdwlz', 'tqjelgo', 'uhhhxgy', 'nzhlxzk', 'zxlpndu', 'asyegiw', 'wxbassh', 'ljqttnn', 'ciynmhw', 'aslzxho', 'xxqfkzr', 'ksjmenx']
['fzsjvuk', 'mlehrqr', 'vmrdoff', 'uwgeeaz', 'fdccgyr', 'nqmwwmz', 'bhbfrfj', 'aocuywp', 'oegoznu', 'vkrrkcg', 'vfebggx', 'fzplaod', 'vvadaaj', 'qimiqpx']
['uitiunf', 'glkfhro', 'ntanocw', 'xabjjff', 'ximpauw', 'mbzuntj', 'crclbim', 'ohgorzn', 'ulqqnrx', 'nbhknmw', 'vxktmpe', 'alvvzcr', 'bbevbps', 'pcrzoox']
['igtcqiv', 'coupfju', 'iudsrjy', 'xxhgtbs', 'xsjadss', 'jivtfds', 'liqhklu', 'fufnjyf', 'kitxrio', 'upxaolv', 'kctacue', 'dazkzcz', 'hylhzqr', 'tgshqis']
['rfhgsrd', 'vshvlic', 'mmsicju', 'etkmfom', 'jdufzkb', 'dpgzdmu', 'ebexhbz', 'mgtzswf', 'mtrmooo', 'olzxpzb', 'shztxik', 'dtmsxwk', 'cjyrens', 'lpzovzo']
['dnxxgal', 'gdvcboj', 'qufxqvh', 'urudgpc', 'hutontm', 'bolryno', 'bpbiuoh', 'labghhm', 'urujvnn', 'jbhevly', 'npbmbcl', 'dubzmmn', 'gmultvj', 'hnpufhr']
['yoqrhdw', 'kpqzpfs', 'kjhsxww', 'vvwlixv', 'lucqgzc', 'omyynfi', 'jmjdmxv', 'idyyroc', 'emvhlci', 'uckdnaa', 'pjsyeez', 'bwxgkld', 'cmlcnuo', 'qgpciwf']
['wdahnhw', 'abxurqr', 'newswsl', 'mqeymdi', 'qavmxlu', 'dcysunk', 'szriiex', 'hrmwoaf', 'ugpqnzn', 'wlhpnux', 'hvnuihp', 'iuddtax', 'goxywvb', 'fxswbii']
['vjpstks', 'ofsoyop', 'quaahkj', 'nrplxxf', 'hscfpsc', 'ipxjgfz', 'frxrjcw', 'sgrvtpg', 'kzgbgcg', 'gnlcixq', 'zrhphdg', 'xcjwaaa', 'momhmut', 'dpmxdni']
['hwprfxd', 'upzignf', 'nrctxxu', 'fhrabmr', 'ebtqhua', 'ueyjznc', 'odoqgfk', 'noyikuy', 'efrtcpo', 'ytvwmpd', 'ptcbphe', 'xuppdvy', 'dlfncva', 'douqsoq']
['aenkmpt', 'grhnknx', 'uckaokp', 'kvfjhzh', 'opcamxc', 'xdofsvh', 'hncniof', 'crmjrbf', 'tjcagrq', 'dwfazac', 'ultrowi', 'vrvkaaa', 'szlzdlt', 'yvvwjem']
['huwkfqk', 'gdkxxon', 'spgwzqj', 'jtkovjl', 'rljbssd', 'cutedox', 'aowxwvx', 'wjosnfy', 'bwpwdoy', 'ljxgjfb', 'uuqtrnp', 'ozoxsck', 'hlruggb', 'reolqff']
['fhuqtfp', 'jplsynx', 'yssbhls', 'vuedrix', 'owgzpow', 'ksrplzq', 'kuhueyd', 'ovyjjfm', 'pcdlpcz', 'whaalyx', 'xxradgz', 'hxlagmh', 'skvsmyl', 'dtfwkrc']
['mtbiczg', 'gmapuez', 'eiuywkb', 'ypncztk', 'lmgvnku', 'joqmipo', 'cvokrsd', 'sfjkptj', 'ehfkaur', 'nndfzgt', 'lcmynyw', 'tdrolvx', 'qxwwqfk', 'huzgikq']
['bymyfhs', 'jnfpvkg', 'puotspj', 'eghatxl', 'uahwspd', 'crzdxig', 'aytcnpm', 'korcvcx', 'cjhldsy', 'pnnzbti', 'rqevvql', 'axxwrug', 'jaikykc', 'zvuccyi']
['nkylhqw', 'ylscqcm', 'ojujfds', 'joerrak', 'oayxvdx', 'znskrzx', 'bvvitzv', 'wenwqgs', 'gbuoffj', 'mirwseo', 'edebgoj', 'awftunn', 'rxnxrbl', 'jhstklj']
['ulpkpaf', 'laxdipx', 'jzqcfee', 'hlkffeh', 'raymfyf', 'fieuife', 'egezjtl', 'zrimkhj', 'aadjodd', 'clcozil', 'ndqmeid', 'eezxrdd', 'rroxpwu', 'lqjdzbc']
['qifpupk', 'ypwfljl', 'tfsfpnw', 'yqtlogi', 'nlfhgdx', 'ngznfds', 'ktqbsnt', 'poyacsv', 'mqwftjq', 'ckbpvbd', 'rxngmkt', 'kadvzfh', 'roothgi', 'rorsdzp']
['pwaalip', 'kiwoauy', 'dmsftgx', 'ljxjare', 'qlgkouj', 'zexclum', 'oikctcj', 'ehcdgdr', 'wellvsr', 'ftbfwum', 'sipicas', 'otmayxy', 'mltjlsu']
['afvpuoz', 'zfqckzr', 'pkosxjv', 'xaawrda', 'vbcaiur', 'wklasyt', 'apuclff', 'rqdjqiq', 'lehooqa', 'vwcmgzh', 'jygmmrk', 'fgubrui', 'jrguwdk']
