['Amber', 'Mary', 'Danielle', 'Gabrielle', 'Jordan', 'Brooke', 'Michelle', 'Sierra', 'Katelyn', 'Madeline']
['Mariah', 'Faith', 'Makayla', 'Bailey', 'Paige', 'Shelby', 'Melissa', 'Kaylee', 'Christina', 'Trinity']
['Leah', 'Claire', 'Alexa', 'Kelsey', 'Kathryn', 'Leslie', 'Alexandria', 'Sabrina', 'Mia', 'Isabel']
['Jade', 'Amy', 'Cassidy', 'Mikayla', 'Ariana', 'Margaret', 'Kelly', 'Miranda', 'Maya', 'Melanie']
['Ana', 'Madelyn', 'Adriana', 'Arianna', 'Lillian', 'Kiara', 'Riley', 'Crystal', 'Mckenzie', 'Meghan']
['Daniela', 'Hope', 'Brittney', 'Lydia', 'Hayley', 'Evelyn', 'Bethany', 'Shannon', 'Michaela', 'Karen']
['Avery', 'Valerie', 'Monica', 'Peyton', 'Carly', 'Bianca', 'Hanna', 'Brenda', 'Rebekah', 'Alejandra']
['Amaya', 'Jordyn', 'Kendra', 'Mckenna', 'Holly', 'Julie', 'Kendall', 'Kara', 'Jasmin', 'Selena']
['Raven', 'Delaney', 'Amelia', 'Casey', 'Serena', 'Savanna', 'Aaliyah', 'Giselle', 'Mallory', 'April']
['Katrina', 'Jazmin', 'Patricia', 'Rachael', 'Katelynn', 'Cierra', 'Alison', 'Macy', 'Nancy', 'Elena']
['Nadia', 'Guadalupe', 'Genesis', 'Yesenia', 'Julianna', 'Skyler', 'Alexus', 'Tatiana', 'Alana', 'Elise']
['Kiana', 'Tessa', 'Carolina', 'Jaqueline', 'Camille', 'Whitney', 'Carmen', 'Vivian', 'Bridget', 'Priscilla']
['Lisa', 'Reagan', 'Aliyah', 'Josephine', 'Charlotte', 'Rylee', 'Shania', 'Kira', 'Meredith', 'Eva']
['Rosa', 'Annie', 'Nia', 'Carolyn', 'Anastasia', 'Brenna', 'Dana', 'Shayla', 'Kassidy', 'Ashlee']
['Kamryn', 'Destinee', 'Josie', 'Denise', 'Katlyn', 'Esther', 'Mariana', 'Bryanna', 'Emilee', 'Georgia']
['Gina', 'Helen', 'Tiana', 'Cassie', 'Kayleigh', 'Marina', 'Heidi', 'Ivy', 'Ashton', 'Clara']
['Kierra', 'Virginia', 'Gisselle', 'Kaitlynn', 'Julissa', 'Cheyanne', 'Lacey', 'Haleigh', 'Marie', 'Eleanor']
['Litzy', 'Kasey', 'Ashlynn', 'Brandi', 'Lesly', 'Elisabeth', 'Allie', 'Viviana', 'Cara', 'Marisol']
['Theresa', 'Tia', 'Layla', 'Krista', 'Zoey', 'Carley', 'Janet', 'Carissa', 'Iris', 'Kaleigh']
['Maddison', 'Alayna', 'Kali', 'Bailee', 'Lesley', 'Lilly', 'Mckayla', 'Ayanna', 'Serenity', 'Karissa']
['Joy', 'Felicity', 'Tyra', 'Taryn', 'Kaylin', 'Ellen', 'Kiley', 'Jaclyn', 'Rhiannon', 'Madisyn']
['Sasha', 'Angelique', 'Regan', 'Irene', 'Johanna', 'Janae', 'Janelle', 'Madyson', 'Justine', 'Paris']
['Jayden', 'Tianna', 'Macie', 'Aurora', 'Sage', 'Lucia', 'Alma', 'Chasity', 'Ann', 'Nichole']
['Julianne', 'Sonia', 'Genevieve', 'Kenya', 'Piper', 'Marilyn', 'Amari', 'Macey', 'Marlene', 'Tayler']
['Courtney', 'Sara', 'Erin', 'Jacqueline', 'Jenna', 'Caroline', 'Andrea', 'Kimberly', 'Brittany', 'Vanessa']
['Angela', 'Autumn', 'Breanna', 'Briana', 'Jada', 'Laura', 'Caitlin', 'Marissa', 'Catherine', 'Zoe']
['Cheyenne', 'Katie', 'Cassandra', 'Lindsey', 'Kylie', 'Diana', 'Molly', 'Gabriella', 'Tiffany', 'Erica']
['Angel', 'Gabriela', 'Jillian', 'Erika', 'Lily', 'Heather', 'Audrey', 'Caitlyn', 'Alicia', 'Jocelyn']
['Kennedy', 'Britney', 'Chelsea', 'Veronica', 'Isabelle', 'Summer', 'Skylar', 'Angelica', 'Daisy', 'Kristen']
['Karina', 'Angelina', 'Sophie', 'Payton', 'Cynthia', 'Alexia', 'Jamie', 'Kaitlin', 'Sofia', 'Diamond']
['Lindsay', 'Brooklyn', 'Ava', 'Camryn', 'Ariel', 'Naomi', 'Mya', 'Ashlyn', 'Desiree', 'Alondra']
['Makenzie', 'Kylee', 'Claudia', 'Karla', 'Kathleen', 'Abby', 'Esmeralda', 'Maggie', 'Cameron', 'Kyra']
['Asia', 'Christine', 'Nina', 'Aubrey', 'Lauryn', 'Kate', 'Adrianna', 'Kristina', 'Natalia', 'Valeria']
['Tara', 'Jazmine', 'Gianna', 'Allyson', 'Gracie', 'Sadie', 'Kyla', 'Joanna', 'Juliana', 'Fatima']
['Haylee', 'Sandra', 'Ruby', 'Cindy', 'Sidney', 'Ella', 'Kirsten', 'Dominique', 'Jayla', 'Tori']
['Madeleine', 'Makenna', 'Natasha', 'Cecilia', 'Kassandra', 'Mercedes', 'Celeste', 'Alissa', 'Miriam', 'Ciara']
['Rose', 'Hallie', 'Liliana', 'Imani', 'Kailey', 'Deanna', 'Dakota', 'Anne', 'Kristin', 'Marisa']
['Tabitha', 'Wendy', 'Paola', 'Lucy', 'Gillian', 'Clarissa', 'Alaina', 'Logan', 'Callie', 'Addison']
['Baylee', 'Ashleigh', 'Heaven', 'Teresa', 'Ruth', 'Krystal', 'Deja', 'Cristina', 'Raquel', 'Monique']
['Jacquelyn', 'Linda', 'Ellie', 'Daniella', 'Lizbeth', 'Anahi', 'Meagan', 'Gloria', 'Jenny', 'Renee']
['Kaylie', 'Tiara', 'Mikaela', 'Jaden', 'Madalyn', 'Hailee', 'Martha', 'Talia', 'Eliza', 'Harley']
['Jessie', 'Tatyana', 'Brandy', 'Noelle', 'Carla', 'Francesca', 'India', 'Melody', 'Alisha', 'Hunter']
['Tatum', 'Tamara', 'Susan', 'Yasmin', 'Tamia', 'Abbey', 'Tyler', 'Yasmine', 'Sharon', 'Alice']
['Kelsie', 'Precious', 'Lexi', 'Kiersten', 'Kiera', 'Annika', 'Jane', 'Jayda', 'Phoebe', 'Halle']
['Charity', 'Pamela', 'Fiona', 'Annabelle', 'Emely', 'Alina', 'Colleen', 'Tania', 'Alyson', 'Kaila']
['Zaria', 'Paulina', 'Skye', 'Emilie', 'Felicia', 'Larissa', 'Chelsey', 'Mayra', 'Brisa', 'Cora']
['Angie', 'Alanna', 'Carlie', 'Carrie', 'Elaina', 'Sylvia', 'Deborah', 'Malia', 'Nora', 'Kailee']
['Perla', 'Brooklynn', 'Elisa', 'Eden', 'Miracle', 'Devin', 'Barbara', 'Lorena', 'Kaley', 'Leilani']
['Aileen', 'Chyna', 'Athena', 'Esperanza', 'Regina', 'Adrienne', 'Shyanne', 'Luz', 'Tierra', 'Clare']
['Eve', 'Eliana', 'Sydnee', 'Melina', 'Arielle', 'Toni', 'Cristal', 'Kelli', 'Madelynn', 'Breana']
