['MV', 'AL', 'CTRFIJ', 'X', 'EVDQNK', 'MM', 'NGUN', 'ICLIT', 'GDFI', 'SY', 'ZHCQG', 'BNC', 'TUB', 'T', 'WAXWZU', 'J']
['LZLFY', 'JBJS', 'QREJV', 'WK', 'XLVUF', 'CRAQYE', 'BAVHR', 'GI', 'Y', 'WFWU', 'IWP', 'NAIN', 'BBB', 'VHUHI', 'ACYQN', 'GDGZN']
['ZIIN', 'SGY', 'HO', 'MOOKF', 'L', 'EMP', 'W', 'EU', 'AZN', 'COYVMU', 'ETBLO', 'KW', 'PQ', 'ZULMQ', 'MLDT', 'ZVWR']
['TN', 'KLQR', 'DFGWZZ', 'KCQRDN', 'YXEJT', 'RWO', 'VYGES', 'YK', 'JSMAHJ', 'HMURVX', 'LWIA', 'UBWSTW', 'FBW', 'MXSFK', 'NZDAU', 'JCEYOL']
['NMU', 'NTMT', 'ZTK', 'AEV', 'TYQL', 'XVU', 'MYN', 'ZHDBW', 'ZYFXQ', 'GUOYX', 'E', 'ETSAG', 'NBJL', 'WBPB', 'U', 'TXNP']
['AB', 'YOGJ', 'TSSNJ', 'WTGA', 'WELF', 'UI', 'JNJNE', 'YDDS', 'QNKIQE', 'UK', 'ZW', 'OTXCZH', 'XU', 'QKT', 'HLT', 'H']
['ZVKC', 'NO', 'OC', 'THMU', 'IMB', 'EDAKUV', 'LHILT', 'Z', 'FP', 'AZGCQ', 'OQV', 'CAED', 'ZJUCNC', 'TB', 'CHR', 'RZU']
['OFIPP', 'NP', 'PHS', 'B', 'AFH', 'FLLJ', 'KFYTH', 'DJC', 'A', 'CNYXMO', 'LZQ', 'IE', 'DCBWSF', 'EVTLXI', 'BFZ', 'MICOE']
['POL', 'HDJL', 'TZTCA', 'RUC', 'UBYG', 'NDLUNW', 'LY', 'AW', 'VL', 'OHZYQ', 'DEXTSN', 'SRJZQ', 'FJTW', 'YO', 'EYEWXP', 'PIGBG']
['AQDX', 'KKFPQ', 'UHTMG', 'HPXSSF', 'EJOR', 'FAL', 'XT', 'QIZWG', 'SK', 'OEJ', 'ODIF', 'DBGM', 'VCFLXV', 'ORJB', 'ANW', 'MY']
['BPZAJ', 'MK', 'GBSI', 'KPXJFJ', 'SBM', 'HDJIQ', 'CMB', 'KJHR', 'TRXUD', 'YII', 'QREJG', 'YQ', 'XLWRB', 'JJ', 'AJDT', 'MMUK']
['AR', 'LW', 'LJSX', 'OL', 'HTA', 'TTV', 'TQWWLG', 'HHCPMB', 'JCM', 'BW', 'TJU', 'FCB', 'SEWIVO', 'KFBC', 'QROYGT', 'AY']
['NDF', 'NVLNXP', 'P', 'EP', 'CCIYM', 'NS', 'G', 'PRYXX', 'MWKWWN', 'TGKUE', 'CVSPP', 'SHT', 'JL', 'TXCK', 'UXBDM', 'BHT']
['RQRWJT', 'NJAA', 'HH', 'OVM', 'PE', 'KBV', 'FVMBV', 'PBRPX', 'EWAZF', 'ZDYFZU', 'OYDEJ', 'IGSXN', 'FGPZAA', 'RWHILI', 'TAN', 'JN']
['WVHKC', 'LNMCTV', 'GCSAZH', 'YEBV', 'HOQPX', 'EYVVY', 'AH', 'NDMQJ', 'WWF', 'FSZNT', 'VWK', 'QE', 'UXXBYF', 'HGT', 'UVUBDR', 'IYCHS']
['LQ', 'USZM', 'XS', 'ZTR', 'WCZSB', 'BQIFGG', 'TOR', 'FXAQ', 'UU', 'FPPMUW', 'ZQAULZ', 'BGB', 'CFG', 'NDZ', 'KRXDGO', 'UIUBC']
['JP', 'OYJLB', 'RKCPEP', 'N', 'WZ', 'QGUYKQ', 'HJW', 'MYSMZ', 'ERR', 'EHXPLS', 'C', 'QNN', 'M', 'KMU', 'MPYJWG', 'I']
['FAF', 'XINMR', 'ZAP', 'O', 'XEAARR', 'QDMX', 'TCBKQ', 'S', 'DVVKX', 'HSHY', 'DQQ', 'D', 'JUXOIJ', 'XFGUIZ', 'BHKK', 'ET']
['OIA', 'ARYSPZ', 'V', 'MISGHL', 'BX', 'VOLULU', 'QYC', 'BSAEQ', 'IU', 'QBB', 'UEKXJH', 'VYBQIM', 'BJ', 'GFNZL', 'MRT', 'TGDTND']
['DJS', 'EM', 'CN', 'LTHESD', 'DRLM', 'YFFNQ', 'PJG', 'UJ', 'JMYQEA', 'RM', 'SU', 'KAZEK', 'FWRV', 'DLJMZC', 'WPRTBZ', 'SUPLJO']
