['TaureanWallerPrince', 'DennisSchroder']
['JaysonTatum', 'AlHorford']
['SpencerDinwiddie', 'AllenCrabbe']
['KembaWalker', 'DwightHoward']
['JustinHoliday', 'DenzelValentine']
['LeBronJames', 'JRSmith']
['HarrisonBarnes', 'YogiFerrell']
['WillBarton', 'JamalMurray']
['TobiasHarris', 'LouWilliams']
['KlayThompson', 'KevinDurant']
['JamesHarden', 'PJTucker']
['ThaddeusYoung', 'VictorOladipo']
['KentaviousCaldwellPope', 'KyleKuzma']
['MarcGasol', 'DillonBrooks']
['JoshRichardson', 'GoranDragic']
['KhrisMiddleton', 'GiannisAntetokounmpo']
['AndrewWiggins', 'KarlAnthonyTowns']
['JrueHoliday', 'AnthonyDavis']
['CourtneyLee', 'TimHardaway']
['RussellWestbrook', 'PaulGeorge']
['JonathonSimmons', 'AaronGordon']
['BenSimmons', 'RobertCovington']
['TJWarren', 'DraganBender']
['CJMcCollum', 'DamianLillard']
['BogdanBogdanovic', 'WillieCauleyStein']
['LaMarcusAldridge', 'PattyMills']
['DeMarDeRozan', 'KyleLowry']
['DonovanMitchell', 'JoeIngles']
['BradleyBeal', 'OttoPorter']
['AndreDrummond', 'IshSmith']
['KentBazemore', 'JohnCollins']
['JaylenBrown', 'TerryRozier']
['DeMarreCarroll', 'JoeHarris']
['MarvinWilliams', 'NicolasBatum']
['LauriMarkkanen', 'RobinLopez']
['JeffGreen', 'KevinLove']
['WesleyMatthews', 'DennisSmith']
['NikolaJokic', 'WilsonChandler']
['DraymondGreen', 'StephenCurry']
['TrevorAriza', 'EricGordon']
['BojanBogdanovic', 'CoryJoseph']
['DeAndreJordan', 'AustinRivers']
['JuliusRandle', 'BrandonIngram']
['JarellMartin', 'TyrekeEvans']
['TylerJohnson', 'WayneEllington']
['EricBledsoe', 'TonySnell']
['TajGibson', 'JeffTeague']
['ETwaunMoore', 'DariusMiller']
['EnesKanter', 'FrankNtilikina']
['CarmeloAnthony', 'StevenAdams']
['EvanFournier', 'DJAugustin']
['DarioSaric', 'JJRedick']
['JoshJackson', 'DevinBooker']
['JusufNurkic', 'AlFarouqAminu']
['DeAaronFox', 'BuddyHield']
['KyleAnderson', 'PauGasol']
['SergeIbaka', 'JonasValanciunas']
['RickyRubio', 'DerrickFavors']
['KellyOubre', 'MarcinGortat']
['StanleyJohnson', 'ReggieBullock']
['DewayneDedmon', 'IsaiahTaylor']
['KyrieIrving', 'MarcusMorris']
['RondaeHollisJefferson', 'QuincyAcy']
['JeremyLamb', 'TreveonGraham']
['JerianGrant', 'KrisDunn']
['KyleKorver', 'DwyaneWade']
['DirkNowitzki', 'MaxiKleber']
['GaryHarris', 'PaulMillsap']
['AndreIguodala', 'DavidWest']
['ClintCapela', 'LucMbahaMoute']
['DarrenCollison', 'DomantasSabonis']
['WesleyJohnson', 'BlakeGriffin']
['LonzoBall', 'JordanClarkson']
['JaMychalGreen', 'BenMcLemore']
['JamesJohnson', 'BamAdebayo']
['JohnHenson', 'JasonTerry']
['JimmyButler', 'NemanjaBjelica']
['DeMarcusCousins', 'DanteCunningham']
['MichaelBeasley', 'KyleOQuinn']
['JeramiGrant', 'AlexAbrines']
['NikolaVucevic', 'ShelvinMack']
['JoelEmbiid', 'JerrydBayless']
['TylerUlis', 'AlexLen']
['EvanTurner', 'EdDavis']
['GarrettTemple', 'KostaKoufos']
['DannyGreen', 'ManuGinobili']
['PascalSiakam', 'OGAnunoby']
['RudyGobert', 'RodneyHood']
['MarkieffMorris', 'MikeScott']
['AnthonyTolliver', 'AveryBradley']
['MarcoBelinelli', 'ErsanIlyasova']
['MarcusSmart', 'AronBaynes']
['CarisLeVert', 'JarrettAllen']
['MichaelKiddGilchrist', 'FrankKaminsky']
['DavidNwaba', 'BobbyPortis']
['JaeCrowder', 'TristanThompson']
['DwightPowell', 'JJBarea']
['MasonPlumlee', 'TreyLyles']
['NickYoung', 'ShaunLivingston']
['ChrisPaul', 'RyanAnderson']
['LanceStephenson', 'MylesTurner']
['MontrezlHarrell', 'SindariusThornwell']
['BrookLopez', 'JoshHart']
['MarioChalmers', 'AndrewHarrison']
['KellyOlynyk', 'JustiseWinslow']
['MalcolmBrogdon', 'ThonMaker']
['JamalCrawford', 'TyusJones']
['RajonRondo', 'IanClark']
['KristapsPorzingis', 'JarrettJack']
['RaymondFelton', 'PatrickPatterson']
['MarioHezonja', 'BismackBiyombo']
['TJMcConnell', 'AmirJohnson']
['TroyDaniels', 'MarqueseChriss']
['ShabazzNapier', 'PatConnaughton']
['ZachRandolph', 'JustinJackson']
['DejounteMurray', 'BrynForbes']
['JakobPoeltl', 'FredVanVleet']
['RoyceONeale', 'JonasJerebko']
['TomasSatoransky', 'JohnWall']
['LukeKennard', 'LangstonGalloway']
['MikeMuscala', 'MalcolmDelaney']
['SemiOjeleye', 'DanielTheis']
['DAngeloRussell', 'TylerZeller']
['MalikMonk', 'MichaelCarterWilliams']
['CristianoFelicio', 'PaulZipser']
['JoseCalderon', 'CediOsman']
['DevinHarris', 'SalahMejri']
['EmmanuelMudiay', 'TorreyCraig']
['ZazaPachulia', 'PatrickMcCaw']
['GeraldGreen', 'NeneHilario']
['JoeYoung', 'AlJefferson']
['MilosTeodosic', 'SamDekker']
['LarryNance', 'CoreyBrewer']
['JamesEnnis', 'DeyontaDavis']
['HassanWhiteside', 'DionWaiters']
['SterlingBrown', 'JabariParker']
['GorguiDieng', 'ShabazzMuhammad']
['JameerNelson', 'NikolaMirotic']
['LanceThomas', 'DougMcDermott']
['AndreRoberson', 'JoshHuestis']
['ElfridPayton', 'WesleyIwundu']
['TimotheLuwawuCabarrot', 'RichaunHolmes']
['TysonChandler', 'JaredDudley']
['MauriceHarkless', 'ZachCollins']
['SkalLabissiere', 'GeorgeHill']
['RudyGay', 'DavisBertans']
['DelonWright', 'CJMiles']
['AlecBurks', 'EkpeUdoh']
['IanMahinmi', 'JodieMeeks']
['ReggieJackson']
