['Kristina', 'Norma', 'Tracy', 'Latonya']
['Maybell', 'Harry', 'Houston', 'Regina']
['Debra', 'Tammy', 'Delia', 'Jason']
['Richard', 'Carroll', 'Doris', 'Dwayne']
['Bernard', 'Wanda', 'Larry', 'Irene']
['Jonathan', 'Scotty', 'Tommy', 'Mona']
['Argentina', 'Rory', 'Isaac', 'Kelli']
['Isabelle', 'Esther', 'Pat', 'Anthony']
['Annie', 'Dawn', 'Dorothy', 'Ladonna']
['Toni', 'Arturo', 'Hilton', 'Marion']
['Marybeth', 'Shaun', 'Erica', 'Loretta']
['Carl', 'Kim', 'Chelsea', 'Daniel']
['Ethel', 'Joe', 'Mitchell', 'Charles']
['Paul', 'Bonita', 'Kenneth', 'Dennis']
['Matthew', 'Cheryl', 'Andre', 'Salvatore']
['Lorena', 'Brittany', 'Pamela', 'Rocio']
['Rebecca', 'Alonzo', 'Austin', 'Krista']
['Randy', 'Kathryne', 'Henry', 'Clifford']
['Mary', 'Christiana', 'Tanya', 'Marta']
['Darryl', 'Melanie', 'Damian', 'Patsy']
['Lidia', 'Walter', 'Johnny', 'Fredrick']
['John', 'Minnie', 'Zachary', 'Alan']
['Theresa', 'Maureen', 'Cheri', 'Wilbur']
['Frances', 'Lorenzo', 'Matilda', 'Jeremy']
['Barbra', 'Ernest', 'Cindy', 'Claire']
['Aileen', 'Jayne', 'Desiree', 'Anita']
['Cyndy', 'Josephine', 'Tonya', 'Amanda']
['Sulema', 'Horace', 'Jami', 'Blanche']
['Octavia', 'Dolores', 'Kyle', 'Hugo']
['Adam', 'Lottie', 'Michelle', 'Ruthie']
['Miriam', 'Lakesha', 'Benjamin', 'Lowell']
['Brian', 'Katrina', 'Tabatha', 'Dena']
['Shirley', 'Ada', 'Mildred', 'Alvin']
['Kristen', 'Joan', 'Shane', 'Albert']
['Betty', 'Raquel', 'Carlton', 'Billie']
['Alberta', 'Katie', 'Stanley', 'Mamie']
['Stephen', 'Mario', 'Gilbert', 'Nathaniel']
['Eric', 'Bernadette', 'Roberta', 'David']
['Jane', 'Emerson', 'Edward', 'Louise']
['Devon', 'Kathryn', 'Pauline', 'Mae']
['Jim', 'Cesar', 'Milton', 'Melvin']
['Justin', 'Heather', 'Pearl', 'Shelly']
['Peter', 'Marge', 'Christine', 'Diane']
['Gladys', 'Joy', 'Jewel', 'Craig']
['Hillary', 'Jodi', 'Earl', 'Julius']
['Jessica', 'Ella', 'Derrick', 'Judith']
['Anna', 'Victor', 'Megan', 'Brett']
['Beatriz', 'Emilee', 'Tiara', 'Martha']
['Wilfredo', 'Lillie', 'James', 'Antonietta']
['Alice', 'Alex', 'Matt', 'Cedric']
['Marla', 'Margaret', 'Michael', 'Stacy']
['Casandra', 'Clara', 'William', 'Roy']
['Sharon', 'Randall', 'Lydia', 'Vicente']
['Warren', 'Guadalupe', 'Jessie', 'Fred']
['Lacey', 'Antoinette', 'Charlotte', 'Vera']
['Heidi', 'Kimberly', 'Patricia', 'Joseph']
['Marcus', 'Peggy', 'Elizabeth', 'Bernie']
['Jean', 'Josie', 'Rachel', 'Carrie']
['Keith', 'Ashley', 'Carol', 'Jewell']
['Cara', 'Harriett', 'Ronald', 'Teresa']
['Douglas', 'Leigh', 'Debbie', 'Leola']
['Rafael', 'Antonio', 'Harriet', 'Mavis']
['Ted', 'Roberto', 'Melony', 'Tom']
['Brooks', 'Rick', 'Ralph', 'Emily']
['Myra', 'Kurt', 'Paula', 'Corinne']
['Clyde', 'Allen', 'Timothy', 'Joel']
['Shante', 'Louis', 'Sandra', 'Cathleen']
['Robert', 'Samuel', 'Lucia', 'Maryann']
['Jonathon', 'Hector', 'Oscar', 'Janice']
['Mark', 'Susan', 'Catherine', 'Jacqueline']
['Patrice', 'Vickie', 'Jasmine', 'Lena']
['Gerard', 'Esperanza', 'Thelma', 'Porfirio']
['Doretha', 'Grace', 'Carole', 'Johnnie']
['Sam', 'Lauren', 'Mireya', 'Vicky']
['Frank', 'Weldon', 'Phyllis', 'Nellie']
['Julie', 'Virgie', 'Merle', 'Colin']
['Carla', 'Maria', 'Mei', 'Patrick']
['Sheila', 'Tim', 'Raymond', 'Mari']
['Christian', 'Gregory', 'Kenny', 'Abdul']
['Angel', 'Deandre', 'Rhonda', 'Arline']
['Lizzie', 'Janet', 'Julia', 'Hildegard']
['Jeanette', 'Sarah', 'Jerome', 'Kelvin']
['Carmen', 'Elvera', 'Quentin', 'Tommie']
['Johnathan', 'Linda', 'Gerald', 'Gene']
['Nancy', 'Lela', 'Beverly', 'Deborah']
['Ruth', 'Kathleen', 'Carlos', 'Steven']
['Gordon', 'George', 'Cameron', 'Colleen']
['Fletcher', 'Terry', 'Geraldine', 'Levi']
['Sara', 'Lucille', 'Dewayne', 'Martin']
['Rena', 'Jammie', 'Edwin', 'Darrin']
['Danielle', 'Evan', 'Fay', 'Bessie']
['Jeff', 'Marjorie', 'Evelyn', 'Lisa']
['Philip', 'Ericka', 'Phillip', 'Gary']
['Ricardo', 'Hazel', 'Justine', 'Kelly']
['Cynthia', 'Laurie', 'Kristine', 'Erma']
['Esta', 'Brandon', 'Curtis', 'Melissa']
['Robin', 'Brenda', 'Rueben', 'Joshua']
['Reggie', 'Marie', 'Karen', 'Noma']
['Russel', 'Ray', 'Dan', 'Lucy']
['Arthur', 'Donna', 'Beatrice', 'Olive']
['Sheryl', 'Barbara', 'Roger', 'Bruce']
['Claudia', 'Leo', 'Trenton', 'Wade']
['Jeffrey', 'Shawn', 'Kay', 'Steve']
['Helen', 'Christopher', 'Sheldon', 'Monica']
['Byron', 'Juan', 'Harold']
['Rod', 'Laura', 'Dottie']
['Adrian', 'Sally', 'Erik']
['Todd', 'Chris', 'Victoria']
['Stephanie', 'Lexie', 'Nicholas']
['Vance', 'Lori', 'Tomas']
['Chester', 'Eduardo', 'Lester']
['Gail', 'Felipe', 'Jennifer']
['Joyce', 'Donald', 'Gale']
['Carina', 'Samantha', 'Daphne']
['Shawna', 'Maxine', 'Luis']
['Bernice', 'Carolyn', 'Molly']
['Ivan', 'Lawrence', 'Newton']
['Frida', 'Renee', 'Iris']
['Katherine', 'Bobby', 'Barry']
['Eva', 'Eunice', 'Anne']
['Crystal', 'Jerry', 'Thomas']
['Andrea', 'Vanessa', 'Lorene']
['Gloria', 'Cleo', 'Virginia']
['Jeffery', 'Manuel', 'Aron']
