['Haley', 'Estella', 'Paulina', 'Winifred', 'Charita', 'Birgitta', 'Dena', 'Camala', 'Allene', 'Allie', 'Rosamond', 'Anabal', 'Kara', 'Monique', 'Dorine']
['Gavra', 'Orsa', 'Drusy', 'Mirna', 'Stephannie', 'Nedda', 'Jessamyn', 'Harriet', 'Quintana', 'Dee', 'Leda', 'Lesly', 'Alia', 'Karie', 'Idalina']
['Claudie', 'Stesha', 'Lorie', 'Sada', 'Delly', 'Patty', 'Brittan', 'Matilde', 'Anabel', 'Lyda', 'Paige', 'Gaby', 'Lani', 'Babara', 'Mair']
['Katti', 'Rowena', 'Yovonnda', 'Tallie', 'Jaynell', 'Jesse', 'Meggi', 'Ulrike', 'Brear', 'Vonni', 'Kittie', 'Terese', 'Rita', 'Kellie', 'Austina']
['Silva', 'Tiphanie', 'Vanni', 'Casi', 'Ramonda', 'Brunhilda', 'Sadye', 'Doroteya', 'Kathryn', 'Marris', 'Julie', 'Anabelle', 'Diane', 'Ansley', 'Joelly']
['Cristen', 'Alexandrina', 'Gae', 'Diahann', 'Nicoli', 'Tamara', 'Korney', 'Ruperta', 'Shanie', 'Shoshana', 'Agatha', 'Livy', 'Corinne', 'Rosene', 'Agneta']
['Ronnica', 'Carroll', 'Rhodia', 'Clarissa', 'Charmine', 'Vicky', 'Else', 'Idelle', 'Adriane', 'Malva', 'Jemie', 'Agnes', 'Bonita', 'Fernande', 'Mufinella']
['Veradis', 'Cheslie', 'Colline', 'Nissie', 'Oralee', 'Joanna', 'Tiffy', 'Adiana', 'Hortense', 'Tim', 'Marcella', 'Fran', 'Inga', 'Euphemia', 'Morena']
['Mella', 'Marcie', 'Daphene', 'Teddi', 'Yoshi', 'Carri', 'Nancie', 'Britney', 'Agnese', 'Hedwiga', 'Xylina', 'Marabel', 'Danni', 'Neile', 'Melinde']
['Briny', 'Moyna', 'Row', 'Yetta', 'Peg', 'Marisa', 'Eve', 'Nanon', 'Madelena', 'Gerry', 'Yolanda', 'Cindie', 'Emelda', 'Zulema', 'Clemmie']
['Erminia', 'Estele', 'Faythe', 'Natalya', 'Reggi', 'Andie', 'Cherilynn', 'Lisette', 'Aviva', 'Kiele', 'Cassandra', 'Antonietta', 'Gale', 'Frankie', 'Jorrie']
['Lotte', 'Shirl', 'Debora', 'Brigitte', 'Jen', 'Bernice', 'Kathleen', 'Rosana', 'Georgeanne', 'Lydie', 'Roslyn', 'Georgiana', 'Serena', 'Annice', 'Eulalie']
['Oliy', 'Rivkah', 'Opal', 'Andromache', 'Valli', 'Kellsie', 'Sileas', 'Vinni', 'Dita', 'Gabbie', 'Avivah', 'Clemence', 'Gwennie', 'Brook', 'Mariellen']
['Marlena', 'Sherrie', 'Addi', 'Athena', 'Kania', 'Latisha', 'Fredericka', 'Conchita', 'Tanitansy', 'Lira', 'Della', 'Caryn', 'Lorain', 'Britteny', 'Lorena']
['Anette', 'Beatrice', 'Erica', 'Jolie', 'Laverne', 'Sandie', 'Marijo', 'Eran', 'Kaitlynn', 'Kala', 'Dotti', 'Tiffany', 'Amalee', 'Bekki', 'Cathryn']
['Millisent', 'Doris', 'Anastassia', 'Elvera', 'Thia', 'Mei', 'Lynnet', 'Johanna', 'Leanora', 'Pammy', 'Kaitlin', 'Ingunna', 'Sonni', 'Randie', 'Catha']
['Starlin', 'Kathy', 'Mechelle', 'Chelsy', 'Sula', 'Angelica', 'Josepha', 'Willi', 'Helyn', 'Fania', 'Sile', 'Marlie', 'Fawnia', 'Tarra', 'Cassondra']
['Tamra', 'Carla', 'Risa', 'Edith', 'Roxane', 'Sheila', 'Cristabel', 'Flory', 'Noreen', 'Selinda', 'Tani', 'Dominica', 'Rhody', 'Ranice', 'Stormi']
['Bridgette', 'Missy', 'Netty', 'Jacqui', 'Maxie', 'Dyane', 'Bertie', 'Stefa', 'Nicki', 'Demetria', 'Corly', 'Desiri', 'Zenia', 'Sofie', 'Myrtle']
['Cristionna', 'Janice', 'Nelie', 'Alyson', 'Melloney', 'Martina', 'Arlee', 'Lulu', 'Belle', 'Noell', 'Krissy', 'Eolanda', 'Collete', 'Gianina', 'Maddalena']
