['x', 'w', 'xxx', 'wwww', 'www', 'xxxxxxxx', 'ww', 'wwwww', 'xxxxx', 'wwwwwwww', 'xxxxxx', 'wwwwww', 'xxxxxxx', 'wwwwwww', 'xx', 'xxxx']
['iiiiiiii', 'i', 'jj', 'iii', 'j', 'ii', 'iiii', 'jjjjj', 'iiiii', 'jjjjjjj', 'jjj', 'jjjjjj', 'iiiiiii', 'jjjj', 'iiiiii', 'jjjjjjjj']
['zzzzz', 'y', 'z', 'zzz', 'zzzz', 'yyyy', 'yyyyy', 'yyyyyyy', 'yyyyyy', 'zzzzzzz', 'yyyyyyyy', 'zz', 'zzzzzz', 'yy', 'yyy', 'zzzzzzzz']
['OOOO', 'O', 'PP', 'OO', 'PPP', 'PPPP', 'OOOOOO', 'OOOOOOOO', 'OOOOO', 'PPPPPPPP', 'P', 'OOO', 'PPPPPPP', 'OOOOOOO', 'PPPPPP', 'PPPPP']
['8', '7', '888', '77', '7777', '888888', '777777', '88', '88888888', '777', '8888', '88888', '7777777', '8888888', '77777', '77777777']
['d', 'c', 'cc', 'dd', 'cccccccc', 'ccccccc', 'ddd', 'cccccc', 'dddddd', 'ddddd', 'cccc', 'dddd', 'ccccc', 'dddddddd', 'ccc', 'ddddddd']
['k', 'l', 'kkkk', 'kkkkkkk', 'lllllll', 'llll', 'kkkkkk', 'll', 'lllll', 'kk', 'kkkkk', 'lll', 'llllll', 'kkk', 'kkkkkkkk', 'llllllll']
['nnnnnn', 'm', 'mmmm', 'mmmmmmm', 'nnnnnnnn', 'mmmmmmmm', 'nnnn', 'nnnnn', 'n', 'mmm', 'mmmmm', 'nnnnnnn', 'mm', 'nnn', 'mmmmmm', 'nn']
['vvvvvv', 'u', 'v', 'uu', 'uuu', 'vv', 'vvvvvvv', 'uuuuuu', 'vvv', 'uuuuu', 'uuuuuuu', 'uuuu', 'vvvv', 'uuuuuuuu', 'vvvvvvvv', 'vvvvv']
['HHHHHHH', 'G', 'H', 'GGGGGGGG', 'GGGGGG', 'GG', 'GGGG', 'HHHHH', 'HHHHHH', 'GGGGG', 'GGGGGGG', 'HHHH', 'HHH', 'HHHHHHHH', 'HH', 'GGG']
['I', 'J', 'II', 'JJJ', 'JJJJJJ', 'IIIIIII', 'III', 'IIIIIIII', 'JJ', 'JJJJJ', 'IIII', 'IIIII', 'JJJJ', 'JJJJJJJ', 'JJJJJJJJ', 'IIIIII']
['Q', 'R', 'QQQQ', 'QQ', 'QQQQQQQQ', 'QQQQQ', 'QQQQQQ', 'RRRRRR', 'QQQ', 'RRRRRRRR', 'QQQQQQQ', 'RRRRR', 'RRRRRRR', 'RRRR', 'RR', 'RRR']
['ggg', 'gg', 'hhh', 'hhhhhhh', 'hhhhh', 'ggggggg', 'hhhhhhhh', 'gggggggg', 'hhhh', 'g', 'hhhhhh', 'ggggg', 'gggg', 'gggggg', 'hh', 'h']
['ppppp', 'o', 'p', 'oooooo', 'pp', 'ooo', 'oooooooo', 'ooooo', 'pppp', 'ppppppp', 'oo', 'ppp', 'oooo', 'pppppp', 'ooooooo', 'pppppppp']
['rrr', 'r', 'rr', 'rrrrr', 'qq', 'rrrrrrrr', 'rrrrrrr', 'qqqqqqq', 'qqqqqqqq', 'q', 'qqqqqq', 'qqq', 'qqqq', 'rrrr', 'qqqqq', 'rrrrrr']
['tttttt', 's', 'tt', 'ss', 'sssss', 'ttttttt', 'ssssssss', 'ssssss', 'sss', 'ttt', 'ssss', 'tttt', 'ttttt', 't', 'tttttttt', 'sssssss']
['CCCCC', 'C', 'D', 'CCCC', 'CCCCCCC', 'CCC', 'CCCCCCCC', 'CCCCCC', 'DDDDDD', 'DDDDDDD', 'DDDDDDDD', 'DD', 'DDDD', 'DDDDD', 'DDD', 'CC']
['TTT', 'S', 'SSSS', 'TTTTT', 'SSSSSSSS', 'SSSSSSS', 'TTTTTTTT', 'SSSSS', 'T', 'SS', 'TTTTTT', 'SSS', 'SSSSSS', 'TTTT', 'TT', 'TTTTTTT']
['VVV', 'U', 'UUU', 'VVVVVV', 'UUUUUUUU', 'V', 'UU', 'VVVVV', 'VV', 'UUUU', 'VVVVVVVV', 'UUUUUU', 'VVVVVVV', 'UUUUU', 'VVVV', 'UUUUUUU']
['XXXX', 'W', 'WWWW', 'WWW', 'WWWWWW', 'XXXXXX', 'WWWWWWW', 'WWWWWWWW', 'XXXXXXX', 'X', 'WWWWW', 'XX', 'WW', 'XXXXX', 'XXX', 'XXXXXXXX']
['11', '1', '222', '2', '22', '11111111', '111111', '111', '2222', '2222222', '22222222', '22222', '222222', '1111111', '1111', '11111']
['a', 'bb', 'bbbb', 'b', 'bbbbbbbb', 'aaaaa', 'aa', 'bbbbb', 'aaaaaaa', 'bbbbbbb', 'aaa', 'aaaa', 'bbbbbb', 'aaaaaa', 'aaaaaaaa', 'bbb']
['BBBBB', 'B', 'BB', 'AAAAAAA', 'BBBBBBB', 'BBBB', 'AAAAAA', 'AAAAAAAA', 'AAAA', 'AAAAA', 'BBBBBBBB', 'AA', 'BBBBBB', 'AAA', 'BBB', 'A']
['EEE', 'F', 'EEEE', 'E', 'FFF', 'EEEEEEEE', 'FFFF', 'EEEEEEE', 'EE', 'EEEEE', 'FF', 'FFFFF', 'FFFFFFF', 'FFFFFFFF', 'EEEEEE', 'FFFFFF']
['L', 'KK', 'LL', 'LLL', 'LLLLL', 'KKKK', 'LLLL', 'LLLLLL', 'LLLLLLLL', 'K', 'KKKKK', 'KKK', 'KKKKKKKK', 'LLLLLLL', 'KKKKKK', 'KKKKKKK']
['MMMMMM', 'M', 'MMM', 'NNNNNN', 'NN', 'NNNNNNN', 'NNNNNNNN', 'NNNNN', 'NNN', 'NNNN', 'MMMMM', 'MMMMMMM', 'N', 'MMMMMMMM', 'MM', 'MMMM']
['YYYYY', 'Z', 'ZZZ', 'YYYY', 'YY', 'YYY', 'ZZZZZZ', 'ZZZZ', 'YYYYYY', 'ZZZZZZZ', 'ZZZZZZZZ', 'YYYYYYY', 'Y', 'ZZZZZ', 'ZZ', 'YYYYYYYY']
['44444444', '3', '44', '3333', '33', '444444', '333333', '4444444', '4', '444', '44444', '333', '33333333', '33333', '3333333', '4444']
['555', '5', '666', '5555', '555555', '6666', '666666', '66666666', '66', '5555555', '55', '66666', '55555555', '6666666', '6', '55555']
['f', 'ff', 'fff', 'fffff', 'eeee', 'eeeee', 'ee', 'eee', 'ffffffff', 'fffffff', 'ffff', 'eeeeeee', 'eeeeeeee', 'e', 'eeeeee', 'ffffff']
