['Ludovico9', 'Jarno1', 'Oretta5', 'Alberto5', 'Costanzo6', 'Terzo7', 'Filomena3', 'Gaetano5', 'Fiorenzo7', 'Damiana2', 'Pablo7', 'Sesto4', 'Olimpia3', 'Matteo9', 'Armando8', 'Cleros7', 'Vera2', 'Penelope5', 'Laura9', 'Caio6']
['Mattia9', 'Ludovico2', 'Valdo2', 'Fabiano3', 'Concetta5', 'Raniero0', 'Carmela3', 'Umberto0', 'Gianriccardo3', 'Rufo5', 'Marieva8', 'Tristano5', 'Giobbe6', 'Fatima0', 'Luce6', 'Tristano8', 'Lisa0', 'Priamo0', 'Alessio7', 'Filomena4']
['Maruska3', 'Ubaldo1', 'Eustachio2', 'Sue2', 'Rosalino0', 'Cleros6', 'Max1', 'Tancredi4', 'Ermes4', 'Sandro2', 'Ileana5', 'Siro3', 'Eusebio3', 'Joannes5', 'Quarto3', 'Lino4', 'Nayade9', 'Umberto9', 'Rosalino2', 'Orfeo5']
['Renzo5', 'Odone4', 'Benedetta4', 'Deborah2', 'Assia0', 'Loretta4', 'Laura1', 'Mattia1', 'Giordano5', 'Marcella0', 'Mirko6', 'Renato5', 'Romeo4', 'Eustachio1', 'Enzo0', 'Silvano4', 'Nestore8', 'Siro8', 'Teseo4', 'Giorgio3']
['Giacinto6', 'Sabatino1', 'Elio8', 'Fiorenzo8', 'Tolomeo6', 'Albino1', 'Kris2', 'Iacopo2', 'Baldassarre3', 'Eusebio6', 'Cleopatra5', 'Michael4', 'Jack2', 'Secondo5', 'Piersilvio0', 'Cleros5', 'Cleros4', 'Trevis3', 'Elga3', 'Manfredi5']
['Cira7', 'Lidia4', 'Italo5', 'Ercole9', 'Elsa0', 'Erminia5', 'Antonino6', 'Ferdinando0', 'Danuta0', 'Michael9', 'Jacopo4', 'Bettino1', 'Joseph3', 'Davide1', 'Vania3', 'Nathan9', 'Gianleonardo6', 'Demis2', 'Serse1', 'Marino8']
['Genziana8', 'Concetta9', 'Noel4', 'Mietta0', 'Claudia1', 'Gianriccardo2', 'Marcella3', 'Gavino8', 'Gioacchino6', 'Furio5', 'Lidia6', 'Rosaria8', 'Leonardo0', 'Deborah9', 'Rodolfo9', 'Alan9', 'Giancarlo3', 'Sue0', 'Orfeo4', 'Giovanna3']
['Rosita1', 'Cleros2', 'Isabel6', 'Amedeo5', 'Miriana4', 'Mariagiulia0', 'Ubaldo2', 'Brigitta8', 'Egisto1', 'Timoteo4', 'Walter3', 'Nathan2', 'Rosalba1', 'Ercole1', 'Mariagiulia3', 'Timoteo5', 'Jacopo3', 'Folco8', 'Marcella4', 'Evangelista9']
['Odino6', 'Mecren5', 'Osvaldo5', 'Pietro1', 'Giorgio6', 'Guido1', 'Maggiore3', 'Fortunata0', 'Liborio4', 'Primo1', 'Jari0', 'Erminio4', 'Aroldo4', 'Cassiopea3', 'Siro9', 'Michele7', 'Orfeo9', 'Danthon5', 'Emanuel1', 'Bibiana4']
['Giulietta7', 'Karim8', 'Fiorentino3', 'Prisca2', 'Cesidia8', 'Enzo3', 'Nestore6', 'Cleopatra8', 'Celeste3', 'Emanuel7', 'Nabil5', 'Ercole8', 'Vania2', 'Lauro5', 'Walter1', 'Radames4', 'Luigi7', 'Assia4', 'Sabino2', 'Damiana9']
['Italo9', 'Arduino8', 'Leonardo1', 'Cosetta2', 'Gilda2', 'Nestore7', 'Nazzareno0', 'Thea4', 'Arduino5', 'Tommaso8', 'Bibiana6', 'Dante0', 'Mietta2', 'Tancredi5', 'Armando5', 'Fabio9', 'Elda2', 'Leonardo7', 'Zelida4', 'Cassiopea8']
['Benedetta5', 'Jole3', 'Osea1', 'Rita6', 'Sirio6', 'Hector0', 'Armando0', 'Enrico1', 'Monia8', 'Mariagiulia4', 'Xavier5', 'Erminio9', 'Gerlando9', 'Fatima2', 'Trevis8', 'Lauro3', 'Folco0', 'Gianantonio6', 'Nathan3', 'Rosolino0']
['Marzio7', 'Ian2', 'Diamante6', 'Donatella7', 'Monia6', 'Piersilvio3', 'Loris4', 'Erminia8', 'Marino4', 'Eriberto9', 'Modesto4', 'Giovanna5', 'Trevis2', 'Amedeo6', 'Penelope7', 'Gaetano4', 'Odone9', 'Gianantonio3', 'Domiziano7', 'Elsa1']
['Giorgio2', 'Miriam8', 'Clodovea1', 'Loredana6', 'Bortolo9', 'Emidio9', 'Kris3', 'Edilio6', 'Walter7', 'Elio3', 'Noah6', 'Orfeo7', 'Oreste0', 'Cassiopea9', 'Ercole2', 'Lamberto6', 'Radames7', 'Gianantonio5', 'Davide8', 'Fiorenzo1']
['Pierfrancesco0', 'Osea9', 'Concetta1', 'Thea5', 'Lazzaro2', 'Guido6', 'Nicoletta3', 'Muzio8', 'Bortolo5', 'Costantino7', 'Fabio8', 'Sasha9', 'Rocco9', 'Primo9', 'Mariagiulia9', 'Secondo0', 'Marzio4', 'Ermes9', 'Prisca3', 'Alessandro3']
['Carmelo4', 'Loretta1', 'Anastasio7', 'Mecren9', 'Timoteo9', 'Avide3', 'Akira3', 'Sesto8', 'Santo9', 'Joshua3', 'Giulio2', 'Luigi4', 'Alighiero7', 'Carmela6', 'Caligola0', 'Enzo7', 'Tolomeo0', 'Oretta9', 'Marianita1', 'Folco3']
['Rebecca5', 'Fatima9', 'Anastasio3', 'Sesto2', 'Ethan3', 'Odone8', 'Erminia2', 'Brigitta5', 'Battista3', 'Mietta1', 'Siro2', 'Jelena1', 'Maika9', 'Matilde9', 'Sasha7', 'Alessio3', 'Laerte0', 'Nestore5', 'Sarita4', 'Adriano1']
['Pacifico0', 'Adriano0', 'Sebastian2', 'Osea0', 'Dante5', 'Fabiano1', 'Odino9', 'Guendalina3', 'Fernando8', 'Ettore0', 'Siro0', 'Demi9', 'Luce0', 'Clodovea2', 'Kai5', 'Azue3', 'Arturo8', 'Mirko4', 'Claudia6', 'Xavier7']
['Eriberto7', 'Rebecca2', 'Jari2', 'Sirio1', 'Caligola7', 'Mattia6', 'Orfeo1', 'Marvin0', 'Quirino1', 'Gilda5', 'Marzio6', 'Antimo9', 'Raoul7', 'Folco6', 'Priamo8', 'Laerte9', 'Rosalba8', 'Elda4', 'Pacifico5', 'Nico1']
['Nico6', 'Kayla9', 'Miriam7', 'Gianmaria7', 'Cirino1', 'Davide5', 'Celeste4', 'Marianita8', 'Liborio8', 'Ian0', 'Tancredi6', 'Rebecca6', 'Deborah4', 'Ariel9', 'Ruth1', 'Patrizio4', 'Ilario9', 'Gregorio7', 'Arcibaldo8', 'Edilio5']
['Tazio7', 'Ione9', 'Anselmo8', 'Santo3', 'Folco4', 'Zaccaria2', 'Edipo4', 'Ethan9', 'Lia2', 'Miriana9', 'Samira4', 'Iacopo1', 'Ulrico6', 'Cira8', 'Joshua0', 'Karim1', 'Samira6', 'Audenico0', 'Primo3', 'Violante6']
['Mauro7', 'Pablo9', 'Gelsomina6', 'Demi6', 'Sibilla4', 'Benedetta1', 'Renzo6', 'Diamante4', 'Eriberto1', 'Amerigo1', 'Irene7', 'Doriana2', 'Lidia0', 'Sarita7', 'Flaviana6', 'Sebastian4', 'Loredana0', 'Antonio9', 'Moreno5', 'Marina6']
['Nestore3', 'Carlo1', 'Ivano3', 'Augusto8', 'Kayla3', 'Enzo6', 'Marina7', 'Emanuel3', 'Marina4', 'Ausonio0', 'Anselmo9', 'Marianita5', 'Giacobbe7', 'Joseph7', 'Demis1', 'Edilio2', 'Ursula5', 'Gianmarco5', 'Ferdinando6', 'Maika6']
['Amedeo1', 'Valdo9', 'Anselmo3', 'Marieva7', 'Graziano0', 'Tazio1', 'Fortunata6', 'Marzio5', 'Cleopatra1', 'Noah0', 'Ethan7', 'Mariano0', 'Gregorio2', 'Maggiore2', 'Umberto6', 'Lorenzo9', 'Vinicio8', 'Isabel1', 'Artes8', 'Caio2']
['Dylan9', 'Quasimodo0', 'Soriana6', 'Radames1', 'Miriana7', 'Ercole4', 'Alighieri1', 'Laerte5', 'Demis3', 'Edipo5', 'Eliziario6', 'Amerigo5', 'Gioacchino7', 'Bettino8', 'Cleopatra7', 'Marianita7', 'Romeo2', 'Elga8', 'Costanzo4', 'Nestore4']
