['Ortensia', 'Elinor', 'Janette', 'Katleen', 'Kettie', 'Ivie', 'Linette', 'Reta', 'Pansie', 'Jorey', 'Bonnee', 'Nadine', 'Nerta', 'Laureen', 'Brynna', 'Callie', 'Bria', 'Rebbecca']
['Anya', 'Jeannine', 'Anjanette', 'Mareah', 'Prudi', 'Veronike', 'Paulette', 'Winifred', 'Courtnay', 'Jasmin', 'Jeniffer', 'Lori', 'Gwendolen', 'Maryjo', 'SheilaKathryn', 'Tanya', 'Lavinia', 'Roseann']
['Vonny', 'Licha', 'Valentine', 'Jess', 'Giralda', 'Paula', 'Rachel', 'Kata', 'Tatiana', 'Erinna', 'Shani', 'Kalindi', 'Una', 'Devinne', 'Stepha', 'Magdaia', 'Brenn', 'Randene']
['Mina', 'Carlye', 'Mariette', 'Denyse', 'Lillis', 'Patti', 'Misti', 'Gabriell', 'Anthe', 'Nora', 'Kania', 'Kippy', 'Clari', 'Lindsy', 'Pollyanna', 'Therine', 'Vivia', 'Geri']
['Loria', 'Thomasina', 'Jada', 'Ginger', 'Chris', 'Zorana', 'Brandie', 'Zita', 'Susi', 'Lona', 'Valerie', 'Dulcie', 'Myrilla', 'Tersina', 'Ellie', 'Analise', 'Jeannette', 'Ardenia']
['Livia', 'Brigid', 'Idalina', 'AnnaDiana', 'Vi', 'Lois', 'Emilee', 'Vickie', 'Joleen', 'Cristina', 'Cinnamon', 'Garland', 'Goldina', 'Karlotta', 'Willabella', 'Gerianna', 'Mia', 'Starr']
['Jessamyn', 'Alyce', 'Oliy', 'Bobbie', 'Tiffani', 'Phedra', 'Frankie', 'Riannon', 'Geralda', 'Catina', 'Pierrette', 'Coral', 'Christin', 'Jolie', 'Pavla', 'Robena', 'Harriett', 'Eula']
['Neilla', 'Lorraine', 'Rasla', 'Herminia', 'Philomena', 'Leilah', 'Shay', 'Reeva', 'Kerstin', 'Lorrin', 'Allsun', 'Melva', 'Sophie', 'Vallie', 'Isabelle', 'Uta', 'Henrietta', 'Emmy']
['Cayla', 'Jeannie', 'Pandora', 'Ondrea', 'Patience', 'Lisabeth', 'Siusan', 'Ashli', 'Laurice', 'Janey', 'Tammy', 'Genni', 'Sallyanne', 'Honey', 'Tybi', 'Drucill', 'Elayne', 'Lorinda']
['Henriette', 'Serena', 'Maddalena', 'Bell', 'Jacquenette', 'Nelia', 'Suellen', 'Rosalinde', 'Reggi', 'Lanni', 'Danell', 'Heather', 'Liz', 'Midge', 'Erma', 'Brandise', 'Sharla', 'Sheena']
['Clemmy', 'Avivah', 'Sara', 'Gigi', 'Constantia', 'Cynde', 'Viva', 'Lita', 'Andree', 'Biddie', 'Marcia', 'Fayth', 'Moyra', 'Saundra', 'Sue', 'Sephira', 'Jsandye', 'Phillis']
['Lisbeth', 'Hyacinth', 'Evvy', 'Lettie', 'Deny', 'Rosalind', 'Merline', 'Shelli', 'Verina', 'Christina', 'Johnette', 'Shayna', 'Brynne', 'Ethelind', 'Kial', 'Shayne', 'Carmelia', 'Dolores']
['Jane', 'Madonna', 'Lila', 'Tamarah', 'Tresa', 'Betteanne', 'Jaime', 'Marigold', 'Gussy', 'Edeline', 'Renae', 'Evangeline', 'Dulcia', 'Mable', 'Kora', 'Claudina', 'Nomi', 'Bibbie']
['Lorna', 'Eadie', 'Amabel', 'Clemmie', 'Libbi', 'Laverne', 'Heidie', 'Elisabet', 'Arliene', 'Thalia', 'Emmalynne', 'Camille', 'Madelin', 'Kellen', 'Raine', 'Dianna', 'Rosina', 'Natala']
['Lynnett', 'Deeann', 'Debbie', 'Constantina', 'Bessy', 'Koressa', 'Katha', 'Tamarra', 'Cecelia', 'Karisa', 'Chelsea', 'Lauretta', 'Sheree', 'Madalena', 'Pia', 'Marla', 'Idell', 'Noelyn']
['Sofia', 'Tessy', 'Lia', 'Inna', 'Vilma', 'Jessika', 'HelenElizabeth', 'Caryn', 'Madelyn', 'Hatty', 'Jobina', 'Arleyne', 'Gaynor', 'Freda', 'Laura', 'Christabel', 'Goldi', 'Blake']
['Raven', 'Megan', 'Milena', 'Joannes', 'Charis', 'Meggy', 'Terra', 'Darcee', 'Chrystel', 'Ealasaid', 'Ula', 'Crystie', 'Cory', 'Maryl', 'Phil', 'Matilda', 'Laraine', 'Marlyn']
['Natka', 'Shelia', 'Zoe', 'Mariejeanne', 'Cate', 'Imogen', 'Kay', 'Annalee', 'Stefa', 'Marley', 'Renelle', 'Feliza', 'Delila', 'Shelby', 'Aubrette', 'Eddi', 'Marice', 'Raye']
['Miquela', 'Marylou', 'Joly', 'Lyn', 'Pippy', 'Corella', 'Toma', 'Siobhan', 'Esmaria', 'Kinna', 'Lilla', 'Flori', 'Lina', 'Debby', 'AnnaDiane', 'Lacey', 'Trista', 'Nicoli']
['Jenna', 'Gayle', 'Dana', 'Essa', 'Donella', 'Romonda', 'Vanessa', 'Giselle', 'Tova', 'Ardine', 'Wendeline', 'Tilda', 'Fredelia', 'Tressa', 'Andriette', 'Genna', 'Rosene', 'Grazia']
['Keri', 'Toni', 'Billy', 'Lorena', 'Emelina', 'Karol', 'Coretta', 'Di', 'Carree', 'Leora', 'Harrie', 'Eve', 'Neila', 'Paulina', 'Jodi', 'Natalina', 'Trude', 'Melodie']
['Daisi', 'Jaclyn', 'Costanza', 'Dulcea', 'Rozanna', 'Marjie', 'Sherline', 'Nevsa', 'Meris', 'Annie', 'Ashlen', 'Dayle', 'Jeralee', 'Sayre', 'Vin', 'Sheeree', 'Leona', 'Nolana']
['Minnnie', 'Barbe', 'Wilow', 'Alvina', 'Wilone', 'Cordy', 'Silva', 'Carline', 'Penny', 'Kristin', 'Cordie', 'Tanhya', 'Cherry', 'Corey', 'Ray', 'Katalin', 'Edi', 'Fayina']
['Joycelin', 'Cammie', 'Gwenette', 'Kassia', 'Camilla', 'Nerissa', 'Tobi', 'Faith', 'Kiersten', 'Jennica', 'Hendrika', 'Kaylyn', 'Laverna', 'Gerrilee', 'Yalonda', 'Kylen', 'Fawne', 'Amitie']
['Susana', 'Sharron', 'Kacey', 'Martguerita', 'Mehetabel', 'Libby', 'Kelcey', 'Sheilah', 'Almeda', 'Corinna', 'Sibylle', 'Barbaraanne', 'Kathlin', 'Helenka', 'Merrielle', 'Erna', 'Shaina', 'Ashely']
