['Cliff', 'Josie', 'Ervin', 'Felix', 'Margo', 'Malik', 'Wally', 'Trent', 'Lauri', 'Bobbi', 'Chang', 'Alvin', 'Essie']
['Leona', 'Naomi', 'Daisy', 'Devin', 'Issac', 'Gayle', 'Maura', 'Fidel', 'Peter', 'Sonja', 'Ellen', 'Tracy', 'Karin']
['Tasha', 'Jonah', 'Louis', 'Ebony', 'Julio', 'Ahmad', 'Aaron', 'Quinn', 'Cesar', 'Lorie', 'Allan', 'Bruno', 'Aline']
['Tanya', 'Jayne', 'Mable', 'Julia', 'Britt', 'Wyatt', 'Darin', 'Ollie', 'Rhett', 'Elsie', 'Jared', 'Clyde', 'Bryce']
['Steve', 'Melba', 'Dixie', 'Kayla', 'Doris', 'Janet', 'David', 'Tommy', 'Adele', 'Carly', 'James', 'Clark', 'Mikel']
['Lydia', 'Cindy', 'Jamar', 'Mitzi', 'Della', 'Ariel', 'Elmer', 'Bryon', 'Kathy', 'Leila', 'Shane', 'Betsy', 'Clara']
['Lucio', 'Staci', 'Cyrus', 'Teddy', 'Robyn', 'Lacey', 'Janis', 'Jacob', 'Pedro', 'Lyman', 'Sheri', 'Jaime', 'Freda']
['Maria', 'Kevin', 'Elena', 'Orval', 'Donny', 'Zelma', 'Renee', 'Audra', 'Linda', 'Rufus', 'Randy', 'Bette', 'Kirby']
['Patti', 'Carla', 'Annie', 'Ruben', 'Vilma', 'Eddie', 'Grant', 'Karen', 'Brock', 'Amado', 'Perry', 'Brady', 'Jamel']
['Rusty', 'Maude', 'Marcy', 'Greta', 'Rhoda', 'Sadie', 'Chong', 'Dusty', 'Katie', 'Tonia', 'Roger', 'Leroy', 'Fritz']
['Nelda', 'Mason', 'Shaun', 'Claud', 'Dante', 'Marla', 'Pearl', 'Elvin', 'Garry', 'Emery', 'Nadia', 'Percy']
['Casey', 'Bryan', 'Mandy', 'Mamie', 'Flora', 'Sandy', 'Daron', 'Alice', 'Brian', 'Craig', 'Benny', 'Tonya']
['Helga', 'Ilene', 'Timmy', 'Hazel', 'Nikki', 'Lanny', 'Olive', 'Micah', 'Laura', 'Hilda', 'Misty', 'Barry']
['Billy', 'Dario', 'Wilma', 'Berta', 'Basil', 'Nancy', 'Terry', 'Adela', 'Effie', 'Major', 'Candy', 'Willy']
['Danny', 'Alton', 'Twila', 'Becky', 'Queen', 'Ernie', 'Myron', 'Vicky', 'Josef', 'Moses', 'Clint', 'Corey']
['Sonny', 'Deann', 'April', 'Jason', 'Erika', 'Irvin', 'Viola', 'Holly', 'Marty', 'Chris', 'Avery', 'Paige']
['Elias', 'Erica', 'Wendi', 'Edwin', 'Joyce', 'Buddy', 'Odell', 'Terri', 'Chase', 'Sammy', 'Brent', 'Marci']
['Davis', 'Merle', 'Ronny', 'Tessa', 'Lorna', 'Erick', 'Roxie', 'Arlen', 'Monty', 'Sally', 'Dwain', 'Sybil']
['Leann', 'Tyron', 'Wendy', 'Mitch', 'Wanda', 'Homer', 'Robin', 'Hyman', 'Pansy', 'Mario', 'Randi', 'Joann']
['Donna', 'Roman', 'Tammi', 'Elvia', 'Kelly', 'Amber', 'Moshe', 'Debra', 'Verna', 'Sofia', 'Emily', 'Brant']
