['Richard', 'am', 'William', 'Logan', 'Cody', 'Wesley', 'Aaron', 'Vincent', 'Beckett', 'Zachary']
['Isaac', 'Owen', 'Benjamin', 'Paxton', 'Leonardo', 'Corbin', 'Elijah', 'David', 'John', 'Dylan']
['Enzo', 'Michael', 'Brooks', 'Mateo', 'Chance', 'Alexander', 'Jace', 'Wyatt', 'Colton', 'Brandon']
['Avery', 'Daniel', 'Anthony', 'Grayson', 'Levi', 'Omar', 'Parker', 'Lorenzo', 'Thomas', 'Gael']
['Carson', 'Jayden', 'Nathan', 'Eli', 'Elias', 'Luis', 'Maxwell', 'River', 'Matthew', 'Nicholas']
['Ezekiel', 'Josiah', 'Gunner', 'Joseph', 'Connor', 'Damian', 'Bryce', 'Grant', 'Zion', 'Braxton']
['Santiago', 'Sebastian', 'Andrew', 'Jonathan', 'Mason', 'Rafael', 'Noah', 'Beau', 'Carter', 'Jacob']
['Ethan', 'Luke', 'Gabriel', 'Cameron', 'Calvin', 'George', 'Derek', 'Simon', 'Ryder', 'Karson']
['Killian', 'Julian', 'Jesse', 'Adrian', 'Malachi', 'Oscar', 'Miles', 'Ryker', 'Asher', 'Brayden']
['Elliot', 'Christopher', 'Jeremiah', 'Easton', 'Christian', 'Elliott', 'Francisco', 'Nolan', 'Jaxson', 'Jeremy']
['Jose', 'Aiden', 'Walter', 'Charles', 'Kyrie', 'Jack', 'Axel', 'Graham', 'August', 'Reid']
['Bennett', 'Jaxon', 'Jason', 'Kevin', 'Jayce', 'Isaiah', 'Greyson', 'Colin', 'Caleb', 'Kayden']
['Finn', 'Landon', 'Amir', 'Micah', 'James', 'Xander', 'Oliver', 'Beckham', 'Adriel', 'Erick']
['Steven', 'Jackson', 'Ivan', 'Samuel', 'Rowan', 'Timothy', 'Juan', 'Brantley', 'Karter', 'Zayden']
['Ayden', 'Hudson', 'Ian', 'Barrett', 'Josue', 'Maverick', 'Robert', 'Hunter', 'Blake', 'Eric']
['Austin', 'Adam', 'Bentley', 'Silas', 'Joel', 'Theodore', 'Kaleb', 'Maximus', 'Bryson', 'Jude']
['Giovanni', 'Henry', 'Joshua', 'Dawson', 'Chase', 'Roman', 'Carlos', 'Andres', 'Archer', 'Zane']
['Cole', 'Dominic', 'Justin', 'Max', 'Alan', 'Lucas', 'Ryan', 'Ezra', 'Sean', 'Jaden']
['Tristan', 'Xavier', 'Weston', 'Kaiden', 'Everett', 'Matias', 'Harrison', 'Jordan', 'Waylon', 'Iker']
['Alex', 'Tyler', 'Diego', 'Leo', 'Luca', 'Jesus', 'Kingston', 'Camden', 'Maddox', 'Jake']
['Jameson', 'Emmett', 'Abel', 'Louis', 'Sawyer', 'Theo', 'Emmanuel', 'Cash', 'Holden', 'Jorge']
['Jax', 'King', 'Gavin', 'Brody', 'Colt', 'Angel', 'Abraham', 'Remington', 'Amari']
['Edward', 'Preston', 'Nicolas', 'Lukas', 'Patrick', 'Tucker', 'Aidan', 'Dean', 'Miguel']
['Evan', 'Victor', 'Hayden', 'Nathaniel', 'Mark', 'Alejandro', 'Emiliano', 'Charlie', 'Myles']
['Javier', 'Declan', 'Caden', 'Cayden', 'Rhett', 'Judah', 'Leon', 'Dallas', 'Marcus']
['Bryan', 'Kaden', 'Felix', 'Thiago', 'Peter', 'Milo', 'Kenneth', 'Griffin', 'Messiah']
['Kai', 'Israel', 'Emilio', 'Cooper', 'Manuel', 'Eduardo', 'Andre', 'Kameron', 'Lincoln']
['Zander', 'Kyle', 'Matteo', 'Damien', 'Finley', 'Paul', 'Phoenix', 'Rylan', 'Ashton']
['Brian', 'Arthur', 'Legend', 'Bradley', 'Jonah', 'Antonio', 'Jasper', 'Brady', 'Riley']
['Clayton', 'Knox', 'Tanner', 'Ace', 'Stephen', 'Emerson', 'Tobias', 'Nash', 'Martin']
