['Oluwatobi', 'Kaeley', 'Fe', 'Meryl', 'Jaaziah', 'Olive', 'Larrissa', 'Sanae', 'Lilienne', 'Taye', 'Andriy']
['Kirubel', 'Dereck', 'Alayasia', 'Aylana', 'Mykaylah', 'Mikyla', 'Lauralynn', 'Aleiyah', 'Jophy', 'Jovey', 'Jakelin']
['Jirah', 'Mylie', 'Caliegh', 'Samauri', 'Lazaria', 'Tobias', 'Hannelore', 'Timia', 'Leib', 'Shanaiya', 'Zackrey']
['Kenniyah', 'Jamonte', 'Nancy', 'Dragon', 'Haya', 'Gracia', 'Kairy', 'Taegan', 'Kensleigh', 'Keemya', 'Mckaylin']
['Miley', 'Halo', 'Khalee', 'Seiry', 'Mumin', 'Sussy', 'Guadalupe', 'Vyncent', 'Dusan', 'Farah', 'Merlina']
['Ilyn', 'Takia', 'Abaan', 'Rosalio', 'Tahir', 'Adriene', 'Dainen', 'Markise', 'Aizik', 'Jamaine', 'Dorcas']
['Khamil', 'Camill', 'Coraline', 'Avielle', 'Veena', 'Mezmariah', 'Braeley', 'Elway', 'Leilah', 'Azeriah', 'Jaquan']
['Gertrude', 'Zykerria', 'Adaley', 'Kalum', 'Chanze', 'Demetreus', 'Terriona', 'Lada', 'Ganon', 'Adysen', 'Katalina']
['Crystina', 'Jarem', 'Fabrizzio', 'Bristol', 'Lailani', 'Jaquis', 'Eleah', 'Jaydah', 'Merissa', 'Joed', 'Serenety']
['Marcellino', 'Nishta', 'Marialy', 'Ellarie', 'Marwan', 'Jesus', 'Eliziah', 'Tam', 'Sheniyah', 'Aryeh', 'Sinia']
['Sameeha', 'Carsten', 'Ori', 'Kitty', 'Zolin', 'Khloee', 'Ancel', 'Stefanny', 'Marifer', 'Byron', 'Tyannah']
['Dairon', 'Cliff', 'Seleen', 'Saheim', 'Asha', 'Jasahn', 'Dessie', 'Michai', 'Shahid', 'Zoiee', 'Yonason']
['Eddieberto', 'Taigen', 'Cylah', 'Mylani', 'Zyeir', 'Artyom', 'Jesalyn', 'Elysha', 'Tanyla', 'Jamiyla', 'Hashem']
['Sayd', 'Zaahir', 'Sincere', 'Aley', 'Juliano', 'Stafford', 'Jaimarie', 'Antrone', 'Thien', 'Adeleine', 'Keili']
['Brinleigh', 'Daxx', 'Jebediah', 'Lizmari', 'Shanell', 'Nayara', 'Jarrell', 'Thadius', 'Dell', 'Sabastion', 'Jamear']
['Deliany', 'Avigail', 'Zahriyah', 'Lynia', 'Jaleesa', 'Jalilah', 'Daxen', 'Amr', 'Coulson', 'Vinnie', 'Nohely']
['Natasia', 'Atika', 'Rohil', 'Lamariah', 'Merary', 'Mikelle', 'Trinitey', 'Jalyiah', 'Coi', 'Abhinav', 'Asa']
['Citlally', 'Johnavan', 'Marnae', 'Casandra', 'Liat', 'Jameisha', 'Estephanie', 'Dashun', 'Delara', 'Shamiyah', 'Gwendolynn']
['Aarohi', 'Brydan', 'Adanna', 'Basha', 'Carena', 'Shardae', 'Nakeya', 'Zinia', 'Ingrid', 'Montana', 'Hesham']
['Chidi', 'Keyin', 'Ricky', 'Tashvi', 'Brenya', 'Jaeline', 'Evangelyne', 'Emmely', 'Denize', 'Isaak', 'Ramses']
['Keion', 'Artie', 'Kaushik', 'Kobe', 'Giankarlo', 'Jabes', 'Antwane', 'Azzareya', 'Emilie', 'Jeru', 'Abriyana']
['Jaleena', 'Tafari', 'Emmanuela', 'Dhyan', 'Jeremias', 'Jema', 'Eeliyah', 'Deidre', 'Michaell', 'Giannie', 'Kariana']
['Ahnaya', 'Jayme', 'Kamora', 'Tayseer', 'Kaleo', 'Alyiana', 'Inaki', 'Guy', 'Leni', 'Antonin', 'Cordai']
['Dajana', 'Gunther', 'Vivica', 'Quentyn', 'Monserath', 'Zuzanna', 'Deriyon', 'Jos', 'Ishmel', 'Osmin', 'Casondra']
['Liann', 'Elisah', 'Milene', 'Yu', 'Rielly', 'Dhalia', 'Jomary', 'Gauge', 'Lakiyah', 'Kenzlie', 'Endi']
['Raeleigh', 'Devaun', 'Salif', 'Marik', 'Kaira', 'Zamyah', 'Bailynn', 'Shy', 'Kirrah', 'Mylez', 'Jax']
['Davidjr', 'Charlize', 'Abdulrehman', 'Sagan', 'Rexford', 'Amonti', 'Yaire', 'Alison', 'Treyonna', 'Margie', 'Mikaelah']
['Jezzelle', 'Jasiya', 'Anela', 'Feven', 'Keni', 'Thaddius', 'Treyson', 'Natsumi', 'Nidhi', 'Nakari', 'Vanesa']
['Malaja', 'Shiala', 'Doyle', 'Bailei', 'Jandre', 'Sihaam', 'Jersi', 'Aman', 'Noami', 'Kaeleen', 'Apollonia']
['Salmaan', 'Carine', 'Alainna', 'Satomi', 'Jamaad', 'Kellon', 'Sevastian', 'Hayven', 'Navia', 'Emree', 'Litsy']
['Janesha', 'Britnee', 'Marrius', 'Bow', 'Cynae', 'Kapena', 'Aysenur', 'Ebany', 'Raphael', 'Venezia']
['Ally', 'Makyra', 'Dea', 'Laticia', 'Marck', 'Ailene', 'Anadalay', 'Gor', 'Chyna', 'Kyston']
['Aibhilin', 'Ettel', 'Yavian', 'Jahlen', 'Tralyn', 'Dyami', 'Ayahna', 'Fox', 'Analiah', 'Farha']
['Kenzington', 'Desteni', 'Quintavious', 'Tayyab', 'Leighann', 'Handsome', 'Matt', 'Kenzo', 'Bright', 'Colie']
['Raymir', 'Fidel', 'Iris', 'Gyzelle', 'Larry', 'Griffon', 'Mircale', 'Ameerah', 'Shamyia', 'Lukis']
['Donnelle', 'Jdan', 'Spartan', 'Niemah', 'Amritha', 'Loni', 'Noha', 'Kay', 'Danyca', 'Amor']
['Xaviel', 'Jahred', 'Soriya', 'Julia', 'Jacob', 'Rock', 'Maude', 'Nakaya', 'Evia', 'Hugo']
['Sydelle', 'Masud', 'Yarisbel', 'Adaisha', 'Arsalan', 'Trystian', 'Zayquan', 'Nitzia', 'Kaymi', 'Hakop']
['Alyze', 'Jerel', 'Kaymarie', 'Anastacio', 'Oviya', 'Ron', 'Dominika', 'Donnovan', 'Nethra', 'Siena']
['Jailon', 'Serra', 'Delisha', 'Katarina', 'Alaija', 'Orren', 'Rey', 'Charlett', 'Lilyonna', 'Lealand']
['Shakila', 'Blaine', 'Deedra', 'Harlem', 'Shelbee', 'Jazir', 'Alieyah', 'Jekeria', 'Kameryn', 'Yarithza']
['Shannel', 'Tasi', 'Anwesha', 'Nalaya', 'Aanyah', 'Sashya', 'Aayana', 'Abdoulaziz', 'Selena', 'Kvaughn']
['Ryleeann', 'Tobechi', 'Quintasia', 'Reynaldo', 'Mailen', 'Marcellius', 'Sevren', 'Detravion', 'Abdulraheem', 'Jatziry']
['Jemiah', 'Tacori', 'Shalonda', 'Sharlene', 'Kemily', 'Azavier', 'Vedika', 'Keyvin', 'Kyo', 'Derionna']
['Anagha', 'Prakruti', 'Kimball', 'Hallei', 'Kayliann', 'Suri', 'Yajahira', 'Srinath', 'Mykenna', 'Tajuan']
['Kinzie', 'Trenise', 'Cicily', 'Mikea', 'Janine', 'Jerriah', 'Khila', 'Shamaiya', 'Rayne', 'Benito']
['Soniah', 'Cisco', 'Anouk', 'Akasha', 'Tralaya', 'Renyah', 'Helaman', 'Armita', 'Mariaelena', 'Cyris']
