['AGD', 'ABV', 'ACT', 'AFC', 'AHN', 'AHQ', 'AHW', 'AJX', 'AMT', 'ANP', 'AQD', 'AQK', 'ADQ']
['ABE', 'AAK', 'AAN', 'AEP', 'AEY', 'AHJ', 'AIY', 'AJP', 'AKI', 'ALX', 'ANB', 'ASR', 'AAL']
['ACA', 'AAQ', 'AAT', 'ADR', 'AES', 'AFK', 'AHS', 'AIE', 'AJF', 'AMG', 'AMH', 'APR', 'ACI']
['AFN', 'ABI', 'ADH', 'AGC', 'AGH', 'AJG', 'ALQ', 'ALS', 'APC', 'APF', 'AQH', 'ARP', 'AEV']
['AFS', 'ABQ', 'ACX', 'AFF', 'AFO', 'AGJ', 'AIA', 'AKE', 'AMV', 'ANU', 'ARF', 'ASM', 'AFU']
['AME', 'ABY', 'AFG', 'AFJ', 'AFT', 'AGV', 'AGW', 'AHB', 'AKR', 'ALW', 'AOE', 'AOH', 'AGG']
['AMQ', 'AAH', 'ABG', 'ABJ', 'ABN', 'ADP', 'AFL', 'AHO', 'AJT', 'APN', 'AQU', 'ASF', 'AGU']
['AQM', 'ACL', 'ADC', 'AEN', 'AFV', 'AHF', 'AIC', 'AIG', 'AKH', 'ANX', 'AOG', 'ASK', 'AAO']
['ASL', 'AAP', 'APV', 'AFR', 'ALU', 'AMP', 'ANE', 'ANG', 'AOD', 'AOV', 'APQ', 'AQY', 'ASO']
['ABF', 'ABU', 'ACE', 'ACJ', 'ADK', 'ADO', 'AJB', 'AJQ', 'ALD', 'AMK', 'AMR', 'APE', 'AKM']
['ACK', 'ABA', 'ABC', 'ACV', 'AEB', 'AKC', 'AKN', 'AKU', 'AQB', 'AQN', 'AQS', 'AQT', 'ADT']
['ADD', 'ACH', 'ADI', 'AEK', 'AIR', 'AIW', 'ALL', 'AOM', 'AQG', 'ARH', 'ARM', 'ASE', 'AJD']
['ADX', 'ACR', 'ACU', 'ADG', 'AFB', 'AFW', 'AJL', 'AJN', 'ANS', 'AOI', 'APM', 'AQP', 'AMW']
['AEC', 'ACW', 'ADL', 'AFX', 'AIS', 'ALY', 'AMD', 'AMY', 'AOC', 'AOK', 'APL', 'AQC', 'ALN']
['AED', 'ABW', 'AHD', 'AHV', 'AIF', 'AIO', 'AJI', 'ALE', 'ALO', 'AMU', 'AOU', 'ARO', 'AKD']
['AEL', 'AAJ', 'ADB', 'AGE', 'AGN', 'AHA', 'AIQ', 'AKL', 'ALG', 'ANK', 'AQO', 'ASS', 'AER']
['AEM', 'ACC', 'ACQ', 'ADA', 'AGY', 'AMA', 'AMN', 'APB', 'APX', 'ARV', 'ASB', 'ASD', 'AGI']
['AFY', 'ABL', 'ADS', 'AFE', 'AGP', 'AIT', 'AJS', 'AJV', 'AJW', 'ALI', 'AQF', 'AQV', 'ANA']
['AGF', 'AAR', 'AAW', 'ABX', 'ACD', 'ACF', 'AJC', 'AJR', 'AKO', 'ANJ', 'ANO', 'ARQ', 'AEE']
['APD', 'AAS', 'ACN', 'AEH', 'AGA', 'AGT', 'AHP', 'AHY', 'AML', 'AOS', 'AQJ', 'AQX', 'APU']
['APG', 'AAD', 'ABD', 'ACG', 'ACS', 'AEI', 'AEQ', 'AFA', 'AHM', 'AHX', 'AIN', 'APT']
['ATB', 'AAA', 'AAI', 'AAM', 'ACY', 'AHU', 'AII', 'AIL', 'AJJ', 'AOB', 'AOL', 'AQL']
['ADW', 'ABH', 'AEX', 'AGB', 'AJH', 'AJU', 'AKK', 'ANT', 'AON', 'ARU', 'ASH', 'AST']
['AEU', 'AAC', 'AAY', 'ABT', 'ADE', 'AFD', 'AJK', 'ALC', 'ALT', 'ANN', 'ARB', 'ATA']
['AJE', 'ABP', 'ADJ', 'AGS', 'AIP', 'AMF', 'AOQ', 'APA', 'APS', 'APY', 'ASI', 'ATX']
['AKQ', 'AFP', 'AGX', 'AHR', 'AKF', 'ALM', 'ANY', 'AOF', 'AQA', 'ATG', 'ATQ', 'ATS']
['AAB', 'AAV', 'AHL', 'AIM', 'AJM', 'AKX', 'AMS', 'ANW', 'AOA', 'AOR', 'ARK', 'ATH']
['AAE', 'ADU', 'ADY', 'AFI', 'AGK', 'AKY', 'ALB', 'ALH', 'AMC', 'ASQ', 'ASU', 'ASY']
['AAG', 'ABS', 'AEW', 'AFM', 'AHC', 'AHG', 'AHK', 'AHT', 'AKB', 'ANC', 'ANF', 'ASG']
['AAX', 'ABB', 'ACM', 'AFH', 'AJO', 'AKJ', 'AKW', 'AMX', 'AQW', 'ARD', 'ASA', 'ATE']
['ABK', 'ABO', 'ADV', 'AEA', 'AGR', 'ALV', 'AMO', 'ANQ', 'ANR', 'APP', 'AQQ', 'ARA']
['ABM', 'AEO', 'AID', 'AIV', 'AKV', 'AOJ', 'AOT', 'AOW', 'ARJ', 'ARX', 'ASP', 'ATU']
['ACB', 'AHH', 'AIB', 'AIU', 'AKG', 'ALR', 'ANV', 'AOY', 'APH', 'ARE', 'ARL', 'ATW']
['ADM', 'AEG', 'AIJ', 'AIX', 'AKS', 'ALP', 'AMM', 'AOO', 'AOP', 'AOX', 'ATM', 'ATO']
['AGQ', 'ACP', 'ADN', 'AEJ', 'AGL', 'AHE', 'AKP', 'AKT', 'ALJ', 'AQE', 'ARN', 'ADF']
['AAF', 'AAU', 'ACO', 'AFQ', 'AIH', 'AJA', 'AJY', 'AKA', 'ALK', 'APO', 'ARC', 'ABR']
['AET', 'ALF', 'AMB', 'AMI', 'AND', 'ANI', 'ANM', 'API', 'APW', 'ARG', 'ATK', 'AEF']
['AGM', 'AIK', 'ANL', 'APJ', 'AQI', 'ARR', 'ARY', 'ASJ', 'ASW', 'AGO', 'AHI', 'ALA']
['AMJ', 'ANH', 'APK', 'AQR', 'ARI', 'ARS', 'ART', 'ARW', 'ASC', 'ASN', 'ASV', 'ASX']
['ATC', 'ATD', 'ATF', 'ATI', 'ATJ', 'ATL', 'ATN', 'ATP', 'ATR', 'ATT', 'ATV', 'ATY']
