['Gary', 'Roy', 'Richard', 'Ray', 'Kelly']
['Blair', 'Ryan', 'Douglas', 'Tara', 'William']
['Randolph', 'Juan', 'Joseph', 'Kaitlyn']
['Patrick', 'Pauline', 'Evelyn', 'Tim']
['Leticia', 'Nicole', 'Martha', 'Ronald']
['Maureen', 'Michele', 'Thomas', 'Alison']
['Veronica', 'Patricia', 'Myron', 'Charles']
['Donald', 'Mark', 'Karren', 'Ann']
['Adele', 'Pamella', 'Rachel', 'Rolf']
['Sam', 'Mario', 'Dawn', 'Kirk']
['Kristin', 'Debra', 'Mary', 'Troy']
['Susan', 'Roberto', 'Rosie', 'Kylie']
['Gilda', 'Kerri', 'Irving', 'Martin']
['Molly', 'Pat', 'Jesse', 'Paul']
['Virginia', 'Shirley', 'Angela', 'Cathy']
['Herbert', 'Ida', 'Christian', 'Steven']
['Jo', 'Katherine', 'John', 'Miguel']
['Glennie', 'Nola', 'Jose', 'Fernando']
['Kisha', 'Michael', 'Gerald', 'Adam']
['Anthony', 'Mike', 'Anna', 'Marilyn']
['Gladys', 'Alicia', 'Gregory', 'Mae']
['Moses', 'Stanley', 'Catherine', 'Karen']
['Edward', 'Bobby', 'Warren', 'Robyn']
['Kristine', 'Melissa', 'Marie', 'Bessie']
['Ralph', 'Winifred', 'Bonnie', 'Cindy']
['Fredda', 'Norman', 'Booker', 'Lorraine']
['Hedwig', 'Joe', 'Eleanor', 'Dennis']
['Emily', 'Mabel', 'Ernest', 'Christine']
['Jean', 'Shannon', 'Loraine', 'Judith']
['Annette', 'Marlene', 'David', 'Stephanie']
['Edwin', 'Beverly', 'Cheryl', 'Ruby']
['Raymond', 'Pete', 'Lane', 'Albert']
['Frederick', 'Donna', 'Lynne', 'Connie']
['Amos', 'James', 'Morgan', 'Olivia']
['Lawrence', 'Cory', 'Corey', 'Robert']
['Will', 'Ronda', 'Lena', 'Alvin']
['Sarita', 'Ruth', 'Tamika', 'Mack']
['Brandon', 'Margaret', 'Marjorie', 'Laurie']
['Raeann', 'Helen', 'Hugh', 'Eric']
['Ivonne', 'Crystal', 'Glen', 'Carl']
['Christopher', 'Joni', 'George', 'Joann']
['Ricky', 'Barbara', 'Lisha', 'Victor']
['Jeffery', 'Belinda', 'Morris', 'Carmen']
['Paula', 'Jessica', 'Kathleen', 'Vella']
['Scot', 'Harold', 'Mireya', 'Frank']
['Rebecca', 'Jeffrey', 'Robin', 'Jennifer']
['Nina', 'Antonio', 'Glenna', 'Walter']
['Brenda', 'Everett', 'Clyde', 'Derrick']
['Ouida', 'Teresa', 'Brian', 'Sylvia']
['Deborah', 'Berta', 'Latisha', 'Bertha']
['Travis', 'Selina', 'Melanie', 'Tony']
['Don', 'Tracy', 'Heather', 'Marian']
['Andre', 'Marlin', 'Sharon', 'Wayne']
['Carol', 'Ollie', 'Freda', 'April']
['Polly', 'Margarito', 'Gordon', 'Juanita']
['Leona', 'Krysten', 'Annalee', 'Marion']
['Charlotte', 'Samuel', 'Elizabeth', 'Reginald']
['Rosalee', 'Linda', 'Raul', 'Lessie']
['Domingo', 'Deanna', 'Roberta', 'Rosa']
['Kevin', 'Ursula', 'Justin', 'Sylvester']
['Lyle', 'Eura', 'Guy', 'Roosevelt']
['Fredrick', 'Constance', 'Jason', 'Maria']
['Alexander', 'Stacy', 'Judy', 'Wanda']
['Theresa', 'Darlene', 'Jesus', 'Geraldine']
['Wesley', 'Lillian', 'Therese', 'Thelma']
['Fred', 'Philip', 'Reinaldo', 'Amy']
['Joshua', 'Terry', 'Beth', 'Andrew']
['Jorge', 'Lydia', 'Bradley', 'Dale']
['Sheryl', 'Inez', 'Darrell', 'Pamela']
['Doris', 'Curtis', 'Janet', 'Toni']
['Quintin', 'Elsie', 'Audrey', 'Emery']
['Marco', 'Matt', 'Peter', 'Larry']
['Eugene', 'Dorothea', 'Derek', 'Gail']
['Michelle', 'Reuben', 'Jodi', 'Jeff']
['Steve', 'Francisco', 'Stephen', 'Kellie']
['Bethany', 'Nancy', 'Daniel', 'Roger']
['Suzie', 'Diana', 'Nelson', 'Phyllis']
['Ellis', 'Pablo', 'Tommy', 'Joanne']
['Georgette', 'Betty', 'Lloyd', 'Jimmy']
['Eugenia', 'Dana', 'Marcella', 'Alice']
['Chris', 'Kenneth', 'Bruce', 'Carole']
['Theodore', 'Phillip', 'Del', 'Craig']
['Kathryn', 'Tuan', 'Wilma', 'Willie']
['Timothy', 'Leigh', 'Cesar', 'Mildred']
['Angelica', 'Irene', 'Carlos', 'Jacob']
['Erik', 'Peggy', 'Jayme', 'Gwen']
['Garrett', 'Jane', 'Wallace', 'Dawna']
['Lulu', 'Eva', 'Ernestine', 'Lonnie']
['Tanya', 'Priscilla', 'Gloria', 'Ana']
['Imogene', 'Cornelius', 'Rosalyn', 'Andrea']
['Miles', 'Andres', 'Marcelino', 'Danielle']
['Jeremy', 'Cassandra', 'Lucie', 'Winnifred']
['Seth', 'Josephine', 'Esther', 'Elia']
['Alfred', 'Natalie', 'Rick', 'Jacque']
['Gertrude', 'Myriam', 'Wendy', 'Ellen']
['Caridad', 'Clarence', 'Lilian', 'Clayton']
['Willis', 'Dorothy', 'Keri', 'Matthew']
['Jonathan', 'Lana', 'Carmelita', 'Lahoma']
['Rhonda', 'Christina', 'Cecile', 'Ingeborg']
['Sofia', 'Jeanine', 'Gerardo', 'Susanna']
['Kerrie', 'Reggie', 'Alex', 'Lucille']
['Arturo', 'Margert', 'Harvey', 'Sally']
['Janene', 'Lucy', 'Calvin', 'Rafael']
['Laurence', 'Louis', 'Lori', 'Marquerite']
['Viola', 'Mable', 'Monica', 'Kim']
['Grant', 'Wilson', 'Bernard', 'Cecilia']
['Raphael', 'Cassie', 'Sherri', 'Selma']
['Burl', 'Laura', 'Maryann', 'Norma']
['Lewis', 'Ashley', 'Beulah', 'Dean']
['Stacie', 'Kimberly', 'Stephany', 'Ward']
['Danny', 'Emmie', 'Clarissa', 'Leanne']
