['Nicole', 'Carson', 'Yevette', 'Byron', 'Hilario', 'Kurtis', 'Chan', 'Zoraida', 'Tarah', 'Ok', 'Piedad', 'Kristopher']
['Angeline', 'Sharlene', 'Clinton', 'Deana', 'Kristi', 'Tressa', 'Jeremy', 'Elena', 'Ema', 'Hiroko', 'Loura', 'Toya']
['Alexa', 'Marvin', 'Millicent', 'Felix', 'Cortney', 'Rachel', 'Kendall', 'Zena', 'Tiffani', 'Horace', 'Eugene', 'Darwin']
['Gerardo', 'Annabel', 'Beverley', 'Clarissa', 'Jan', 'Xavier', 'Clifton', 'Inga', 'Xuan', 'Tina', 'Carmon', 'Dong']
['Marci', 'Clarence', 'Darnell', 'Princess', 'Mariette', 'Dorene', 'Saul', 'Olevia', 'Pinkie', 'Bonnie', 'Alethia', 'Elvia']
['Whitney', 'Refugio', 'Claudie', 'Marquitta', 'Madison', 'Vernia', 'Rodrigo', 'Glenna', 'Chas', 'Jina', 'Trena', 'Meagan']
['Heide', 'Lucas', 'Ryann', 'Dagmar', 'Hershel', 'Lashay', 'Fanny', 'Camelia', 'Chester', 'Enola', 'Cleotilde', 'Eve']
['Lamonica', 'Helene', 'Sharell', 'Earnest', 'Oneida', 'Ron', 'Cassie', 'Dusti', 'Danita', 'An', 'Kay', 'Sherwood']
['Kyung', 'Lana', 'Joanne', 'Martin', 'Oma', 'Elliott', 'Shavon', 'Danial', 'Angella', 'Clyde', 'Shaun', 'Marcos']
['Rima', 'Garret', 'Louella', 'Jade', 'Lorelei', 'Savanna', 'Lilly', 'Lue', 'Son', 'Laticia', 'Alton', 'Winford']
['Caitlyn', 'Doyle', 'Lasonya', 'Shonda', 'Reita', 'Gisela', 'Destiny', 'Phylis', 'Margart', 'Odell', 'Antoinette', 'Latia']
['Aaron', 'Shelton', 'Dewitt', 'Roxane', 'Kylie', 'Claretha', 'Laraine', 'Amada', 'Randa', 'Retta', 'Arcelia']
['Irma', 'Kimbra', 'Rachael', 'Kitty', 'Chun', 'Ocie', 'Kasey', 'Garland', 'Naida', 'Eustolia', 'Marquis']
['Emmanuel', 'Tamisha', 'Stephani', 'Carolee', 'Marvis', 'Rolando', 'Raul', 'Valorie', 'Joan', 'Elicia', 'Robert']
['Dewayne', 'Alicia', 'Charisse', 'Alvera', 'Raleigh', 'Honey', 'Jefferey', 'Tracie', 'Marcella', 'Hillary', 'Debora']
['Miranda', 'Oscar', 'Treena', 'Marlo', 'Alane', 'Joelle', 'Leila', 'Glenda', 'Irena', 'Adah', 'Delmar']
['Eloisa', 'Alex', 'Lezlie', 'Annamarie', 'Aretha', 'Kim', 'Rosalee', 'Vivien', 'Theo', 'Rosalba', 'Grant']
['Ella', 'Travis', 'Wes', 'Bertha', 'Jami', 'German', 'Michaela', 'Hassan', 'Nieves', 'Leilani', 'Alvin']
['Marilynn', 'Lauren', 'Logan', 'Verona', 'Clara', 'Porter', 'Chang', 'Hayden', 'Riley', 'Gerard', 'Lola']
['Kelly', 'Griselda', 'Kris', 'Jacque', 'Johnny', 'Lizabeth', 'Sharilyn', 'Renetta', 'Altagracia', 'Edmond', 'Imogene']
['Jay', 'Pearlie', 'Sharan', 'Nathalie', 'Nadia', 'Oswaldo', 'Florencio', 'Hortense', 'Lucia', 'Elfrieda', 'Jeffrey']
['Russell', 'Marcie', 'Kareem', 'Florinda', 'Audie', 'Stanley', 'Jesus', 'Marion', 'Lyn', 'Freddie', 'Percy']
['Alexandra', 'Sharla', 'Merrill', 'Hui', 'Naomi', 'Alfred', 'June', 'Vincenzo', 'Flavia', 'Charmaine', 'Orval']
['In', 'Dora', 'Artie', 'Latoya', 'Leontine', 'Osvaldo', 'Elenora', 'Loren', 'Chance', 'Joye', 'Louise']
['Janetta', 'Darrel', 'Clarinda', 'Nickolas', 'Mariah', 'Isabel', 'Loria', 'Jama', 'Clarice', 'Tanisha', 'Neida']
['Cristi', 'Harvey', 'Terry', 'Jennie', 'Frederic', 'Kirstin', 'Murray', 'Selma', 'Tai', 'Renea', 'Vernon']
['Taneka', 'Lyndon', 'Antonette', 'Mariano', 'Tamala', 'Houston', 'Tameika', 'Sheldon', 'Eufemia', 'Spencer', 'Almeta']
['Antonina', 'Trey', 'Lisa', 'Junior', 'Jae', 'Christiane', 'Esperanza', 'Deirdre', 'Tammi', 'Tyisha', 'Brendon']
['Randall', 'Anabel', 'Rita', 'Susan', 'Nohemi', 'Easter', 'Dorthea', 'Vada', 'Leonida', 'Herlinda', 'Leonard']
['Jeanette', 'Stanford', 'Milissa', 'Pa', 'Susannah', 'Juliet', 'Dion', 'Allena', 'Ambrose', 'Elvie', 'Hyun']
