['AKB', 'ALM', 'ANO', 'AOD', 'ALQ', 'AMB', 'AMM', 'ALO', 'AJR', 'AJH', 'AMY', 'AJJ', 'ANZ', 'AKP', 'AMJ', 'AMQ', 'ANT', 'AJT', 'ANH']
['AJQ', 'ANS', 'AKR', 'ANF', 'ANN', 'AJL', 'ANY', 'ALW', 'AMT', 'AOK', 'AKL', 'AOH', 'AJG', 'AMR', 'AMN', 'AKI', 'AMK', 'ALC', 'AME']
['ANU', 'AJU', 'ANL', 'AKD', 'AMI', 'AMO', 'ALP', 'ANK', 'AMV', 'AMP', 'AMU', 'AJC', 'AJV', 'AKY', 'AKT', 'AKU', 'ALR', 'ALV', 'AKQ']
['AGE', 'AHA', 'AIK', 'AHK', 'AGN', 'AFS', 'AIP', 'AIB', 'AHM', 'AGO', 'AHX', 'AHN', 'AFU', 'AGY', 'AIV', 'AIU', 'AIH', 'AIE', 'AGT']
['AKC', 'AKH', 'ALZ', 'ALA', 'AOM', 'ANI', 'AKW', 'AMA', 'ANX', 'ANG', 'AJZ', 'ALI', 'AJK', 'AJO', 'AKJ', 'AKG', 'AMW', 'AJX', 'AOB']
['AGH', 'AGQ', 'AHQ', 'AIC', 'AIG', 'AHY', 'AIY', 'AHC', 'AII', 'AIM', 'AID', 'AHU', 'AIF', 'AIX', 'AHW', 'AGB', 'AHS', 'AFX', 'AIA']
['AOL', 'AJF', 'ANP', 'AKO', 'ALF', 'ALX', 'ANA', 'ANJ', 'AMS', 'AIZ', 'AKZ', 'ANQ', 'ANE', 'AJM', 'AKA', 'AKS', 'AMC', 'ANB', 'ALN']
['ADP', 'AEY', 'AEG', 'AET', 'ADL', 'ADW', 'AFH', 'AEU', 'ADN', 'AEC', 'AFD', 'AFB', 'AEF', 'AED', 'ADU', 'AFE', 'ADR', 'ADX', 'AFJ']
['APD', 'AOQ', 'APJ', 'AQN', 'AQD', 'APK', 'AOW', 'AQJ', 'AQA', 'APN', 'AOX', 'AQE', 'AQH', 'APC', 'APG', 'AQL', 'AOT', 'APW', 'AQI']
['AGF', 'AHH', 'AIJ', 'AGJ', 'AGM', 'AGG', 'AHP', 'AFZ', 'AHZ', 'AHT', 'AGP', 'AFP', 'AFY', 'AGZ', 'AFQ', 'AGI', 'AHI', 'AHO', 'AHB']
['AJI', 'ALJ', 'AOG', 'AJP', 'ALL', 'ANM', 'AJD', 'AOE', 'ALD', 'AKF', 'AJA', 'AMZ', 'AJE', 'AOJ', 'AJB', 'AMD', 'ANV', 'ALU', 'ALS']
['AFC', 'AEB', 'AFN', 'AFM', 'ADQ', 'AFI', 'AEQ', 'AEM', 'AFA', 'ADY', 'AEH', 'ADV', 'AEL', 'AFF', 'AEI', 'AFG', 'AEN', 'AER', 'AEX']
['APE', 'APF', 'APT', 'AQK', 'API', 'AQM', 'APQ', 'APX', 'AQC', 'AQG', 'APB', 'APA', 'APY', 'APH', 'AOY', 'AOP', 'AON', 'APP', 'APL']
['ACP', 'ACD', 'ACM', 'ACV', 'ADK', 'ACI', 'ACG', 'ADJ', 'ACT', 'ACZ', 'ADE', 'ADF', 'ADG', 'ACS', 'ACJ', 'ACN', 'ADI', 'ADB', 'ACU']
['AGK', 'AIT', 'AHG', 'AHE', 'AHF', 'AGD', 'AGL', 'AGC', 'AIL', 'AHV', 'AGA', 'AHL', 'AFV', 'AIQ', 'AFT', 'AGU', 'AGW', 'AGS', 'AFW']
['AOF', 'ANR', 'AOI', 'AJN', 'AKX', 'ANW', 'AKN', 'AML', 'ALB', 'AKK', 'AOA', 'AKV', 'AJY', 'AOC', 'ALH', 'ANC', 'AKE', 'ALT', 'ALG']
['ABZ', 'ABX', 'ABM', 'ACC', 'ABT', 'ABS', 'ABO', 'ABP', 'ABL', 'ABI', 'ABR', 'ABV', 'ABJ', 'ACB', 'ABW', 'AAW', 'ABA', 'AAX', 'AAY']
['AFL', 'AEP', 'ADO', 'AES', 'AEJ', 'ADT', 'AFK', 'AEZ', 'AEA', 'AEK', 'AEE', 'ADZ', 'ADS', 'AEW', 'ADM', 'AEO', 'AEV', 'AAG']
['APS', 'APO', 'AQO', 'AQF', 'AOZ', 'APV', 'APR', 'AOV', 'AQB', 'APM', 'AOO', 'AOR', 'AOU', 'AOS', 'APZ', 'APU', 'AAD', 'AAE']
['ACK', 'ACR', 'ADD', 'ADH', 'ACQ', 'ACE', 'ACW', 'ACL', 'ACO', 'ADC', 'ACF', 'ADA', 'ACX', 'ACH', 'ACY', 'AAS', 'AAR', 'AAN']
['AHD', 'AGR', 'AFO', 'AHJ', 'AIO', 'AHR', 'AFR', 'AIW', 'AGX', 'AIR', 'AIS', 'AIN', 'AGV', 'AAK', 'AAJ', 'AAM', 'ABH', 'AAV']
['ALK', 'AMH', 'AMX', 'AJW', 'AMF', 'ALY', 'ALE', 'AJS', 'AND', 'AKM', 'AAT', 'AAO', 'AAU', 'AAQ', 'AAP', 'AAC', 'AAH', 'AAF']
['ABB', 'AAZ', 'ABC', 'ABE', 'ABF', 'ABG', 'AAB', 'ABQ', 'ABK', 'ABN', 'ABU', 'ABY', 'ACA', 'AAI', 'AAL', 'AAA', 'AMG', 'ABD']
