['KCPYN', 'JFKWJ', 'ZMCMD', 'CYVWU', 'QQCGU', 'QSAIM', 'FXFHY', 'RMHZI', 'AUIRW', 'LCGFN', 'RCWOS', 'LYSRO', 'NCWPX', 'QSIZR', 'IHIWD', 'WHBFR', 'XQUPB', 'VFWVV']
['FRVNO', 'BOOKC', 'VUPAV', 'NKLCQ', 'NZQNY', 'BMNGE', 'RISKG', 'JGBOH', 'TIZZI', 'WFPUN', 'FPFHY', 'GUGKR', 'LQGAI', 'DFZLH', 'FKMPO', 'TKEWX', 'UQJJY', 'VXNNV']
['LYFLA', 'SCMKV', 'LMDUZ', 'DOYMU', 'JEHBC', 'NNLIE', 'HAPCQ', 'KXFFP', 'ABQJV', 'NRRFB', 'CSGGY', 'DBPXU', 'DWGDE', 'YHWVK', 'JWNLZ', 'SEJRA', 'YSBTR', 'SSZXS']
['XMZUX', 'ZRFKN', 'QMJUD', 'CWZDH', 'TWVAR', 'STZIM', 'AIWJE', 'UHIOD', 'XHKTV', 'LFYYV', 'HOCJP', 'YPRRC', 'IUTYE', 'PUJOM', 'OHEWR', 'EIALG', 'DJQYY', 'EFRTR']
['LESUW', 'AZDHE', 'CZQAC', 'YPSZJ', 'XQYCU', 'TPIXY', 'JECON', 'TLAOJ', 'SPROB', 'KEUTQ', 'TQUPW', 'UTYHJ', 'ZMWJB', 'VGTYI', 'HZGVK', 'FBZDZ', 'LVMLT', 'QVEIA']
['MTXFY', 'GXAOE', 'UXUZX', 'VUTIQ', 'RWIWJ', 'EIREK', 'NGBWQ', 'NEQMO', 'CXMEP', 'TJLUN', 'PKECO', 'NZAXS', 'BEFRL', 'SUEUT', 'GUJWW', 'RSFHX', 'GUJWH', 'ZOHDS']
['GKYTD', 'ZYEMW', 'PHXOS', 'FCFIW', 'VZNGS', 'CSILO', 'YKOFS', 'JLTJR', 'PQEKQ', 'HGAWC', 'WTMZW', 'CZNRV', 'KFWQL', 'VQTXV', 'ZRLGV', 'YVULZ', 'FHCPP', 'SYRST']
['TDICM', 'DTPHQ', 'IQLHD', 'WNDOP', 'AHXXM', 'SOVUQ', 'HUNXU', 'OXZCV', 'ZKMSA', 'USRDK', 'AALPZ', 'XIGOI', 'TJFHX', 'MCXWP', 'ROVKN', 'MUUIL', 'OZSQX', 'XMJJP']
['DYIYS', 'MSZXR', 'TYYLF', 'WNGHY', 'QBGLN', 'TEYRZ', 'UDFVU', 'GDZSX', 'DPJHM', 'PUFAY', 'WLODL', 'PPBBM', 'ABAQL', 'CYRFR', 'PEIBF', 'HAYKV', 'SSWHW', 'QJRDV']
['LRCXZ', 'KGDBH', 'XTFTT', 'PADSR', 'VGWZF', 'GPHCZ', 'VUZHE', 'XGXRC', 'XYVAU', 'QXETJ', 'QZGLO', 'NKEPZ', 'GPAYG', 'FSYHN', 'BBDFQ', 'FYAYI', 'EYYNC', 'QBYJR']
['NLQWV', 'SIWEE', 'LBYAL', 'RSYQC', 'VZFUK', 'YTVYR', 'POXWS', 'NZQKM', 'RZJZX', 'NSSHB', 'IXEZM', 'DRVVY', 'KRMMY', 'UPNVV', 'BWKXY', 'YMAKV', 'NMUXG', 'VLACB']
['GKLKQ', 'DWCIC', 'SLYUO', 'GAUGX', 'CALHI', 'XLWDU', 'FIUZZ', 'DZGQX', 'UOYAH', 'RLKNU', 'HXGTU', 'RRFYM', 'XOUQG', 'IPMBX', 'BKFQR', 'BXGFY', 'NLPHM', 'ZPWCF']
['KIEKF', 'XGCQB', 'FRHWO', 'PBEOM', 'YVMFJ', 'NHBOU', 'BHFJC', 'PRFNT', 'QUGAX', 'SHEUT', 'MMHOG', 'SUNJN', 'PAVOS', 'WTAGZ', 'JDDRN', 'HIBFR', 'BREAU', 'FYSSP']
['QLDQR', 'QYCKH', 'QFZCO', 'CHCYT', 'REVQE', 'VNIQM', 'XZTVE', 'FKSNY', 'QFSQF', 'KQZVU', 'NLQQX', 'ZUYFN', 'BXGAG', 'ELBRQ', 'VSARS', 'BFHEV', 'GRIBM', 'VYUHL']
['RRDGL', 'CYMCE', 'SAOVB', 'RUSXV', 'DAPHY', 'RMNKI', 'JGGQM', 'YQBLY', 'ELRTK', 'OJTYX', 'FWTXB', 'GPKTZ', 'MQWLN', 'WEYKU', 'DBXJE', 'NHZCJ', 'QJUJE', 'XQQNM']
['KEDYT', 'WEDAM', 'YIQHC', 'ILRGH', 'CCHLM', 'JTKTH', 'IAASE', 'ENHUS', 'ZOVBE', 'GRUYQ', 'FWKYL', 'KEPXD', 'PREHL', 'DFNDO', 'BHECC', 'EBQJA', 'NPJSC', 'OBCSZ']
['XPMAC', 'KCWNV', 'OEEYW', 'UYUIP', 'AEHLI', 'ZLMYN', 'UTQPU', 'HDFES', 'QACAX', 'TPIHD', 'ZSYGC', 'FFZNI', 'TLKIE', 'AXICB', 'ZCMCP', 'EXERI', 'SDCRN']
['IYGUJ', 'OENOT', 'XBVDI', 'JPWDA', 'ALNHK', 'VSEBO', 'LPRGT', 'UMQSO', 'BVKPC', 'PKUWP', 'FIBZD', 'KTXRI', 'IDOHH', 'BCKDA', 'SEVGN', 'IBFSE', 'VKBEF']
['ADKIG', 'DOXUP', 'XADCG', 'SACPU', 'EPEAQ', 'BCTKV', 'GKPPL', 'OMNEY', 'DUQLN', 'YTTKI', 'KDZDK', 'WNBOI', 'ZXEUD', 'EWIJA', 'YTXXV', 'QNXTS', 'URMYA']
['GAQXI', 'AQEWE', 'HAKPT', 'RKMOC', 'MQEVZ', 'BBIGY', 'SPSXT', 'TARGC', 'SWZLI', 'MCVPN', 'PSMNV', 'AAEBS', 'WMAOH', 'FMMZU', 'RAAAY', 'LJQBN', 'IYMNE']
['XOUQM', 'CWKNX', 'LHFOM', 'PPAYR', 'POYSB', 'VBXTL', 'VKHOX', 'METWY', 'IEEVC', 'JRNKY', 'VCMUY', 'EAHZI', 'JMPSL', 'KDMQW', 'FLAIE', 'SURGB', 'FIIIX']
['PQYKQ', 'RFDDK', 'WAZOJ', 'XVOGO', 'ASGXO', 'SLHLJ', 'ZNTDR', 'PBAWW', 'VVMSW', 'PUWYW', 'VMRKJ', 'JAGAT', 'NCCJD', 'JMNIF', 'AEXQY', 'VISUM', 'FQYNK']
['TMCLZ', 'DREMQ', 'BSOUP', 'PDSZU', 'FESAS', 'DNOMK', 'YRTTG', 'LCYZY', 'UNSUE', 'IOHXF', 'IPLJJ', 'CRKWH', 'EXSFL', 'JCAYK', 'KSGPB', 'WWCYP', 'SMDTK']
['MIMWO', 'OYLVF', 'DQJYE', 'JFOPY', 'QMBKL', 'RNMID', 'WGNBW', 'UDEWT', 'RDCHE', 'TJTMV', 'RQZDB', 'GKOUL', 'SEUJM', 'JGIMA', 'LQJNK', 'OPZLD', 'HVAAR']
['VLXZD', 'RWOPE', 'MRNHH', 'OYGNB', 'JXKSJ', 'GNDQJ', 'GZWND', 'GJCQK', 'OVNTP', 'UZTYA', 'GFWZF', 'LEYDX', 'KBDMG', 'VWLQP', 'FSIEJ', 'JLETC', 'UMQRP']
['DDGZR', 'FIPGX', 'KZBFF', 'QHQUF', 'GBEQY', 'CRSZF', 'GWEZA', 'MBBZL', 'FMFZO', 'IVYZR', 'XYABI', 'ERXLL', 'UEFBC', 'VQUBW', 'NCXIY', 'PPGSA', 'EFPNV']
['GJYBX', 'JJDHO', 'EGYBS', 'LGPGN', 'JCWPV', 'MLWLT', 'WZJYQ', 'ZZKGQ', 'AXIHL', 'BNPMH', 'PCOTH', 'NTGQJ', 'NMWYK', 'VFXSF', 'ENWEC', 'VNNEP', 'JPLIB']
['HKSDK', 'RVMXY', 'REFDA', 'STJMV', 'EHCWU', 'PDNXQ', 'YYNPW', 'ZNEQL', 'UHFXM', 'JCTBB', 'CTLHM', 'HKBNA', 'VHWPC', 'CASYZ', 'PARXO', 'XDBSH', 'LMZAF']
