['aaa', 'aab', 'aai', 'aat', 'aaw', 'aax', 'abo', 'abq', 'abt', 'abw']
['aac', 'aad', 'aah', 'aan', 'aay', 'abf', 'abg', 'acd', 'ach', 'ack']
['aae', 'aag', 'aaj', 'aal', 'aao', 'aba', 'abk', 'abl', 'acb', 'ace']
['aaf', 'aak', 'aau', 'aaz', 'abc', 'abh', 'abn', 'abv', 'acf', 'aco']
['aam', 'aap', 'abb', 'abp', 'aca', 'acp', 'acz', 'ade', 'adk', 'adl']
['aaq', 'aav', 'abm', 'abz', 'ada', 'adm', 'adr', 'ads', 'adt', 'adu']
['aar', 'abi', 'aby', 'acl', 'acm', 'act', 'adf', 'aed', 'aeh', 'aek']
['aas', 'abj', 'adn', 'adq', 'adv', 'aea', 'aem', 'aep', 'afa', 'afb']
['abd', 'abe', 'abs', 'acs', 'acx', 'adc', 'adx', 'adz', 'aei', 'aes']
['abr', 'aci', 'acu', 'acy', 'adw', 'aeg', 'afd', 'afh', 'afm', 'aft']
['abu', 'acn', 'acr', 'adg', 'aee', 'afg', 'afp', 'afv', 'afw', 'afx']
['abx', 'acc', 'acw', 'aet', 'aex', 'afn', 'afr', 'afy', 'afz', 'agg']
['acg', 'acj', 'aeq', 'aew', 'agh', 'agi', 'agj', 'agl', 'agq', 'agr']
['acq', 'acv', 'adj', 'aev', 'agc', 'agn', 'agt', 'agw', 'agz', 'ahi']
['adb', 'add', 'aeb', 'afi', 'agv', 'aha', 'ahc', 'ahd', 'ahk', 'ahn']
['adh', 'adi', 'ado', 'ady', 'aey', 'aga', 'agb', 'ags', 'ahb', 'aht']
['adp', 'aej', 'afe', 'age', 'agy', 'ahg', 'ahl', 'ahy', 'ahz', 'aie']
['aec', 'aen', 'afq', 'afs', 'agd', 'aib', 'aii', 'aiu', 'aje', 'ajm']
['aef', 'aeu', 'afl', 'ahs', 'ahv', 'aic', 'aif', 'aih', 'aip', 'ajc']
['ael', 'afj', 'ahe', 'aij', 'ait', 'aiv', 'aiy', 'aiz', 'ajs', 'ajt']
['aeo', 'afc', 'agu', 'ahj', 'aig', 'ail', 'aju', 'ajv', 'ajx', 'ajz']
['aer', 'ago', 'ahm', 'aim', 'ajq', 'akb', 'akc', 'akd', 'akl', 'akm']
['aez', 'agk', 'ahp', 'ahr', 'aia', 'ajf', 'ajg', 'akh', 'akk', 'akq']
['aff', 'afu', 'ahx', 'ais', 'ajr', 'akf', 'akw', 'alb', 'ald', 'ale']
['afk', 'afo', 'ahw', 'air', 'ajh', 'ajj', 'aks', 'akv', 'aky', 'ala']
['agf', 'agm', 'ahu', 'ajw', 'akz', 'alf', 'alh', 'ali', 'aln', 'alr']
['agp', 'ahq', 'aiq', 'ajb', 'aji', 'aki', 'akp', 'alg', 'alj', 'alt']
['agx', 'ahh', 'aiw', 'akr', 'alo', 'aly', 'alz', 'amc', 'amy', 'ani']
['ahf', 'aid', 'ain', 'ama', 'amf', 'amn', 'anr', 'anz', 'aof', 'aok']
['aho', 'aik', 'akn', 'all', 'alu', 'alv', 'ame', 'anc', 'anq', 'aoa']
['aio', 'ajd', 'aka', 'ake', 'amq', 'anm', 'aol', 'aom', 'aop', 'aos']
['aix', 'ajn', 'alx', 'ami', 'amj', 'amz', 'aog', 'aon', 'aoo', 'aox']
['aja', 'ajk', 'ajp', 'amv', 'anl', 'ant', 'anx', 'aoz', 'apa', 'apc']
['ajl', 'akg', 'akj', 'amb', 'amh', 'anb', 'ans', 'anv', 'aod', 'aov']
['ajo', 'aml', 'amu', 'anu', 'aoc', 'aoq', 'aou', 'api', 'apm', 'apt']
['ajy', 'ako', 'amm', 'ams', 'amx', 'apk', 'apu', 'aqb', 'aqc', 'aqn']
['akt', 'alp', 'als', 'anf', 'aoe', 'apg', 'apj', 'aqg', 'aqo', 'arc']
['aku', 'alw', 'amg', 'amt', 'and', 'anj', 'aqp', 'aqv', 'aqx', 'aqy']
['akx', 'alq', 'ane', 'anp', 'aot', 'aps', 'arj', 'arl', 'arr', 'asa']
['alc', 'amk', 'amr', 'aob', 'ara', 'are', 'arf', 'arg', 'ari', 'ash']
['alk', 'alm', 'amw', 'aoh', 'ape', 'apq', 'aqh', 'aqm', 'ars', 'asc']
['amd', 'amp', 'ana', 'apf', 'arq', 'asd', 'asf', 'ask', 'asm', 'ass']
['amo', 'ang', 'anh', 'apr', 'aqq', 'aro', 'asl', 'asu', 'asy', 'apz']
['ank', 'ano', 'anw', 'aqi', 'art', 'asi', 'asw', 'app', 'asq', 'ast']
['ann', 'aow', 'apv', 'aqs', 'asg', 'ata', 'apy', 'aqz', 'arh', 'asp']
['any', 'aoi', 'aor', 'apd', 'apn', 'aqe', 'aqk', 'arz', 'asj', 'asv']
['aoj', 'apb', 'aqd', 'ase', 'aqa', 'atd', 'apo', 'ark', 'arv', 'asr']
['aoy', 'aph', 'aqf', 'aqt', 'aqu', 'atf', 'aql', 'aqr', 'asb', 'arm']
['apl', 'apw', 'ary', 'aqj', 'aso', 'arb', 'arp', 'arw', 'arx', 'atc']
['apx', 'aru', 'ard', 'arn', 'asn', 'atb', 'ate', 'asz', 'aqw', 'asx']
