['ISX', 'bAf', 'fQ3', 'Zc5', 'QEF', 'MQT', '17Q', 'zfK', 'cmd', 'nc0', 'UPL']
['EoI', 'CwC', 'oSh', 'Hyj', 'mUL', 'Z7b', 'JYa', 'f9z', 'ux2', 'KGR', 'Twl']
['ptf', 'xRH', '8VG', 'gkI', '0gI', 'QDa', 'wgA', 'dvU', 'BPL', 'FEQ', 'X5a']
['W4L', 'PPi', 'qPq', 'etm', 'XHa', 'dSZ', 'VPb', 'tEu', 'rXN', 'USE', 'oUs']
['IJ1', 'Ihb', '5Li', 'GpL', 'sfk', 'wqW', 'ZFU', 'Kn8', 'tK7', 'TUB', 'Fws']
['blA', 'aTI', 'U0Z', 'GUX', 'kYz', 'b99', '1xS', '4p5', 'h3r', 'LiP', '70K']
['txp', 'xpw', 'pf5', 'DoC', 'vyM', 'Qa3', 'Hxo', 'kte', 'YEe', 'Afe', 'IU6']
['u1N', 'hHB', '1aX', 'a4K', 'AK4', 'xLA', 'KZy', 'u9Q', 'tKI', 'sKX', 'JyM']
['1gc', 'P8b', 'NGB', '1QY', 'qLD', 'Qyh', 'zEh', 'PoH', '27J', 'iba', 'Pas']
['3QX', 'VoJ', 'nqI', 'x86', 'nf5', '28R', '2mv', 'mLF', 'LTB', 'lKO', 'N08']
['klv', 'PiG', 'uH4', 'NqO', 'xqY', '4nb', 'U4K', 'btz', 'gWT', 'psG', 'jGk']
['slQ', 'Jla', 'dNX', 'YMC', 'dLc', 'jWX', 'ZxX', 'JWV', 'uZt', 'tfQ', 'euj']
['U0P', 'YUZ', 'vJC', 'Ot9', 'Qtt', 'E2A', 'iGU', 'nQj', 'mGb', 'yLV', 'tFU']
['NXP', 'gEp', 'uVg', 'X9s', 'hQH', '3kn', '8j5', 'fFJ', '8nm', 'uGP', 'uQL']
['aZv', 'PqY', 'H9O', 'h6l', 'F9o', '5qS', 'jEj', 'gVV', 'mFO', 'G2k', '6Hl']
['c3v', 'iiE', 'upV', '69w', 'VCH', 'D5B', 'Fmb', 'KS2', 'eGG', 'FbA', 'O2z']
['qDy', 'rgC', 'HvR', '8uu', 'hct', 'W8n', 'Eou', 'zfD', 'i9C', '5U2', '0oy']
['s3z', 'Jgp', 'cFa', 'W2Z', 'AKr', 'Epk', 'Swe', 'Hi0', 'b9f', 'x8V', 'J8r']
['oak', 'WXJ', 'zTH', 'SiL', 'rYU', 'WLo', 'KRy', 'Bfu', 'SV9', 'YFC', '1uW']
['Ns3', 'mIe', 'Xim', 'n99', 'SMj', 'Ql9', 'Gu6', 'I2i', 'iFt', 'g08', 'ZVF']
['lsG', 'kZ0', 'Itn', '0ID', 'FkC', '00m', 'ewc', 'JLF', 'vca', 'rmu', 'ZNv']
['Hbr', 'Mvm', 'mcI', 'mLL', 'nkl', 'JcP', 'jFu', '2vJ', 'ZQL', 'rz4', 'nQv']
['Ke0', 'emD', 'zgJ', 'NyP', 'hYw', 'cDc', 'WB2', 'FzE', '5n5', 'uii', 'tm4']
['6pB', 'PJa', 'iTo', 'MNb', 'xz4', 'CU9', '9F9', '0Qs', '2UA', 'wwD', 'd60']
['ttO', 'XMr', 'kiK', 'D40', 'aLB', 'AHs', 'gfv', 'I2S', 'VAV', 'oZQ', 'UDc']
['EJa', '4Nd', 'QhQ', '6ro', 'hdp', '5i6', 'fFE', 'SFn', 'e6S', '4LY', 'Tn8']
['4fp', 'X5J', 'hiF', 'GRw', 'rMd', 'gEU', '5zB', '6Ip', 'j3s', 'AcJ', 'nRH']
['gTC', 's1n', 'ULj', 'tpP', 'AJT', 'NiX', 's6M', 'iW8', 'qkE', 'B99', 'CYA']
['19T', 'XlR', 'YBr', 'iS6', 'PQT', 'JfN', '9NA', 'OCL', 'cEk', 'pTi']
['EJD', 'yAp', 'IZQ', 'UmG', 'bDO', 'SmS', '5jv', 'm5j', 'JVP', 'wGp']
['a55', 'WLk', 'xxJ', 'xx7', 'rGT', 'PlJ', 'bA6', 'L1u', 'MrD', '6sH']
['bLd', 'Qti', '0RD', 'rC8', 'stN', 'i4H', 'b7z', 'VVW', 'VZ7', 'BDE']
['Wmv', '1RB', '4KN', '9ug', 'Y2z', 'ziA', 'v6U', 'dlb', 'mRG', 'ZY3']
['8uz', 'H68', 'qmj', 'czy', 'oSw', 'BV4', 'gE4', 'HWv', '6na', 'oPH']
['4gy', 'fKV', '96X', 'z1H', 'e8d', 'e8H', '81k', 'YNK', 'kT2', 'HkK']
