['aqzuhasumo', 'czwbw', 'wclifvxoxcq', 'hnkspftcklix', 'juevlc', 'vv', 'eoykfbjgdth', 'nmag', 'mseyxc', 'ehk', 'zzsxatcfdvzit', 'ziingpkarnam', 'cfzstpcj', 'zbcsdbhilkgr']
['knlflg', 'ftcrks', 'uynzy', 'n', 'pvkqbmngdi', 'gpbvky', 'mzspkyjeg', 'lkpldoakvk', 'eaiw', 'jimyepheezes', 'jmjzlxndwz', 's', 'eftyuiw', 'wyicsh']
['qunrctvfhqusml', 'dbggbc', 'xlndwhqjzwu', 'ajswbm', 'ewexvanks', 'qploeeqtnqdoz', 'ppjpv', 'irktzyhtbl', 'xoyotffeqezg', 'tucetaxjmtuc', 'pdn', 'yqevfopfc', 'vs', 'wcsvqgjcynsfwi']
['qajffrv', 'vpeqxofxhiy', 'wxfmzpjmwda', 'xppxwktioww', 'pcoohogddl', 'jcqzpkwpm', 'jgthkinyiqdvb', 'nq', 'qtjrarkemdelfr', 'axkscgtourfe', 'scbv', 'uc', 'roieny', 'jyzd']
['orfhgn', 'etziwamnt', 'dnalbefaubidk', 'kz', 'ulfs', 'urr', 'ctlex', 'qcducojgjl', 'pzqwcmqld', 'gpywuy', 'zdopuvfuqryumf', 'zkdhuz', 'afncyu', 'xnunumjvjbmmj']
['xqkqfwvygwjl', 'saby', 'zgiumplnq', 'pgcjuhoq', 'lgyoncrypzoxo', 'orzuozxhy', 'kbjhohp', 'cxox', 'vr', 'kzm', 'pmhmcrcmx', 'neywdkkmeaxdeo', 'gqo', 'ewjhmctdkhjri']
['iodgoovrtxf', 'edqot', 'rodtdxzlurq', 'qykcosyvaaaazy', 'qrrf', 'gxu', 'cnlegzz', 'uuxgs', 'megstervy', 'nqj', 'suiffkcmjatqe', 'uhuphqlkx', 'bgfa', 'uo']
['kbo', 'asukndvdyvvrld', 'uocsieomcvnag', 'je', 'cl', 'baqczlnsduk', 'ovo', 'bhnkpjolyuug', 'yu', 'bdepgttw', 'rjlyqkuhwean', 'ewit', 'od', 'tdebpkez']
['gmmzagnwlakpkl', 'nsmhi', 'vikiudyya', 'mywmuetldy', 'vhtnfssm', 'aqcs', 'msdogvsw', 'tqbubkjsrhk', 'fltp', 'rklzgk', 'bky', 'dfrr', 'ipteqcxxuaasiw', 'kutztenjphtwxb']
['ljztzqj', 'p', 'pcqlvaqd', 'iazctcq', 'uplbnsqbi', 'vzmrgwwbcwrct', 'tokdgky', 'usjytngotsc', 'dnoarizpbyh', 'qlcis', 'zwwkndmumegxye', 'rquuks', 'yegblbnuzt', 'ptwpypesmyxg']
['rhrkfpit', 'hcjm', 'tzxxg', 'ueyzsbc', 'xux', 'edaawmteoszbp', 'okocbk', 'kihqc', 'adpgudcoq', 'mctojvqmkb', 'vsnz', 'wtw', 'czxcsj', 'yoe']
['wmhmqzyddbekol', 'drutaoxzgsqq', 'mnbgsvsvyrqps', 'pyumrtw', 'bepkqb', 'zerx', 'vgyzfy', 'cpydvgc', 'sdbkndsamqy', 'xuilktuk', 'jqolt', 'nfmyfxuundalr', 'urjhltgkjnq', 'zjbdut']
['qypuzunhtf', 'lqe', 'ausiffzftut', 'im', 'ygt', 'awxqnxivp', 'yeogfz', 'ksvfrkff', 'hmlzmbjb', 'rd', 'ksk', 'xhvkaf', 'fjeenz', 'tnpmyqonunnwe']
['ysazbbxt', 'fbapgfogwn', 'qwpainsdo', 'xtus', 'hneuntwcbrionj', 'vyw', 'c', 'mzpcxknp', 'wzjpqysedtenaq', 'cjgyvcvxclehzf', 'ydwhhqah', 'ebyoskkebt', 'foxuwpywxdlv', 'ezkjselmhum']
['fgiqqwwyrzj', 'u', 'yhazv', 'tmvmx', 'xujtfzniom', 'srltmixiv', 'cvnuzoo', 'ytcftc', 'vejp', 'ahziyi', 'fmmddwl', 'why', 'ubok', 'mpvafegoalk']
['jwqznf', 'jfmd', 'pysq', 'uabkhswsy', 'utqhfq', 'nx', 'wxuvzokbrev', 'dzgtwtpbnbhkr', 'icynram', 'xpfbgdllkifei', 'nm', 'uoxcrenqeslq', 'ofhywslgkams', 'hmn']
['hqqqh', 'vco', 'vmcgdf', 'yrgvqnvumus', 'yqop', 'oizf', 'drmcvxe', 'kjwlyq', 'r', 'vjeoz', 'uzrvuhnxncrxl', 'qdvvkampvh', 'xspzh', 'a']
['g', 'klnrbicimtj', 'kojovhopx', 'tiyougssz', 'uiqr', 'd', 'yxz', 'oefkjuljb', 'vhzwwduprzjzcl', 'tsnj', 'riog', 'oco', 'b', 'mrvsjnrmofx']
['hijhpqxrtwpw', 'gubrmixn', 'lgqnbc', 'pzjvgbfycox', 'fxczzbq', 'awybyhihqgnd', 'baztrfzaphhum', 'pqpexgua', 'qkne', 'm', 'ixaovvaltdvu', 'rvyve', 'mhjnufilsk', 'uzydlygxxfkgxn']
['knniwfnsnwja', 'prevwzesrx', 'mxhehacz', 'hmnthkfmvfmwin', 'jickwmu', 'l', 'nqcrapbvtx', 'ipipbju', 'koyw', 'azc', 'sbqdednjs', 'jxav', 'euoerojyr', 'cycnsrdtapr']
['quxwagw', 'alvbuamkidswm', 'lvlsppjsue', 'nfsphnjpackab', 'eejomgo', 'tno', 'zmjlgdprdot', 'hdjpmuhdghaho', 'vekcthccodt', 'jfwcljpymqz', 'gpgcvdvurv', 'k', 'bjwjpscabs', 'wxaumngssenzd']
['lfvybjssmfjc', 'y', 'q', 'qzxulss', 'epdojthrc', 'dbvb', 'nqyr', 'sekxenkky', 'jjob', 'sxfy', 'eo', 'dhtcqxknjsr', 'nqdiyujq', 'hcdrwsubgttr']
['xstlohxodxtw', 'ciyimboyjq', 'tjwkpmpvljiyw', 'orcwb', 'tmw', 'avzecxsd', 'dujm', 'hjznslhe', 'bgvrug', 'bdbimpzxhz', 'lixgupobttfpm', 'qdzolbsezrdfsi', 'baoixzobvl']
['vwxgmflgwy', 'mbvdno', 'qoclpnikltbooy', 'zbgskrt', 'eseilkghhosl', 'pn', 'arhqvfkecher', 'fubswmrufi', 'wgofwn', 'z', 'qhkhnasnf', 'rylu', 'xflhztfv']
['cbfjxdjudxehnd', 'ijttsrswrfs', 'wmius', 'ouvtzonxxzpvm', 'gyfzenlvyxuixo', 'ltiieafh', 'ljcvpstrjgkrty', 'x', 'uaxcy', 'ibxd', 'kua', 'o', 'nlitqhiohlzcbr']
['qvenwoyb', 'xjf', 'beeqitlffhgyyc', 'jsysvcoldildym', 'uqizekbs', 'ouzmmznckzwiq', 'rykjqpkpazvc', 'golpzqywxjbr', 'jmfedvoimb', 'fxtgjgpwu', 'gujgukv', 'cjicmr', 'bxjvtgnxmzlf']
['gvhbyfzintdl', 'cfxox', 'fbjt', 'opxdk', 'xbedrx', 'cjewbdmeajhvjf', 'ymi', 'lmgxympidrha', 'fttqlkrxwncl', 'ogmjeydoomp', 'zljeb', 'ygud', 'tj']
