['Harry', 'Delia', 'Doris', 'Johnny']
['Tammy', 'Dawn', 'Brittany', 'Latonya']
['Wanda', 'Scotty', 'Isaac', 'Tommy']
['Rory', 'Norma', 'Larry', 'Irene']
['Houston', 'Carroll', 'Loretta', 'Krista']
['Tracy', 'Shaun', 'Kelli', 'Cheryl']
['Esther', 'Mitchell', 'Andre', 'Charles']
['Arturo', 'Dorothy', 'Hilton', 'Regina']
['Erica', 'Dwayne', 'Bernard', 'Dennis']
['Jason', 'Mona', 'Bonita', 'Kenneth']
['Kim', 'Chelsea', 'Tanya', 'Marta']
['Joe', 'Pamela', 'Jayne', 'Ernest']
['Alonzo', 'Ladonna', 'Henry', 'Lorenzo']
['Pat', 'Walter', 'Austin', 'Ada']
['Anthony', 'Melanie', 'Joan', 'Billie']
['Kathryne', 'Rocio', 'Clifford', 'Christiana']
['Minnie', 'Damian', 'Maureen', 'Wilbur']
['Salvatore', 'Josephine', 'Patsy', 'Fredrick']
['Daniel', 'Zachary', 'Alan', 'Matilda']
['Cheri', 'Mary', 'Dolores', 'Kyle']
['Tonya', 'Cindy', 'Marion', 'Claire']
['Horace', 'Lakesha', 'Katrina', 'Lowell']
['Lottie', 'Desiree', 'Mildred', 'Kristina']
['Michelle', 'Ethel', 'Benjamin', 'Jeremy']
['Jami', 'Carlton', 'Blanche', 'Katie']
['Amanda', 'Kathryn', 'Mario', 'Stanley']
['Tabatha', 'Raquel', 'Dena', 'Alex']
['Alvin', 'Bernadette', 'Roberta', 'Victor']
['Shane', 'Nathaniel', 'Mamie', 'Albert']
['Hugo', 'Emerson', 'Anita', 'Louise']
['Gilbert', 'Ruthie', 'Pauline', 'Tiara']
['Edward', 'David', 'Cesar', 'Marge']
['Heather', 'Carl', 'Milton', 'Pearl']
['Joy', 'Annie', 'Lillie', 'James']
['Emilee', 'Jodi', 'Ella', 'Shelly']
['Melvin', 'Jewel', 'Argentina', 'Julius']
['Earl', 'Stacy', 'William', 'Brett']
['Margaret', 'Michael', 'Antonietta', 'Guadalupe']
['Martha', 'Judith', 'Randall', 'Craig']
['Christine', 'Josie', 'Peggy', 'Jessie']
['Clara', 'Matt', 'Leola', 'Teresa']
['Derrick', 'Megan', 'Roy', 'Mae']
['Ashley', 'Lydia', 'Hillary', 'Allen']
['Diane', 'Cedric', 'Elizabeth', 'Emily']
['Antoinette', 'Vicente', 'Antonio', 'Hector']
['Kimberly', 'Jewell', 'Patricia', 'Joseph']
['Harriett', 'Leigh', 'Ronald', 'Fred']
['Kurt', 'Carol', 'Rick', 'Vera']
['Cyndy', 'Harriet', 'Debbie', 'Paula']
['Bernie', 'Charlotte', 'Alice', 'Carrie']
['Roberto', 'Melony', 'Marla', 'Sandra']
['Rachel', 'Debra', 'Ralph', 'Beatriz']
['Corinne', 'Timothy', 'Lucia', 'Esperanza']
['Susan', 'Louis', 'Janice', 'Lela']
['Samuel', 'Vickie', 'Virgie', 'Joel']
['Darryl', 'Oscar', 'Jane', 'Eric']
['Catherine', 'Gladys', 'Carole', 'Jacqueline']
['Grace', 'Maryann', 'Maria', 'Jasmine']
['Weldon', 'Lauren', 'Paul', 'Frances']
['Tim', 'Mavis', 'Mireya', 'Doretha']
['Thelma', 'Merle', 'Myra', 'Octavia']
['Sarah', 'Colin', 'Deandre', 'Heidi']
['Tom', 'Lena', 'Phyllis', 'Porfirio']
['Mei', 'Elvera', 'Tommie', 'Lucille']
['Johnnie', 'Janet', 'Julia', 'Hildegard']
['Gregory', 'Kenny', 'Rhonda', 'Patrick']
['Nellie', 'Vicky', 'Peter', 'John']
['Raymond', 'Jerome', 'Mari', 'Gerald']
['Shirley', 'Quentin', 'Cathleen', 'Linda']
['Kathleen', 'Arline', 'George', 'Robert']
['Sheila', 'Beverly', 'Evan', 'Geraldine']
['Kelvin', 'Jammie', 'Toni', 'Rafael']
['Terry', 'Lorena', 'Gordon', 'Deborah']
['Sam', 'Carlos', 'Steven', 'Frank']
['Devon', 'Ted', 'Evelyn', 'Levi']
['Abdul', 'Wilfredo', 'Cameron', 'Hazel']
['Marjorie', 'Mark', 'Cara', 'Barbara']
['Marybeth', 'Ericka', 'Shante', 'Justin']
['Stephen', 'Colleen', 'Justine', 'Victoria']
['Marie', 'Fay', 'Clyde', 'Dewayne']
['Gene', 'Cynthia', 'Rueben', 'Karen']
['Edwin', 'Laurie', 'Warren', 'Leo']
['Adam', 'Brandon', 'Philip', 'Lidia']
['Brenda', 'Patrice', 'Bessie', 'Jonathon']
['Sara', 'Kelly', 'Christopher', 'Alberta']
['Lisa', 'Fletcher', 'Christian', 'Dottie']
['Donna', 'Ray', 'Angel', 'Rebecca']
['Darrin', 'Brian', 'Rena', 'Claudia']
['Carla', 'Kristine', 'Matthew', 'Erma']
['Juan', 'Dan', 'Trenton', 'Kristen']
['Laura', 'Marcus', 'Shawn', 'Joshua']
['Phillip', 'Gary', 'Reggie', 'Lori']
['Noma', 'Byron', 'Johnathan', 'Eduardo']
['Beatrice', 'Jonathan', 'Curtis', 'Helen']
['Martin', 'Roger', 'Bruce', 'Betty']
['Chris', 'Sally', 'Anna', 'Carmen']
['Kay', 'Vance', 'Randy', 'Lawrence']
['Olive', 'Maybell', 'Donald', 'Lizzie']
['Isabelle', 'Esta', 'Wade', 'Erik']
['Sheldon', 'Russel', 'Lucy', 'Danielle']
['Stephanie', 'Jim', 'Steve', 'Carolyn']
['Lester', 'Lexie', 'Sharon', 'Samantha']
['Harold', 'Jessica', 'Gale', 'Eva']
['Melissa', 'Gail', 'Renee', 'Jeffery']
['Tomas', 'Felipe', 'Arthur']
['Joyce', 'Adrian', 'Barbra']
['Daphne', 'Carina', 'Maxine']
['Keith', 'Monica', 'Bernice']
['Gerard', 'Molly', 'Jeanette']
['Shawna', 'Luis', 'Lacey']
['Jennifer', 'Iris', 'Jeffrey']
['Nicholas', 'Robin', 'Theresa']
['Eunice', 'Newton', 'Todd']
['Nancy', 'Douglas', 'Ivan']
['Ruth', 'Rod', 'Katherine']
['Jean', 'Ricardo', 'Aileen']
['Bobby', 'Jerry', 'Sulema']
['Barry', 'Anne', 'Casandra']
['Jeff', 'Andrea', 'Frida']
['Crystal', 'Chester', 'Brooks']
['Lorene', 'Vanessa', 'Miriam']
['Gloria', 'Cleo', 'Virginia']
['Sheryl', 'Thomas', 'Julie']
['Richard', 'Manuel', 'Aron']
