['Elinor', 'Thomasina', 'Janette', 'Devinne', 'Billy', 'Madonna', 'Barbe', 'Lyn', 'Janey', 'Hyacinth', 'Genna', 'Ellie', 'Bria', 'Sheena', 'Ardenia', 'Gussy', 'Lila', 'Marice']
['Carlye', 'Jeannine', 'Avivah', 'Maddalena', 'Elayne', 'Emilee', 'Lori', 'Danell', 'Courtnay', 'Sara', 'Clemmy', 'Ortensia', 'Inna', 'Blake', 'Loria', 'Sephira', 'Jeannette', 'Brigid']
['Reta', 'Alyce', 'Ivie', 'Gerianna', 'Goldina', 'Lorraine', 'Jeniffer', 'Brynna', 'Maryl', 'Ashli', 'Nadine', 'Rebbecca', 'Brynne', 'Gigi', 'Kippy', 'Katalin', 'Gabriell', 'Edeline']
['Katleen', 'Oliy', 'Analise', 'Valentine', 'Erinna', 'Fayth', 'Mariejeanne', 'Marcia', 'Phillis', 'Nerta', 'Melva', 'Andree', 'Dianna', 'Annalee', 'Debbie', 'Claudina', 'Marylou', 'Marigold']
['Zita', 'Licha', 'Jada', 'Idalina', 'Valerie', 'Cynde', 'Lillis', 'Goldi', 'Giselle', 'Heidie', 'Karlotta', 'Joannes', 'Genni', 'Ardine', 'Debby', 'Pandora', 'Ondrea', 'Evangeline']
['Jeannie', 'Garland', 'Rasla', 'Caryn', 'Kerstin', 'Amabel', 'Ashely', 'Philomena', 'Neilla', 'Reggi', 'Megan', 'Terra', 'Kellen', 'Uta', 'Henrietta', 'Darcee', 'Nolana', 'Prudi']
['Mariette', 'Anjanette', 'Mareah', 'Starr', 'Lacey', 'Clari', 'Anya', 'Nevsa', 'Siusan', 'Tersina', 'Joleen', 'Tessy', 'Drucill', 'Jaime', 'Trude', 'Nora', 'Constantia', 'Jessamyn']
['Kata', 'Coral', 'Bobbie', 'Rachel', 'Stefa', 'Kalindi', 'Randene', 'Tanya', 'Nerissa', 'Ula', 'Jess', 'Jolie', 'Wendeline', 'Tresa', 'Dulcia', 'Pierrette', 'Brenn', 'Tatiana']
['Eadie', 'Brandise', 'Thalia', 'Meggy', 'Erma', 'Cate', 'Jacquenette', 'Clemmie', 'Magdaia', 'Saundra', 'Costanza', 'Sheree', 'Shayne', 'Kaylyn', 'Raine', 'Tanhya', 'Callie', 'Camilla']
['Stepha', 'Evvy', 'Giralda', 'Pia', 'HelenElizabeth', 'Vonny', 'Toni', 'Bonnee', 'Kial', 'Freda', 'Lorna', 'Lettie', 'Viva', 'Livia', 'Eula', 'Sue', 'Johnette', 'Madalena']
['Serena', 'Denyse', 'Christabel', 'Jaclyn', 'Cristina', 'Allsun', 'Gwendolen', 'Lita', 'Gaynor', 'Jessika', 'Lisabeth', 'Jobina', 'Tilda', 'Marla', 'Neila', 'Lina', 'Cordy', 'Cayla']
['Herminia', 'Deeann', 'Lynnett', 'Constantina', 'Linette', 'Winifred', 'Roseann', 'Biddie', 'Koressa', 'Shay', 'Fayina', 'Leilah', 'Dulcea', 'Ray', 'Shelia', 'Amitie', 'Tybi', 'Silva']
['Rosina', 'Lois', 'Milena', 'Susi', 'Elisabet', 'Libbi', 'Madelin', 'Vi', 'Tiffani', 'Imogen', 'Essa', 'Ethelind', 'Karisa', 'Kania', 'Vickie', 'Shayna', 'Renae', 'Zoe']
['Reeva', 'Betteanne', 'Delila', 'Heather', 'Marley', 'Laraine', 'Cammie', 'Tova', 'Tamarra', 'Liz', 'Shelby', 'Bell', 'Fredelia', 'Misti', 'Wilone', 'Geri', 'Leora', 'Una']
['AnnaDiana', 'Arliene', 'Emmy', 'Faith', 'Vallie', 'Patti', 'Vilma', 'Christina', 'Rosalinde', 'Catina', 'Joycelin', 'Harriett', 'Anthe', 'Annie', 'Carree', 'Willabella', 'Mina', 'Chelsea']
['Riannon', 'Veronike', 'Tressa', 'Maryjo', 'Cinnamon', 'Suellen', 'Eve', 'SheilaKathryn', 'Joly', 'Nicoli', 'Sharla', 'Tobi', 'Pippy', 'Geralda', 'Henriette', 'Kettie', 'Daisi', 'Kinna']
['Jenna', 'Nelia', 'Moyra', 'Carmelia', 'Donella', 'Sharron', 'Paulette', 'Ginger', 'Lilla', 'Renelle', 'Dana', 'Hatty', 'Natka', 'Laura', 'Ashlen', 'Aubrette', 'Pansie', 'Kristin']
['Jasmin', 'Lia', 'Noelyn', 'Deny', 'Corey', 'Sofia', 'Jennica', 'Lorrin', 'Minnnie', 'Jane', 'Sheilah', 'Idell', 'Sibylle', 'Esmaria', 'Rosalind', 'Jodi', 'Jsandye', 'Matilda']
['Charis', 'Bibbie', 'Wilow', 'Therine', 'Tammy', 'Feliza', 'Flori', 'Di', 'Sallyanne', 'Midge', 'Dayle', 'Kelcey', 'Grazia', 'Verina', 'Raven', 'Laurice', 'Yalonda', 'Rozanna']
['Pavla', 'Sherline', 'Gerrilee', 'Kay', 'Harrie', 'Lanni', 'Natala', 'Lorinda', 'Kylen', 'Robena', 'Gayle', 'Hendrika', 'Brandie', 'Sophie', 'Chris', 'Shani', 'Pollyanna', 'Christin']
['AnnaDiane', 'Laverne', 'Phedra', 'Nomi', 'Lavinia', 'Myrilla', 'Dolores', 'Shaina', 'Jorey', 'Coretta', 'Karol', 'Emelina', 'Sayre', 'Merrielle', 'Tamarah', 'Mable', 'Andriette', 'Vivia']
['Edi', 'Patience', 'Natalina', 'Toma', 'Lisbeth', 'Katha', 'Frankie', 'Shelli', 'Kora', 'Corella', 'Laureen', 'Cecelia', 'Lindsy', 'Bessy', 'Miquela', 'Kiersten', 'Laverna', 'Vanessa']
['Melodie', 'Eddi', 'Kassia', 'Zorana', 'Cory', 'Lona', 'Barbaraanne', 'Emmalynne', 'Corinna', 'Trista', 'Jeralee', 'Crystie', 'Keri', 'Cherry', 'Phil', 'Helenka', 'Erna', 'Honey']
['Alvina', 'Penny', 'Ealasaid', 'Gwenette', 'Libby', 'Madelyn', 'Kacey', 'Paulina', 'Mehetabel', 'Marjie', 'Meris', 'Vin', 'Isabelle', 'Raye', 'Susana', 'Martguerita', 'Carline', 'Paula']
['Cordie', 'Rosene', 'Sheeree', 'Camille', 'Romonda', 'Leona', 'Lauretta', 'Marlyn', 'Mia', 'Fawne', 'Arleyne', 'Chrystel', 'Siobhan', 'Dulcie', 'Kathlin', 'Almeda', 'Merline', 'Lorena']
