['Ryan', 'Juan', 'Roy', 'Mark', 'Mario']
['Nicole', 'Michele', 'Joseph', 'Evelyn', 'Tim']
['Pauline', 'Patricia', 'Pamella', 'Richard']
['Thomas', 'Ray', 'Kelly', 'Rosie']
['Martha', 'Ronald', 'Rachel', 'Rolf']
['Douglas', 'Debra', 'Charles', 'Mary']
['Myron', 'Tara', 'Roberto', 'Christian']
['Dawn', 'Kaitlyn', 'Nola', 'Jesse']
['Karren', 'Shirley', 'Alison', 'Kylie']
['Pat', 'Kerri', 'Irving', 'Martin']
['Troy', 'Kirk', 'Ida', 'Gary']
['Angela', 'Ann', 'Alicia', 'Winifred']
['Jose', 'Paul', 'Steven', 'Stanley']
['Katherine', 'William', 'Miguel', 'Melissa']
['Fernando', 'Cathy', 'Adam', 'Bessie']
['Michael', 'John', 'Gerald', 'Catherine']
['Mike', 'Gregory', 'Marilyn', 'Robyn']
['Anna', 'Bobby', 'Joe', 'Karen']
['Mae', 'Edwin', 'Eleanor', 'Judith']
['Warren', 'Edward', 'Jo', 'Booker']
['Marie', 'Marlene', 'Beverly', 'David']
['Bonnie', 'Mabel', 'Lorraine', 'Leticia']
['Norman', 'Shannon', 'Lane', 'Crystal']
['Dennis', 'Pete', 'Ernest', 'Donna']
['Cheryl', 'Virginia', 'Loraine', 'Susan']
['Christine', 'Ruth', 'Albert', 'Alvin']
['James', 'Cory', 'Stephanie', 'Ronda']
['Lynne', 'Cindy', 'Lena', 'Margaret']
['Corey', 'Brandon', 'Connie', 'Hugh']
['Tamika', 'Robert', 'Barbara', 'Marjorie']
['Morgan', 'Olivia', 'Jessica', 'Belinda']
['Helen', 'Mack', 'Vella', 'Morris']
['Joni', 'Ruby', 'Mireya', 'Kristine']
['Kathleen', 'George', 'Glen', 'Laurie']
['Eric', 'Teresa', 'Robin', 'Walter']
['Lisha', 'Harold', 'Everett', 'Jeffrey']
['Donald', 'Christopher', 'Joann', 'Victor']
['Antonio', 'Carl', 'Frank', 'Glenna']
['Brian', 'Carmen', 'Bertha', 'Heather']
['Berta', 'Latisha', 'Selina', 'Brenda']
['Tracy', 'Marlin', 'Sylvia', 'Elizabeth']
['Ollie', 'Clyde', 'Gordon', 'Adele']
['Jennifer', 'Derrick', 'Margarito', 'Krysten']
['Melanie', 'Samuel', 'Carol', 'Travis']
['Moses', 'Deanna', 'Emily', 'Reginald']
['Sharon', 'Wayne', 'Tony', 'Raul']
['Juanita', 'Linda', 'Annette', 'Marian']
['Freda', 'Leona', 'Lessie', 'Paula']
['Ralph', 'Annalee', 'Marion', 'Geraldine']
['Constance', 'April', 'Scot', 'Darlene']
['Ursula', 'Hedwig', 'Rosa', 'Matt']
['Roberta', 'Justin', 'Stacy', 'Jason']
['Eura', 'Jesus', 'Kevin', 'Lydia']
['Lillian', 'Gladys', 'Fredrick', 'Maria']
['Sylvester', 'Judy', 'Terry', 'Inez']
['Guy', 'Elsie', 'Roosevelt', 'Emery']
['Philip', 'Reinaldo', 'Amy', 'Nancy']
['Wanda', 'Bradley', 'Audrey', 'Therese']
['Darrell', 'Beth', 'Andrew', 'Janet']
['Dale', 'Dorothea', 'Wesley', 'Fredda']
['Curtis', 'Diana', 'Kisha', 'Nelson']
['Polly', 'Thelma', 'Pamela', 'Peter']
['Anthony', 'Pablo', 'Derek', 'Raymond']
['Francisco', 'Quintin', 'Daniel', 'Irene']
['Larry', 'Blair', 'Reuben', 'Phillip']
['Toni', 'Dana', 'Jodi', 'Sarita']
['Patrick', 'Jeff', 'Gail', 'Del']
['Betty', 'Tommy', 'Herbert', 'Lloyd']
['Marcella', 'Tuan', 'Charlotte', 'Veronica']
['Leigh', 'Jane', 'Peggy', 'Jorge']
['Joanne', 'Deborah', 'Bruce', 'Kellie']
['Stephen', 'Roger', 'Kathryn', 'Willie']
['Jimmy', 'Steve', 'Don', 'Fred']
['Kenneth', 'Cornelius', 'Carole', 'Priscilla']
['Cesar', 'Wilma', 'Phyllis', 'Ouida']
['Andre', 'Wallace', 'Doris', 'Mildred']
['Jayme', 'Georgette', 'Jacob', 'Eugenia']
['Carlos', 'Angelica', 'Andres', 'Alice']
['Eva', 'Gwen', 'Joshua', 'Amos']
['Jean', 'Maureen', 'Craig', 'Danielle']
['Domingo', 'Gloria', 'Lucie', 'Theodore']
['Josephine', 'Cassandra', 'Ivonne', 'Ellis']
['Ernestine', 'Ana', 'Wendy', 'Raeann']
['Myriam', 'Lonnie', 'Marcelino', 'Michelle']
['Dawna', 'Rosalee', 'Esther', 'Lana']
['Rosalyn', 'Winnifred', 'Natalie', 'Alfred']
['Tanya', 'Dorothy', 'Andrea', 'Lilian']
['Clarence', 'Elia', 'Suzie', 'Rebecca']
['Imogene', 'Christina', 'Frederick', 'Alex']
['Carmelita', 'Jeanine', 'Reggie', 'Rick']
['Gertrude', 'Ellen', 'Lahoma', 'Louis']
['Clayton', 'Margert', 'Jacque', 'Jeffery']
['Cecile', 'Cassie', 'Gilda', 'Nina']
['Wilson', 'Gerardo', 'Lyle', 'Marco']
['Harvey', 'Alexander', 'Stacie', 'Jeremy']
['Keri', 'Bernard', 'Erik', 'Ricky']
['Lucy', 'Calvin', 'Sam', 'Rafael']
['Mable', 'Laura', 'Glennie', 'Burl']
['Ingeborg', 'Rhonda', 'Timothy', 'Theresa']
['Bethany', 'Ashley', 'Garrett', 'Lulu']
['Janene', 'Miles', 'Lucille', 'Monica']
['Caridad', 'Susanna', 'Randolph', 'Marquerite']
['Beulah', 'Arturo', 'Lori', 'Sally']
['Willis', 'Matthew', 'Grant', 'Jonathan']
['Laurence', 'Lewis', 'Raphael', 'Ward']
['Chris', 'Kimberly', 'Seth', 'Maryann']
['Dean', 'Sheryl', 'Sofia', 'Emmie']
['Kerrie', 'Viola', 'Eugene', 'Lawrence']
['Sherri', 'Stephany', 'Cecilia', 'Molly']
['Kristin', 'Will', 'Kim', 'Clarissa']
['Norma', 'Selma', 'Danny', 'Leanne']
