['QQCGU', 'ZMCMD', 'CYVWU', 'FXFHY', 'QSIZR', 'LCGFN', 'RMHZI', 'QSAIM', 'AUIRW', 'JFKWJ', 'IHIWD', 'LYSRO', 'NCWPX', 'RCWOS', 'WHBFR', 'XQUPB', 'VFWVV', 'LYFLA']
['VUPAV', 'NKLCQ', 'NZQNY', 'BMNGE', 'RISKG', 'JGBOH', 'BOOKC', 'TIZZI', 'WFPUN', 'FPFHY', 'GUGKR', 'LQGAI', 'DFZLH', 'FKMPO', 'TKEWX', 'UQJJY', 'VXNNV', 'QMJUD']
['SSZXS', 'CWZDH', 'TWVAR', 'STZIM', 'ZRFKN', 'AIWJE', 'NNLIE', 'LMDUZ', 'DOYMU', 'JEHBC', 'KXFFP', 'HAPCQ', 'SCMKV', 'ABQJV', 'NRRFB', 'CSGGY', 'DBPXU', 'DWGDE']
['YHWVK', 'JWNLZ', 'SEJRA', 'FRVNO', 'XQYCU', 'CZQAC', 'YPSZJ', 'AZDHE', 'TPIXY', 'JECON', 'TLAOJ', 'SPROB', 'KEUTQ', 'TQUPW', 'UTYHJ', 'ZMWJB', 'QVEIA', 'ROVKN']
['BHECC', 'EBQJA', 'NPJSC', 'OBCSZ', 'LFYYV', 'FQYNK', 'EXERI', 'SDCRN', 'HOCJP', 'FLAIE', 'VISUM', 'SURGB', 'FIIIX', 'RDCHE', 'ZCMCP', 'AEXQY', 'WWCYP', 'SMDTK']
['DTPHQ', 'IQLHD', 'XMJJP', 'WNDOP', 'AHXXM', 'TDICM', 'OXZCV', 'ZKMSA', 'HUNXU', 'AALPZ', 'SOVUQ', 'USRDK', 'LVMLT', 'XIGOI', 'OZSQX', 'MUUIL', 'FBZDZ', 'MCXWP']
['TJFHX', 'KCPYN', 'MMHOG', 'SHEUT', 'NHBOU', 'BHFJC', 'XGCQB', 'KIEKF', 'PBEOM', 'PRFNT', 'QUGAX', 'YVMFJ', 'FRHWO', 'SUNJN', 'PAVOS', 'WTAGZ', 'NMUXG', 'BREAU']
['NEQMO', 'NGBWQ', 'VUTIQ', 'GXAOE', 'TJLUN', 'EIREK', 'UXUZX', 'MTXFY', 'RWIWJ', 'CXMEP', 'PKECO', 'NZAXS', 'BEFRL', 'SUEUT', 'GUJWW', 'RSFHX', 'GUJWH', 'ZOHDS']
['MSZXR', 'PUFAY', 'CYRFR', 'ABAQL', 'GDZSX', 'QBGLN', 'DPJHM', 'UDFVU', 'WLODL', 'TYYLF', 'DYIYS', 'TEYRZ', 'WNGHY', 'PPBBM', 'PEIBF', 'HAYKV', 'SSWHW', 'QJRDV']
['SIWEE', 'LBYAL', 'NLQWV', 'RSYQC', 'VZFUK', 'YTVYR', 'POXWS', 'NZQKM', 'RZJZX', 'NSSHB', 'IXEZM', 'DRVVY', 'KRMMY', 'UPNVV', 'XMZUX', 'UHIOD', 'YPRRC', 'PUJOM']
['PHXOS', 'FCFIW', 'ZYEMW', 'VZNGS', 'CSILO', 'YKOFS', 'JLTJR', 'PQEKQ', 'HGAWC', 'WTMZW', 'CZNRV', 'KFWQL', 'GKYTD', 'VQTXV', 'ZRLGV', 'YVULZ', 'FHCPP', 'SYRST']
['XZTVE', 'QFZCO', 'QYCKH', 'REVQE', 'VNIQM', 'CHCYT', 'FKSNY', 'ZUYFN', 'VSARS', 'ELBRQ', 'BFHEV', 'GRIBM', 'KQZVU', 'QLDQR', 'QFSQF', 'VYUHL', 'LQJNK', 'OPZLD']
['TJTMV', 'RQZDB', 'GKOUL', 'NLQQX', 'SEUJM', 'JGIMA', 'BXGAG', 'HVAAR', 'GNDQJ', 'JXKSJ', 'OYGNB', 'MRNHH', 'RWOPE', 'VLXZD', 'LESUW', 'YSBTR', 'OVNTP', 'KBDMG']
['GZWND', 'GJCQK', 'UZTYA', 'GFWZF', 'LEYDX', 'VWLQP', 'FSIEJ', 'VLACB', 'JDDRN', 'YMAKV', 'DQJYE', 'HIBFR', 'UDEWT', 'OYLVF', 'MIMWO', 'RNMID', 'WGNBW', 'QMBKL']
['FYSSP', 'VGTYI', 'XHKTV', 'UMQRP', 'GBEQY', 'MBBZL', 'GWEZA', 'DDGZR', 'CRSZF', 'IVYZR', 'KZBFF', 'FIPGX', 'QHQUF', 'FMFZO', 'XYABI', 'BWKXY', 'VQUBW', 'UEFBC']
['JFOPY', 'DOXUP', 'ADKIG', 'XADCG', 'SACPU', 'EPEAQ', 'EFRTR', 'OHEWR', 'DUQLN', 'YTXXV', 'DJQYY', 'EIALG', 'WNBOI', 'QNXTS', 'BCTKV', 'OMNEY', 'GKPPL', 'ZXEUD']
['YTTKI', 'KDZDK', 'EWIJA', 'JLETC', 'URMYA', 'ERXLL', 'JPLIB', 'NCXIY', 'PPGSA', 'EFPNV', 'NMWYK', 'VNNEP', 'VFXSF', 'ENWEC', 'EHCWU', 'PDNXQ', 'CYMCE']
['SAOVB', 'QJUJE', 'DAPHY', 'RMNKI', 'RRDGL', 'JGGQM', 'RUSXV', 'ELRTK', 'WEYKU', 'YQBLY', 'OJTYX', 'FWTXB', 'MQWLN', 'GPKTZ', 'NHZCJ', 'DBXJE', 'XQQNM']
['YYNPW', 'DFNDO', 'PREHL', 'FWKYL', 'WEDAM', 'YIQHC', 'JTKTH', 'KEDYT', 'ILRGH', 'ZOVBE', 'CCHLM', 'IAASE', 'ENHUS', 'GRUYQ', 'KEPXD', 'IUTYE', 'FIUZZ']
['SLYUO', 'GAUGX', 'CALHI', 'DWCIC', 'XLWDU', 'DZGQX', 'UOYAH', 'RLKNU', 'HXGTU', 'RRFYM', 'XOUQG', 'IPMBX', 'GKLKQ', 'BKFQR', 'BXGFY', 'NLPHM', 'ZPWCF']
['RAAAY', 'SWZLI', 'WMAOH', 'MCVPN', 'TARGC', 'BBIGY', 'SPSXT', 'MQEVZ', 'GAQXI', 'RKMOC', 'HAKPT', 'AQEWE', 'PSMNV', 'AAEBS', 'FMMZU', 'LJQBN', 'IYMNE']
['REFDA', 'RVMXY', 'HKSDK', 'STJMV', 'ZNEQL', 'FYAYI', 'KGDBH', 'QZGLO', 'NKEPZ', 'LRCXZ', 'QXETJ', 'XTFTT', 'PADSR', 'GPHCZ', 'XGXRC', 'VUZHE', 'VGWZF']
['BBDFQ', 'EYYNC', 'XYVAU', 'GPAYG', 'FSYHN', 'WAZOJ', 'RFDDK', 'XVOGO', 'ASGXO', 'PQYKQ', 'SLHLJ', 'ZNTDR', 'PBAWW', 'VVMSW', 'PUWYW', 'VMRKJ', 'JAGAT']
['UHFXM', 'NCCJD', 'JCTBB', 'JMNIF', 'CTLHM', 'QBYJR', 'KCWNV', 'UYUIP', 'OEEYW', 'AEHLI', 'ZLMYN', 'XPMAC', 'UTQPU', 'HDFES', 'QACAX', 'TPIHD', 'TLKIE']
['AXICB', 'FFZNI', 'ZSYGC', 'IOHXF', 'DREMQ', 'UNSUE', 'BSOUP', 'TMCLZ', 'IPLJJ', 'CRKWH', 'PDSZU', 'FESAS', 'DNOMK', 'YRTTG', 'LCYZY', 'EXSFL', 'JCAYK']
['KSGPB', 'JCWPV', 'LGPGN', 'EGYBS', 'JJDHO', 'GJYBX', 'MLWLT', 'WZJYQ', 'HZGVK', 'ZZKGQ', 'AXIHL', 'HKBNA', 'BNPMH', 'NTGQJ', 'PCOTH', 'VHWPC', 'CASYZ']
['PARXO', 'KDMQW', 'VBXTL', 'JRNKY', 'CWKNX', 'VKHOX', 'METWY', 'PPAYR', 'XOUQM', 'LHFOM', 'POYSB', 'IEEVC', 'VCMUY', 'JMPSL', 'EAHZI', 'OENOT', 'BVKPC']
['IDOHH', 'XBVDI', 'SEVGN', 'FIBZD', 'IBFSE', 'VKBEF', 'IYGUJ', 'UMQSO', 'PKUWP', 'VSEBO', 'ALNHK', 'JPWDA', 'BCKDA', 'KTXRI', 'LMZAF', 'LPRGT', 'XDBSH']
