['FMU', 'FOW', 'IYD', 'HTW', 'QRE', 'SFJ', 'XHQ', 'UTL', 'EEA', 'HPH', 'MLN', 'HNC', 'ELO', 'YER', 'JDC', 'TFQ', 'JXZ', 'XIY', 'SNW', 'SDH', 'FEV', 'VRD', 'IPK', 'JZV', 'YWW']
['FPT', 'VAC', 'WCD', 'SCS', 'HGF', 'HZF', 'RNM', 'SRP', 'SGO', 'QDB', 'HUN', 'HQB', 'NQL', 'OXU', 'VWX', 'QFE', 'TMR', 'KNO', 'BHL', 'GPH', 'VZX', 'UNW', 'WED', 'EOF', 'SUQ']
['CHR', 'NXU', 'KEQ', 'FHI', 'ULP', 'QJK', 'AHE', 'NGH', 'QIK', 'TQB', 'VCY', 'ALI', 'PBP', 'MCI', 'PZA', 'NTW', 'ZIT', 'SCX', 'MWQ', 'DTU', 'NDJ', 'KUO', 'OEN', 'XJW', 'FQC']
['WSD', 'FTE', 'WJI', 'ZNQ', 'VMW', 'GPL', 'KLM', 'JUQ', 'GSB', 'YKH', 'VMJ', 'DJA', 'UZU', 'UHU', 'FJL', 'DZR', 'POR', 'OHR', 'TFT', 'QQN', 'KLV', 'OON', 'IIY', 'DOT', 'CDZ']
['AYK', 'DFW', 'SMM', 'AYJ', 'TGH', 'GUE', 'YSM', 'QVI', 'LUT', 'IFU', 'BEQ', 'YPX', 'UMO', 'SUP', 'ZKY', 'PVS', 'HMT', 'OFJ', 'RYT', 'RUP', 'RSJ', 'FTL', 'HGD', 'FJH', 'PJW']
['UHE', 'YYG', 'QTQ', 'RKH', 'CEY', 'GWT', 'PYK', 'VQR', 'FUR', 'DCZ', 'SDF', 'FWA', 'YDT', 'BRY', 'JME', 'KXZ', 'WTX', 'QTR', 'TLC', 'CIH', 'MYN', 'POC', 'DMP', 'CGQ', 'HXF']
['KMD', 'LWH', 'PKK', 'RKO', 'ZBU', 'JZA', 'MVB', 'SFK', 'XDE', 'WUI', 'NLS', 'EWG', 'GUR', 'ALL', 'CUZ', 'VFV', 'GUN', 'CYA', 'THJ', 'TVZ', 'LTC', 'MLH', 'OLD', 'XQI', 'CNU']
['LZE', 'EUK', 'EKJ', 'INO', 'UZY', 'ZQN', 'JKL', 'JHO', 'RIA', 'DMN', 'MIE', 'TBT', 'PAS', 'UFK', 'KSW', 'MOH', 'EQX', 'MJR', 'QAM', 'WMY', 'TSS', 'SFB', 'JGS', 'CAO', 'GGM']
['POJ', 'IKB', 'MVS', 'MSC', 'WCB', 'NUG', 'YTR', 'FCJ', 'HIG', 'QLI', 'NNG', 'IKW', 'YYC', 'PTX', 'KZQ', 'XOE', 'YKF', 'PDU', 'KMP', 'CZB', 'NOP', 'ACP', 'ODG', 'MUV', 'LOQ']
['LLX', 'HJA', 'IDO', 'BLK', 'IPY', 'QBJ', 'XNY', 'NSI', 'OZT', 'SQS', 'PON', 'OII', 'AUL', 'DTS', 'YUG', 'DRX', 'UCH', 'PMO', 'PAX', 'GUT', 'YHX', 'MIN', 'ARV', 'FOD', 'IQJ']
['CDW', 'XRV', 'LMU', 'SQR', 'SAQ', 'ABC', 'JWQ', 'IEK', 'TWL', 'DNE', 'JXM', 'AGI', 'CFP', 'XVQ', 'WWT', 'XCX', 'ECG', 'RZW', 'BFH', 'IDJ', 'XKQ', 'MUO', 'ONX', 'YKQ', 'UEN']
['NFI', 'PGE', 'PVQ', 'CCY', 'VYF', 'NWB', 'TGW', 'OCI', 'AIM', 'TKB', 'LBW', 'JJB', 'IPG', 'VXB', 'FXI', 'ROL', 'WER', 'KAJ', 'RUR', 'YNR', 'ZJU', 'ZCY', 'BTJ', 'EZU', 'HXZ']
['MSE', 'RSG', 'ARM', 'NLI', 'SYQ', 'NPS', 'VFM', 'CFJ', 'DYU', 'FTI', 'YDL', 'TVY', 'SRB', 'RNU', 'PIL', 'ZFU', 'TFN', 'PCL', 'BJR', 'SNM', 'EDD', 'DXK', 'GEF', 'UIO', 'FPR']
['BBZ', 'RDG', 'ZBF', 'BDX', 'QCJ', 'JSL', 'NDI', 'EPR', 'UKF', 'JTZ', 'AWX', 'UGW', 'MAC', 'BIN', 'GBL', 'XVF', 'UOM', 'DMH', 'RJS', 'DWU', 'ZFK', 'LJA', 'YOA', 'FXX', 'LGP']
['YSP', 'EAA', 'DAT', 'TMD', 'YEN', 'YYJ', 'WIF', 'IKN', 'YVQ', 'KJN', 'DTW', 'NXI', 'SUT', 'LZI', 'XPW', 'SCZ', 'MBZ', 'RIX', 'EBB', 'WZL', 'IUY', 'SFD', 'KLS', 'JZY', 'VTH']
['ITN', 'WDF', 'LZP', 'BCI', 'ZGL', 'RYA', 'CJB', 'SNS', 'QMI', 'AQN', 'DHT', 'ESU', 'MMS', 'YKR', 'EBY', 'WWL', 'QZB', 'FXH', 'FWN', 'XFW', 'NGI', 'MUL', 'EBA', 'NJD', 'ALG']
['PAU', 'FKU', 'XEO', 'RYE', 'EDP', 'LHQ', 'GFL', 'HCD', 'FDS', 'KNZ', 'XWK', 'JMT', 'VWR', 'AMV', 'RXD', 'AZD', 'XEN', 'HHK', 'ELJ', 'YYU', 'GGA', 'QNG', 'NHA', 'IPV', 'IYH']
['MJV', 'SCK', 'KLZ', 'GMF', 'ZFO', 'FWB', 'MED', 'FCU', 'CXP', 'ASO', 'CGD', 'GLR', 'UDD', 'TDJ', 'UKO', 'HBC', 'IFO', 'QEP', 'MZP', 'KVD', 'GUQ', 'JOQ', 'WLU', 'AJB', 'TBN']
['WHJ', 'HYW', 'DAW', 'ACJ', 'QTJ', 'IIT', 'YSD', 'QLH', 'KDV', 'QIB', 'MNB', 'CHA', 'YLS', 'PGO', 'SGT', 'JII', 'XXQ', 'WYK', 'BZI', 'JVR', 'CRF', 'HPV', 'ZCF', 'GXJ', 'PME']
['BCW', 'JMO', 'WKY', 'WGY', 'YTQ', 'LWA', 'LXJ', 'WJS', 'GGP', 'YAR', 'RBJ', 'KVY', 'OVZ', 'APD', 'FSW', 'LHD', 'NDB', 'ZRO', 'TUK', 'GYM', 'ZPA', 'IAM', 'IUE', 'TQM', 'QYA']
