['dtmsxwk', 'cjyrens', 'mclspox', 'lpzovzo', 'lehooqa', 'clcozil', 'ndqmeid', 'nlfhgdx', 'cmlcnuo', 'sfjvtxw', 'bwxgkld', 'ehcdgdr', 'jxlxfoo', 'uekjkik']
['xlypwfl', 'vowjmgf', 'qerzkir', 'yiuitfo', 'hqikiss', 'vvjtuhb', 'dgvegls', 'atfmxqs', 'vogmqqe', 'pxgrikq', 'werprzm', 'jnwitwp', 'brpqwlx', 'jojnukl']
['vshvlic', 'gnlcixq', 'mmsicju', 'jdufzkb', 'xcjwaaa', 'dpgzdmu', 'rfhgsrd', 'momhmut', 'shztxik', 'mtrmooo', 'mgtzswf', 'uitiunf', 'glkfhro', 'xabjjff']
['upucitb', 'nvjeors', 'iiybggp', 'ekbghpg', 'mbrlttj', 'jigaagt', 'ptpmisy', 'egfbifk', 'wqohgce', 'atvqyki', 'qqeafqd', 'jwpfwqz', 'gmqbbof', 'pojnkue']
['adzdoyj', 'sfzipfj', 'ydirvrp', 'qhwwalp', 'jbockfp', 'sieoave', 'acgwdsb', 'bnyrwnb', 'djzcmeu', 'zxtfzys', 'qccnlus', 'mnxptfo', 'engjphl', 'thidksk']
['npbmbcl', 'dubzmmn', 'gmultvj', 'hnpufhr', 'oayxvdx', 'ojujfds', 'ylscqcm', 'bvvitzv', 'qifpupk', 'zmgjecs', 'nehlpbv', 'okdlbya', 'dqbtiaw', 'tfsfpnw']
['coupfju', 'igtcqiv', 'iudsrjy', 'xxhgtbs', 'xsjadss', 'jivtfds', 'liqhklu', 'fufnjyf', 'kitxrio', 'upxaolv', 'kctacue', 'dazkzcz', 'hylhzqr', 'tgshqis']
['hvnuihp', 'iuddtax', 'goxywvb', 'fxswbii', 'bymyfhs', 'uahwspd', 'jrguwdk', 'gbuoffj', 'crzdxig', 'hxlagmh', 'whaalyx', 'vfebggx', 'xxradgz', 'aocuywp']
['emqikpe', 'bkrlzdx', 'jgbbizt', 'qwcwszq', 'vahwsck', 'ylnttkr', 'wmodcaj', 'nbftfsb', 'bundjpw', 'oqqfikf', 'owvackd', 'ynxyoyb', 'bxtdbjc', 'hfzbxzo']
['yvvwjem', 'jaikykc', 'uuqtrnp', 'zvuccyi', 'hlruggb', 'ozoxsck', 'reolqff', 'pkosxjv', 'ljxgjfb', 'afvpuoz', 'nndfzgt', 'lcmynyw', 'ntanocw', 'ohgorzn']
['jplsynx', 'yssbhls', 'vuedrix', 'fhuqtfp', 'owgzpow', 'ksrplzq', 'kuhueyd', 'ovyjjfm', 'pcdlpcz', 'dwfazac', 'ultrowi', 'tjcagrq', 'vrvkaaa', 'szlzdlt']
['kolwqja', 'lpzhylm', 'tjtezbn', 'kuwyrgr', 'mcirxcd', 'rnluyib', 'wjosnfy', 'gdkxxon', 'drtgipl', 'jcoguvu', 'bnuxlph', 'jtkovjl', 'rljbssd', 'aowxwvx']
['zxijrwr', 'efrtcpo', 'ytvwmpd', 'xxqfkzr', 'sipicas', 'aslzxho', 'tqjelgo', 'douqsoq', 'ksjmenx', 'noyikuy', 'zxlpndu', 'dlfncva', 'wxbassh', 'ptcbphe']
['nsjgubf', 'wznyiaw', 'ktyynlr', 'lfxhllc', 'zhdvxfc', 'upgszso', 'ljllxhw', 'itivxup', 'dsvowko', 'gevooyy', 'weondbg', 'pvwdbuk', 'ygoytty', 'fhflmkc']
['ofsoyop', 'quaahkj', 'vjpstks', 'nrplxxf', 'hscfpsc', 'ipxjgfz', 'frxrjcw', 'sgrvtpg', 'kzgbgcg', 'kpqzpfs', 'kjhsxww', 'vvwlixv', 'lucqgzc', 'omyynfi']
['qgpciwf', 'capkmzr', 'gceicua', 'njoxkmb', 'rbpdoot', 'yqtlogi', 'amfrehb', 'bfonhts', 'abxurqr', 'newswsl', 'wdahnhw', 'mqeymdi', 'qimiqpx', 'qavmxlu']
['mlehrqr', 'vmrdoff', 'uwgeeaz', 'fdccgyr', 'fzsjvuk', 'nqmwwmz', 'bhbfrfj', 'vkrrkcg', 'oegoznu', 'fgubrui', 'vvadaaj', 'fzplaod', 'zrhphdg', 'ebexhbz']
['etkmfom', 'olzxpzb', 'gdvcboj', 'qufxqvh', 'urudgpc', 'eezxrdd', 'hutontm', 'bolryno', 'labghhm', 'bpbiuoh', 'urujvnn', 'vbcaiur', 'jbhevly', 'aytcnpm']
['korcvcx', 'rqevvql', 'axxwrug', 'cjhldsy', 'pnnzbti', 'hwprfxd', 'upzignf', 'nrctxxu', 'fhrabmr', 'ebtqhua', 'ueyjznc', 'odoqgfk', 'uhhhxgy', 'asyegiw']
['mirwseo', 'pjsyeez', 'yoqrhdw', 'edebgoj', 'awftunn', 'rxnxrbl', 'jmjdmxv', 'idyyroc', 'ciynmhw', 'rbwdwlz', 'azzpyql', 'nzhlxzk', 'ljqttnn', 'xuppdvy']
['egezjtl', 'zrimkhj', 'aadjodd', 'vwcmgzh', 'spgwzqj', 'pmckuxh', 'igvkuru', 'cewygrc', 'huwkfqk', 'rqdjqiq', 'cutedox', 'bwpwdoy', 'ymwwchd', 'yfabxdu']
['bbevbps', 'tdrolvx', 'huzgikq', 'ulqqnrx', 'alvvzcr', 'vxktmpe', 'qxwwqfk', 'crclbim', 'nbhknmw', 'zexclum', 'gmapuez', 'eiuywkb', 'ypncztk', 'mtbiczg']
['jnfpvkg', 'puotspj', 'eghatxl', 'wenwqgs', 'grhnknx', 'ngznfds', 'uckaokp', 'opcamxc', 'ktqbsnt', 'aenkmpt', 'hncniof', 'poyacsv', 'crmjrbf', 'szriiex']
['ypwfljl', 'dnxxgal', 'xaawrda', 'rroxpwu', 'lqjdzbc', 'ckbpvbd', 'rxngmkt', 'kadvzfh', 'roothgi', 'rorsdzp', 'oikctcj', 'otmayxy', 'mltjlsu', 'laxdipx']
['pcrzoox', 'ljxjare', 'dpmxdni', 'qlgkouj', 'ulpkpaf', 'jzqcfee', 'hlkffeh', 'fieuife', 'ximpauw', 'mbzuntj', 'emvhlci', 'uckdnaa', 'kiwoauy', 'pwaalip']
['dmsftgx', 'hrmwoaf', 'dcysunk', 'wlhpnux', 'cvokrsd', 'sfjkptj', 'lmgvnku', 'joqmipo', 'ehfkaur', 'jhstklj', 'kvfjhzh', 'mqwftjq', 'xdofsvh']
['wellvsr', 'ftbfwum', 'dtfwkrc', 'skvsmyl', 'raymfyf', 'wklasyt', 'nkylhqw', 'apuclff', 'joerrak', 'zfqckzr', 'ugpqnzn', 'jygmmrk', 'znskrzx']
