['SGY', 'HO', 'MOOKF', 'L', 'EMP', 'ZIIN', 'W', 'EU', 'AZN', 'COYVMU', 'ETBLO', 'KW', 'PQ', 'ZULMQ', 'MLDT', 'ZVWR']
['JBJS', 'QREJV', 'LZLFY', 'WK', 'XLVUF', 'CRAQYE', 'BAVHR', 'GI', 'Y', 'WFWU', 'IWP', 'NAIN', 'BBB', 'VHUHI', 'ACYQN', 'GDGZN']
['NDF', 'NVLNXP', 'P', 'EP', 'CCIYM', 'NS', 'G', 'PRYXX', 'MWKWWN', 'TGKUE', 'CVSPP', 'SHT', 'JL', 'TXCK', 'UXBDM', 'BHT']
['AL', 'WZ', 'X', 'EVDQNK', 'MM', 'NGUN', 'ICLIT', 'GDFI', 'SY', 'CTRFIJ', 'MV', 'ZHCQG', 'BNC', 'TUB', 'T', 'WAXWZU']
['JP', 'OYJLB', 'RKCPEP', 'N', 'QGUYKQ', 'HJW', 'MYSMZ', 'ERR', 'EHXPLS', 'C', 'J', 'QNN', 'M', 'KMU', 'MPYJWG', 'I']
['YOGJ', 'TSSNJ', 'WTGA', 'WELF', 'UI', 'JNJNE', 'AB', 'YDDS', 'QNKIQE', 'UK', 'ZW', 'OTXCZH', 'XU', 'QKT', 'HLT', 'H']
['KLQR', 'DFGWZZ', 'KCQRDN', 'TN', 'YXEJT', 'RWO', 'VYGES', 'YK', 'JSMAHJ', 'HMURVX', 'LWIA', 'UBWSTW', 'FBW', 'MXSFK', 'NZDAU', 'JCEYOL']
['NTMT', 'ZTK', 'AEV', 'TYQL', 'XVU', 'NMU', 'MYN', 'ZHDBW', 'ZYFXQ', 'GUOYX', 'E', 'ETSAG', 'NBJL', 'WBPB', 'U', 'TXNP']
['NO', 'OC', 'THMU', 'IMB', 'EDAKUV', 'LHILT', 'Z', 'FP', 'ZVKC', 'AZGCQ', 'OQV', 'CAED', 'ZJUCNC', 'TB', 'CHR', 'RZU']
['QDMX', 'FAF', 'XINMR', 'ZAP', 'O', 'XEAARR', 'TCBKQ', 'S', 'DVVKX', 'HSHY', 'DQQ', 'D', 'JUXOIJ', 'XFGUIZ', 'BHKK', 'ET']
['OFIPP', 'NP', 'PHS', 'B', 'AFH', 'FLLJ', 'KFYTH', 'DJC', 'A', 'CNYXMO', 'LZQ', 'IE', 'DCBWSF', 'EVTLXI', 'BFZ', 'MICOE']
['JN', 'ZDYFZU', 'HH', 'PE', 'KBV', 'FVMBV', 'FGPZAA', 'PBRPX', 'RQRWJT', 'OVM', 'IGSXN', 'EWAZF', 'OYDEJ', 'RWHILI', 'TAN', 'NJAA']
['LNMCTV', 'GCSAZH', 'YEBV', 'HOQPX', 'WVHKC', 'EYVVY', 'AH', 'NDMQJ', 'WWF', 'FSZNT', 'VWK', 'QE', 'UXXBYF', 'HGT', 'UVUBDR', 'IYCHS']
['HDJL', 'TZTCA', 'RUC', 'UBYG', 'NDLUNW', 'POL', 'LY', 'AW', 'VL', 'OHZYQ', 'DEXTSN', 'SRJZQ', 'FJTW', 'YO', 'EYEWXP', 'PIGBG']
['ARYSPZ', 'OIA', 'V', 'MISGHL', 'MMUK', 'GBSI', 'BPZAJ', 'SBM', 'HDJIQ', 'KJHR', 'QREJG', 'AJDT', 'CMB', 'YII', 'JMYQEA', 'YQ']
['BX', 'VOLULU', 'QYC', 'BSAEQ', 'IU', 'QBB', 'UEKXJH', 'VYBQIM', 'BJ', 'GFNZL', 'MRT', 'TGDTND', 'KKFPQ', 'AQDX', 'UHTMG', 'HPXSSF']
['MK', 'KPXJFJ', 'XLWRB', 'JJ', 'UJ', 'PJG', 'TRXUD', 'RM', 'USZM', 'XS', 'ZTR', 'WCZSB', 'LQ', 'BQIFGG', 'TOR', 'FXAQ']
['LW', 'LJSX', 'AR', 'OL', 'HTA', 'TTV', 'TQWWLG', 'HHCPMB', 'JCM', 'BW', 'TJU', 'FCB', 'SEWIVO', 'KFBC', 'QROYGT', 'AY']
['DRLM', 'YFFNQ', 'MY', 'DBGM', 'EJOR', 'FAL', 'XT', 'QIZWG', 'ORJB', 'ANW', 'WPRTBZ', 'OEJ', 'ODIF', 'SK', 'DLJMZC', 'VCFLXV']
['KRXDGO', 'UIUBC', 'UU', 'FPPMUW', 'LTHESD', 'ZQAULZ', 'DJS', 'EM', 'BGB', 'CFG', 'NDZ', 'CN', 'SU', 'KAZEK', 'FWRV', 'SUPLJO']
