['Orsa', 'Marcie', 'Yovonnda', 'Katti', 'Amalee', 'Carroll', 'Carla', 'Leda', 'Rosene', 'Peg', 'Alia', 'Jorrie', 'Mirna', 'Antonietta', 'Lesly']
['Rowena', 'Alexandrina', 'Ruperta', 'Shoshana', 'Allie', 'Corinne', 'Gavra', 'Daphene', 'Vicky', 'Jacqui', 'Terese', 'Veradis', 'Allene', 'Hedwiga', 'Brear']
['Joelly', 'Estella', 'Drusy', 'Jemie', 'Adriane', 'Else', 'Ranice', 'Charita', 'Addi', 'Paulina', 'Haley', 'Noreen', 'Missy', 'Rosamond', 'Doroteya']
['Stesha', 'Gaby', 'Gerry', 'Matilde', 'Carri', 'Helyn', 'Moyna', 'Kiele', 'Dotti', 'Debora', 'Lira', 'Brook', 'Mariellen', 'Marlie', 'Tiffany']
['Cheslie', 'Avivah', 'Nanon', 'Karie', 'Agneta', 'Kathy', 'Tim', 'Starlin', 'Mechelle', 'Kara', 'Emelda', 'Tamara', 'Cristen', 'Diahann', 'Angelica']
['Tiphanie', 'Inga', 'Harriet', 'Brigitte', 'Kathleen', 'Quintana', 'Dita', 'Sada', 'Sileas', 'Sheila', 'Valli', 'Erminia', 'Oliy', 'Marcella', 'Vinni']
['Livy', 'Row', 'Jaynell', 'Edith', 'Austina', 'Shirl', 'Agnese', 'Melloney', 'Teddi', 'Monique', 'Anabel', 'Shanie', 'Diane', 'Vanni', 'Nicoli']
['Kittie', 'Sandie', 'Kaitlin', 'Clarissa', 'Caryn', 'Fawnia', 'Madelena', 'Roxane', 'Anette', 'Korney', 'Beatrice', 'Melinde', 'Marisa', 'Mufinella', 'Aviva']
['Roslyn', 'Dorine', 'Eran', 'Mair', 'Jessamyn', 'Fran', 'Nedda', 'Netty', 'Gabbie', 'Kathryn', 'Cherilynn', 'Vonni', 'Rosana', 'Latisha', 'Stormi']
['Winifred', 'Dena', 'Birgitta', 'Camala', 'Rhody', 'Agnes', 'Maddalena', 'Lani', 'Faythe', 'Zenia', 'Sonni', 'Anastassia', 'Natalya', 'Briny', 'Silva']
['Estele', 'Anabelle', 'Paige', 'Rhodia', 'Lorie', 'Fernande', 'Reggi', 'Andie', 'Claudie', 'Clemence', 'Eve', 'Millisent', 'Patty', 'Jesse', 'Gae']
['Doris', 'Sherrie', 'Meggi', 'Dee', 'Randie', 'Oralee', 'Jen', 'Leanora', 'Georgiana', 'Nancie', 'Neile', 'Danni', 'Adiana', 'Hortense', 'Collete']
['Morena', 'Willi', 'Sula', 'Fania', 'Rita', 'Tiffy', 'Marris', 'Sile', 'Yoshi', 'Ronnica', 'Mella', 'Britney', 'Elvera', 'Krissy', 'Lynnet']
['Rivkah', 'Kaitlynn', 'Agatha', 'Kellsie', 'Opal', 'Xylina', 'Ansley', 'Athena', 'Gwennie', 'Colline', 'Laverne', 'Erica', 'Tani', 'Nelie', 'Cassondra']
['Marijo', 'Chelsy', 'Marabel', 'Risa', 'Marlena', 'Gale', 'Bernice', 'Casi', 'Fredericka', 'Martina', 'Ingunna', 'Flory', 'Janice', 'Yolanda', 'Ramonda']
['Idalina', 'Bridgette', 'Tallie', 'Clemmie', 'Joanna', 'Stephannie', 'Ulrike', 'Kellie', 'Tarra', 'Kala', 'Bekki', 'Lorena', 'Cristionna', 'Anabal', 'Cathryn']
['Charmine', 'Malva', 'Idelle', 'Yetta', 'Cristabel', 'Selinda', 'Bertie', 'Serena', 'Annice', 'Zulema', 'Nicki', 'Bonita', 'Cindie', 'Babara', 'Brittan']
['Frankie', 'Georgeanne', 'Della', 'Desiri', 'Lyda', 'Sofie', 'Lotte', 'Johanna', 'Myrtle', 'Demetria', 'Nissie', 'Delly', 'Catha', 'Thia', 'Mei']
['Tanitansy', 'Kania', 'Conchita', 'Lorain', 'Lydie', 'Jolie', 'Stefa', 'Cassandra', 'Lisette', 'Julie', 'Andromache', 'Brunhilda', 'Dyane', 'Gianina', 'Britteny']
['Sadye', 'Josepha', 'Eulalie', 'Tamra', 'Corly', 'Pammy', 'Arlee', 'Alyson', 'Euphemia', 'Dominica', 'Belle', 'Lulu', 'Noell', 'Eolanda', 'Maxie']
