['Jarno1', 'Oretta5', 'Elio8', 'Ione9', 'Donatella7', 'Cleopatra8', 'Guendalina3', 'Trevis2', 'Fiorentino3', 'Tommaso8', 'Dante5', 'Tolomeo6', 'Emanuel7', 'Sabino2', 'Giacobbe7', 'Radames7', 'Karim8', 'Celeste3', 'Enzo3', 'Rosalba1']
['Ludovico2', 'Lidia4', 'Mattia1', 'Pacifico0', 'Raoul7', 'Luce0', 'Romeo4', 'Fiorenzo8', 'Giulio2', 'Marcella0', 'Thea4', 'Adriano0', 'Armando5', 'Soriana6', 'Cassiopea9', 'Marianita5', 'Gianantonio3', 'Cleopatra5', 'Marcella3', 'Thea5']
['Arduino8', 'Valdo2', 'Benedetta4', 'Anastasio3', 'Eusebio3', 'Primo9', 'Siro2', 'Modesto4', 'Sesto2', 'Filomena4', 'Leonardo1', 'Oretta9', 'Patrizio4', 'Erminia2', 'Santo9', 'Nabil5', 'Davide8', 'Gerlando9', 'Siro3', 'Matteo9']
['Odone4', 'Sabatino1', 'Guido1', 'Cira7', 'Rosita1', 'Bibiana4', 'Bortolo9', 'Walter1', 'Carmela6', 'Mariagiulia3', 'Gianleonardo6', 'Sue2', 'Demis2', 'Penelope5', 'Bettino1', 'Prisca3', 'Cassiopea8', 'Caio6', 'Anastasio7', 'Augusto8']
['Ubaldo1', 'Eustachio2', 'Cleros2', 'Marina6', 'Cleros6', 'Giorgio6', 'Marvin0', 'Nestore7', 'Danthon5', 'Umberto9', 'Gioacchino6', 'Jari2', 'Caligola7', 'Eriberto7', 'Rodolfo9', 'Rebecca2', 'Battista3', 'Sirio1', 'Nayade9', 'Rufo5']
['Odino6', 'Albino1', 'Cosetta2', 'Mietta0', 'Cleros4', 'Gaetano5', 'Gianmaria7', 'Mecren5', 'Kayla9', 'Davide5', 'Serse1', 'Osvaldo5', 'Tancredi6', 'Fabio8', 'Joshua3', 'Laerte0', 'Alighiero7', 'Gavino8', 'Emanuel3', 'Marianita1']
['Giobbe6', 'Pablo7', 'Jole3', 'Ercole1', 'Ubaldo2', 'Amerigo5', 'Giorgio3', 'Sirio6', 'Damiana2', 'Mattia6', 'Eustachio1', 'Sasha9', 'Miriana4', 'Giordano5', 'Mattia9', 'Vania2', 'Brigitta5', 'Renzo5', 'Cleros5', 'Aroldo4']
['Concetta9', 'Michael4', 'Manfredi5', 'Emidio9', 'Pietro1', 'Carlo1', 'Walter7', 'Trevis3', 'Italo9', 'Tazio1', 'Amedeo1', 'Leonardo7', 'Arcibaldo8', 'Orfeo7', 'Loredana6', 'Miriam8', 'Alighieri1', 'Isabel6', 'Noah6', 'Terzo7']
['Laura1', 'Max1', 'Enrico1', 'Rita6', 'Monia8', 'Diamante6', 'Maika9', 'Gelsomina6', 'Ercole9', 'Fabio9', 'Orfeo5', 'Gianriccardo3', 'Ursula5', 'Loretta4', 'Xavier5', 'Lazzaro2', 'Antimo9', 'Umberto0', 'Rosalino2', 'Gaetano4']
['Fabiano3', 'Italo5', 'Cesidia8', 'Odone8', 'Demi6', 'Eriberto9', 'Edilio5', 'Costanzo6', 'Domiziano7', 'Olimpia3', 'Secondo0', 'Rebecca6', 'Vera2', 'Priamo8', 'Mauro7', 'Joseph7', 'Demis1', 'Pacifico5', 'Joannes5', 'Rosalino0']
['Ian2', 'Silvano4', 'Teseo4', 'Laura9', 'Amerigo1', 'Pablo9', 'Filomena3', 'Sesto8', 'Piersilvio0', 'Carmelo4', 'Antonio9', 'Demis3', 'Fatima9', 'Jacopo4', 'Ferdinando0', 'Sandro2', 'Assia0', 'Marianita8', 'Lisa0', 'Siro0']
['Prisca2', 'Giulietta7', 'Luce6', 'Marieva8', 'Gregorio2', 'Mariano0', 'Maggiore2', 'Noel4', 'Giacinto6', 'Alessio3', 'Priamo0', 'Alessio7', 'Tristano5', 'Fatima0', 'Matilde9', 'Violante6', 'Lauro5', 'Ausonio0', 'Lidia6', 'Quarto3']
['Siro8', 'Osea9', 'Concetta1', 'Marzio4', 'Clodovea2', 'Edilio6', 'Ferdinando6', 'Anselmo8', 'Luigi4', 'Tolomeo0', 'Gianantonio5', 'Maruska3', 'Armando8', 'Elio3', 'Pierfrancesco0', 'Enzo7', 'Ulrico6', 'Mariagiulia0', 'Marzio7', 'Giorgio2']
['Liborio4', 'Osea1', 'Lauro3', 'Erminio4', 'Furio5', 'Oreste0', 'Demi9', 'Noah0', 'Caligola0', 'Loredana0', 'Monia6', 'Armando0', 'Erminia5', 'Davide1', 'Elda4', 'Vania3', 'Folco0', 'Michele7', 'Erminia8', 'Jacopo3']
['Loretta1', 'Deborah2', 'Ermes9', 'Avide3', 'Alberto5', 'Renato5', 'Fernando8', 'Liborio8', 'Gregorio7', 'Azue3', 'Evangelista9', 'Ettore0', 'Zaccaria2', 'Arturo8', 'Clodovea1', 'Giovanna5', 'Kai5', 'Tancredi5', 'Ethan9', 'Cassiopea3']
['Brigitta8', 'Maggiore3', 'Mietta2', 'Nathan9', 'Jack2', 'Quirino1', 'Elsa1', 'Genziana8', 'Folco4', 'Gianriccardo2', 'Fortunata0', 'Trevis8', 'Audenico0', 'Mirko4', 'Ian0', 'Nicoletta3', 'Folco6', 'Celeste4', 'Concetta5', 'Marzio5']
['Danuta0', 'Sebastian2', 'Odino9', 'Benedetta5', 'Adriano1', 'Antonino6', 'Rebecca5', 'Ercole4', 'Fabiano1', 'Quasimodo0', 'Nico6', 'Fatima2', 'Giancarlo3', 'Cleros7', 'Sesto4', 'Dylan9', 'Mecren9', 'Mietta1', 'Carmela3', 'Laerte5']
['Alessandro3', 'Valdo9', 'Tristano8', 'Enzo0', 'Sasha7', 'Doriana2', 'Nestore5', 'Artes8', 'Anselmo3', 'Edipo4', 'Kayla3', 'Irene7', 'Gioacchino7', 'Ludovico9', 'Muzio8', 'Loris4', 'Ruth1', 'Folco8', 'Ethan3', 'Egisto1']
['Amedeo5', 'Piersilvio3', 'Costanzo4', 'Timoteo4', 'Amedeo6', 'Nathan3', 'Iacopo2', 'Deborah9', 'Mariagiulia4', 'Leonardo0', 'Hector0', 'Gianantonio6', 'Marino8', 'Elsa0', 'Miriana9', 'Orfeo1', 'Caio2', 'Flaviana6', 'Edilio2', 'Lia2']
['Joshua0', 'Ermes4', 'Primo1', 'Orfeo4', 'Marina7', 'Kris2', 'Fiorenzo1', 'Baldassarre3', 'Miriam7', 'Eusebio6', 'Bortolo5', 'Eriberto1', 'Claudia6', 'Edipo5', 'Gilda5', 'Costantino7', 'Sarita4', 'Cleopatra1', 'Vinicio8', 'Ercole8']
['Ariel9', 'Kris3', 'Isabel1', 'Sarita7', 'Marino4', 'Claudia1', 'Bibiana6', 'Assia4', 'Karim1', 'Akira3', 'Laerte9', 'Lorenzo9', 'Marzio6', 'Dante0', 'Ivano3', 'Rosolino0', 'Primo3', 'Timoteo9', 'Rosalba8', 'Nazzareno0']
['Rosaria8', 'Penelope7', 'Marcella4', 'Fortunata6', 'Erminio9', 'Lamberto6', 'Ethan7', 'Samira6', 'Ercole2', 'Umberto6', 'Nathan2', 'Nestore8', 'Santo3', 'Iacopo1', 'Nico1', 'Walter3', 'Elda2', 'Graziano0', 'Mariagiulia9', 'Nestore3']
['Odone9', 'Michael9', 'Mirko6', 'Tazio7', 'Joseph3', 'Miriana7', 'Sibilla4', 'Fiorenzo7', 'Romeo2', 'Ilario9', 'Luigi7', 'Samira4', 'Xavier7', 'Lino4', 'Guido6', 'Eliziario6', 'Moreno5', 'Renzo6', 'Benedetta1', 'Diamante4']
['Orfeo9', 'Osea0', 'Jari0', 'Radames1', 'Folco3', 'Secondo5', 'Siro9', 'Sue0', 'Timoteo5', 'Gilda2', 'Anselmo9', 'Emanuel1', 'Zelida4', 'Cira8', 'Sebastian4', 'Giovanna3', 'Marianita7', 'Lidia0', 'Cirino1', 'Jelena1']
['Radames4', 'Elga3', 'Marieva7', 'Tancredi4', 'Cleopatra7', 'Nestore6', 'Arduino5', 'Raniero0', 'Alan9', 'Marina4', 'Elga8', 'Rocco9', 'Enzo6', 'Deborah4', 'Bettino8', 'Maika6', 'Damiana9', 'Ileana5', 'Nestore4', 'Gianmarco5']
