['Lucio', 'Staci', 'Ellen', 'Maura', 'Cyrus', 'Gayle', 'Tracy', 'Daisy', 'Devin', 'Issac', 'Leona', 'Fidel', 'Peter']
['Barry', 'Mable', 'Jayne', 'Wyatt', 'Essie', 'Ervin', 'Felix', 'Josie', 'Hazel', 'Nikki', 'Darin', 'Ollie', 'Rhett']
['Della', 'Mitzi', 'Jamar', 'Lydia', 'Cindy', 'Ariel', 'Elmer', 'Karin', 'David', 'Adele', 'Janet', 'Grant', 'Doris']
['Terry', 'Adela', 'Effie', 'Major', 'Zelma', 'Donny', 'Renee', 'Audra', 'Linda', 'Orval', 'Elena', 'Maria', 'Kevin']
['Julia', 'Tanya', 'Britt', 'Jared', 'Ebony', 'Ahmad', 'Louis', 'Jonah', 'Tasha', 'Annie', 'Julio', 'Bobbi', 'Lauri']
['Naomi', 'Jaime', 'Sheri', 'Dixie', 'Malik', 'Margo', 'Melba', 'Steve', 'Kayla', 'Tommy', 'Carly', 'Clark', 'Mikel']
['Candy', 'Willy', 'Erick', 'Dwain', 'Becky', 'Queen', 'Kirby', 'Randy', 'Bette', 'Amber', 'Roger', 'Leroy', 'Tonia']
['Ernie', 'Myron', 'Allan', 'Lorie', 'Cesar', 'Bruno', 'Aline', 'Marty', 'Dario', 'Nancy', 'Aaron', 'Quinn', 'Billy']
['Emery', 'Garry', 'Nadia', 'Percy', 'Maude', 'Marcy', 'Greta', 'Rhoda', 'Sadie', 'Jamel', 'Brock', 'Trent', 'Wally']
['Nelda', 'Mason', 'Lyman', 'Shaun', 'Claud', 'Dante', 'Marla', 'Pedro', 'Pearl', 'Perry', 'Amado', 'Roman', 'Donna']
['Vicky', 'Bryan', 'Casey', 'Mandy', 'Mamie', 'Flora', 'Sandy', 'Katie', 'Bryce', 'Rusty', 'Chong', 'Wendy']
['Josef', 'Moses', 'Clint', 'Corey', 'Erika', 'Irvin', 'Viola', 'Laura', 'Hilda', 'Micah', 'Helga', 'Ilene']
['Chang', 'Cliff', 'Holly', 'Basil', 'Berta', 'Alvin', 'Brian', 'Craig', 'Alice', 'Jacob', 'Teddy', 'Benny']
['Chris', 'Bryon', 'Avery', 'Carla', 'Patti', 'Ruben', 'Vilma', 'Eddie', 'Karen', 'James', 'Ronny', 'Elsie']
['Paige', 'Wendi', 'Edwin', 'Joyce', 'Buddy', 'Elias', 'Erica', 'Wilma', 'Freda', 'Odell', 'Terri', 'Chase']
['Danny', 'Fritz', 'Alton', 'Twila', 'Brent', 'Marci', 'Davis', 'Merle', 'Clyde', 'Tessa', 'Brady', 'Lorna']
['Dusty', 'Elvia', 'Roxie', 'Kathy', 'Robin', 'Homer', 'Moshe', 'Sonja', 'Arlen', 'Monty', 'Sally', 'Sammy']
['Leila', 'Sybil', 'Shane', 'Betsy', 'Clara', 'Mario', 'Randi', 'Sofia', 'Mitch', 'Sonny', 'Deann', 'April']
['Leann', 'Tyron', 'Wanda', 'Robyn', 'Hyman', 'Pansy', 'Lacey', 'Janis', 'Joann', 'Tammi', 'Daron', 'Lanny']
['Kelly', 'Debra', 'Rufus', 'Timmy', 'Olive', 'Misty', 'Verna', 'Emily', 'Brant', 'Jason', 'Elvin', 'Tonya']
