['am', 'Jacob', 'Judah', 'Brooks', 'Kaiden', 'Giovanni', 'Malachi', 'David', 'Miles', 'Killian']
['Noah', 'Brandon', 'Michael', 'Simon', 'Elijah', 'Diego', 'Ethan', 'Austin', 'Everett', 'Tyler']
['William', 'Luke', 'Gabriel', 'Brantley', 'James', 'Nathaniel', 'Richard', 'Micah', 'Jesus', 'Xander']
['Logan', 'Aaron', 'Jorge', 'Oliver', 'Riley', 'Kayden', 'Wesley', 'Vincent', 'Harrison', 'Julian']
['Benjamin', 'Owen', 'Lucas', 'John', 'Zane', 'Chance', 'Leonardo', 'Thomas', 'August', 'Ryan']
['Mason', 'Andrew', 'Rafael', 'Anthony', 'Daniel', 'Sebastian', 'Santiago', 'Jonathan', 'Luca', 'Alex']
['Alexander', 'Wyatt', 'Maxwell', 'Matthew', 'Isaiah', 'Andre', 'Nicholas', 'Mateo', 'Jace', 'Enzo']
['Aiden', 'Jack', 'Jaxson', 'Nolan', 'Walter', 'Jose', 'Charles', 'Axel', 'Graham', 'Brayden']
['Henry', 'Joshua', 'Dawson', 'Cole', 'Sean', 'Gunner', 'Kameron', 'Jayden', 'Justin', 'Miguel']
['Joseph', 'Josiah', 'Greyson', 'Jaxon', 'Dylan', 'Caleb', 'Colin', 'Jayce', 'Bennett', 'Jason']
['Jackson', 'Ivan', 'Steven', 'Samuel', 'Rowan', 'Timothy', 'Carson', 'Eli', 'Juan', 'Elias']
['Carter', 'Ezra', 'Weston', 'Cody', 'Christopher', 'Jeremiah', 'Ayden', 'Blake', 'Isaac', 'Kai']
['Grayson', 'Levi', 'Jordan', 'Waylon', 'Dominic', 'Zachary', 'Bryson', 'Grant', 'Joel', 'Jasper']
['Lincoln', 'Hunter', 'Robert', 'Maverick', 'Adriel', 'Rylan', 'Ashton', 'Adrian', 'Messiah', 'Jesse']
['Nathan', 'Declan', 'Cameron', 'Roman', 'Chase', 'Silas', 'Bentley', 'Theodore', 'Tristan', 'Elliot']
['Christian', 'Easton', 'Ryder', 'Alejandro', 'Dallas', 'Abel', 'Xavier', 'Jameson', 'Kenneth', 'Phoenix']
['Connor', 'Ezekiel', 'Braxton', 'Zion', 'Jude', 'Finn', 'Matteo', 'Derek', 'George', 'Erick']
['Landon', 'Amir', 'Victor', 'Leo', 'Evan', 'Ryker', 'River', 'Cayden', 'Martin', 'Asher']
['Hudson', 'Mark', 'Charlie', 'Myles', 'Parker', 'Avery', 'Omar', 'Zander', 'Damien', 'Stephen']
['Colton', 'Cooper', 'Ian', 'Kevin', 'Alan', 'Peter', 'Jeremy', 'Amari', 'Barrett', 'Emilio']
['Angel', 'Aidan', 'Bryce', 'Damian', 'Emmett', 'Holden', 'Colt', 'Gavin', 'Max', 'King']
['Adam', 'Leon', 'Javier', 'Edward', 'Tobias', 'Preston', 'Lorenzo', 'Gael', 'Dean']
['Sawyer', 'Marcus', 'Bradley', 'Jake', 'Maddox', 'Kaden', 'Bryan', 'Felix', 'Thiago']
['Luis', 'Calvin', 'Jonah', 'Carlos', 'Emiliano', 'Andres', 'Milo', 'Tucker', 'Patrick']
['Kingston', 'Camden', 'Emmanuel', 'Kaleb', 'Cash', 'Theo', 'Eric', 'Abraham', 'Paxton']
['Brody', 'Jax', 'Remington', 'Knox', 'Clayton', 'Zayden', 'Caden', 'Legend', 'Brian']
['Beau', 'Lukas', 'Israel', 'Maximus', 'Finley', 'Paul', 'Jaden', 'Emerson', 'Karter']
['Antonio', 'Oscar', 'Louis', 'Josue', 'Elliott', 'Hayden', 'Rhett', 'Nash', 'Karson']
['Nicolas', 'Kyle', 'Kyrie', 'Beckett', 'Brady', 'Griffin', 'Matias', 'Beckham', 'Tanner']
['Arthur', 'Archer', 'Corbin', 'Francisco', 'Manuel', 'Iker', 'Reid', 'Ace', 'Eduardo']
