['Takia', 'Abaan', 'Rosalio', 'Tahir', 'Adriene', 'Dainen', 'Markise', 'Aizik', 'Jamaine', 'Dorcas', 'Gunther']
['Zykerria', 'Evia', 'Adaley', 'Kalum', 'Chanze', 'Demetreus', 'Terriona', 'Gertrude', 'Lada', 'Ganon', 'Adysen']
['Kaeley', 'Meryl', 'Jaaziah', 'Olive', 'Larrissa', 'Sanae', 'Lilienne', 'Taye', 'Andriy', 'Lynia', 'Jaleesa']
['Brydan', 'Adanna', 'Basha', 'Carena', 'Shardae', 'Nakeya', 'Zinia', 'Ingrid', 'Montana', 'Hesham', 'Selena']
['Dereck', 'Alayasia', 'Aylana', 'Mykaylah', 'Mikyla', 'Lauralynn', 'Aleiyah', 'Jophy', 'Jovey', 'Jakelin', 'Dhyan']
['Cliff', 'Seleen', 'Saheim', 'Asha', 'Jasahn', 'Dessie', 'Michai', 'Shahid', 'Zoiee', 'Dairon', 'Yonason']
['Jayme', 'Camill', 'Khamil', 'Coraline', 'Avielle', 'Veena', 'Mezmariah', 'Braeley', 'Elway', 'Ilyn', 'Leilah']
['Mylie', 'Caliegh', 'Samauri', 'Lazaria', 'Tobias', 'Oluwatobi', 'Hannelore', 'Timia', 'Leib', 'Shanaiya', 'Zackrey']
['Johnavan', 'Marnae', 'Casandra', 'Liat', 'Jameisha', 'Estephanie', 'Dashun', 'Delara', 'Shamiyah', 'Gwendolynn', 'Nohely']
['Nishta', 'Jebediah', 'Halo', 'Daxx', 'Lizmari', 'Shanell', 'Nayara', 'Jarrell', 'Thadius', 'Dell', 'Brinleigh']
['Jarem', 'Fabrizzio', 'Bristol', 'Crystina', 'Lailani', 'Jaquis', 'Eleah', 'Jaydah', 'Merissa', 'Joed', 'Serenety']
['Carsten', 'Ori', 'Kitty', 'Zolin', 'Khloee', 'Ancel', 'Stefanny', 'Marifer', 'Byron', 'Tyannah', 'Ameerah']
['Marialy', 'Ellarie', 'Jesus', 'Eliziah', 'Tam', 'Marwan', 'Sheniyah', 'Aryeh', 'Sinia', 'Jamiyla', 'Marcellino']
['Elisah', 'Sincere', 'Seiry', 'Mumin', 'Sussy', 'Guadalupe', 'Vyncent', 'Dusan', 'Miley', 'Farah', 'Thien']
['Kobe', 'Jatziry', 'Bailynn', 'Aarohi', 'Devaun', 'Salif', 'Marik', 'Kaira', 'Zamyah', 'Shy', 'Kirrah']
['Bailei', 'Jandre', 'Sihaam', 'Doyle', 'Jersi', 'Aman', 'Noami', 'Kaeleen', 'Apollonia', 'Dhalia', 'Liann']
['Tafari', 'Desteni', 'Quintavious', 'Tayyab', 'Kenzington', 'Leighann', 'Handsome', 'Matt', 'Reynaldo', 'Tobechi', 'Kamora']
['Artie', 'Sashya', 'Kensleigh', 'Jamonte', 'Nancy', 'Kenniyah', 'Dragon', 'Haya', 'Gracia', 'Kairy', 'Taegan']
['Emree', 'Navia', 'Litsy', 'Anagha', 'Prakruti', 'Kimball', 'Hallei', 'Anela', 'Jasiya', 'Shiala', 'Hugo']
['Taigen', 'Cylah', 'Mylani', 'Eddieberto', 'Zyeir', 'Artyom', 'Jesalyn', 'Elysha', 'Tanyla', 'Britnee', 'Hashem']
['Charlize', 'Abdulrehman', 'Sagan', 'Rexford', 'Davidjr', 'Amonti', 'Yaire', 'Alison', 'Treyonna', 'Margie', 'Mikaelah']
['Chyna', 'Merary', 'Jirah', 'Atika', 'Rohil', 'Lamariah', 'Natasia', 'Mikelle', 'Trinitey', 'Jalyiah', 'Coi']
['Ricky', 'Tashvi', 'Brenya', 'Keyin', 'Jaeline', 'Evangelyne', 'Emmely', 'Denize', 'Zaahir', 'Amor', 'Donnovan']
['Aley', 'Sayd', 'Merlina', 'Khalee', 'Juliano', 'Stafford', 'Jaimarie', 'Antrone', 'Keili', 'Kirubel', 'Lilyonna']
['Avigail', 'Zahriyah', 'Jalilah', 'Daxen', 'Lukis', 'Amr', 'Fidel', 'Coulson', 'Vinnie', 'Fe', 'Trenise']
['Isaak', 'Vedika', 'Gor', 'Keyvin', 'Kyston', 'Jahred', 'Salmaan', 'Carine', 'Alainna', 'Satomi', 'Jamaad']
['Marcellius', 'Sevren', 'Mailen', 'Ahnaya', 'Alyiana', 'Tayseer', 'Kaleo', 'Inaki', 'Guy', 'Leni', 'Antonin']
['Masud', 'Sydelle', 'Yarisbel', 'Adaisha', 'Arsalan', 'Trystian', 'Jahlen', 'Aibhilin', 'Yavian', 'Tralyn', 'Dyami']
['Shakila', 'Blaine', 'Sabastion', 'Deedra', 'Jamear', 'Harlem', 'Milene', 'Yu', 'Rielly', 'Jomary', 'Gauge']
['Giankarlo', 'Jabes', 'Antwane', 'Azzareya', 'Emilie', 'Jeru', 'Abriyana', 'Shannel', 'Anwesha', 'Kaushik', 'Nalaya']
['Bright', 'Colie', 'Zayquan', 'Kenzo', 'Shamaiya', 'Rayne', 'Jaquan', 'Monserath', 'Azeriah', 'Quentyn']
['Alyze', 'Jerel', 'Kaymarie', 'Anastacio', 'Oviya', 'Ron', 'Deliany', 'Dominika', 'Nethra', 'Siena']
['Ettel', 'Tasi', 'Farha', 'Sevastian', 'Hayven', 'Kellon', 'Quintasia', 'Ryleeann', 'Lakiyah', 'Kenzlie']
['Makyra', 'Dea', 'Laticia', 'Marck', 'Ailene', 'Anadalay', 'Ally', 'Delisha', 'Rey', 'Chidi']
['Jeremias', 'Jema', 'Eeliyah', 'Janine', 'Deidre', 'Michaell', 'Giannie', 'Kariana', 'Jaleena', 'Jerriah']
['Feven', 'Keni', 'Thaddius', 'Jezzelle', 'Keemya', 'Mckaylin', 'Treyson', 'Ramses', 'Natsumi', 'Nakari']
['Kyo', 'Raphael', 'Gyzelle', 'Iris', 'Sameeha', 'Raymir', 'Larry', 'Griffon', 'Mircale', 'Shamyia']
['Derionna', 'Akasha', 'Kayliann', 'Suri', 'Dajana', 'Casondra', 'Yajahira', 'Zuzanna', 'Deriyon', 'Jos']
['Yarithza', 'Benito', 'Kameryn', 'Anouk', 'Raeleigh', 'Vivica', 'Ishmel', 'Keion', 'Osmin', 'Srinath']
['Katalina', 'Jdan', 'Spartan', 'Niemah', 'Donnelle', 'Amritha', 'Loni', 'Venezia', 'Noha', 'Malaja']
['Hakop', 'Kaymi', 'Tacori', 'Shalonda', 'Sharlene', 'Jemiah', 'Asa', 'Abhinav', 'Nitzia', 'Kemily']
['Ayahna', 'Fox', 'Analiah', 'Mykenna', 'Katarina', 'Tajuan', 'Cyris', 'Alaija', 'Serra', 'Orren']
['Danyca', 'Renyah', 'Marrius', 'Bow', 'Cynae', 'Kapena', 'Janesha', 'Aysenur', 'Ebany', 'Julia']
['Soriya', 'Xaviel', 'Jacob', 'Rock', 'Maude', 'Nakaya', 'Abdoulaziz', 'Aayana', 'Charlett', 'Azavier']
['Emmanuela', 'Khila', 'Shelbee', 'Jazir', 'Alieyah', 'Jekeria', 'Helaman', 'Mariaelena', 'Kvaughn', 'Abdulraheem']
['Adeleine', 'Jailon', 'Lealand', 'Nidhi', 'Vanesa', 'Citlally', 'Detravion', 'Kinzie', 'Cicily', 'Mikea']
['Mylez', 'Jax', 'Soniah', 'Cisco', 'Cordai', 'Tralaya', 'Endi', 'Kay', 'Aanyah', 'Armita']
