['Carson', 'Nicole', 'Yevette', 'Byron', 'Hilario', 'Kurtis', 'Chan', 'Zoraida', 'Tarah', 'Ok', 'Piedad', 'Kristopher']
['Sharlene', 'Angeline', 'Clinton', 'Deana', 'Kristi', 'Tressa', 'Jeremy', 'Elena', 'Ema', 'Hiroko', 'Loura', 'Toya']
['Marvin', 'Alexa', 'Millicent', 'Felix', 'Cortney', 'Rachel', 'Kendall', 'Zena', 'Tiffani', 'Horace', 'Eugene', 'Darwin']
['Annabel', 'Gerardo', 'Beverley', 'Clarissa', 'Jan', 'Xavier', 'Clifton', 'Inga', 'Xuan', 'Tina', 'Carmon', 'Dong']
['Marci', 'Clarence', 'Darnell', 'Princess', 'Mariette', 'Dorene', 'Saul', 'Olevia', 'Pinkie', 'Bonnie', 'Alethia', 'Elvia']
['Refugio', 'Whitney', 'Claudie', 'Marquitta', 'Madison', 'Vernia', 'Rodrigo', 'Glenna', 'Chas', 'Jina', 'Trena', 'Meagan']
['Lucas', 'Heide', 'Ryann', 'Dagmar', 'Hershel', 'Lashay', 'Fanny', 'Camelia', 'Chester', 'Enola', 'Cleotilde', 'Eve']
['Helene', 'Lamonica', 'Sharell', 'Earnest', 'Oneida', 'Ron', 'Cassie', 'Dusti', 'Danita', 'An', 'Kay', 'Sherwood']
['Lana', 'Kyung', 'Joanne', 'Martin', 'Oma', 'Elliott', 'Shavon', 'Danial', 'Angella', 'Clyde', 'Shaun', 'Marcos']
['Rima', 'Garret', 'Louella', 'Jade', 'Lorelei', 'Savanna', 'Lilly', 'Lue', 'Son', 'Laticia', 'Alton', 'Winford']
['Doyle', 'Caitlyn', 'Lasonya', 'Shonda', 'Reita', 'Gisela', 'Destiny', 'Phylis', 'Margart', 'Odell', 'Antoinette', 'Latia']
['Shelton', 'Aaron', 'Dewitt', 'Roxane', 'Kylie', 'Claretha', 'Laraine', 'Amada', 'Randa', 'Retta', 'Arcelia']
['Kimbra', 'Irma', 'Rachael', 'Kitty', 'Chun', 'Ocie', 'Kasey', 'Garland', 'Naida', 'Eustolia', 'Marquis']
['Tamisha', 'Emmanuel', 'Stephani', 'Carolee', 'Marvis', 'Rolando', 'Raul', 'Valorie', 'Joan', 'Elicia', 'Robert']
['Alicia', 'Dewayne', 'Charisse', 'Alvera', 'Raleigh', 'Honey', 'Jefferey', 'Tracie', 'Marcella', 'Hillary', 'Debora']
['Oscar', 'Miranda', 'Treena', 'Marlo', 'Alane', 'Joelle', 'Leila', 'Glenda', 'Irena', 'Adah', 'Delmar']
['Jeffrey', 'Flavia', 'Charmaine', 'Orval', 'Alex', 'Eloisa', 'Lezlie', 'Annamarie', 'Aretha', 'Kim', 'Rosalee']
['Vivien', 'Theo', 'Rosalba', 'Grant', 'Travis', 'Ella', 'Wes', 'Bertha', 'Jami', 'German', 'Michaela']
['Hassan', 'Nieves', 'Leilani', 'Alvin', 'Lauren', 'Marilynn', 'Logan', 'Verona', 'Clara', 'Porter', 'Chang']
['Hayden', 'Riley', 'Gerard', 'Lola', 'Griselda', 'Kelly', 'Kris', 'Jacque', 'Johnny', 'Lizabeth', 'Sharilyn']
['Renetta', 'Altagracia', 'Edmond', 'Imogene', 'Pearlie', 'Jay', 'Sharan', 'Nathalie', 'Nadia', 'Oswaldo', 'Florencio']
['Hortense', 'Lucia', 'Elfrieda', 'Tameika', 'Sheldon', 'Eufemia', 'Marcie', 'Russell', 'Kareem', 'Florinda', 'Audie']
['Stanley', 'Jesus', 'Marion', 'Lyn', 'Freddie', 'Percy', 'Sharla', 'Alexandra', 'Merrill', 'Hui', 'Naomi']
['Alfred', 'June', 'Vincenzo', 'Dora', 'In', 'Artie', 'Latoya', 'Leontine', 'Osvaldo', 'Elenora', 'Loren']
['Chance', 'Joye', 'Louise', 'Darrel', 'Janetta', 'Clarinda', 'Nickolas', 'Mariah', 'Isabel', 'Loria', 'Jama']
['Clarice', 'Tanisha', 'Neida', 'Harvey', 'Cristi', 'Terry', 'Jennie', 'Frederic', 'Kirstin', 'Murray', 'Selma']
['Tai', 'Renea', 'Vernon', 'Lyndon', 'Taneka', 'Antonette', 'Mariano', 'Tamala', 'Houston', 'Spencer', 'Almeta']
['Dion', 'Trey', 'Antonina', 'Lisa', 'Junior', 'Jae', 'Christiane', 'Esperanza', 'Deirdre', 'Tammi', 'Tyisha']
['Brendon', 'Allena', 'Ambrose', 'Elvie', 'Hyun', 'Anabel', 'Randall', 'Rita', 'Susan', 'Nohemi', 'Easter']
['Dorthea', 'Vada', 'Leonida', 'Herlinda', 'Leonard', 'Stanford', 'Jeanette', 'Milissa', 'Pa', 'Susannah', 'Juliet']
