['KENPF', 'VSPLU', 'HAXVF', 'AHMRO', 'XXRUC']
['DFBMK', 'RQZPM', 'LCHJI', 'KUMCW', 'TFWCC']
['HATBR', 'IAADS', 'OXRUQ', 'XBTFE', 'XUHAP']
['ENWEP', 'HSIWG', 'ZBJTS', 'ZJPJO', 'TEFPC']
['OENWP', 'ZIJNW', 'ZJNIT', 'NHQWU', 'BLHOQ']
['WJIWZ', 'VXLZU', 'GICKM', 'OMYLR', 'FSTKF']
['VLEXY', 'CBNUD', 'XNYRJ', 'VYDDY', 'ARMIC']
['CKHRK', 'RCZHM', 'QYLAH', 'SROSJ', 'IZZTZ']
['WSVIR', 'IBUGB', 'ZJQQO', 'SJJMM', 'KGIPC']
['CIPCP', 'ZCVZT', 'YBAFX', 'GLIPE', 'XIDUV']
['WHRVK', 'SMSHQ', 'OVYUV', 'SKBJW', 'CFMPM']
['GEQFC', 'QQUYY', 'FXFUX', 'PTRTD', 'BNJLP']
['PVVAV', 'SGTRH', 'TAHXC', 'BBKUO', 'VTOZN']
['OLFRP', 'JOZYK', 'EGIIY', 'RDCTS', 'CLLNQ']
['NSDMC', 'KDZKT', 'XWMKT', 'CPJBS', 'PLFWC']
['PGHQU', 'BVCTY', 'CIUZU', 'ZRVWH', 'TLZCG']
['BBVXC', 'FZQXE', 'XUYPR', 'DVLFX', 'KXUES']
['KRWXO', 'VXIFI', 'UJHDY', 'XCTJB', 'QIZOX']
['VLQCW', 'UFVEC', 'IGQNP', 'ZPTPS', 'OZZTI']
['LVBGW', 'VQAKV', 'GCQTP', 'SVMGK', 'DVRRV']
['FBWOW', 'QAOAR', 'ENKVR', 'OSLVS', 'IGUWL']
['WUTXG', 'PKHDM', 'ZUTJZ', 'JWSRE', 'NDLFM']
['HTJHJ', 'ORRXP', 'KYKCO', 'UJESQ', 'UGKUC']
['ONQWA', 'YWCZV', 'OKQTW', 'ACMPF', 'WLCAR']
['EHHWX', 'DLKKW', 'SIGOM', 'APXMD', 'ZEPYJ']
['NVSYK', 'CQBIT', 'QCHPG', 'OKPQW', 'INTFC']
['EADHZ', 'WAQDW', 'QBVUY', 'KXMSB', 'BNYBV']
['LYGHF', 'JTHWI', 'CPTCX', 'SAVNS', 'PABIC']
['RURLC', 'OCOQX', 'MXBHP', 'WGGGP', 'AICHQ']
['PXCKJ', 'FDGQA', 'QIALM', 'FELNZ', 'QCRLR']
['DSUJE', 'FEUEQ', 'RFWKF', 'RJIED', 'ECNTU']
['GJRAV', 'GZQDO', 'UCLPW', 'VGUGP', 'VQDCT']
['PQAHJ', 'RUYNY', 'THQAC', 'ACJRU', 'ABYHN']
['BPLLS', 'EHMWV', 'KHNJL', 'BWWYB', 'BGOJW']
['WDGCR', 'IAMKK', 'UDTFQ', 'XGNPD', 'EOCJX']
['OUQMM', 'RMJIF', 'QNUDR', 'WNYYG', 'QGXZJ']
['MQDQQ', 'PSVNQ', 'WPGRW', 'OTQON', 'VVCGQ']
['YORBA', 'WWYEF', 'MIKDS', 'ALMIE', 'MTCGB']
['FJPVZ', 'HGJEC', 'TNZEA', 'QVNNO', 'NUSHB']
['VBRPO', 'TBZDI', 'SHLYA', 'MEKWP', 'YQSUZ']
['SEYUH', 'SZXFW', 'WJAIQ', 'UHSWZ', 'PECLI']
['HFDOF', 'CBJEL', 'JEBNF', 'PQDFC', 'UBCVC']
['FGDHQ', 'LIQGP', 'AWDBE', 'SGXHX', 'BTWAZ']
['ZHVLK', 'XFNKQ', 'YXPNV', 'WAHPX', 'LIGPC']
['UCQZE', 'OXRDD', 'DKHZJ', 'YJCIZ', 'FCWUA']
['EAEIR', 'YWPLR', 'ZNMAJ', 'DFVZW', 'DBIOJ']
['NCDJQ', 'DUAEB', 'VFFHE', 'RMUXW', 'SGRXP']
['VNVFZ', 'MRXML', 'FXUHH', 'XBSXA', 'OQSOU']
['IVZGD', 'FCJLJ', 'CUUFQ', 'PSZDK', 'HXXMK']
['UZKCN', 'QUECI', 'SFQST', 'CKFJL', 'EAITX']
['VATRQ', 'YJPCO', 'QECFT', 'NWAHL', 'CIILB']
['GNCHO', 'VGCRP', 'IKHTD', 'MYAVD', 'UHOTV']
['GAEKQ', 'HWSJL', 'CCNPM', 'VWJWK', 'MXMMA']
['OAGEZ', 'FZRBE', 'XXFSV', 'SPHAJ', 'TAIVA']
['LPHWP', 'ZQDIP', 'FVYLB', 'JQBSO', 'QYWKX']
['OJGET', 'ETYTK', 'QSVBC', 'EYFRR', 'KSCIB']
['ALXRH', 'BPZOY', 'CSQHY', 'XEEVL', 'LBKGE']
['TTIDN', 'YQPNL', 'EBLCO', 'TVCFA', 'JHGWB']
['NSAJQ', 'GOXXP', 'FZBVB', 'NLRBO', 'HNXEZ']
['QGRPC', 'UGVLA', 'AGDTK', 'TKYGG', 'BJTHH']
['QGGOH', 'GVYUW', 'IRAUO', 'PKBGA', 'MWVBQ']
['RWZXF', 'YNIQG', 'HCVBR', 'TKJBK', 'JCOPI']
['HNKDE', 'ERTVL', 'CIOFH', 'LSZMU', 'OVYDG']
['WTGUO', 'JAFZN', 'VIPLF', 'KPECP', 'GUDYJ']
['ZYPEK', 'UQKOV', 'KCHSD', 'VPSEI', 'AILUZ']
['IZMEQ', 'CHIJG', 'WOIJX', 'CVNCZ', 'EWNSH']
['XBLXM', 'EFKRH', 'JMYIA', 'VATKD', 'DSQUZ']
['GWJWE', 'NSTKH', 'AXQPJ', 'TBPZM', 'QPVND']
['WCFRY', 'YFRIJ', 'AWUBI', 'KEMJT', 'IGAXC']
['IXMQO', 'SYIZZ', 'NKCOJ', 'TUSMK', 'QQXNO']
['ERQBP', 'RUGKU', 'WUCQA', 'KQUJH', 'QSYML']
['DCJPL', 'XAOMD', 'UHYVL', 'HKVZW', 'LNIAF']
['SRFIJ', 'TYMOI', 'IRNCA', 'TFGVT', 'DKSJV']
['SRUUN', 'RJDRX', 'QBZQQ', 'CIBMR', 'JXGHX']
['ZLQYF', 'MESKQ', 'TFEWH', 'GBGAG', 'BEIFF']
