['Tine', 'Bhayani', 'Padget', 'Latimer', 'Woodhead', 'Grimona', 'Zelma', 'Rhonda', 'Everick', 'Lacy', 'Anuska', 'Burkhart', 'Risteau', 'Ardehs', 'Hatch', 'Kerianne', 'Yerxa', 'McCoy', 'Lombardi', 'Shanly', 'Kronick', 'Hillel', 'Hermon', 'Delila', 'Cerracchio']
['Klute', 'Thorman', 'Chae', 'Firman', 'Dietrich', 'Smukler', 'Zobe', 'Sandeep', 'Bui', 'Tennes', 'Caines', 'Gillian', 'Tiphane', 'Selma', 'Beebe', 'Mikol', 'Kinzer', 'Berneta', 'Antonetta', 'Ber', 'Tavy', 'Cicely', 'Yim', 'Kaufmann', 'Joed']
['Agosto', 'Dotson', 'Hittel', 'Akeyla', 'Tillford', 'Elburr', 'Sumer', 'Bran', 'Gowrie', 'Vesta', 'Deni', 'Flemming', 'Eleni', 'Salomi', 'Safire', 'Micheal', 'Mokas', 'Elberta', 'Letta', 'Beaver', 'Flieger', 'Bevon', 'Corkhill', 'Dela', 'Gombosi']
['Jessalin', 'Balling', 'Jori', 'Minier', 'Lenhart', 'Avril', 'Mauchi', 'Cavallaro', 'Knute', 'Melisa', 'Hamlin', 'Farro', 'Moonier', 'Girardo', 'Hakim', 'Tarkany', 'Ashford', 'Sigsmond', 'Monahan', 'Hadleigh', 'Jason', 'Winebaum', 'Pinto', 'Velda', 'Rik']
['Celestyn', 'Elihu', 'Ratcliffe', 'Davidde', 'Rodolphe', 'Ashman', 'Vaish', 'Augustina', 'Berner', 'Danuloff', 'Serafine', 'Eudocia', 'Hannover', 'Doroteya', 'Leod', 'Ginzburg', 'Hong', 'Marilou', 'Prebo', 'Arianna', 'Larson', 'Cloots', 'Danna', 'Halimeda', 'Birck']
['Formenti', 'Buxton', 'Coh', 'Merth', 'Lauree', 'Cardwell', 'Carrillo', 'Robbin', 'Chancellor', 'Antonino', 'Gerianne', 'Katzir', 'Chemush', 'Earlene', 'Roanna', 'Buckler', 'Ebneter', 'Melda', 'Marijn', 'Griswold', 'Ottinger', 'Fruin', 'Darsie', 'Matthew', 'Acacia']
['Faunia', 'Jenkel', 'Dumas', 'Tay', 'Maribel', 'Wendye', 'Evangeline', 'Fredkin', 'Chaddie', 'Ruhnke', 'Franek', 'Kudva', 'Karlise', 'Desi', 'Glenn', 'Biggs', 'Virginia', 'Mushro', 'Oakes', 'Adolphus', 'Ultun', 'Polish', 'Ludovico', 'Australia', 'Janenna']
['Genie', 'Yarvis', 'Uta', 'McKinney', 'Aviv', 'Eilis', 'Hankins', 'Harland', 'Woo', 'Tessy', 'Ammadis', 'Janaya', 'Henrique', 'Udell', 'Saville', 'Zandt', 'Marina', 'Swanhilda', 'Donn', 'Barby', 'Lawler', 'Benilda', 'Hotze', 'Towne', 'Newton']
['Lamson', 'Vonni', 'Maye', 'Galligan', 'Lynnelle', 'Merola', 'Won', 'Javler', 'Emmer', 'Sheeran', 'Clea', 'Fabrice', 'Prince', 'Nicolis', 'Starinsky', 'Emelia', 'Cherry', 'Stephenson', 'Mansoor', 'Brazee', 'Ursi', 'Girovard', 'Tuttle', 'Gunn', 'Jestude']
['Nanette', 'Perloff', 'Nestor', 'Griffin', 'Turrell', 'Scherman', 'Charin', 'Myrvyn', 'Bounds', 'Matthaeus', 'Rani', 'Jillana', 'Holey', 'Busey', 'Dedric', 'Hook', 'Hett', 'Basso', 'Stearns', 'Placido', 'Haldane', 'Delinda', 'Hayyim', 'Hillegass', 'Sosanna']
['Worlock', 'Summons', 'Sinnard', 'Pippo', 'Dowlen', 'Watson', 'Jenness', 'Clere', 'Milore', 'Manaker', 'Fausta', 'Bruns', 'Lou', 'Krystalle', 'Schreck', 'Odin', 'Arel', 'Balliett', 'Wistrup', 'Wight', 'Cyd', 'Masterson', 'Holofernes', 'Baldridge', 'Cutty']
['Nance', 'Leanna', 'Barnett', 'Fairfax', 'Nisse', 'Schnabel', 'Cristiona', 'Coumas', 'Proudfoot', 'Winer', 'Dimitry', 'Les', 'Rocray', 'Toh', 'Gwenette', 'Hardej', 'Grath', 'Nessy', 'Puklich', 'Colly', 'Renick', 'Adriane', 'Damon', 'Janerich', 'Neva']
['Bernj', 'Ferro', 'Felise', 'Klapp', 'Favian', 'Maude', 'Norean', 'Eno', 'Shepp', 'Lindell', 'Nannette', 'Emelita', 'Nafis', 'Neille', 'Halstead', 'Lotus', 'Cataldo', 'Hudis', 'Meras', 'Groos', 'Paulita', 'Wunder', 'Osrick', 'Ursola', 'Mitchiner']
['Billy', 'Brittnee', 'Shannah', 'Ragland', 'Reste', 'Hawger', 'Cristoforo', 'Love', 'Noyes', 'Marijo', 'Dole', 'Jobyna', 'Jeniece', 'Ashling', 'Elmira', 'Sievert', 'Bello', 'Pappas', 'Blondell', 'Kassi', 'Verras', 'Crean', 'Debera', 'Ruyle', 'Yasu']
['Lon', 'Nath', 'Harriet', 'Hako', 'Shea', 'Larry', 'Livingston', 'Volkan', 'Converse', 'Alf', 'McIntosh', 'Dett', 'Tristam', 'Malo', 'Sachi', 'Hanway', 'Behlau', 'Fast', 'Flo', 'Sandstrom', 'Plantagenet', 'Freddy', 'Till', 'Margeaux', 'Blasius']
['Fidelio', 'Shelbi', 'Carter', 'Lentha', 'Saylor', 'Oscar', 'Balcer', 'Moyers', 'Vikky', 'Candyce', 'Costin', 'Utica', 'Binette', 'Darrow', 'Erlewine', 'Dearman', 'Lynett', 'Tutankhamen', 'Willis', 'Vevay', 'Cheria', 'Adaurd', 'Shelby', 'Clovah', 'Clymer']
['Felicie', 'Weirick', 'Carlick', 'Cal', 'Jorgenson', 'Feinstein', 'Barsky', 'Dott', 'Holton', 'Foulk', 'Questa', 'Ardys', 'Atkins', 'Japeth', 'Ng', 'Pryce', 'Ciapas', 'Nari', 'Grochow', 'Higgs', 'Harmony', 'Kimon', 'Lunetta', 'Jehiel', 'Lux']
['Saudra', 'Neveda', 'Ches', 'Rue', 'Kile', 'Raynor', 'Rombert', 'Ted', 'Edrick', 'Wing', 'Crompton', 'Karie', 'Dare', 'Alvinia', 'Groh', 'Lyle', 'Utas', 'Minda', 'Lamb', 'Quitt', 'Danais', 'Jimmy', 'Saxen', 'Catherin', 'Fadiman']
['Lenes', 'Eldwen', 'Derril', 'Fokos', 'Gibun', 'Florentia', 'Bluhm', 'Gloriana', 'Fillender', 'Montagna', 'Leiser', 'Ainslee', 'Lorilyn', 'Willetta', 'Meingolda', 'Auroora', 'Fitz', 'Tonya', 'Karon', 'Morville', 'Druce', 'Holms', 'Uchida', 'Ebba', 'Rooke']
['Enid', 'Derinna', 'Midian', 'Epstein', 'McCullough', 'Ubana', 'Mackenzie', 'Ace', 'Mathur', 'Demetria', 'Koetke', 'Dulcea', 'Pontius', 'Raul', 'Kylah', 'Kanya', 'Astto', 'Fifine', 'Ferullo', 'Durante', 'Uzzia', 'Danita', 'Melburn', 'McClimans', 'Kerwon']
