['ISX', 'bAf', 'fQ3', 'Zc5', 'QEF', 'MQT', '17Q', 'zfK', 'cmd', 'nc0', 'UPL', 'jGk']
['EoI', 'CwC', 'oSh', 'Hyj', 'mUL', 'Z7b', 'JYa', 'f9z', 'ux2', 'KGR', 'Twl', 'uVg']
['ptf', 'xRH', '8VG', 'gkI', '0gI', 'QDa', 'wgA', 'dvU', 'BPL', 'FEQ', 'X5a', 'HWv']
['W4L', 'PPi', 'qPq', 'etm', 'XHa', 'dSZ', 'VPb', 'tEu', 'rXN', 'USE', 'oUs', 'xqY']
['IJ1', 'Ihb', '5Li', 'GpL', 'sfk', 'wqW', 'ZFU', 'Kn8', 'tK7', 'TUB', 'Fws', '2mv']
['blA', 'aTI', 'U0Z', 'GUX', 'kYz', 'b99', '1xS', '4p5', 'h3r', 'LiP', '70K', 'iGU']
['txp', 'xpw', 'pf5', 'DoC', 'vyM', 'Qa3', 'Hxo', 'kte', 'YEe', 'Afe', 'IU6', 'Qyh']
['u1N', 'hHB', '1aX', 'a4K', 'AK4', 'xLA', 'KZy', 'u9Q', 'tKI', 'sKX', 'JyM', '0ID']
['1gc', 'P8b', 'NGB', '1QY', 'qLD', 'zEh', 'PoH', '27J', 'iba', 'XlR', 'Pas', 'Xim']
['3QX', 'VoJ', 'nqI', 'x86', 'nf5', '28R', 'Epk', 'LTB', 'Tn8', '69w', 'AKr', '6pB']
['klv', 'PiG', 'uH4', 'NqO', '4nb', 's3z', 'U4K', 'iFt', 'WLk', 'cFa', 'zTH', 'x8V']
['slQ', 'Jla', 'dNX', 'YMC', 'dLc', 'jWX', 'ZxX', 'JWV', 'uZt', 'tfQ', 'euj', '8uz']
['U0P', 'YUZ', 'vJC', 'Ot9', 'Qtt', 'E2A', 'nQj', 'Mvm', 'Hi0', '96X', 'kZ0', '8j5']
['NXP', 'gEp', 'upV', 'X9s', 'hQH', 'h6l', '5qS', 'mGb', 'NyP', 'Eou', 'uGP', 'Gu6']
['aZv', 'PqY', 'H9O', 'F9o', 'psG', 'G2k', 'jEj', 'zgJ', 'I2i', 'mFO', 'rmu', 'hiF']
['c3v', 'iiE', 'VCH', 'tFU', 'oak', 'WXJ', 'rYU', 'X5J', '4KN', 'wGp', 'HvR', 'O2z']
['qDy', 'rgC', 'mIe', '8uu', 'hct', 'gTC', 'QhQ', '4gy', 'i9C', '6ro', 'W8n', '4Nd']
['Jgp', 'W2Z', '5U2', 'emD', 'Ql9', 'btz', 'wwD', 'gWT', 'd60', 'SV9', '00m', 'eGG']
['Ns3', 'D5B', 'SiL', 'Fmb', 'Swe', 'ZNv', 'xz4', 's1n', 'YBr', 'PQT', 'cEk', 'SMj']
['3kn', 'lsG', 'Itn', 'g08', 'KS2', 'FkC', 'ULj', 'J8r', 'i4H', 'nQv', '6Hl', 'ewc']
['Hbr', 'WLo', 'mcI', 'nkl', 'ttO', 'cDc', 'bLd', 'SFn', 'ZQL', '9F9', 'rz4', 'SmS']
['n99', 'Ke0', 'mLL', 'XMr', '0oy', 'ZVF', 'EJD', 'oZQ', 'MNb', 'tpP', '5i6', 'JfN']
['KRy', 'yLV', 'mLF', '8nm', '19T', 'ZY3', 'JLF', 'NiX', 'AHs', 'gfv', 'Wmv', 'czy']
['hYw', 'PJa', 'kiK', 'JcP', 'hdp', 'jFu', 'uii', 'bA6', '5zB', 'e8d', 'PlJ', 'VVW']
['gVV', 'EJa', 'iTo', 'YFC', '2UA', 'rMd', 'lKO', 'iW8', 'VAV', '4fp', 'MrD', 'AJT']
['fFJ', '1uW', 'D40', 'yAp', 'aLB', 'Bfu', '1RB', 'gEU', 'b7z', 'e8H', 'stN', '0RD']
['CU9', 'iS6', 'GRw', 'vca', 'uQL', 'FbA', 'BDE', 'zfD', '0Qs', 'FzE', 'dlb', 'IZQ']
['a55', 'qkE', 'CYA', '2vJ', 'xxJ', 'xx7', 'UDc', 'OCL', 'b9f', 'rGT', 'pTi', 'WB2']
['j3s', 'UmG', 'bDO', '9ug', 'gE4', 'fKV', 'AcJ', '4LY', '5jv', 'm5j', 'JVP', '6sH']
['s6M', 'B99', 'L1u', 'rC8', 'z1H', 'tm4', 'kT2', 'YNK', 'Qti', 'fFE', 'H68', 'BV4']
['oPH', 'N08', 'I2S', 'nRH', '9NA', 'HkK', 'e6S', '6na', 'VZ7', 'qmj', '6Ip', 'Y2z']
['v6U', 'ziA', 'mRG']
['oSw']
['81k']
['5n5']
