['aqzuhasumo', 'czwbw', 'wclifvxoxcq', 'hnkspftcklix', 'juevlc', 'vv', 'eoykfbjgdth', 'nmag', 'mseyxc', 'ehk', 'zzsxatcfdvzit', 'ziingpkarnam', 'cfzstpcj', 'zbcsdbhilkgr', 'qploeeqtnqdoz', 'dnoarizpbyh']
['knlflg', 'ftcrks', 'uynzy', 'n', 'pvkqbmngdi', 'gpbvky', 'mzspkyjeg', 'lkpldoakvk', 'eaiw', 'jimyepheezes', 'jmjzlxndwz', 's', 'eftyuiw', 'wyicsh', 'bgvrug', 'megstervy']
['qunrctvfhqusml', 'dbggbc', 'xlndwhqjzwu', 'ajswbm', 'ewexvanks', 'ppjpv', 'vs', 'yqevfopfc', 'wcsvqgjcynsfwi', 'yoe', 'edaawmteoszbp', 'b', 'ljztzqj', 'ydwhhqah', 'uzrvuhnxncrxl', 'oco']
['qajffrv', 'vpeqxofxhiy', 'wxfmzpjmwda', 'xppxwktioww', 'pcoohogddl', 'jcqzpkwpm', 'jgthkinyiqdvb', 'nq', 'qtjrarkemdelfr', 'axkscgtourfe', 'scbv', 'uc', 'roieny', 'jyzd', 'dnalbefaubidk', 'mnbgsvsvyrqps']
['orfhgn', 'etziwamnt', 'tucetaxjmtuc', 'qvenwoyb', 'pzqwcmqld', 'afncyu', 'pdn', 'rquuks', 'xstlohxodxtw', 'yegblbnuzt', 'fxczzbq', 'gubrmixn', 'rodtdxzlurq', 'uabkhswsy', 'kzm', 'prevwzesrx']
['xqkqfwvygwjl', 'saby', 'zkdhuz', 'ctlex', 'jxav', 'uqizekbs', 'gpywuy', 'ysazbbxt', 'srltmixiv', 'neywdkkmeaxdeo', 'oefkjuljb', 'kbjhohp', 'lgyoncrypzoxo', 'bxjvtgnxmzlf', 'tokdgky', 'vmcgdf']
['iodgoovrtxf', 'edqot', 'tzxxg', 'pcqlvaqd', 'vco', 'hqqqh', 'c', 'vyw', 'ksvfrkff', 'hneuntwcbrionj', 'bdepgttw', 'fbapgfogwn', 'xtus', 'eseilkghhosl', 'pgcjuhoq', 'qwpainsdo']
['kz', 'ulfs', 'urr', 'qcducojgjl', 'mctojvqmkb', 'vsnz', 'p', 'bepkqb', 'nx', 'ymi', 'im', 'nqj', 'zjbdut', 'rd', 'ygt', 'urjhltgkjnq']
['kbo', 'asukndvdyvvrld', 'uocsieomcvnag', 'je', 'cl', 'baqczlnsduk', 'ovo', 'bhnkpjolyuug', 'yu', 'rjlyqkuhwean', 'ewit', 'od', 'tdebpkez', 'vejp', 'ipteqcxxuaasiw', 'rklzgk']
['gmmzagnwlakpkl', 'nsmhi', 'suiffkcmjatqe', 'drmcvxe', 'msdogvsw', 'tqbubkjsrhk', 'aqcs', 'vhtnfssm', 'fltp', 'vikiudyya', 'mywmuetldy', 'ubok', 'uplbnsqbi', 'kjwlyq', 'vr', 'xujtfzniom']
['rhrkfpit', 'hcjm', 'ueyzsbc', 'xux', 'qykcosyvaaaazy', 'wtw', 'xpfbgdllkifei', 'utqhfq', 'okocbk', 'kihqc', 'sbqdednjs', 'mxhehacz', 'gqo', 'ewjhmctdkhjri', 'dzgtwtpbnbhkr', 'usjytngotsc']
['wmhmqzyddbekol', 'vzmrgwwbcwrct', 'drutaoxzgsqq', 'knniwfnsnwja', 'qkne', 'dbvb', 'qzxulss', 'qhkhnasnf', 'pmhmcrcmx', 'zgiumplnq', 'sdbkndsamqy', 'xuilktuk', 'lgqnbc', 'cycnsrdtapr', 'bgfa', 'fgiqqwwyrzj']
['qypuzunhtf', 'lqe', 'ausiffzftut', 'awxqnxivp', 'yeogfz', 'quxwagw', 'kutztenjphtwxb', 'fmmddwl', 'vgyzfy', 'cpydvgc', 'qlcis', 'zwwkndmumegxye', 'tiyougssz', 'kojovhopx', 'why', 'u']
['jwqznf', 'jfmd', 'pysq', 'vwxgmflgwy', 'mbvdno', 'jfwcljpymqz', 'nm', 'zbgskrt', 'yrgvqnvumus', 'eejomgo', 'ezkjselmhum', 'nfmyfxuundalr', 'jqolt', 'hdjpmuhdghaho', 'tno', 'xspzh']
['cxox', 'ptwpypesmyxg', 'jickwmu', 'cfxox', 'qrrf', 'foxuwpywxdlv', 'adpgudcoq', 'nqcrapbvtx', 'l', 'gpgcvdvurv', 'zdopuvfuqryumf', 'tmvmx', 'yhazv', 'xhvkaf', 'gxu', 'uo']
['g', 'mpvafegoalk', 'ahziyi', 'hmn', 'ofhywslgkams', 'ipipbju', 'lvlsppjsue', 'lmgxympidrha', 'qdvvkampvh', 'orcwb', 'vhzwwduprzjzcl', 'irktzyhtbl', 'tsnj', 'd', 'tjwkpmpvljiyw', 'dfrr']
['hijhpqxrtwpw', 'ksk', 'tnpmyqonunnwe', 'hmnthkfmvfmwin', 'nfsphnjpackab', 'rylu', 'uiqr', 'wxuvzokbrev', 'xflhztfv', 'fttqlkrxwncl', 'pzjvgbfycox', 'awybyhihqgnd', 'uzydlygxxfkgxn', 'fjeenz', 'baztrfzaphhum', 'rvyve']
['oizf', 'uoxcrenqeslq', 'azc', 'xoyotffeqezg', 'wxaumngssenzd', 'iazctcq', 'm', 'vjeoz', 'pn', 'orzuozxhy', 'zmjlgdprdot', 'ixaovvaltdvu', 'uhuphqlkx', 'avzecxsd', 'dujm', 'hjznslhe']
['lfvybjssmfjc', 'y', 'pqpexgua', 'ytcftc', 'nqdiyujq', 'xbedrx', 'tmw', 'dhtcqxknjsr', 'cvnuzoo', 'qoclpnikltbooy', 'bky', 'eo', 'cbfjxdjudxehnd', 'ltiieafh', 'mhjnufilsk', 'bjwjpscabs']
['yxz', 'wmius', 'wzjpqysedtenaq', 'ijttsrswrfs', 'mzpcxknp', 'cjgyvcvxclehzf', 'cnlegzz', 'xnunumjvjbmmj', 'uuxgs', 'klnrbicimtj', 'ouvtzonxxzpvm', 'hmlzmbjb', 'epdojthrc', 'nqyr', 'sekxenkky', 'jmfedvoimb']
['ciyimboyjq', 'riog', 'baoixzobvl', 'koyw', 'alvbuamkidswm', 'ibxd', 'uaxcy', 'kua', 'o', 'ljcvpstrjgkrty', 'nlitqhiohlzcbr', 'x', 'ebyoskkebt', 'ouzmmznckzwiq', 'rykjqpkpazvc', 'zljeb']
['k', 'vekcthccodt', 'z', 'czxcsj', 'bdbimpzxhz', 'hcdrwsubgttr', 'jjob', 'pyumrtw', 'zerx', 'lixgupobttfpm', 'sxfy', 'q', 'qdzolbsezrdfsi', 'fbjt', 'arhqvfkecher', 'wgofwn']
['jsysvcoldildym', 'fxtgjgpwu', 'mrvsjnrmofx', 'gujgukv', 'cjicmr', 'xjf', 'beeqitlffhgyyc', 'icynram', 'r', 'gvhbyfzintdl', 'gyfzenlvyxuixo', 'opxdk', 'golpzqywxjbr', 'a', 'cjewbdmeajhvjf', 'yqop']
['euoerojyr', 'fubswmrufi']
['ogmjeydoomp']
['ygud']
['tj']
