['SGY', 'HO', 'MOOKF', 'L', 'EMP', 'ZIIN', 'W', 'EU', 'AZN', 'COYVMU', 'ETBLO', 'KW', 'PQ', 'ZULMQ', 'MLDT', 'ZVWR', 'M', 'KMU', 'MPYJWG', 'QNN']
['JBJS', 'QREJV', 'LZLFY', 'WK', 'XLVUF', 'CRAQYE', 'BAVHR', 'GI', 'Y', 'WFWU', 'IWP', 'NAIN', 'BBB', 'VHUHI', 'ACYQN', 'GDGZN', 'OYJLB', 'JP', 'RKCPEP', 'N']
['NDF', 'NVLNXP', 'P', 'EP', 'CCIYM', 'NS', 'G', 'PRYXX', 'MWKWWN', 'TGKUE', 'CVSPP', 'SHT', 'JL', 'TXCK', 'UXBDM', 'BHT', 'I', 'MYSMZ', 'EHXPLS', 'ERR']
['AL', 'WZ', 'X', 'EVDQNK', 'MM', 'NGUN', 'ICLIT', 'GDFI', 'SY', 'CTRFIJ', 'MV', 'ZHCQG', 'BNC', 'TUB', 'T', 'WAXWZU', 'J', 'C', 'QGUYKQ', 'HJW']
['YOGJ', 'TSSNJ', 'WTGA', 'WELF', 'UI', 'JNJNE', 'AB', 'YDDS', 'QNKIQE', 'UK', 'ZW', 'OTXCZH', 'XU', 'QKT', 'HLT', 'H', 'D', 'DQQ', 'JUXOIJ', 'ET']
['KLQR', 'DFGWZZ', 'KCQRDN', 'TN', 'YXEJT', 'RWO', 'VYGES', 'YK', 'JSMAHJ', 'HMURVX', 'LWIA', 'UBWSTW', 'FBW', 'MXSFK', 'NZDAU', 'JCEYOL', 'XEAARR', 'XFGUIZ', 'QDMX', 'BHKK']
['NTMT', 'ZTK', 'AEV', 'TYQL', 'XVU', 'NMU', 'MYN', 'ZHDBW', 'ZYFXQ', 'GUOYX', 'E', 'ETSAG', 'NBJL', 'WBPB', 'U', 'TXNP', 'TCBKQ', 'S', 'DVVKX', 'HSHY']
['NO', 'OC', 'THMU', 'IMB', 'EDAKUV', 'LHILT', 'Z', 'FP', 'ZVKC', 'AZGCQ', 'OQV', 'CAED', 'ZJUCNC', 'TB', 'CHR', 'RZU', 'XINMR', 'FAF', 'O', 'ZAP']
['OFIPP', 'NP', 'PHS', 'B', 'AFH', 'FLLJ', 'KFYTH', 'DJC', 'A', 'CNYXMO', 'LZQ', 'IE', 'DCBWSF', 'EVTLXI', 'BFZ', 'MICOE', 'MRT', 'QYC', 'GFNZL', 'VYBQIM']
['JN', 'ZDYFZU', 'HH', 'PE', 'KBV', 'FVMBV', 'FGPZAA', 'PBRPX', 'RQRWJT', 'OVM', 'IGSXN', 'EWAZF', 'OYDEJ', 'RWHILI', 'TAN', 'NJAA', 'ARYSPZ', 'OIA', 'V', 'MISGHL']
['LNMCTV', 'GCSAZH', 'YEBV', 'HOQPX', 'WVHKC', 'EYVVY', 'AH', 'NDMQJ', 'WWF', 'FSZNT', 'VWK', 'QE', 'UXXBYF', 'HGT', 'UVUBDR', 'IYCHS', 'UEKXJH', 'TGDTND', 'VOLULU', 'BX']
['HDJL', 'TZTCA', 'RUC', 'UBYG', 'NDLUNW', 'POL', 'LY', 'AW', 'VL', 'OHZYQ', 'DEXTSN', 'SRJZQ', 'FJTW', 'YO', 'EYEWXP', 'PIGBG', 'QBB', 'BJ', 'IU', 'BSAEQ']
['KKFPQ', 'AQDX', 'UHTMG', 'HPXSSF', 'EJOR', 'FAL', 'XT', 'QIZWG', 'SK', 'OEJ', 'ODIF', 'DBGM', 'VCFLXV', 'ORJB', 'ANW', 'MY', 'DLJMZC', 'WPRTBZ', 'KAZEK', 'FWRV']
['MK', 'GBSI', 'BPZAJ', 'KPXJFJ', 'SBM', 'HDJIQ', 'CMB', 'KJHR', 'TRXUD', 'YII', 'QREJG', 'YQ', 'XLWRB', 'JJ', 'AJDT', 'MMUK', 'JMYQEA', 'UJ', 'PJG', 'RM']
['USZM', 'XS', 'ZTR', 'WCZSB', 'LQ', 'BQIFGG', 'TOR', 'FXAQ', 'UU', 'FPPMUW', 'ZQAULZ', 'BGB', 'CFG', 'NDZ', 'KRXDGO', 'UIUBC', 'EM', 'DJS', 'LTHESD', 'CN']
['LW', 'LJSX', 'AR', 'OL', 'HTA', 'TTV', 'TQWWLG', 'HHCPMB', 'JCM', 'BW', 'TJU', 'FCB', 'SEWIVO', 'KFBC', 'QROYGT', 'AY']
['DRLM']
['YFFNQ']
['SUPLJO']
['SU']
