['GB', 'GI', 'CD', 'PY', 'OC', 'MJ', 'KM', 'EQ', 'NL', 'OO']
['LW', 'CQ', 'LZ', 'LK', 'CT', 'OY', 'SH', 'RQ', 'FE', 'KQ']
['NV', 'CA', 'LV', 'NY', 'TF', 'NO', 'FW', 'IP', 'FH', 'IN']
['GR', 'DO', 'RT', 'IQ', 'JN', 'LR', 'RO', 'IY', 'OR', 'MU']
['JK', 'BJ', 'TA', 'BL', 'ON', 'HB', 'BM', 'JF', 'MO', 'EJ']
['CI', 'JB', 'IO', 'NZ', 'SW', 'GM', 'CZ', 'IG', 'GC', 'PU']
['DS', 'GJ', 'LI', 'CJ', 'OG', 'DK', 'KZ', 'BE', 'LN', 'DX']
['EF', 'KI', 'GV', 'CE', 'JO', 'EH', 'IR', 'PE', 'LF', 'DB']
['RH', 'NU', 'LU', 'OI', 'RP', 'RA', 'IJ', 'RS', 'JR', 'GW']
['MQ', 'RM', 'JU', 'HH', 'JW', 'NX', 'FU', 'CL', 'OD', 'QU']
['KX', 'EP', 'MX', 'OB', 'RK', 'MB', 'JD', 'QX', 'O', 'KS']
['JA', 'BB', 'IF', 'C', 'PT', 'JS', 'GY', 'BV', 'H', 'RV']
['GH', 'LQ', 'GG', 'OX', 'ID', 'IU', 'PB', 'GS', 'LS', 'G']
['HJ', 'HE', 'N', 'BN', 'SA', 'MA', 'SN', 'NH', 'RU', 'L']
['SP', 'OK', 'MZ', 'OH', 'IK', 'OU', 'KW', 'JT', 'HF', 'HR']
['X', 'MN', 'Y', 'MW', 'NN', 'DH', 'QC', 'FX', 'IH', 'FI']
['PK', 'MI', 'MY', 'MC', 'RN', 'EE', 'BI', 'HI', 'LG', 'FK']
['KR', 'KY', 'CU', 'QV', 'U', 'MR', 'DG', 'MT', 'RL', 'DW']
['EW', 'SM', 'HC', 'HY', 'ND', 'LY', 'QK', 'MG', 'MD', 'KD']
['QT', 'QS', 'PF', 'BO', 'BX', 'HZ', 'IV', 'JV', 'HD', 'DA']
['NG', 'SJ', 'BH', 'GX', 'LA', 'DD', 'OQ', 'ET', 'RC', 'NM']
['CC', 'QA', 'PQ', 'JY', 'EL', 'DE', 'KP', 'BQ', 'NB', 'EX']
['PJ', 'NC', 'CN', 'IZ', 'RW', 'OA', 'GU', 'FA', 'KH', 'FZ']
['SU', 'FS', 'MK', 'NR', 'B', 'NE', 'HK', 'NW', 'QR', 'DU']
['BA', 'ST', 'QQ', 'MH', 'RJ', 'SK', 'OT', 'EY', 'JM', 'SL']
['EV', 'BS', 'PS', 'LE', 'II', 'FB', 'DZ', 'DN', 'SI', 'EG']
['PL', 'SZ', 'LB', 'EK', 'I', 'BR', 'JI', 'MV', 'OE', 'BZ']
['OV', 'FT', 'GA', 'PI', 'BC', 'QP', 'QL', 'MM', 'BP', 'KC']
['JG', 'LD', 'IE', 'R', 'PG', 'HG', 'GD', 'RE', 'IM', 'FC']
['KE', 'FY', 'CV', 'Z', 'CP', 'QG', 'FJ', 'CW', 'RZ', 'EO']
['KJ', 'P', 'FG', 'LO', 'CM', 'HA', 'PR', 'DQ', 'D', 'NT']
['KA', 'EU', 'DP', 'EI', 'SV', 'EM', 'KT', 'EN', 'PP', 'GP']
['TB', 'K', 'SC', 'PZ', 'SO', 'NP', 'RG', 'NI', 'GL', 'HP']
['LT', 'HW', 'KO', 'BW', 'BG', 'KB', 'GT', 'CG', 'CS', 'LH']
['OP', 'BY', 'CF', 'CH', 'OF', 'E', 'SG', 'EC', 'DR', 'DJ']
['A', 'ME', 'HT', 'CR', 'LP', 'LL', 'OJ', 'ER', 'OS', 'RF']
['RB', 'OL', 'MS', 'IB', 'IA', 'LJ', 'SX', 'FN', 'GZ', 'SF']
['DM', 'HQ', 'FP', 'V', 'QW', 'NS', 'KN', 'CX', 'JE', 'PN']
['EZ', 'FM', 'KV', 'PX', 'SQ', 'QB', 'S', 'EA', 'CB', 'ES']
['DV', 'PH', 'FL', 'PW', 'GQ', 'PC', 'DI', 'IT', 'LC', 'QJ']
['DY', 'FD', 'JJ', 'CY', 'BT', 'NA', 'KK', 'JZ', 'GK', 'PM']
['NJ', 'JC', 'GN', 'FO', 'BD', 'HO', 'SB', 'PD', 'QM', 'DF']
['DC', 'FF', 'BK', 'KL', 'F', 'NK', 'QH', 'OZ', 'EB', 'OM']
['DT', 'IL', 'NQ', 'HV', 'IX', 'QO', 'QI', 'T', 'ED', 'SD']
['HM', 'ML', 'GO', 'FQ', 'NF']
['JL']
['KG']
['QF']
['LX']
['QY']
['MF']
['RR']
['HS']
['KU']
['LM']
['JH']
['HX']
['BF']
['JP']
['SE']
['PV']
['HL']
['FR']
['RI']
['IC']
['GF']
['SR']
['JQ']
['SS']
['GE']
['Q']
['QN']
['J']
['CO']
['IS']
['KF']
['FV']
['IW']
['QZ']
['MP']
['QD']
['PA']
['OW']
['QE']
['W']
['TE']
['M']
['HN']
['JX']
['RY']
['TD']
['RX']
['DL']
['BU']
['PO']
['CK']
['HU']
['RD']
['TC']
['SY']
