['Elinor', 'Thomasina', 'Janette', 'Devinne', 'Billy', 'Madonna', 'Barbe', 'Lyn', 'Janey', 'Hyacinth', 'Genna', 'Ellie', 'Bria', 'Sheena', 'Ardenia', 'Gussy', 'Lila', 'Marice', 'Jodi']
['Carlye', 'Jeannine', 'Avivah', 'Maddalena', 'Elayne', 'Emilee', 'Lori', 'Danell', 'Courtnay', 'Sara', 'Clemmy', 'Ortensia', 'Inna', 'Blake', 'Loria', 'Sephira', 'Jeannette', 'Brigid', 'Tessy']
['Reta', 'Alyce', 'Ivie', 'Gerianna', 'Goldina', 'Lorraine', 'Jeniffer', 'Brynna', 'Maryl', 'Ashli', 'Nadine', 'Rebbecca', 'Brynne', 'Gigi', 'Kippy', 'Katalin', 'Gabriell', 'Edeline', 'Claudina']
['Katleen', 'Oliy', 'Analise', 'Valentine', 'Erinna', 'Fayth', 'Mariejeanne', 'Marcia', 'Phillis', 'Nerta', 'Melva', 'Andree', 'Dianna', 'Annalee', 'Debbie', 'Fawne', 'Lynnett', 'Karlotta', 'Silva']
['Zita', 'Licha', 'Jada', 'Idalina', 'Valerie', 'Cynde', 'Lillis', 'Goldi', 'Giselle', 'Heidie', 'Genni', 'Joannes', 'Lorna', 'Lona', 'Una', 'Debby', 'Jess', 'Pandora', 'Shelli']
['Jeannie', 'Garland', 'Rasla', 'Caryn', 'Kerstin', 'Amabel', 'Ashely', 'Philomena', 'Neilla', 'Reggi', 'Megan', 'Terra', 'Kellen', 'Uta', 'Henrietta', 'Darcee', 'Nolana', 'Prudi', 'Gerrilee']
['Mariette', 'Anjanette', 'Mareah', 'Starr', 'Lacey', 'Clari', 'Anya', 'Nevsa', 'Siusan', 'Tersina', 'Joleen', 'Jaime', 'Trude', 'Drucill', 'Nora', 'Renelle', 'Jennica', 'Jessamyn', 'Constantia']
['Kata', 'Coral', 'Bobbie', 'Rachel', 'Stefa', 'Kalindi', 'Randene', 'Tanya', 'Nerissa', 'Ula', 'Shelia', 'Annie', 'Jasmin', 'Patti', 'Tamarah', 'Arliene', 'Kay', 'Mina', 'Jsandye']
['Eadie', 'Brandise', 'Thalia', 'Meggy', 'Erma', 'Cate', 'Jacquenette', 'Clemmie', 'Magdaia', 'Saundra', 'Costanza', 'Sheree', 'Shayne', 'Kaylyn', 'Raine', 'Tanhya', 'Callie', 'Camilla', 'Pia']
['Ondrea', 'Reeva', 'Betteanne', 'Elisabet', 'Marley', 'HelenElizabeth', 'Henriette', 'Katha', 'Natalina', 'Tressa', 'Cinnamon', 'Natala', 'Dana', 'Lita', 'Neila', 'Melodie', 'Allsun', 'Cordy', 'Jaclyn']
['Stepha', 'Evvy', 'Giralda', 'Toni', 'Vonny', 'Laverne', 'Paula', 'Pollyanna', 'Deeann', 'Ardine', 'Trista', 'Gayle', 'Emmalynne', 'Daisi', 'Kinna', 'Lina', 'Moyra', 'Cayla', 'Grazia']
['Serena', 'Denyse', 'Christabel', 'Cristina', 'Jessika', 'Gwendolen', 'Gaynor', 'Kora', 'Karol', 'Frankie', 'Rosina', 'Sharron', 'Laura', 'Ashlen', 'Livia', 'Lois', 'Lisbeth', 'Verina', 'Miquela']
['Herminia', 'Leilah', 'Shay', 'Koressa', 'Winifred', 'Amitie', 'Roseann', 'Biddie', 'Fayina', 'Lorinda', 'Carmelia', 'Madelyn', 'Dulcea', 'Linette', 'Kettie', 'Esmaria', 'Hatty', 'Tilda', 'Tova']
['Libbi', 'AnnaDiana', 'Vi', 'Constantina', 'Rosalinde', 'AnnaDiane', 'Marla', 'Vivia', 'Idell', 'Robena', 'Geralda', 'Tammy', 'Riannon', 'Joycelin', 'Eula', 'Paulina', 'Joly', 'Pippy', 'Catina']
['Zoe', 'Marylou', 'Lia', 'Shayna', 'Raye', 'Imogen', 'Jobina', 'Christina', 'Carree', 'Chris', 'Brandie', 'Brenn', 'Sophie', 'Coretta', 'Aubrette', 'Toma', 'Freda', 'Misti', 'Lilla']
['Bell', 'Veronike', 'Tybi', 'Suellen', 'Eve', 'Maryjo', 'Honey', 'Nicoli', 'Romonda', 'Patience', 'Heather', 'Leora', 'Sharla', 'Liz', 'Nomi', 'Marjie', 'Sheilah', 'Jenna', 'Essa']
['Bonnee', 'SheilaKathryn', 'Ethelind', 'Cory', 'Edi', 'Martguerita', 'Corella', 'Rozanna', 'Bessy', 'Flori', 'Therine', 'Corinna', 'Zorana', 'Laureen', 'Pansie', 'Wendeline', 'Eddi', 'Yalonda', 'Kassia']
['Tatiana', 'Evangeline', 'Alvina', 'Gwenette', 'Milena', 'Pierrette', 'Keri', 'Vallie', 'Tresa', 'Midge', 'Lettie', 'Karisa', 'Di', 'Emmy', 'Isabelle', 'Madalena', 'Susi', 'Tiffani', 'Sue']
['Charis', 'Chelsea', 'Anthe', 'Ginger', 'Phil', 'Paulette', 'Willabella', 'Noelyn', 'Myrilla', 'Dolores', 'Merrielle', 'Rosene', 'Mable', 'Cordie', 'Kristin', 'Carline', 'Deny', 'Pavla', 'Jolie']
['Delila', 'Vilma', 'Laraine', 'Cherry', 'Cammie', 'Ray', 'Corey', 'Natka', 'Minnnie', 'Wilow', 'Lavinia', 'Feliza', 'Susana', 'Lorrin', 'Arleyne', 'Helenka', 'Erna', 'Bibbie', 'Kania']
['Nelia', 'Sherline', 'Meris', 'Kial', 'Lindsy', 'Viva', 'Sibylle', 'Jane', 'Raven', 'Lanni', 'Vanessa', 'Madelin', 'Siobhan', 'Vin', 'Phedra', 'Hendrika', 'Shaina', 'Sofia', 'Dayle']
['Lisabeth', 'Geri', 'Laverna', 'Kacey', 'Tobi', 'Jeralee', 'Renae', 'Wilone', 'Sallyanne', 'Laurice', 'Merline', 'Almeda', 'Kiersten', 'Christin', 'Camille', 'Libby', 'Shani', 'Ealasaid', 'Johnette']
['Emelina', 'Harrie', 'Mehetabel', 'Kylen', 'Rosalind', 'Chrystel', 'Cecelia', 'Dulcie', 'Shelby', 'Tamarra', 'Sayre', 'Andriette', 'Marigold', 'Donella', 'Lauretta', 'Crystie', 'Fredelia', 'Penny', 'Matilda']
['Vickie', 'Harriett', 'Mia', 'Jorey', 'Dulcia', 'Kathlin', 'Leona', 'Marlyn', 'Sheeree', 'Kelcey', 'Barbaraanne', 'Faith']
['Lorena']
