['Josue', 'Knox', 'Cody', 'Aiden', 'Jonah', 'Brody', 'Richard', 'Logan', 'Legend', 'Nathan']
['Axel', 'Julian', 'Killian', 'Adriel', 'Rafael', 'Robert', 'Jacob', 'Evan', 'Maverick', 'Steven']
['Kameron', 'Weston', 'Gunner', 'Jayden', 'Cayden', 'Elias', 'Paxton', 'Isaac', 'Carson', 'River']
['Chance', 'Enzo', 'Rowan', 'Matteo', 'Preston', 'Alex', 'Samuel', 'Tyler', 'Eli', 'Nicolas']
['Mateo', 'Ryker', 'Chase', 'Adrian', 'Miguel', 'Messiah', 'Colt', 'Sean', 'Finley', 'Jesse']
['Emmanuel', 'Dylan', 'Elijah', 'Ayden', 'Hudson', 'Zion', 'Ian', 'Barrett', 'Braxton', 'David']
['Beckett', 'Bryson', 'Griffin', 'Wesley', 'August', 'William', 'Brantley', 'Zachary', 'Omar', 'Dean']
['Myles', 'George', 'Tobias', 'Ryan', 'Adam', 'Derek', 'Reid', 'Jack', 'Noah', 'Avery']
['Lukas', 'Patrick', 'Lorenzo', 'Parker', 'Grayson', 'Daniel', 'Micah', 'Mark', 'Jesus', 'Maddox']
['Gabriel', 'Remington', 'Nash', 'Martin', 'Arthur', 'Elliot', 'Jax', 'Jayce', 'Joel', 'Felix']
['Maxwell', 'Alexander', 'am', 'Kaleb', 'Wyatt', 'Eric', 'Jude', 'Cole', 'Theo', 'Justin']
['Thomas', 'Leonardo', 'Bradley', 'Caleb', 'Gael', 'Lincoln', 'Brayden', 'Sawyer', 'Colin', 'Emilio']
['Riley', 'Archer', 'Gavin', 'Abraham', 'Santiago', 'Dallas', 'Andrew', 'Bennett', 'Jace', 'Kyle']
['Juan', 'Miles', 'Sebastian', 'Judah', 'Leon', 'Eduardo', 'Brooks', 'Karter', 'Carter', 'Malachi']
['Simon', 'Diego', 'Leo', 'Edward', 'John', 'Brandon', 'Manuel', 'Michael', 'Owen', 'Bentley']
['Xavier', 'Landon', 'Finn', 'Amir', 'Abel', 'Victor', 'Luis', 'Aaron', 'Peter', 'Christian']
['Kayden', 'Joshua', 'Isaiah', 'Beau', 'Luke', 'Jaxon', 'Greyson', 'Jorge', 'James', 'Nathaniel']
['Cameron', 'Brian', 'Calvin', 'Charlie', 'Ethan', 'Jasper', 'Karson', 'Lucas', 'Austin', 'Mason']
['Kaiden', 'Amari', 'Maximus', 'Iker', 'Tristan', 'Theodore', 'Israel', 'Bryce', 'Kai', 'Jeremiah']
['Walter', 'Aidan', 'Xander', 'Angel', 'Grant', 'Graham', 'Jose', 'Charles', 'Corbin', 'Alan']
['King', 'Ezekiel', 'Ace', 'Max', 'Vincent', 'Emiliano', 'Jeremy', 'Josiah', 'Joseph', 'Thiago']
['Camden', 'Blake', 'Hunter', 'Kingston', 'Harrison', 'Zander', 'Silas', 'Ryder', 'Rylan']
['Cooper', 'Louis', 'Cash', 'Colton', 'Jaden', 'Kevin', 'Stephen', 'Oliver', 'Asher']
['Ivan', 'Dawson', 'Ezra', 'Everett', 'Beckham', 'Anthony', 'Matias', 'Tucker', 'Luca']
['Damian', 'Benjamin', 'Connor', 'Roman', 'Carlos', 'Nicholas', 'Emmett', 'Jameson', 'Andres']
['Matthew', 'Javier', 'Andre', 'Antonio', 'Jonathan', 'Oscar', 'Caden', 'Elliott', 'Declan']
['Levi', 'Dominic', 'Timothy', 'Bryan', 'Paul', 'Waylon', 'Jordan', 'Jackson', 'Kaden']
['Zayden', 'Tanner', 'Henry', 'Clayton', 'Rhett', 'Jason', 'Brady', 'Damien', 'Giovanni']
['Francisco', 'Nolan', 'Alejandro', 'Phoenix', 'Kenneth', 'Zane', 'Jaxson', 'Milo', 'Christopher']
['Kyrie', 'Holden', 'Marcus', 'Erick', 'Emerson', 'Hayden', 'Jake', 'Ashton', 'Easton']
