['Takia', 'Abaan', 'Rosalio', 'Tahir', 'Adriene', 'Dainen', 'Markise', 'Aizik', 'Jamaine', 'Dorcas', 'Gunther', 'Makyra', 'Dea', 'Laticia', 'Marck', 'Ailene', 'Anadalay', 'Ally', 'Maude', 'Seiry', 'Jandre', 'Hesham', 'Mylie', 'Carena', 'Brydan', 'Adanna', 'Basha', 'Shardae', 'Nakeya', 'Zinia']
['Zykerria', 'Evia', 'Adaley', 'Kalum', 'Chanze', 'Demetreus', 'Terriona', 'Gertrude', 'Lada', 'Ganon', 'Adysen', 'Katalina', 'Jdan', 'Spartan', 'Niemah', 'Donnelle', 'Amritha', 'Loni', 'Malaja', 'Venezia', 'Kay', 'Noha', 'Carsten', 'Dereck', 'Eeliyah', 'Mykaylah', 'Jophy', 'Michaell', 'Aylana', 'Lauralynn']
['Kaeley', 'Meryl', 'Jaaziah', 'Olive', 'Larrissa', 'Sanae', 'Lilienne', 'Taye', 'Andriy', 'Lynia', 'Jaleesa', 'Jalilah', 'Daxen', 'Lukis', 'Amr', 'Fe', 'Trenise', 'Mikea', 'Avigail', 'Zahriyah', 'Fidel', 'Coulson', 'Vinnie', 'Deliany', 'Kinzie', 'Cicily', 'Nohely', 'Oluwatobi', 'Caliegh', 'Tobias']
['Cliff', 'Seleen', 'Saheim', 'Asha', 'Jasahn', 'Dessie', 'Michai', 'Shahid', 'Zoiee', 'Dairon', 'Yonason', 'Salmaan', 'Alainna', 'Satomi', 'Jamaad', 'Kellon', 'Sevastian', 'Hayven', 'Carine', 'Kobe', 'Lazaria', 'Samauri', 'Lamariah', 'Leib', 'Mikelle', 'Atika', 'Hannelore', 'Shanaiya', 'Zackrey', 'Jirah']
['Jayme', 'Camill', 'Khamil', 'Coraline', 'Avielle', 'Veena', 'Mezmariah', 'Braeley', 'Elway', 'Ilyn', 'Leilah', 'Azeriah', 'Jaquan', 'Monserath', 'Deriyon', 'Vivica', 'Ishmel', 'Dajana', 'Casondra', 'Yajahira', 'Zuzanna', 'Srinath', 'Quentyn', 'Keion', 'Osmin', 'Jos', 'Anouk', 'Raeleigh', 'Kaira', 'Jax']
['Alayasia', 'Sagan', 'Charlize', 'Abdulrehman', 'Rexford', 'Davidjr', 'Amonti', 'Yaire', 'Alison', 'Treyonna', 'Margie', 'Mikaelah', 'Jovey', 'Mikyla', 'Aleiyah', 'Jakelin', 'Dhyan', 'Jeremias', 'Jema', 'Janine', 'Deidre', 'Giannie', 'Kariana', 'Jaleena', 'Jerriah', 'Khila', 'Emmanuela', 'Tafari', 'Zayquan', 'Shakila']
['Johnavan', 'Marnae', 'Casandra', 'Liat', 'Jameisha', 'Estephanie', 'Dashun', 'Delara', 'Shamiyah', 'Gwendolynn', 'Mumin', 'Guadalupe', 'Antrone', 'Azavier', 'Sincere', 'Sussy', 'Aley', 'Vyncent', 'Dusan', 'Miley', 'Farah', 'Juliano', 'Thien', 'Adeleine', 'Keili', 'Kemily', 'Sayd', 'Merlina', 'Stafford', 'Kirubel']
['Nishta', 'Jebediah', 'Halo', 'Daxx', 'Lizmari', 'Shanell', 'Nayara', 'Jarrell', 'Thadius', 'Dell', 'Brinleigh', 'Sabastion', 'Jamear', 'Denize', 'Blaine', 'Harlem', 'Deedra', 'Jatziry', 'Kairy', 'Haya', 'Keni', 'Detravion', 'Jamonte', 'Nancy', 'Dragon', 'Gracia', 'Taegan', 'Kensleigh', 'Keemya', 'Mckaylin']
['Jarem', 'Fabrizzio', 'Bristol', 'Crystina', 'Lailani', 'Jaquis', 'Eleah', 'Jaydah', 'Merissa', 'Joed', 'Serenety', 'Soriya', 'Xaviel', 'Julia', 'Jahred', 'Jacob', 'Rock', 'Nakaya', 'Anagha', 'Kyston', 'Hugo', 'Emree', 'Navia', 'Litsy', 'Prakruti', 'Kimball', 'Hallei', 'Shiala', 'Katarina', 'Serra']
['Marialy', 'Ellarie', 'Jesus', 'Eliziah', 'Tam', 'Marwan', 'Sheniyah', 'Aryeh', 'Sinia', 'Jamiyla', 'Marcellino', 'Bow', 'Cylah', 'Mylani', 'Eddieberto', 'Zyeir', 'Artyom', 'Jesalyn', 'Elysha', 'Tanyla', 'Britnee', 'Hashem', 'Marrius', 'Cynae', 'Kapena', 'Janesha', 'Aysenur', 'Ebany', 'Taigen', 'Shy']
['Elisah', 'Milene', 'Yu', 'Liann', 'Rielly', 'Dhalia', 'Jomary', 'Gauge', 'Lakiyah', 'Kenzlie', 'Endi', 'Jersi', 'Kenzington', 'Noami', 'Apollonia', 'Bailei', 'Sihaam', 'Doyle', 'Aman', 'Kaeleen', 'Marifer', 'Ori', 'Ameerah', 'Kitty', 'Zolin', 'Khloee', 'Ancel', 'Stefanny', 'Byron', 'Tyannah']
['Artie', 'Desteni', 'Sashya', 'Quintavious', 'Tayyab', 'Leighann', 'Handsome', 'Matt', 'Kamora', 'Brenya', 'Evangelyne', 'Ricky', 'Tashvi', 'Keyin', 'Jaeline', 'Emmely', 'Tobechi', 'Quintasia', 'Ryleeann', 'Reynaldo', 'Kaushik', 'Emilie', 'Shannel', 'Anwesha', 'Giankarlo', 'Jabes', 'Antwane', 'Azzareya', 'Jeru', 'Abriyana']
['Anela', 'Jasiya', 'Jezzelle', 'Kenniyah', 'Feven', 'Thaddius', 'Chidi', 'Treyson', 'Ramses', 'Natsumi', 'Nidhi', 'Nakari', 'Vanesa', 'Citlally', 'Abdulraheem', 'Nalaya', 'Helaman', 'Isaak', 'Marcellius', 'Sevren', 'Mailen', 'Bright', 'Kenzo', 'Shamaiya', 'Colie', 'Rayne', 'Vedika', 'Gor', 'Keyvin', 'Chyna']
['Zaahir', 'Amor', 'Donnovan', 'Nethra', 'Dominika', 'Siena', 'Danyca', 'Renyah', 'Alyiana', 'Tayseer', 'Kaleo', 'Inaki', 'Guy', 'Leni', 'Antonin', 'Cordai', 'Tralaya', 'Jerel', 'Ron', 'Alyze', 'Kaymarie', 'Anastacio', 'Oviya', 'Charlett', 'Khalee', 'Jaimarie', 'Lilyonna', 'Nitzia', 'Lealand', 'Jailon']
['Aarohi', 'Ahnaya', 'Devaun', 'Salif', 'Marik', 'Zamyah', 'Kirrah', 'Mylez', 'Soniah', 'Cisco', 'Bailynn', 'Raphael', 'Kyo', 'Gyzelle', 'Sameeha', 'Iris', 'Raymir', 'Larry', 'Griffon', 'Mircale', 'Adaisha', 'Masud', 'Sydelle', 'Yarisbel', 'Arsalan', 'Trystian', 'Kvaughn', 'Aibhilin', 'Jahlen', 'Yavian']
['Rohil', 'Merary', 'Natasia', 'Hakop', 'Trinitey', 'Jalyiah', 'Coi', 'Abhinav', 'Asa', 'Timia', 'Tacori', 'Shalonda', 'Sharlene', 'Kaymi', 'Jemiah', 'Ingrid', 'Rey', 'Delisha', 'Yarithza']
['Ettel']
['Derionna']
['Kayliann']
['Tasi']
['Tralyn']
['Dyami']
['Suri']
['Ayahna']
['Mykenna']
['Fox']
['Abdoulaziz']
['Shelbee']
['Tajuan']
['Jazir']
['Benito']
['Aayana']
['Alaija']
['Farha']
['Alieyah']
['Jekeria']
['Akasha']
['Orren']
['Kameryn']
['Montana']
['Analiah']
['Selena']
['Aanyah']
['Shamyia']
['Armita']
['Mariaelena']
['Cyris']
