['AAA', 'AAI', 'AAM', 'ACY', 'AHU', 'AII', 'AIL', 'AJJ', 'AOB', 'AOL', 'AQL', 'ATB', 'AQM']
['AAB', 'AAV', 'AGI', 'AHL', 'AIM', 'AJM', 'AKX', 'AMS', 'ANW', 'AOA', 'AOR', 'ARK', 'AAK']
['AAC', 'AAY', 'ABT', 'ACI', 'ADE', 'AEU', 'AFD', 'AJK', 'ALC', 'ALT', 'ANN', 'ARB', 'AHS']
['AAD', 'ABD', 'ACG', 'ACS', 'AEI', 'AEQ', 'AFA', 'AHM', 'AHX', 'AIN', 'APG', 'APT', 'ABN']
['AAE', 'ADU', 'ADY', 'AFI', 'AGK', 'AKY', 'ALB', 'ALH', 'AMC', 'ANA', 'ASQ', 'ASU', 'AJQ']
['AAF', 'AAU', 'ACO', 'AFQ', 'AFU', 'AIH', 'AJA', 'AJY', 'AKA', 'ALK', 'APO', 'APU', 'AFS']
['AAG', 'ABS', 'AEV', 'AEW', 'AFM', 'AHC', 'AHG', 'AHK', 'AHT', 'AKB', 'ANC', 'ANF', 'AFN']
['AAH', 'ABG', 'ABJ', 'ADP', 'AFL', 'AHO', 'AJT', 'AMQ', 'APN', 'AQU', 'ASF', 'ATR', 'AGU']
['AAJ', 'ADB', 'AEL', 'AGE', 'AGN', 'AHA', 'AIQ', 'AKL', 'ALG', 'ANK', 'AQO', 'ASS', 'AER']
['AAL', 'ABE', 'AOW', 'ABM', 'AEO', 'AID', 'AIV', 'AKV', 'AOJ', 'AOT', 'ARJ', 'ARX', 'ASP']
['AAN', 'AEP', 'AEY', 'AHJ', 'AIY', 'AJP', 'AKI', 'ALX', 'ANB', 'ASR', 'ATJ', 'AAO', 'ADM']
['AAP', 'AFR', 'ALU', 'AMP', 'ANE', 'ANG', 'AOD', 'AOV', 'APQ', 'APV', 'AQY', 'ASO', 'ASL']
['AAQ', 'AAT', 'ACA', 'ADR', 'AES', 'AFK', 'AIE', 'AJF', 'AMG', 'AMH', 'APR', 'ATV', 'AGO']
['AAR', 'AAW', 'ABX', 'ACD', 'ACF', 'AGF', 'AJC', 'AJR', 'AKO', 'ANJ', 'ANO', 'ARQ', 'AEE']
['AAS', 'ACN', 'AEH', 'AGA', 'AGT', 'AHP', 'AHY', 'AML', 'AOS', 'APD', 'AQJ', 'AQX', 'AAX']
['ABA', 'ABC', 'ACK', 'ACV', 'AEB', 'AKC', 'AKN', 'AKU', 'AQB', 'AQN', 'AQS', 'AQT', 'ADT']
['ABB', 'ACM', 'AFH', 'AJD', 'AJO', 'AKJ', 'AKW', 'AMX', 'AQW', 'ARD', 'ASA', 'ATE', 'AIW']
['ABF', 'ABU', 'ACE', 'ACJ', 'ADK', 'ADO', 'AJB', 'ALD', 'AMK', 'AMR', 'APE', 'APK', 'AKM']
['ABH', 'ADW', 'AEX', 'AGB', 'AJH', 'AJU', 'AKK', 'ANT', 'AON', 'ARU', 'ASH', 'AST', 'AFY']
['ABI', 'ADH', 'AGC', 'AGH', 'AJG', 'ALQ', 'ALS', 'APC', 'APF', 'AQH', 'ARP', 'ASN', 'AJE']
['ABK', 'ABO', 'ADQ', 'ADV', 'AEA', 'AGR', 'ALV', 'AMO', 'ANQ', 'ANR', 'APP', 'AQQ']
['ABL', 'ADS', 'AFE', 'AGP', 'AIT', 'AJS', 'AJV', 'AJW', 'ALI', 'AQF', 'AQV', 'ART']
['ABP', 'ADJ', 'AGS', 'AIP', 'ALN', 'AMF', 'AOQ', 'APA', 'APS', 'APY', 'ASI', 'ATX']
['ABQ', 'ACX', 'AFF', 'AFO', 'AGJ', 'AIA', 'AKE', 'AMV', 'ANU', 'ARF', 'ASM', 'ATI']
['ABR', 'AEF', 'AGM', 'AIK', 'AMW', 'ANL', 'APJ', 'AQI', 'ARR', 'ARY', 'ASJ', 'ASW']
['ABV', 'ACT', 'AFC', 'AGD', 'AHN', 'AHQ', 'AHW', 'AJX', 'AMT', 'ANP', 'AQD', 'AQK']
['ABW', 'AED', 'AHD', 'AHV', 'AIF', 'AIO', 'AJI', 'ALE', 'ALO', 'AMU', 'AOU', 'ARO']
['ABY', 'AFG', 'AFJ', 'AFT', 'AGV', 'AGW', 'AHB', 'AKR', 'ALW', 'AME', 'AOE', 'AOH']
['ACB', 'AHH', 'AIB', 'AIU', 'AKD', 'AKG', 'ALR', 'ANV', 'AOY', 'APH', 'ARE', 'ARL']
['ACC', 'ACQ', 'ADA', 'AEM', 'AGY', 'AMA', 'AMN', 'APB', 'APX', 'ARV', 'ASB', 'ASD']
['ACH', 'ADD', 'ADI', 'AEK', 'AIR', 'ALL', 'AOM', 'AQG', 'ARH', 'ARM', 'ASE', 'ATY']
['ACL', 'ADC', 'AEN', 'AFV', 'AHF', 'AIC', 'AIG', 'AKH', 'ANX', 'AOG', 'ASK', 'ASV']
['ACP', 'ADN', 'AEJ', 'AGG', 'AGL', 'AGQ', 'AHE', 'AKP', 'AKT', 'ALJ', 'AQE', 'ARN']
['ACR', 'ACU', 'ADG', 'ADX', 'AFB', 'AFW', 'AJL', 'AJN', 'ANS', 'AOI', 'APM', 'AQP']
['ACW', 'ADL', 'AEC', 'AFX', 'AIS', 'ALY', 'AMD', 'AMY', 'AOC', 'AOK', 'APL', 'AQC']
['ADF', 'AEG', 'AIJ', 'AIX', 'AKS', 'ALP', 'AMM', 'AOO', 'AOP', 'AOX', 'ATM', 'ATO']
['AET', 'ALF', 'AMB', 'AMI', 'AND', 'ANI', 'ANM', 'API', 'APW', 'ARG', 'ATK', 'AFP']
['AGX', 'AHR', 'AKF', 'AKQ', 'ALM', 'ANY', 'AOF', 'AQA', 'ATG', 'ATQ', 'ATS', 'AQR']
['AHI', 'ALA', 'AMJ', 'ANH', 'ARA', 'ARC', 'ARI', 'ARS', 'ARW', 'ASC', 'ASG', 'ASX']
['ASY', 'ATA', 'ATC', 'ATD', 'ATF', 'ATH', 'ATL', 'ATN', 'ATP', 'ATT', 'ATU', 'ATW']
