['Ryan', 'Juan', 'Roy', 'Mark', 'Mario', 'Fernando', 'George', 'Berta', 'Inez', 'Darrell', 'Derrick', 'Sam', 'Michael', 'Sarita', 'Ernestine', 'Kaitlyn', 'Miguel', 'Judy', 'Barbara', 'Fredda', 'Eva', 'Laurence', 'Dawn', 'Marcella', 'Eugenia', 'Belinda', 'Kenneth', 'Louis', 'Lena', 'Nola', 'Karren', 'Cheryl', 'Clarence', 'Wilson', 'Maureen', 'Tamika', 'Eric', 'Fredrick', 'Ivonne', 'Adam', 'Bradley', 'Chris', 'William', 'Lawrence', 'Gwen', 'Tara', 'Patrick', 'Michelle', 'Timothy', 'Carl', 'Morgan', 'Rosa', 'Dana', 'Cassandra', 'Kerri', 'Susan', 'Jeffery', 'Carmen', 'Lana', 'Bertha', 'Janet', 'Joseph', 'Leona', 'Clayton', 'Raymond', 'Catherine', 'Jennifer', 'Kathryn', 'Mildred', 'Nina', 'Steven', 'Sheryl', 'Tony', 'Josephine', 'Kevin', 'Peggy', 'Bessie', 'Hugh', 'Kisha', 'Blair', 'Gary', 'Morris', 'Bernard', 'Nancy', 'Amos', 'Pete', 'Andres', 'Carol', 'Kylie', 'Edward', 'Harold', 'Christina', 'Clarissa', 'Christian', 'Melissa', 'Marion', 'Brandon', 'Carlos', 'Winnifred', 'Annalee', 'Adele', 'Lahoma', 'Jose', 'Geraldine', 'Kirk', 'Stephen', 'Dorothy', 'Andrew', 'Emily', 'Polly', 'Pamela', 'Calvin', 'Tim', 'Mabel', 'Annette', 'Rhonda', 'Raphael', 'Stacy', 'Lori', 'Patricia', 'Frederick', 'Laura', 'Charles', 'Derek', 'Gail']
['Nicole', 'Michele', 'Evelyn', 'Mary', 'Mike', 'Marie', 'Joni', 'Sharon', 'Jodi', 'Cindy', 'Francisco', 'Pamella', 'Keri', 'Sherri', 'Dale', 'Eleanor', 'Cory', 'Erik', 'Maryann', 'Moses', 'Bruce', 'Alex', 'Karen', 'Roberta', 'Robyn', 'Laurie', 'Wilma', 'Joe', 'Herbert', 'Glenna', 'Theodore', 'Sylvia', 'Randolph', 'Ann', 'Brian', 'Wayne', 'Elizabeth', 'Gordon', 'Hedwig', 'Beth', 'Del', 'Angelica', 'Andrea', 'Ouida', 'Leticia', 'Deanna', 'Suzie', 'Scot', 'Quintin', 'Tommy', 'Joanne', 'Rolf', 'Robert', 'Richard', 'Theresa', 'Norma', 'Troy', 'Ida', 'Lorraine', 'Loraine', 'Cesar', 'Reggie', 'Jean', 'Marcelino', 'Roberto', 'David', 'Olivia', 'Rosalee', 'Gilda', 'Margaret', 'Reuben', 'Margert', 'Paula', 'Kellie', 'Ellis', 'John', 'Craig', 'Ollie', 'Tanya', 'Anna', 'Anthony', 'Stephanie', 'Phillip', 'Lynne', 'Walter', 'Cornelius', 'Thelma', 'Virginia', 'Elsie', 'Ingeborg', 'Priscilla', 'Elia', 'Dean', 'Philip', 'Emery', 'Kristin', 'Gerald', 'Sylvester', 'Jason', 'Donald', 'Constance', 'Marco', 'Latisha', 'Alicia', 'Veronica', 'Ana', 'Fred', 'Lewis', 'Irving', 'Albert', 'Selma', 'Myriam', 'Linda', 'Reginald', 'Amy', 'Toni', 'Ronda', 'Gladys', 'Imogene', 'Matt', 'Jo', 'Frank', 'Irene', 'Rebecca', 'Emmie']
['Pauline', 'Douglas', 'Debra', 'Beverly', 'Lane', 'Charlotte', 'Rosie', 'Angela', 'Wanda', 'Ray', 'Antonio', 'Jesse', 'Darlene', 'Domingo', 'Therese', 'Susanna', 'Jonathan', 'Alvin', 'Jesus', 'Gloria', 'Jeremy', 'Wallace', 'Cassie', 'Matthew', 'Phyllis', 'Cecile', 'Shannon', 'Brenda', 'Curtis', 'Jane', 'Leanne', 'Daniel', 'Judith', 'Ricky', 'Katherine', 'Harvey', 'Martin', 'Ernest', 'Booker', 'April', 'Beulah', 'Betty', 'Deborah', 'Arturo', 'Don', 'Raeann', 'Mae', 'Garrett', 'Seth', 'Alison', 'Stanley', 'Edwin', 'Andre', 'Norman', 'Dawna', 'Christine', 'Monica', 'Viola', 'Lucille', 'Lonnie', 'Eugene', 'Glennie', 'Vella', 'Pat', 'Lucie', 'Sally', 'Reinaldo', 'Lyle', 'Molly', 'Ronald', 'Ruth', 'Corey', 'Lisha', 'Lillian', 'Martha', 'Rachel', 'Bobby', 'Victor', 'Ward', 'Christopher', 'Donna', 'Kristine', 'Joann', 'Samuel', 'Freda', 'Diana', 'Alexander', 'Dorothea']
['Thomas']
['Kelly']
['Myron']
['Shirley']
['Paul']
['Cathy']
['Gregory']
['Marilyn']
['Winifred']
['Warren']
['Bonnie']
['Marlene']
['Dennis']
['James']
['Crystal']
['Connie']
['Helen']
['Mack']
['Marjorie']
['Ruby']
['Jessica']
['Kathleen']
['Glen']
['Teresa']
['Mireya']
['Everett']
['Jeffrey']
['Robin']
['Tracy']
['Selina']
['Marlin']
['Melanie']
['Clyde']
['Margarito']
['Heather']
['Juanita']
['Krysten']
['Raul']
['Ralph']
['Travis']
['Marian']
['Ursula']
['Lessie']
['Eura']
['Justin']
['Guy']
['Lydia']
['Terry']
['Maria']
['Roosevelt']
['Audrey']
['Wesley']
['Pablo']
['Peter']
['Larry']
['Nelson']
['Jeff']
['Leigh']
['Tuan']
['Lloyd']
['Jimmy']
['Roger']
['Steve']
['Jorge']
['Carole']
['Willie']
['Jayme']
['Georgette']
['Doris']
['Jacob']
['Alice']
['Joshua']
['Wendy']
['Rosalyn']
['Esther']
['Danielle']
['Natalie']
['Carmelita']
['Jeanine']
['Rick']
['Lilian']
['Gertrude']
['Ellen']
['Jacque']
['Gerardo']
['Lucy']
['Mable']
['Alfred']
['Stacie']
['Rafael']
['Bethany']
['Ashley']
['Burl']
['Janene']
['Caridad']
['Miles']
['Willis']
['Lulu']
['Grant']
['Marquerite']
['Kimberly']
['Kerrie']
['Sofia']
['Stephany']
['Cecilia']
['Danny']
['Will']
['Kim']
