['Clarence', 'Hilario', 'Alethia', 'Princess', 'Enola', 'Elvia', 'Milissa', 'Bonnie', 'Darnell', 'Marci', 'Kristi', 'Pa']
['Irena', 'Martin', 'Anabel', 'Shaun', 'Sherwood', 'Deana', 'Kay', 'Randall', 'Joanne', 'Kyung', 'Lana', 'Hyun']
['Sharlene', 'Lisa', 'Antonina', 'Danita', 'Debora', 'Clinton', 'Spencer', 'Almeta', 'Antonette', 'An', 'Dusti', 'Taneka']
['Selma', 'Ron', 'Lyndon', 'Neida', 'Tanisha', 'Cassie', 'Angeline', 'Lezlie', 'Oneida', 'Tai', 'Vernon', 'Earnest']
['Sharell', 'Eve', 'Louise', 'Valorie', 'Tressa', 'Loria', 'Isabel', 'Lamonica', 'Helene', 'Nickolas', 'Clarinda', 'Joye']
['Alexandra', 'Elena', 'Alfred', 'Jeremy', 'Ema', 'Naomi', 'Adah', 'Merrill', 'Marion', 'Loura', 'Lyn', 'Hiroko']
['Chester', 'Wes', 'Kristopher', 'Eufemia', 'Ryann', 'Lucas', 'Russell', 'Marcie', 'Audie', 'Toya', 'Florinda', 'Heide']
['Pearlie', 'Jay', 'Xavier', 'Jan', 'Hortense', 'Beverley', 'Annabel', 'Kelly', 'Clarissa', 'Gerardo', 'Rodrigo', 'Florencio']
['Tina', 'Riley', 'Marilynn', 'Latia', 'Clifton', 'Griselda', 'Xuan', 'Alvin', 'Gerard', 'Inga', 'Logan', 'Piedad']
['Tarah', 'Carmon', 'Marvin', 'Jami', 'Bertha', 'Rosalba', 'Cleotilde', 'Madison', 'Yevette', 'Theo', 'Ok', 'Dong']
['Marquitta', 'Eloisa', 'Charmaine', 'Trena', 'Alex', 'Orval', 'Annamarie', 'Claudie', 'Chas', 'Joan', 'Whitney', 'Aretha']
['Glenda', 'Glenna', 'Jeffrey', 'Refugio', 'Alane', 'Flavia', 'Leila', 'Cortney', 'Delmar', 'Vernia', 'Felix']
['Millicent', 'Tiffani', 'Kendall', 'Alexa', 'Marcella', 'Zena', 'Miranda', 'Oscar', 'Zoraida', 'Hillary', 'Rachel']
['Irma', 'Eugene', 'Pinkie', 'Rachael', 'Garland', 'Retta', 'Randa', 'Darwin', 'Chan', 'Naida', 'Horace']
['Roxane', 'Mariette', 'Saul', 'Destiny', 'Olevia', 'Kylie', 'Kurtis', 'Aaron', 'Shelton', 'Gisela', 'Dorene']
['Dorthea', 'Vada', 'Darrel', 'Stanford', 'Janetta', 'Herlinda', 'Byron', 'Nicole', 'Leonard', 'Carson', 'Leonida']
['Savanna', 'Rima', 'Juliet', 'Lilly', 'Laticia', 'Son', 'Lorelei', 'Jade', 'Lue', 'Louella', 'Garret']
['Elenora', 'Susannah', 'Artie', 'Loren', 'Osvaldo', 'Leontine', 'Latoya', 'In', 'Vincenzo', 'Chance', 'Dora']
['Allena', 'Christiane', 'Oma', 'Jae', 'Junior', 'Deirdre', 'Esperanza', 'Tammi', 'Jeanette', 'Tyisha', 'Brendon']
['Murray', 'Rita', 'Terry', 'Frederic', 'Susan', 'Nohemi', 'Jennie', 'Harvey', 'Kirstin', 'Easter', 'Cristi']
['Marcos', 'Shavon', 'Grant', 'Ella', 'Ambrose', 'Angella', 'Elvie', 'Travis', 'Danial', 'Clyde', 'Elliott']
['Doyle', 'Verona', 'Winford', 'Alton', 'Porter', 'Trey', 'Clara', 'Caitlyn', 'Hayden', 'Chang', 'Lasonya']
['Dion', 'Elicia', 'Alicia', 'Raleigh', 'Robert', 'Alvera', 'Dewayne', 'Jefferey', 'Tracie', 'Honey', 'Charisse']
['Nieves', 'Hassan', 'Tamala', 'Michaela', 'Edmond', 'German', 'Leilani', 'Mariano', 'Imogene', 'Altagracia', 'Houston']
['Tameika', 'Elfrieda', 'Kitty', 'Hershel', 'Dagmar', 'Kasey', 'Lucia', 'Ocie', 'Renea', 'June', 'Chun']
['Jina', 'Emmanuel', 'Tamisha', 'Eustolia', 'Carolee', 'Marquis', 'Stephani', 'Jama', 'Clarice', 'Rolando', 'Marvis']
['Meagan', 'Reita', 'Mariah', 'Kris', 'Lashay', 'Jacque', 'Johnny', 'Fanny', 'Sheldon', 'Camelia', 'Shonda']
['Nadia', 'Lizabeth', 'Sharan', 'Renetta', 'Sharilyn', 'Stanley', 'Hui', 'Raul', 'Oswaldo', 'Jesus', 'Nathalie']
['Joelle', 'Lauren', 'Margart', 'Freddie', 'Treena', 'Percy', 'Marlo', 'Odell', 'Phylis', 'Sharla', 'Antoinette']
['Kimbra', 'Dewitt', 'Lola', 'Laraine', 'Kim', 'Amada', 'Vivien', 'Arcelia', 'Claretha', 'Rosalee', 'Kareem']
