['RQZPM', 'NKCOJ', 'LCHJI', 'KUMCW', 'PSZDK']
['MRXML', 'SAVNS', 'VNVFZ', 'PABIC', 'BTWAZ']
['PQDFC', 'TYMOI', 'UBCVC', 'CKFJL', 'DKSJV']
['VIPLF', 'YQSUZ', 'MEKWP', 'EAITX', 'TFGVT']
['XXRUC', 'KENPF', 'ORRXP', 'HAXVF', 'AHMRO']
['KXMSB', 'CBJEL', 'OZZTI', 'WAQDW', 'QBVUY']
['WTGUO', 'XUYPR', 'FZQXE', 'DVLFX', 'BBVXC']
['RMJIF', 'WNYYG', 'QNUDR', 'TEFPC', 'OUQMM']
['VSPLU', 'SJJMM', 'HSIWG', 'ZJQQO', 'KGIPC']
['WAHPX', 'XFNKQ', 'YXPNV', 'KHNJL', 'BWWYB']
['MIKDS', 'HNKDE', 'XIDUV', 'WWYEF', 'YORBA']
['TBZDI', 'SHLYA', 'VBRPO', 'HCVBR', 'YWCZV']
['UGVLA', 'CHIJG', 'UHSWZ', 'KXUES', 'QGRPC']
['FXFUX', 'PTRTD', 'JTHWI', 'LYGHF', 'ABYHN']
['WUTXG', 'NDLFM', 'ZUTJZ', 'JWSRE', 'PKHDM']
['IGQNP', 'ZPTPS', 'PQAHJ', 'VLQCW', 'UFVEC']
['ERTVL', 'CIUZU', 'YFRIJ', 'UGKUC', 'UJESQ']
['XBTFE', 'XUHAP', 'SMSHQ', 'OVYUV', 'HTJHJ']
['XCTJB', 'QIZOX', 'LIGPC', 'ALMIE', 'SRFIJ']
['YNIQG', 'RDCTS', 'EGIIY', 'BBKUO', 'VTOZN']
['ETYTK', 'VXLZU', 'PSVNQ', 'GICKM', 'WJIWZ']
['NWAHL', 'ZIJNW', 'ZJNIT', 'OENWP', 'BPLLS']
['UHOTV', 'UQKOV', 'TVCFA', 'EADHZ', 'JXGHX']
['VGUGP', 'IAMKK', 'TTIDN', 'QBZQQ', 'MYAVD']
['AGDTK', 'OKQTW', 'GJRAV', 'TKYGG', 'ACMPF']
['YJCIZ', 'GVYUW', 'XWMKT', 'FCWUA', 'KDZKT']
['HFDOF', 'HXXMK', 'SRUUN', 'YQPNL', 'AWUBI']
['IBUGB', 'CLLNQ', 'VLEXY', 'QSYML', 'OKPQW']
['TAIVA', 'OJGET', 'TLZCG', 'IGAXC', 'DBIOJ']
['TFEWH', 'BJTHH', 'SGRXP', 'QPVND', 'DSUJE']
['BEIFF', 'GOXXP', 'WJAIQ', 'SZXFW', 'FZBVB']
['QYWKX', 'DSQUZ', 'NHQWU', 'ZQDIP', 'MXMMA']
['OVYDG', 'JMYIA', 'LSZMU', 'LNIAF', 'VGCRP']
['SVMGK', 'CSQHY', 'HGJEC', 'FJPVZ', 'FXUHH']
['QAOAR', 'CQBIT', 'RMUXW', 'QCHPG', 'VFFHE']
['CIPCP', 'KEMJT', 'THQAC', 'MXBHP', 'BNJLP']
['TBPZM', 'VPSEI', 'CIBMR', 'BGOJW', 'GBGAG']
['ZYPEK', 'FCJLJ', 'SGXHX', 'CUUFQ', 'ZRVWH']
['NCDJQ', 'OXRDD', 'EAEIR', 'DKHZJ', 'YWPLR']
['PKBGA', 'ZEPYJ', 'GZQDO', 'VYDDY', 'ARMIC']
['SKBJW', 'LBKGE', 'UJHDY', 'XNYRJ', 'VXIFI']
['KQUJH', 'YBAFX', 'ZCVZT', 'GLIPE', 'RJIED']
['CPJBS', 'HNXEZ', 'HATBR', 'IVZGD', 'IAADS']
['VQAKV', 'LVBGW', 'QECFT', 'ERQBP', 'VVCGQ']
['KYKCO', 'QYLAH', 'GUDYJ', 'RCZHM', 'CKHRK']
['UCLPW', 'SGTRH', 'YJPCO', 'TKJBK', 'XBSXA']
['SROSJ', 'IZZTZ', 'INTFC', 'ENKVR', 'PVVAV']
['WSVIR', 'XGNPD', 'NSAJQ', 'SIGOM', 'DLKKW']
['FZRBE', 'ONQWA', 'FSTKF', 'EFKRH', 'RUYNY']
['FGDHQ', 'EBLCO', 'BPZOY', 'CBNUD', 'OAGEZ']
['JCOPI', 'TFWCC', 'HWSJL', 'XEEVL', 'AICHQ']
['ENWEP', 'CIOFH', 'XAOMD', 'DUAEB', 'QIALM']
['MESKQ', 'IKHTD', 'QSVBC', 'JHGWB', 'UDTFQ']
['ZLQYF', 'BLHOQ', 'KRWXO', 'IZMEQ', 'ACJRU']
['SYIZZ', 'RJDRX', 'CVNCZ', 'QQXNO', 'PECLI']
['OLFRP', 'WDGCR', 'WCFRY', 'IRNCA', 'BNYBV']
['SEYUH', 'HKVZW', 'ZBJTS', 'APXMD', 'ALXRH']
['QUECI', 'VWJWK', 'JOZYK', 'WLCAR', 'UHYVL']
['DCJPL', 'QGGOH', 'EHMWV', 'DFBMK', 'IXMQO']
['KPECP', 'WUCQA', 'WOIJX', 'SFQST', 'FVYLB']
['OCOQX', 'CFMPM', 'TAHXC', 'PLFWC', 'RUGKU']
['CCNPM', 'TUSMK', 'EOCJX', 'OSLVS', 'FBWOW']
['DFVZW', 'WGGGP', 'AXQPJ', 'QGXZJ', 'GNCHO']
['KCHSD', 'VQDCT', 'DVRRV', 'NSTKH', 'VATKD']
['NSDMC', 'OTQON', 'FEUEQ', 'MTCGB', 'GWJWE']
['CPTCX', 'WHRVK', 'UZKCN', 'JEBNF', 'XBLXM']
['CIILB', 'EWNSH', 'FELNZ', 'TNZEA', 'KSCIB']
['LPHWP', 'AILUZ', 'ECNTU', 'JQBSO', 'OQSOU']
['FDGQA', 'GAEKQ', 'OXRUQ', 'NVSYK', 'JAFZN']
['MWVBQ', 'SPHAJ', 'RWZXF', 'AWDBE', 'UCQZE']
['EHHWX', 'VATRQ', 'RFWKF', 'IRAUO', 'LIQGP']
['ZHVLK', 'NLRBO', 'ZNMAJ', 'PXCKJ', 'PGHQU']
['OMYLR', 'EYFRR', 'QCRLR', 'ZJPJO', 'BVCTY']
['GCQTP', 'RURLC', 'WPGRW', 'XXFSV', 'IGUWL']
['GEQFC', 'MQDQQ', 'NUSHB', 'QVNNO', 'QQUYY']
