['aaa', 'aab', 'aai', 'aat', 'aaw', 'aax', 'abo', 'abq', 'abt', 'abw', 'aca', 'acb', 'acd', 'acf', 'ach', 'ade', 'adl', 'adr', 'adt', 'aek', 'aep', 'aes', 'afw', 'afy', 'afz', 'agj', 'agr', 'agv', 'agz', 'ahg', 'ahk', 'ahl', 'ahz', 'aiy', 'ajs', 'ajt', 'akd', 'akh']
['aac', 'aad', 'aah', 'aan', 'aay', 'abf', 'abg', 'ack', 'acp', 'act', 'adm', 'adn', 'adq', 'ads', 'aea', 'afb', 'afh', 'afm', 'agb', 'agd', 'agh', 'agw', 'ahi', 'aif', 'ajc', 'ajv', 'ajz', 'akf', 'aki', 'akl', 'akm', 'akq', 'akv', 'alb', 'ald', 'aln', 'alt', 'alv']
['aae', 'aag', 'aaj', 'aal', 'aao', 'aba', 'abk', 'abl', 'ace', 'aco', 'acx', 'adi', 'adx', 'aed', 'aeh', 'aei', 'aex', 'aft', 'afv', 'agg', 'agl', 'agq', 'ahd', 'ahn', 'aht', 'aie', 'ail', 'aiz', 'ajg', 'ajm', 'alf', 'alh', 'alz', 'amc', 'amn', 'amy', 'aoo', 'aop']
['aaf', 'aak', 'aau', 'aaz', 'abc', 'abh', 'abn', 'abv', 'acz', 'adz', 'aee', 'aem', 'agn', 'ags', 'ahy', 'aij', 'akc', 'akr', 'akw', 'alu', 'amg', 'aod', 'aof', 'aoq', 'aox', 'apk', 'apm', 'apu', 'aqc', 'aqn', 'aqx', 'arc', 'are', 'arg', 'arj', 'arr', 'asa', 'ash']
['aam', 'aap', 'abb', 'abp', 'adc', 'adk', 'adu', 'afp', 'afx', 'ahm', 'aih', 'aje', 'alj', 'aly', 'anx', 'aok', 'aom', 'aos', 'aot', 'apc', 'aps', 'aqo', 'aqp', 'arf', 'ars', 'asm', 'asy', 'adw', 'afr', 'aga', 'ahv', 'aiu', 'amq', 'ams', 'ani', 'anr', 'anz', 'aoz']
['aaq', 'aav', 'abm', 'abz', 'ada', 'aeq', 'aet', 'aew', 'agi', 'ahw', 'aim', 'ale', 'ali', 'alr', 'amu', 'aol', 'apg', 'asd', 'asu', 'atd', 'aha', 'aic', 'akk', 'amd', 'aoc', 'aqg', 'ari', 'arl', 'asc', 'ask', 'ais', 'ajf', 'ajx', 'amt', 'apt', 'asi', 'aci', 'afd']
['aar', 'abi', 'aby', 'acl', 'acm', 'adf', 'afa', 'agc', 'ahc', 'aiv', 'aji', 'ajw', 'akp', 'amf', 'ant', 'aog', 'asr', 'afq', 'agt', 'akz', 'ame', 'amz', 'aoa', 'apa', 'apj', 'aqb', 'ahs', 'aro', 'ata', 'acn', 'akn', 'aqk', 'asj', 'amb', 'amh', 'anb', 'anc', 'aou']
['aas', 'abj', 'adv', 'aev', 'afg', 'aiq', 'ajb', 'aky', 'apq', 'aqi', 'aqv', 'atf', 'adh', 'aju', 'alk', 'aoe', 'age', 'aia', 'ajj', 'alx', 'arq', 'asl', 'asw', 'aig', 'alg', 'amj', 'anl', 'anm', 'amv', 'asq', 'ama', 'anj', 'aqa', 'ami', 'anv', 'ara', 'ado', 'ahq']
['abd', 'abe', 'abs', 'acs', 'aeg', 'aib', 'aip', 'ala', 'anf', 'ass', 'ajq', 'aks', 'ank', 'aqr', 'akb', 'ans', 'acc', 'aiw', 'ape', 'aqt', 'add', 'afi', 'aon', 'abx', 'akj', 'all', 'afe', 'apr', 'aqu', 'apy', 'asg', 'aqs', 'aqz', 'ark', 'acw', 'adg', 'ajr', 'ary']
['abr', 'acq', 'acv', 'aec', 'afs', 'akg', 'aqq', 'aru', 'agf', 'ahu', 'anu', 'aqy', 'als', 'aqm', 'arh', 'alp', 'apf', 'ajy', 'ate', 'ahj', 'air', 'aja', 'arx', 'anq', 'ast', 'agy', 'ait', 'akx', 'aqh', 'asv', 'aii', 'atc', 'afl', 'acy', 'amw', 'alw', 'ane', 'agx']
['abu', 'acr', 'acu', 'alo', 'amr', 'arm', 'asb', 'aej', 'apd', 'aez', 'amx', 'aov', 'app', 'arw', 'ajh', 'amk', 'ahr', 'ajl', 'art', 'api', 'ana', 'aob', 'asp', 'apz', 'adj', 'ako', 'aph', 'afo', 'ahe', 'aqe', 'ase', 'afj', 'apb', 'apl', 'aef', 'ang', 'aeu', 'ahb']
['acg', 'acj', 'ahx', 'aeb', 'amp', 'aio', 'apn', 'afn', 'aka', 'aix', 'aqf', 'anh', 'ajd', 'aqw', 'aer', 'ady', 'ahp', 'aow', 'arv', 'apo', 'arz', 'aho', 'any', 'asf', 'amm', 'aor', 'asn', 'aoi', 'arb', 'aqj', 'atb', 'aid', 'afk', 'ahh', 'aff', 'ann', 'aoj', 'aeo']
['adb', 'aen', 'aml', 'anp', 'aey', 'apv', 'agp']
['adp']
['ael']
['afc']
['afu']
['agk']
['agm']
['ago']
['agu']
['ahf']
['aik']
['ain']
['ajk']
['ajn']
['ajo']
['ajp']
['ake']
['akt']
['aku']
['alc']
['alm']
['alq']
['amo']
['and']
['ano']
['anw']
['aoh']
['aoy']
['apw']
['apx']
['aqd']
['aql']
['ard']
['arn']
['arp']
['aso']
['asx']
['asz']
