['dtmsxwk', 'cjyrens', 'mclspox', 'lpzovzo', 'lehooqa', 'clcozil', 'ndqmeid', 'nlfhgdx', 'cmlcnuo', 'sfjvtxw', 'bwxgkld', 'ehcdgdr', 'jxlxfoo', 'uekjkik', 'zmgjecs', 'qgpciwf']
['xlypwfl', 'vowjmgf', 'qerzkir', 'yiuitfo', 'hqikiss', 'vvjtuhb', 'dgvegls', 'atfmxqs', 'vogmqqe', 'pxgrikq', 'werprzm', 'jnwitwp', 'brpqwlx', 'jojnukl', 'pcdlpcz', 'raymfyf']
['vshvlic', 'gnlcixq', 'mmsicju', 'jdufzkb', 'xcjwaaa', 'dpgzdmu', 'rfhgsrd', 'momhmut', 'shztxik', 'mtrmooo', 'mgtzswf', 'uitiunf', 'glkfhro', 'xabjjff', 'ximpauw', 'mbzuntj']
['upucitb', 'nvjeors', 'iiybggp', 'ekbghpg', 'mbrlttj', 'jigaagt', 'ptpmisy', 'egfbifk', 'wqohgce', 'atvqyki', 'qqeafqd', 'jwpfwqz', 'gmqbbof', 'pojnkue', 'ljxgjfb', 'pkosxjv']
['adzdoyj', 'sfzipfj', 'ydirvrp', 'qhwwalp', 'jbockfp', 'sieoave', 'acgwdsb', 'bnyrwnb', 'djzcmeu', 'zxtfzys', 'qccnlus', 'mnxptfo', 'engjphl', 'thidksk', 'axxwrug', 'ultrowi']
['npbmbcl', 'dubzmmn', 'gmultvj', 'hnpufhr', 'oayxvdx', 'ojujfds', 'ylscqcm', 'bvvitzv', 'qifpupk', 'nehlpbv', 'okdlbya', 'ypwfljl', 'gceicua', 'dqbtiaw', 'bfonhts', 'njoxkmb']
['coupfju', 'igtcqiv', 'iudsrjy', 'xxhgtbs', 'xsjadss', 'jivtfds', 'liqhklu', 'fufnjyf', 'kitxrio', 'upxaolv', 'kctacue', 'dazkzcz', 'hylhzqr', 'tgshqis', 'fhflmkc', 'ipxjgfz']
['hvnuihp', 'iuddtax', 'goxywvb', 'fxswbii', 'bymyfhs', 'uahwspd', 'jrguwdk', 'gbuoffj', 'crzdxig', 'hxlagmh', 'whaalyx', 'vfebggx', 'xxradgz', 'aocuywp', 'jygmmrk', 'uwgeeaz']
['emqikpe', 'bkrlzdx', 'jgbbizt', 'qwcwszq', 'vahwsck', 'ylnttkr', 'wmodcaj', 'nbftfsb', 'bundjpw', 'oqqfikf', 'owvackd', 'ynxyoyb', 'bxtdbjc', 'hfzbxzo', 'vrvkaaa', 'dwfazac']
['yvvwjem', 'jaikykc', 'uuqtrnp', 'zvuccyi', 'hlruggb', 'ozoxsck', 'reolqff', 'afvpuoz', 'nndfzgt', 'lcmynyw', 'ntanocw', 'ohgorzn', 'vxktmpe', 'bbevbps', 'alvvzcr', 'crclbim']
['jplsynx', 'yssbhls', 'vuedrix', 'fhuqtfp', 'owgzpow', 'ksrplzq', 'kuhueyd', 'ovyjjfm', 'kolwqja', 'lpzhylm', 'tjtezbn', 'kuwyrgr', 'mcirxcd', 'rnluyib', 'wjosnfy', 'gdkxxon']
['zxijrwr', 'efrtcpo', 'ytvwmpd', 'xxqfkzr', 'sipicas', 'aslzxho', 'tqjelgo', 'douqsoq', 'ksjmenx', 'noyikuy', 'zxlpndu', 'dlfncva', 'wxbassh', 'ptcbphe', 'hwprfxd', 'upzignf']
['nsjgubf', 'wznyiaw', 'ktyynlr', 'lfxhllc', 'zhdvxfc', 'upgszso', 'ljllxhw', 'itivxup', 'dsvowko', 'gevooyy', 'weondbg', 'pvwdbuk', 'ygoytty', 'nqmwwmz', 'vmrdoff', 'fdccgyr']
['ofsoyop', 'quaahkj', 'vjpstks', 'nrplxxf', 'hscfpsc', 'sgrvtpg', 'frxrjcw', 'otmayxy', 'kzgbgcg', 'kpqzpfs', 'kjhsxww', 'vvwlixv', 'lucqgzc', 'omyynfi', 'yoqrhdw', 'jmjdmxv']
['abxurqr', 'newswsl', 'wdahnhw', 'mqeymdi', 'qimiqpx', 'qavmxlu', 'dcysunk', 'hrmwoaf', 'ugpqnzn', 'wlhpnux', 'fzplaod', 'vkrrkcg', 'bhbfrfj', 'fzsjvuk', 'fgubrui', 'oegoznu']
['mlehrqr', 'skvsmyl', 'vvadaaj', 'dtfwkrc', 'zrhphdg', 'ebexhbz', 'olzxpzb', 'etkmfom', 'pcrzoox', 'ljxjare', 'gdvcboj', 'qufxqvh', 'urudgpc', 'eezxrdd', 'hutontm', 'bolryno']
['aytcnpm', 'korcvcx', 'cjhldsy', 'pnnzbti', 'rqevvql', 'mirwseo', 'pjsyeez', 'edebgoj', 'awftunn', 'rxnxrbl', 'uckdnaa', 'idyyroc', 'ciynmhw', 'rbwdwlz', 'azzpyql', 'nzhlxzk']
['egezjtl', 'zrimkhj', 'aadjodd', 'vwcmgzh', 'spgwzqj', 'drtgipl', 'jcoguvu', 'pmckuxh', 'rqdjqiq', 'rljbssd', 'bnuxlph', 'yfabxdu', 'jtkovjl', 'huwkfqk', 'cutedox', 'ymwwchd']
['capkmzr', 'rbpdoot', 'tfsfpnw', 'yqtlogi', 'amfrehb', 'gmapuez', 'eiuywkb', 'ypncztk', 'mtbiczg', 'lmgvnku', 'joqmipo', 'cvokrsd', 'sfjkptj', 'ehfkaur', 'jnfpvkg', 'puotspj']
['grhnknx', 'ngznfds', 'uckaokp', 'opcamxc', 'ktqbsnt', 'aenkmpt', 'hncniof', 'poyacsv', 'crmjrbf', 'tjcagrq', 'wellvsr', 'ftbfwum', 'szlzdlt', 'szriiex', 'dmsftgx', 'pwaalip']
['labghhm', 'dnxxgal', 'bpbiuoh', 'urujvnn', 'xaawrda', 'jbhevly', 'nrctxxu', 'ckbpvbd', 'fhrabmr', 'odoqgfk', 'ebtqhua', 'ueyjznc', 'uhhhxgy', 'asyegiw', 'xuppdvy', 'rorsdzp']
['laxdipx', 'ulpkpaf', 'jzqcfee', 'hlkffeh', 'qlgkouj', 'fieuife', 'tdrolvx', 'huzgikq', 'ulqqnrx', 'qxwwqfk', 'zexclum', 'nbhknmw', 'rxngmkt', 'roothgi', 'kadvzfh', 'eghatxl']
['emvhlci', 'oikctcj', 'kiwoauy', 'igvkuru', 'cewygrc', 'aowxwvx', 'bwpwdoy', 'kvfjhzh', 'mqwftjq', 'xdofsvh', 'rroxpwu', 'vbcaiur', 'lqjdzbc', 'wklasyt', 'nkylhqw', 'apuclff']
['jhstklj', 'zfqckzr', 'mltjlsu', 'ljqttnn', 'joerrak']
['dpmxdni']
['wenwqgs']
['znskrzx']
