['Amber', 'Mary', 'Danielle', 'Gabrielle', 'Jordan', 'Brooke', 'Michelle', 'Sierra', 'Katelyn', 'Madeline']
['Andrea', 'Sara', 'Courtney', 'Erin', 'Jacqueline', 'Jenna', 'Caroline', 'Kimberly', 'Brittany', 'Vanessa']
['Faith', 'Makayla', 'Bailey', 'Paige', 'Shelby', 'Melissa', 'Kaylee', 'Christina', 'Trinity', 'Mariah']
['Caitlin', 'Autumn', 'Angela', 'Breanna', 'Briana', 'Jada', 'Laura', 'Marissa', 'Catherine', 'Zoe']
['Claire', 'Alexa', 'Kelsey', 'Kathryn', 'Leslie', 'Alexandria', 'Sabrina', 'Mia', 'Isabel', 'Leah']
['Molly', 'Katie', 'Cheyenne', 'Cassandra', 'Lindsey', 'Kylie', 'Diana', 'Gabriella', 'Tiffany', 'Erica']
['Amy', 'Cassidy', 'Mikayla', 'Ariana', 'Margaret', 'Kelly', 'Miranda', 'Maya', 'Melanie', 'Jade']
['Audrey', 'Gabriela', 'Angel', 'Jillian', 'Erika', 'Lily', 'Heather', 'Caitlyn', 'Alicia', 'Jocelyn']
['Madelyn', 'Adriana', 'Arianna', 'Lillian', 'Kiara', 'Riley', 'Crystal', 'Mckenzie', 'Meghan', 'Ana']
['Skylar', 'Britney', 'Kennedy', 'Chelsea', 'Veronica', 'Isabelle', 'Summer', 'Angelica', 'Daisy', 'Kristen']
['Hope', 'Brittney', 'Lydia', 'Hayley', 'Evelyn', 'Bethany', 'Shannon', 'Michaela', 'Karen', 'Daniela']
['Jamie', 'Angelina', 'Karina', 'Sophie', 'Payton', 'Cynthia', 'Alexia', 'Kaitlin', 'Sofia', 'Diamond']
['Valerie', 'Monica', 'Peyton', 'Carly', 'Bianca', 'Hanna', 'Brenda', 'Rebekah', 'Alejandra', 'Avery']
['Mya', 'Brooklyn', 'Lindsay', 'Ava', 'Camryn', 'Ariel', 'Naomi', 'Ashlyn', 'Desiree', 'Alondra']
['Jordyn', 'Kendra', 'Mckenna', 'Holly', 'Julie', 'Kendall', 'Kara', 'Jasmin', 'Selena', 'Amaya']
['Esmeralda', 'Kylee', 'Makenzie', 'Claudia', 'Karla', 'Kathleen', 'Abby', 'Maggie', 'Cameron', 'Kyra']
['Delaney', 'Amelia', 'Casey', 'Serena', 'Savanna', 'Aaliyah', 'Giselle', 'Mallory', 'April', 'Raven']
['Adrianna', 'Christine', 'Asia', 'Nina', 'Aubrey', 'Lauryn', 'Kate', 'Kristina', 'Natalia', 'Valeria']
['Jazmin', 'Patricia', 'Rachael', 'Katelynn', 'Cierra', 'Alison', 'Macy', 'Nancy', 'Elena', 'Katrina']
['Kyla', 'Jazmine', 'Tara', 'Gianna', 'Allyson', 'Gracie', 'Sadie', 'Joanna', 'Juliana', 'Fatima']
['Guadalupe', 'Genesis', 'Yesenia', 'Julianna', 'Skyler', 'Alexus', 'Tatiana', 'Alana', 'Elise', 'Nadia']
['Kirsten', 'Sandra', 'Haylee', 'Ruby', 'Cindy', 'Sidney', 'Ella', 'Dominique', 'Jayla', 'Tori']
['Tessa', 'Carolina', 'Jaqueline', 'Camille', 'Whitney', 'Carmen', 'Vivian', 'Bridget', 'Priscilla', 'Kiana']
['Celeste', 'Makenna', 'Madeleine', 'Natasha', 'Cecilia', 'Kassandra', 'Mercedes', 'Alissa', 'Miriam', 'Ciara']
['Reagan', 'Aliyah', 'Josephine', 'Charlotte', 'Rylee', 'Shania', 'Kira', 'Meredith', 'Eva', 'Lisa']
['Dakota', 'Hallie', 'Rose', 'Liliana', 'Imani', 'Kailey', 'Deanna', 'Anne', 'Kristin', 'Marisa']
['Annie', 'Nia', 'Carolyn', 'Anastasia', 'Brenna', 'Dana', 'Shayla', 'Kassidy', 'Ashlee', 'Rosa']
['Alaina', 'Wendy', 'Tabitha', 'Paola', 'Lucy', 'Gillian', 'Clarissa', 'Logan', 'Callie', 'Addison']
['Destinee', 'Josie', 'Denise', 'Katlyn', 'Esther', 'Mariana', 'Bryanna', 'Emilee', 'Georgia', 'Kamryn']
['Deja', 'Ashleigh', 'Baylee', 'Heaven', 'Teresa', 'Ruth', 'Krystal', 'Cristina', 'Raquel', 'Monique']
['Helen', 'Tiana', 'Cassie', 'Kayleigh', 'Marina', 'Heidi', 'Ivy', 'Ashton', 'Clara', 'Gina']
['Meagan', 'Linda', 'Jacquelyn', 'Ellie', 'Daniella', 'Lizbeth', 'Anahi', 'Gloria', 'Jenny', 'Renee']
['Virginia', 'Gisselle', 'Kaitlynn', 'Julissa', 'Cheyanne', 'Lacey', 'Haleigh', 'Marie', 'Eleanor', 'Kierra']
['Martha', 'Tiara', 'Kaylie', 'Mikaela', 'Jaden', 'Madalyn', 'Hailee', 'Talia', 'Eliza', 'Harley']
['Kasey', 'Ashlynn', 'Brandi', 'Lesly', 'Elisabeth', 'Allie', 'Viviana', 'Cara', 'Marisol', 'Litzy']
['India', 'Tatyana', 'Jessie', 'Brandy', 'Noelle', 'Carla', 'Francesca', 'Melody', 'Alisha', 'Hunter']
['Tia', 'Layla', 'Krista', 'Zoey', 'Carley', 'Janet', 'Carissa', 'Iris', 'Kaleigh', 'Theresa']
['Tyler', 'Tamara', 'Tatum', 'Susan', 'Yasmin', 'Tamia', 'Abbey', 'Yasmine', 'Sharon', 'Alice']
['Alayna', 'Kali', 'Bailee', 'Lesley', 'Lilly', 'Mckayla', 'Ayanna', 'Serenity', 'Karissa', 'Maddison']
['Jane', 'Precious', 'Kelsie', 'Lexi', 'Kiersten', 'Kiera', 'Annika', 'Jayda', 'Phoebe', 'Halle']
['Felicity', 'Tyra', 'Taryn', 'Kaylin', 'Ellen', 'Kiley', 'Jaclyn', 'Rhiannon', 'Madisyn', 'Joy']
['Colleen', 'Pamela', 'Charity', 'Fiona', 'Annabelle', 'Emely', 'Alina', 'Tania', 'Alyson', 'Kaila']
['Angelique', 'Regan', 'Irene', 'Johanna', 'Janae', 'Janelle', 'Madyson', 'Justine', 'Paris', 'Sasha']
['Chelsey', 'Paulina', 'Zaria', 'Skye', 'Emilie', 'Felicia', 'Larissa', 'Mayra', 'Brisa', 'Cora']
['Tianna', 'Macie', 'Aurora', 'Sage', 'Lucia', 'Alma', 'Chasity', 'Ann', 'Nichole', 'Jayden']
['Deborah', 'Alanna', 'Angie', 'Carlie', 'Carrie', 'Elaina', 'Sylvia', 'Malia', 'Nora', 'Kailee']
['Sonia', 'Genevieve', 'Kenya', 'Piper', 'Marilyn', 'Amari', 'Macey', 'Marlene', 'Tayler', 'Julianne']
['Barbara', 'Brooklynn', 'Perla', 'Elisa', 'Eden', 'Miracle', 'Devin', 'Lorena', 'Kaley', 'Leilani']
['Aileen', 'Chyna', 'Athena', 'Esperanza', 'Regina', 'Adrienne', 'Shyanne', 'Luz', 'Tierra', 'Clare']
['Cristal', 'Eliana', 'Eve', 'Sydnee', 'Melina', 'Arielle', 'Toni', 'Kelli', 'Madelynn', 'Breana']
