['Harry', 'Delia', 'Doris', 'Johnny', 'Heather', 'Albert', 'Lauren']
['Tammy', 'Dawn', 'Brittany', 'Latonya', 'Andre', 'Margaret', 'Joel']
['Wanda', 'Scotty', 'Isaac', 'Tommy', 'Kim', 'Kelli', 'Levi']
['Rory', 'Norma', 'Larry', 'Irene', 'Raquel', 'Gilbert', 'Lucy']
['Houston', 'Carroll', 'Loretta', 'Krista', 'Clifford', 'Christine', 'Laurie']
['Tracy', 'Shaun', 'Joe', 'Cheryl', 'Marta', 'Kristina', 'Hildegard']
['Esther', 'Mitchell', 'Daniel', 'Ada', 'Desiree', 'Beatriz', 'Melissa']
['Arturo', 'Dorothy', 'Hilton', 'Regina', 'Roy', 'Debra', 'Pat']
['Erica', 'Dwayne', 'Bernard', 'Dennis', 'Fredrick', 'Jewel', 'William']
['Jason', 'Mona', 'Bonita', 'Kenneth', 'Anita', 'Cheri', 'Hugo']
['Alonzo', 'Ladonna', 'Henry', 'Lorenzo', 'Katrina', 'Kimberly', 'Stephen']
['Walter', 'Austin', 'Melanie', 'Ella', 'Argentina', 'Stacy', 'Alvin']
['Chelsea', 'Pamela', 'Tanya', 'Josephine', 'Charles', 'Jeremy', 'Carol']
['Anthony', 'Minnie', 'Alan', 'Benjamin', 'Tiara', 'Jane', 'Lorene']
['Kathryne', 'Rocio', 'Christiana', 'Tonya', 'Jewell', 'Maryann', 'Blanche']
['Damian', 'Maureen', 'Patsy', 'Ruthie', 'Joy', 'Ronald', 'Curtis']
['Salvatore', 'Mary', 'Horace', 'Lakesha', 'Mildred', 'Vickie', 'Marjorie']
['Zachary', 'Matilda', 'Marion', 'Emerson', 'David', 'Josie', 'Marla']
['Dolores', 'Wilbur', 'Shane', 'Kyle', 'Edward', 'Dena', 'Mari']
['Jayne', 'Ernest', 'Michelle', 'Bernadette', 'Derrick', 'Carole', 'Sarah']
['Lottie', 'Cindy', 'Victor', 'Cesar', 'Megan', 'Julius', 'Vicente']
['Jami', 'Joan', 'Kathryn', 'Antoinette', 'Ralph', 'Johnnie', 'Roberto']
['Ethel', 'Amanda', 'Mario', 'Nathaniel', 'Lydia', 'Emily', 'Joseph']
['Claire', 'Lowell', 'Tabatha', 'Mae', 'Susan', 'Oscar', 'Bernie']
['Carlton', 'Katie', 'Billie', 'Cedric', 'Samuel', 'Mireya', 'Dottie']
['Stanley', 'Carl', 'Jodi', 'Randall', 'Hillary', 'Mavis', 'Lizzie']
['Roberta', 'Emilee', 'Annie', 'Lillie', 'Jessie', 'Julia', 'Lucille']
['Mamie', 'Marge', 'Louise', 'Melvin', 'Earl', 'John', 'Rena']
['Milton', 'Pearl', 'Shelly', 'Antonietta', 'Rick', 'Virgie', 'Vicky']
['Pauline', 'Clara', 'Harriett', 'Teresa', 'Shirley', 'Geraldine', 'Nellie']
['Alex', 'Martha', 'Judith', 'Brett', 'Elizabeth', 'Brenda', 'Vance']
['Michael', 'Ashley', 'Matt', 'Guadalupe', 'Paul', 'Joshua', 'Kathleen']
['James', 'Craig', 'Diane', 'Darryl', 'Esperanza', 'Lena', 'Toni']
['Peggy', 'Leigh', 'Kurt', 'Patricia', 'Cathleen', 'Colleen', 'Heidi']
['Antonio', 'Cyndy', 'Harriet', 'Debbie', 'Timothy', 'Robert', 'Claudia']
['Charlotte', 'Alice', 'Carrie', 'Janet', 'Jammie', 'Lidia', 'Kelvin']
['Melony', 'Leola', 'Allen', 'Thelma', 'Frances', 'Jennifer', 'Doretha']
['Paula', 'Corinne', 'Lucia', 'Grace', 'Justin', 'Christian', 'Chris']
['Fred', 'Rachel', 'Catherine', 'Gregory', 'Fay', 'Dan', 'Eric']
['Louis', 'Janice', 'Sandra', 'Lela', 'Tommie', 'Donald', 'Nancy']
['Hector', 'Vera', 'Gladys', 'Maria', 'Quentin', 'Kristen', 'Barry']
['Weldon', 'Jacqueline', 'Phyllis', 'Lorena', 'Dewayne', 'Carla', 'Jonathan']
['Tim', 'Merle', 'Myra', 'Porfirio', 'Gerald', 'Brian', 'Nicholas']
['Octavia', 'Jasmine', 'Mei', 'Elvera', 'Isabelle', 'Barbra', 'Thomas']
['Colin', 'Tom', 'Raymond', 'Sheila', 'Mark', 'Cara', 'Sally']
['Deandre', 'Rhonda', 'Peter', 'Arline', 'George', 'Rafael', 'Cynthia']
['Kenny', 'Jerome', 'Beverly', 'Wilfredo', 'Ericka', 'Jonathon', 'Lester']
['Linda', 'Evan', 'Deborah', 'Edwin', 'Patrice', 'Anna', 'Lisa']
['Patrick', 'Carlos', 'Abdul', 'Juan', 'Rebecca', 'Lacey', 'Shante']
['Terry', 'Gordon', 'Marybeth', 'Eduardo', 'Ricardo', 'Bobby', 'Bessie']
['Sam', 'Steven', 'Evelyn', 'Frank', 'Adam', 'Fletcher', 'Vanessa']
['Devon', 'Ted', 'Justine', 'Donna', 'Phillip', 'Newton', 'Ruth']
['Cameron', 'Hazel', 'Brandon', 'Jessica', 'Frida', 'Richard', 'Ray']
['Marie', 'Clyde', 'Barbara', 'Gary', 'Martin', 'Lexie', 'Warren']
['Gene', 'Kelly', 'Karen', 'Danielle', 'Sharon', 'Joyce', 'Leo']
['Sara', 'Philip', 'Laura', 'Beatrice', 'Stephanie', 'Matthew', 'Jim']
['Darrin', 'Marcus', 'Roger', 'Monica', 'Jerry', 'Noma', 'Reggie']
['Rueben', 'Alberta', 'Shawn', 'Johnathan', 'Randy', 'Jeff', 'Trenton']
['Christopher', 'Kristine', 'Helen', 'Maybell', 'Carolyn']
['Angel']
['Erma']
['Kay']
['Byron']
['Olive']
['Bruce']
['Sheldon']
['Esta']
['Victoria']
['Russel']
['Wade']
['Betty']
['Erik']
['Steve']
['Carmen']
['Harold']
['Lori']
['Tomas']
['Gale']
['Gail']
['Samantha']
['Felipe']
['Daphne']
['Adrian']
['Arthur']
['Carina']
['Keith']
['Gerard']
['Bernice']
['Renee']
['Maxine']
['Molly']
['Shawna']
['Iris']
['Jeanette']
['Luis']
['Robin']
['Lawrence']
['Jeffrey']
['Eva']
['Eunice']
['Theresa']
['Douglas']
['Jeffery']
['Todd']
['Jean']
['Rod']
['Ivan']
['Aileen']
['Katherine']
['Anne']
['Casandra']
['Sulema']
['Crystal']
['Andrea']
['Chester']
['Brooks']
['Gloria']
['Cleo']
['Virginia']
['Sheryl']
['Manuel']
['Aron']
['Julie']
['Miriam']
