['Lucio', 'Staci', 'Ellen', 'Maura', 'Cyrus', 'Gayle', 'Tracy', 'Daisy', 'Devin', 'Issac', 'Leona', 'Fidel', 'Peter', 'Sonja', 'Naomi', 'Karin', 'David', 'Adele', 'Janet', 'Doris', 'Tommy', 'Kayla', 'Melba', 'Steve', 'Dixie', 'Carly', 'Willy', 'Erick', 'Dwain', 'Candy', 'James', 'Clark', 'Mikel', 'Malik', 'Sheri', 'Jaime', 'Margo', 'Cliff', 'Josie', 'Ervin', 'Felix', 'Wally', 'Trent', 'Lauri', 'Bobbi', 'Arlen', 'Mable', 'Jayne', 'Tanya', 'Annie']
['Barry', 'Della', 'Mitzi', 'Jamar', 'Lydia', 'Cindy', 'Ariel', 'Elmer', 'Bryon', 'Kathy', 'Leila', 'Shane', 'Betsy', 'Clara', 'Elsie', 'Rhett', 'Ollie', 'Darin', 'Hilda', 'Laura', 'Sally', 'Mario', 'Janis', 'Randi', 'Robin', 'Homer', 'Moshe', 'Grant', 'Carla', 'Patti', 'Orval', 'Donny', 'Zelma', 'Verna', 'Renee', 'Elena', 'Maria', 'Sofia', 'Kevin', 'Karen', 'Brock', 'Amado', 'Perry', 'Brady', 'Jamel', 'Sadie', 'Rhoda', 'Greta', 'Marcy', 'Maude']
['Terry', 'Adela', 'Effie', 'Major', 'Julia', 'Becky', 'Queen', 'Kirby', 'Randy', 'Bette', 'Amber', 'Roger', 'Leroy', 'Tonia', 'Fritz', 'Danny', 'Alton', 'Joann', 'Rufus', 'Twila', 'Jonah', 'Tasha', 'Louis', 'Ebony', 'Julio', 'Ahmad', 'Aaron', 'Quinn', 'Cesar', 'Lorie', 'Allan', 'Bruno', 'Aline', 'Marty', 'Dario', 'Nancy', 'Jared', 'Britt', 'Bryce', 'Ronny', 'Katie', 'Rusty', 'Brant', 'Chong', 'Billy', 'Wilma', 'Wendy', 'Mamie', 'Mandy', 'Casey']
['Ernie', 'Myron', 'Emery', 'Garry', 'Nadia', 'Percy', 'Elvin', 'Nelda', 'Mason', 'Lyman', 'Shaun', 'Claud', 'Dante', 'Marla', 'Pedro', 'Linda', 'Audra', 'Pearl', 'Vicky', 'Bryan', 'Daron', 'Josef', 'Moses', 'Clint', 'Corey', 'Erika', 'Irvin', 'Viola', 'Chang', 'Holly', 'Basil', 'Berta', 'Alvin', 'Brian', 'Craig', 'Alice', 'Sandy', 'Flora', 'Jacob', 'Teddy', 'Benny', 'Tonya', 'Wyatt', 'Essie', 'Chris', 'Avery', 'Vilma', 'Ruben', 'Eddie', 'Nikki']
['Hazel', 'Timmy', 'Helga', 'Ilene', 'Lanny', 'Micah', 'Misty', 'Paige', 'Wendi', 'Edwin', 'Joyce', 'Buddy', 'Elias', 'Erica', 'Freda', 'Odell', 'Terri', 'Chase', 'Sammy', 'Brent', 'Marci', 'Davis', 'Merle', 'Clyde', 'Tessa', 'Lorna', 'Dusty', 'Elvia', 'Roxie', 'Monty', 'Sybil', 'Mitch', 'Sonny', 'Deann', 'April']
['Leann']
['Wanda']
['Robyn']
['Tyron']
['Hyman']
['Lacey']
['Tammi']
['Kelly']
['Donna']
['Debra']
['Olive']
['Roman']
['Pansy']
['Emily']
['Jason']
