['AAA', 'AAI', 'AAM', 'ACY', 'AHU', 'AII', 'AIL', 'AJJ', 'AOB', 'AOL', 'AQL', 'ATB', 'AQM', 'ACL', 'ADC', 'AEN', 'AFV', 'AHF']
['AAB', 'AAV', 'AGI', 'AHL', 'AIM', 'AJM', 'AKX', 'AMS', 'ANW', 'AOA', 'AOR', 'ARK', 'AAK', 'AKI', 'AAN', 'ABE', 'AEP', 'AEY']
['AAC', 'AAY', 'ABT', 'ACI', 'ADE', 'AEU', 'AFD', 'AJK', 'ALC', 'ALT', 'ANN', 'ARB', 'AHS', 'AAQ', 'AAT', 'ACA', 'ADR', 'AES']
['AAD', 'ABD', 'ACG', 'ACS', 'AEI', 'AEQ', 'AFA', 'AHM', 'AHX', 'AIN', 'APG', 'APT', 'ABN', 'AJT', 'AAH', 'ABG', 'ABJ', 'ADP']
['AAE', 'ADU', 'ADY', 'AFI', 'AGK', 'AKY', 'ALB', 'ALH', 'AMC', 'ANA', 'ASQ', 'ASU', 'AJQ', 'ALD', 'ABF', 'ABU', 'ACE', 'ACJ']
['AAF', 'AAU', 'ACO', 'AFQ', 'AFU', 'AIH', 'AJA', 'AJY', 'AKA', 'ALK', 'APO', 'APU', 'AFS', 'AMV', 'ABQ', 'ACX', 'AFF', 'AFO']
['AAG', 'ABS', 'AEV', 'AEW', 'AFM', 'AHC', 'AHG', 'AHK', 'AHT', 'AKB', 'ANC', 'ANF', 'AFN', 'APF', 'ABI', 'ADH', 'AGC', 'AGH']
['AAJ', 'ADB', 'AEL', 'AGE', 'AGN', 'AHA', 'AIQ', 'AKL', 'ALG', 'ANK', 'AQO', 'ASS', 'AER', 'ATK', 'AET', 'ALF', 'AMB', 'AMI']
['AAL', 'ABM', 'AEO', 'AID', 'AIV', 'AKV', 'AOJ', 'AOT', 'AOW', 'ARJ', 'ARX', 'ASP', 'AAO', 'ADM', 'AEG', 'AIJ', 'AIX', 'AKS']
['AAP', 'AFR', 'ALU', 'AMP', 'ANE', 'ANG', 'AOD', 'AOV', 'APQ', 'APV', 'AQY', 'ASO', 'ASL', 'ADA', 'AGY', 'ACC', 'ACQ', 'AEM']
['AAR', 'AAW', 'ABX', 'ACD', 'ACF', 'AGF', 'AJC', 'AJR', 'AKO', 'ANJ', 'ANO', 'ARQ', 'AEE', 'ALJ', 'ACP', 'ADN', 'AEJ', 'AGG']
['AAS', 'ACN', 'AEH', 'AGA', 'AGT', 'AHP', 'AHY', 'AML', 'AOS', 'APD', 'AQJ', 'AQX', 'AAX', 'ABB', 'ACM', 'AFH', 'AJD', 'AJO']
['ABA', 'ABC', 'ACK', 'ACV', 'AEB', 'AKC', 'AKN', 'AKU', 'AQB', 'AQN', 'AQS', 'AQT', 'ADT', 'AHR', 'AFP', 'AGX', 'AKF', 'AKQ']
['ABH', 'ADW', 'AEX', 'AGB', 'AGU', 'AJH', 'AJU', 'AKK', 'ANT', 'AON', 'ARU', 'ASH', 'AMQ', 'AFL', 'AHO', 'APN', 'AQU', 'ASF']
['ABK', 'ABO', 'ADQ', 'ADV', 'AEA', 'AGR', 'ALV', 'AMO', 'ANQ', 'ANR', 'APP', 'AQQ', 'AGD', 'AJX', 'ABV', 'ACT', 'AFC', 'AHN']
['ABL', 'ADS', 'AFE', 'AFY', 'AGP', 'AIT', 'AJS', 'AJV', 'AJW', 'ALI', 'AQF', 'AQV', 'AST', 'ASY', 'ABP', 'ADJ', 'AGS', 'AIP']
['ABR', 'AEF', 'AGM', 'AIK', 'AKM', 'AMW', 'ANL', 'APJ', 'AQI', 'ARR', 'ARY', 'ASJ', 'AJN', 'ANS', 'ACR', 'ACU', 'ADG', 'ADX']
['ABW', 'AED', 'AHD', 'AHV', 'AIF', 'AIO', 'AJI', 'ALE', 'ALO', 'AMU', 'AOU', 'ARO', 'AKD', 'ARL', 'ACB', 'AHH', 'AIB', 'AIU']
['ABY', 'AFG', 'AFJ', 'AFT', 'AGV', 'AGW', 'AHB', 'AKR', 'ALW', 'AME', 'AOE', 'AOH', 'AMJ', 'ARN', 'AGL', 'AGQ', 'AHE', 'AKP']
['ACH', 'ADD', 'ADI', 'AEK', 'AIR', 'AIW', 'ALL', 'AOM', 'AQG', 'ARH', 'ARM', 'ASE', 'ALR', 'ARE', 'AKG', 'ANV', 'AOY', 'APH']
['ACW', 'ADL', 'AEC', 'AFX', 'AIS', 'ALY', 'AMD', 'AMY', 'AOC', 'AOK', 'APL', 'AQC', 'ALN', 'APA', 'AJE', 'AMF', 'AOQ', 'APS']
['ADF', 'ADK', 'ADO', 'AJB', 'AMK', 'AMR', 'APE', 'APK', 'AFB', 'AFW', 'AJL', 'AOI', 'APM', 'AQP', 'ATC', 'AFK', 'AIE', 'AJF']
['AGJ', 'AIA', 'AKE', 'ANU', 'ARF', 'ASM', 'ATI', 'AGO', 'AHI', 'AHJ', 'AIY', 'AJP', 'ALX', 'ANB', 'ASR', 'ATJ', 'AHQ', 'AHW']
['AIC', 'AIG', 'AKH', 'ANX', 'AOG', 'ASK', 'ASV', 'AJG', 'ALQ', 'ALS', 'APC', 'AQH', 'ARP', 'ASN', 'AKJ', 'AKW', 'AMX', 'AQW']
['AKT', 'AQE', 'ALA', 'ALM', 'ANY', 'AOF', 'AQA', 'ATG', 'ATQ', 'ATS', 'ALP', 'AMM', 'AOO', 'AOP', 'AOX', 'ATM', 'ATO', 'AMA']
['AMG', 'AMH', 'APR', 'ATV', 'AMN', 'APB', 'APX', 'ARV', 'ASB', 'ASD', 'ATT', 'AMT', 'ANP', 'AQD', 'AQK', 'ATP', 'AND', 'ANI']
['ANH', 'ANM', 'API', 'APW', 'ARG', 'APY', 'ASI', 'ATX', 'AQR', 'ARA', 'ARC', 'ARD', 'ASA', 'ATE', 'ARI', 'ARS', 'ART', 'ARW']
['ASC', 'ASG']
['ASW']
['ASX']
['ATA']
['ATD']
['ATF']
['ATH']
['ATL']
['ATN']
['ATR']
['ATU']
['ATW']
['ATY']
