['Carson', 'Nicole', 'Yevette', 'Byron', 'Hilario', 'Kurtis', 'Chan', 'Zoraida', 'Tarah', 'Ok', 'Piedad', 'Kristopher', 'Jeremy', 'Tressa', 'Angeline', 'Clinton', 'Deana', 'Kristi', 'Marci', 'Clarence', 'Darnell', 'Bonnie', 'Alethia', 'Elvia', 'Martin', 'Joanne', 'Kyung', 'Lana', 'Sherwood', 'Kay']
['Sharlene', 'Marvin', 'Alexa', 'Millicent', 'Felix', 'Cortney', 'Rachel', 'Kendall', 'Zena', 'Tiffani', 'Horace', 'Eugene', 'Darwin', 'Pinkie', 'Olevia', 'Saul', 'Dorene', 'Mariette', 'Princess', 'Refugio', 'Whitney', 'Claudie', 'Marquitta', 'Madison', 'Dong', 'Carmon', 'Tina', 'Xuan', 'Inga', 'Clifton']
['Annabel', 'Gerardo', 'Beverley', 'Clarissa', 'Jan', 'Xavier', 'Lucas', 'Heide', 'Ryann', 'Toya', 'Elena', 'Ema', 'Hiroko', 'Loura', 'Eve', 'Helene', 'Lamonica', 'Sharell', 'Earnest', 'Oneida', 'Ron', 'Cassie', 'Dusti', 'Danita', 'An', 'Kelly', 'Kris', 'Johnny', 'Lizabeth', 'Renetta']
['Rima', 'Garret', 'Louella', 'Jade', 'Lorelei', 'Savanna', 'Lilly', 'Lue', 'Son', 'Laticia', 'Alton', 'Winford', 'Doyle', 'Caitlyn', 'Lasonya', 'Shonda', 'Reita', 'Gisela', 'Destiny', 'Phylis', 'Margart', 'Odell', 'Antoinette', 'Latia', 'Juliet', 'Susannah', 'Pa', 'Milissa', 'Jeanette', 'Stanford']
['Shelton', 'Aaron', 'Dewitt', 'Roxane', 'Kylie', 'Claretha', 'Laraine', 'Amada', 'Randa', 'Retta', 'Arcelia', 'Kimbra', 'Irma', 'Rachael', 'Kitty', 'Chun', 'Ocie', 'Kasey', 'Garland', 'Naida', 'Eustolia', 'Marquis', 'Tamisha', 'Emmanuel', 'Stephani', 'Carolee', 'Marvis', 'Rolando', 'Raul', 'Valorie']
['Joan', 'Elicia', 'Robert', 'Alicia', 'Dewayne', 'Charisse', 'Alvera', 'Raleigh', 'Honey', 'Jefferey', 'Tracie', 'Marcella', 'Hillary', 'Debora', 'Oscar', 'Miranda', 'Treena', 'Marlo', 'Alane', 'Joelle', 'Leila', 'Glenda', 'Irena', 'Adah', 'Delmar', 'Vernia', 'Rodrigo', 'Flavia', 'Glenna', 'Chas']
['Jeffrey', 'Charmaine', 'Jina', 'Trena', 'Orval', 'Meagan', 'Alex', 'Eloisa', 'Lezlie', 'Annamarie', 'Aretha', 'Kim', 'Rosalee', 'Vivien', 'Theo', 'Rosalba', 'Grant', 'Travis', 'Ella', 'Wes', 'Bertha', 'Jami', 'German', 'Michaela', 'Hassan', 'Nieves', 'Leilani', 'Alvin', 'Lauren', 'Marilynn']
['Logan', 'Verona', 'Clara', 'Porter', 'Chang', 'Hayden', 'Riley', 'Gerard', 'Lola', 'Griselda', 'Jacque', 'Altagracia', 'Edmond', 'Imogene', 'Pearlie', 'Jay', 'Sharan', 'Nathalie', 'Nadia', 'Oswaldo', 'Florencio', 'Hortense', 'Lucia', 'Elfrieda', 'Dagmar', 'Hershel', 'Tameika', 'Lashay', 'Fanny', 'Sheldon']
['Sharilyn', 'Camelia', 'Chester', 'Eufemia', 'Enola', 'Cleotilde', 'Marcie', 'Russell', 'Kareem', 'Florinda', 'Audie', 'Stanley', 'Jesus', 'Marion', 'Lyn', 'Freddie', 'Percy', 'Sharla', 'Alexandra', 'Merrill', 'Hui', 'Naomi', 'Alfred', 'June', 'Vincenzo', 'In', 'Latoya', 'Leontine', 'Osvaldo', 'Elenora']
['Dora', 'Artie', 'Loren', 'Chance', 'Joye', 'Louise', 'Darrel', 'Janetta', 'Clarinda', 'Nickolas', 'Mariah', 'Isabel', 'Loria', 'Jama', 'Clarice', 'Tanisha', 'Neida', 'Harvey', 'Cristi', 'Terry', 'Jennie', 'Frederic', 'Kirstin', 'Murray', 'Selma', 'Tai', 'Renea', 'Vernon', 'Lyndon', 'Taneka']
['Antonette', 'Mariano', 'Tamala', 'Houston', 'Spencer', 'Almeta', 'Trey', 'Antonina', 'Lisa', 'Junior', 'Jae', 'Christiane', 'Esperanza', 'Deirdre', 'Tammi', 'Tyisha', 'Brendon', 'Allena', 'Oma', 'Elliott', 'Ambrose', 'Shavon']
['Dion']
['Danial']
['Elvie']
['Angella']
['Clyde']
['Hyun']
['Shaun']
['Marcos']
['Anabel']
['Randall']
['Rita']
['Susan']
['Nohemi']
['Easter']
['Dorthea']
['Vada']
['Leonida']
['Herlinda']
['Leonard']
