['QQCGU', 'ZMCMD', 'CYVWU', 'FXFHY', 'QSIZR', 'LCGFN', 'RMHZI', 'QSAIM', 'AUIRW', 'JFKWJ', 'IHIWD', 'LYSRO', 'NCWPX', 'RCWOS', 'WHBFR', 'XQUPB', 'VFWVV', 'LYFLA', 'VUPAV', 'TKEWX', 'NKLCQ', 'NZQNY', 'BMNGE', 'RISKG', 'JGBOH']
['BOOKC', 'TIZZI', 'WFPUN', 'FPFHY', 'GUGKR', 'LQGAI', 'DFZLH', 'FKMPO', 'UQJJY', 'VXNNV', 'QMJUD', 'SSZXS', 'CWZDH', 'TWVAR', 'STZIM', 'ZRFKN', 'AIWJE', 'NNLIE', 'XMZUX', 'KCPYN', 'NRRFB', 'JEHBC', 'HAPCQ', 'SCMKV', 'DOYMU']
['LMDUZ', 'YHWVK', 'KXFFP', 'CSGGY', 'JWNLZ', 'DWGDE', 'DBPXU', 'ABQJV', 'SEJRA', 'FRVNO', 'UHIOD', 'XQYCU', 'TPIXY', 'YPSZJ', 'AZDHE', 'JECON', 'CZQAC', 'TLAOJ', 'SPROB', 'KEUTQ', 'TQUPW', 'UTYHJ', 'ZMWJB', 'QVEIA', 'ROVKN']
['BHECC', 'EBQJA', 'NPJSC', 'OBCSZ', 'LFYYV', 'FQYNK', 'EXERI', 'SDCRN', 'HOCJP', 'FLAIE', 'VISUM', 'SURGB', 'FIIIX', 'RDCHE', 'ZCMCP', 'AEXQY', 'WWCYP', 'SMDTK', 'LESUW', 'YSBTR', 'VLXZD', 'RWOPE', 'OVNTP', 'HDFES', 'YPRRC']
['DTPHQ', 'IQLHD', 'XMJJP', 'WNDOP', 'AHXXM', 'TDICM', 'OXZCV', 'ZKMSA', 'HUNXU', 'AALPZ', 'SOVUQ', 'USRDK', 'LVMLT', 'XIGOI', 'OZSQX', 'MUUIL', 'FBZDZ', 'MCXWP', 'TJFHX', 'KIEKF', 'MTXFY', 'NLQWV', 'BWKXY', 'VGTYI', 'HZGVK']
['NEQMO', 'NGBWQ', 'VUTIQ', 'GXAOE', 'TJLUN', 'EIREK', 'UXUZX', 'RWIWJ', 'RSFHX', 'BEFRL', 'CXMEP', 'SUEUT', 'NZAXS', 'PKECO', 'GUJWW', 'GUJWH', 'ZOHDS', 'MSZXR', 'PUFAY', 'CYRFR', 'ABAQL', 'GDZSX', 'QBGLN', 'DPJHM', 'UDFVU']
['WLODL', 'TYYLF', 'DYIYS', 'TEYRZ', 'WNGHY', 'PPBBM', 'HAYKV', 'PEIBF', 'SSWHW', 'IUTYE', 'FYSSP', 'NMUXG', 'VQTXV', 'VLACB', 'BREAU', 'DQJYE', 'WGNBW', 'GKYTD', 'SYRST', 'WTAGZ', 'YVULZ', 'YMAKV', 'FHCPP', 'JDDRN', 'HIBFR']
['XGCQB', 'FRHWO', 'PBEOM', 'YVMFJ', 'QUGAX', 'SUNJN', 'NHBOU', 'BHFJC', 'PRFNT', 'MMHOG', 'SHEUT', 'PAVOS', 'SIWEE', 'LBYAL', 'RSYQC', 'NSSHB', 'RZJZX', 'NZQKM', 'YTVYR', 'VZFUK', 'POXWS', 'IXEZM', 'DRVVY', 'KRMMY', 'UPNVV']
['PHXOS', 'FCFIW', 'ZYEMW', 'VZNGS', 'CSILO', 'YKOFS', 'JLTJR', 'PQEKQ', 'HGAWC', 'WTMZW', 'CZNRV', 'KFWQL', 'XZTVE', 'QFZCO', 'QYCKH', 'REVQE', 'VNIQM', 'CHCYT', 'FKSNY', 'ZUYFN', 'VSARS', 'ELBRQ', 'BFHEV', 'GRIBM', 'KQZVU']
['VYUHL', 'QFSQF', 'QLDQR', 'JGIMA', 'GKOUL', 'TJTMV', 'RQZDB', 'NLQQX', 'SEUJM', 'OPZLD', 'BXGAG', 'AQEWE', 'HAKPT', 'BBIGY', 'SWZLI', 'TARGC', 'MCVPN', 'PSMNV', 'MQEVZ', 'RKMOC', 'GAQXI', 'SPSXT', 'AAEBS', 'WMAOH', 'FMMZU']
['LQJNK', 'HVAAR', 'GNDQJ', 'JXKSJ', 'OYGNB', 'MRNHH', 'GZWND', 'KBDMG', 'GJCQK', 'UZTYA', 'GFWZF', 'LEYDX', 'VWLQP', 'FSIEJ', 'ZRLGV', 'QMBKL', 'OYLVF', 'JFOPY', 'MIMWO', 'RNMID', 'UDEWT', 'DOXUP', 'ADKIG', 'XADCG', 'SACPU']
['DUQLN', 'WNBOI', 'ZXEUD', 'OMNEY', 'BCTKV', 'GKPPL', 'QNXTS', 'DJQYY', 'YTXXV', 'OHEWR', 'EFRTR', 'EIALG', 'PUJOM', 'EPEAQ', 'YTTKI', 'EWIJA', 'JLETC', 'URMYA', 'KDZDK', 'UMQRP', 'KZBFF', 'FIPGX', 'QHQUF', 'XHKTV', 'GBEQY']
['DDGZR', 'GWEZA', 'MBBZL', 'CRSZF', 'IVYZR', 'XYABI', 'FMFZO', 'ERXLL', 'UEFBC', 'VQUBW', 'NCXIY', 'PPGSA', 'EFPNV', 'NMWYK', 'VNNEP', 'VFXSF', 'JPLIB', 'ENWEC', 'EHCWU', 'PDNXQ', 'CYMCE', 'SAOVB', 'RUSXV', 'RRDGL', 'DAPHY']
['QJUJE', 'JGGQM', 'RMNKI', 'ELRTK', 'WEYKU', 'DBXJE', 'XQQNM', 'NHZCJ', 'MQWLN', 'YQBLY', 'OJTYX', 'GPKTZ', 'FWTXB', 'YYNPW', 'DFNDO', 'PREHL', 'QJRDV', 'FWKYL', 'KEPXD', 'JTKTH', 'YIQHC', 'GRUYQ', 'KEDYT', 'ILRGH', 'IAASE']
['CCHLM', 'WEDAM', 'ENHUS', 'ZOVBE', 'SLYUO', 'GAUGX', 'CALHI', 'DWCIC', 'XLWDU', 'FIUZZ', 'DZGQX', 'UOYAH', 'RLKNU', 'HXGTU', 'RRFYM', 'XOUQG', 'IPMBX', 'GKLKQ', 'BKFQR', 'BXGFY', 'NLPHM', 'ZPWCF', 'IEEVC', 'EAHZI', 'JMPSL']
['RAAAY', 'IYMNE', 'LJQBN', 'STJMV', 'HKSDK', 'RVMXY', 'REFDA', 'ZNEQL', 'FYAYI', 'KGDBH', 'QZGLO', 'NKEPZ', 'LRCXZ', 'QXETJ', 'XTFTT', 'PADSR', 'GPHCZ', 'XGXRC', 'VUZHE', 'VGWZF', 'XYVAU', 'GPAYG', 'BBDFQ', 'FSYHN', 'EYYNC']
['WAZOJ', 'RFDDK', 'XVOGO', 'ASGXO', 'PQYKQ', 'SLHLJ', 'ZNTDR', 'PBAWW', 'VVMSW', 'PUWYW', 'VMRKJ', 'JAGAT', 'NCCJD', 'JMNIF', 'UHFXM', 'JCTBB', 'CTLHM', 'QBYJR', 'KCWNV', 'UYUIP', 'OEEYW', 'AEHLI', 'ZLMYN', 'XPMAC', 'UTQPU']
['QACAX', 'AXICB', 'TLKIE', 'TPIHD', 'ZSYGC', 'FFZNI', 'IOHXF', 'DREMQ', 'UNSUE', 'BSOUP', 'TMCLZ', 'IPLJJ', 'CRKWH', 'PDSZU', 'FESAS', 'DNOMK', 'YRTTG', 'LCYZY', 'EXSFL', 'JCAYK', 'KSGPB', 'JCWPV', 'LGPGN', 'EGYBS', 'JJDHO']
['GJYBX', 'MLWLT', 'WZJYQ', 'AXIHL', 'ZZKGQ', 'BNPMH', 'PCOTH', 'NTGQJ', 'HKBNA', 'VHWPC', 'CASYZ', 'PARXO', 'KDMQW', 'VBXTL', 'JRNKY', 'CWKNX', 'VKHOX', 'METWY', 'PPAYR', 'XOUQM', 'LHFOM', 'POYSB', 'VCMUY', 'OENOT', 'BVKPC']
['IDOHH', 'XBVDI', 'SEVGN', 'FIBZD', 'IBFSE', 'VKBEF', 'IYGUJ', 'UMQSO', 'PKUWP']
['BCKDA']
['JPWDA']
['VSEBO']
['KTXRI']
['XDBSH']
['LPRGT']
['ALNHK']
['LMZAF']
