['Tine', 'Bhayani', 'Padget', 'Latimer', 'Woodhead', 'Grimona', 'Zelma', 'Rhonda', 'Everick', 'Lacy', 'Anuska', 'Burkhart', 'Risteau', 'Ardehs', 'Hatch', 'Kerianne', 'Yerxa', 'McCoy', 'Lombardi', 'Shanly', 'Kronick', 'Hillel', 'Hermon', 'Delila', 'Cerracchio', 'Davidde', 'Antonetta', 'Joed', 'Zobe', 'Cicely', 'Tennes', 'Mikol', 'Bui', 'Kaufmann', 'Ber']
['Klute', 'Thorman', 'Chae', 'Firman', 'Dietrich', 'Smukler', 'Sandeep', 'Tiphane', 'Caines', 'Gillian', 'Selma', 'Beebe', 'Kinzer', 'Berneta', 'Tavy', 'Yim', 'Sandstrom', 'Ches', 'Sigsmond', 'Carlick', 'Flo', 'Livingston', 'Sheeran', 'Darsie', 'Sosanna', 'Wistrup', 'Gunn', 'Dowlen', 'Hayyim', 'Larson', 'Tuttle', 'Halimeda', 'Milore', 'Balliett', 'Krystalle']
['Agosto', 'Dotson', 'Hittel', 'Akeyla', 'Tillford', 'Elburr', 'Sumer', 'Bran', 'Gowrie', 'Vesta', 'Deni', 'Flemming', 'Eleni', 'Salomi', 'Safire', 'Micheal', 'Mokas', 'Elberta', 'Letta', 'Beaver', 'Flieger', 'Bevon', 'Corkhill', 'Dela', 'Gombosi', 'Fausta', 'Matthaeus', 'Farro', 'Girardo', 'Perloff', 'Marilou', 'Lindell', 'Ursola', 'Love', 'Bello']
['Jessalin', 'Balling', 'Jori', 'Minier', 'Lenhart', 'Avril', 'Mauchi', 'Cavallaro', 'Knute', 'Melisa', 'Hamlin', 'Moonier', 'Hakim', 'Tarkany', 'Ashford', 'Monahan', 'Velda', 'Hadleigh', 'Jason', 'Winebaum', 'Pinto', 'Holton', 'Weirick', 'Rik', 'Balcer', 'Vevay', 'Darrow', 'Australia', 'Adolphus', 'Moyers', 'Hillegass', 'Hako', 'Karlise', 'Klapp', 'Tay']
['Celestyn', 'Elihu', 'Ratcliffe', 'Ginzburg', 'Eudocia', 'Ashman', 'Vaish', 'Hong', 'Berner', 'Danuloff', 'Leod', 'Serafine', 'Doroteya', 'Augustina', 'Rodolphe', 'Hannover', 'Prebo', 'Arianna', 'Birck', 'Cloots', 'Lou', 'Summons', 'Pippo', 'Manaker', 'Leiser', 'Danna', 'Evangeline', 'Scherman', 'Nanette', 'Arel', 'Sinnard', 'Watson', 'Jenness', 'Clere', 'Turrell']
['Formenti', 'Buxton', 'Coh', 'Merth', 'Lauree', 'Cardwell', 'Carrillo', 'Robbin', 'Chancellor', 'Antonino', 'Gerianne', 'Katzir', 'Chemush', 'Earlene', 'Roanna', 'Buckler', 'Ebneter', 'Melda', 'Marijn', 'Griswold', 'Ottinger', 'Fruin', 'Matthew', 'Acacia', 'Faunia', 'Dumas', 'Jenkel', 'Maribel', 'Barby', 'Erlewine', 'Ubana', 'Willis', 'Holms', 'Montagna', 'Cheria']
['Genie', 'Yarvis', 'Uta', 'McKinney', 'Aviv', 'Eilis', 'Hankins', 'Harland', 'Woo', 'Tessy', 'Ammadis', 'Janaya', 'Henrique', 'Franek', 'Udell', 'Saville', 'Zandt', 'Marina', 'Swanhilda', 'Lawler', 'Donn', 'Benilda', 'Hotze', 'Fredkin', 'Ultun', 'Vikky', 'Ruhnke', 'Binette', 'Osrick', 'Lorilyn', 'Harmony', 'Rombert', 'Crompton', 'Noyes', 'Gloriana']
['Lamson', 'Vonni', 'Maye', 'Galligan', 'Lynnelle', 'Merola', 'Won', 'Javler', 'Emmer', 'Brazee', 'Prince', 'Cherry', 'Nicolis', 'Starinsky', 'Fabrice', 'Clea', 'Emelia', 'Stephenson', 'Mansoor', 'Ursi', 'Girovard', 'Leanna', 'Jestude', 'Proudfoot', 'Dimitry', 'Fairfax', 'Raul', 'Cristiona', 'Schnabel', 'Coumas', 'Nance', 'Barnett', 'Toh', 'Rocray', 'Les']
['Nestor', 'Busey', 'Jillana', 'Griffin', 'Holey', 'Rani', 'Bounds', 'Myrvyn', 'Hett', 'Charin', 'Dedric', 'Stearns', 'Hook', 'Basso', 'Jimmy', 'Lotus', 'Uchida', 'Groos', 'Melburn', 'Lynett', 'Danita', 'Ashling', 'Lentha', 'Norean', 'Cristoforo', 'Adaurd', 'Janenna', 'Fidelio', 'Shelbi', 'Ludovico', 'Oakes', 'Candyce', 'Brittnee', 'Saylor', 'Utica']
['Worlock', 'Cyd', 'Schreck', 'Odin', 'Bruns', 'Masterson', 'Holofernes', 'Wight', 'Delinda', 'Haldane', 'Druce', 'Edrick', 'Kimon', 'Tonya', 'Pryce', 'Clovah', 'Rue', 'Saudra', 'Meras', 'Reste', 'Newton', 'Jehiel', 'Lunetta', 'Kile', 'Towne', 'Ted', 'Lux', 'Raynor', 'Neveda', 'Neva', 'Wunder', 'Jobyna', 'Cataldo', 'Hudis', 'Clymer']
['Colly', 'Cutty', 'Nisse', 'Nessy', 'Gwenette', 'Baldridge', 'Hardej', 'Grath', 'Renick', 'Puklich', 'Winer', 'Glenn', 'Damon', 'Fifine', 'Kerwon', 'Koetke', 'Eno', 'Dearman', 'Ragland', 'Tutankhamen', 'Biggs', 'Yasu', 'Jorgenson', 'Barsky', 'Polish', 'Mushro', 'Kudva', 'Pappas', 'Oscar', 'Costin', 'Chaddie', 'Carter', 'Virginia', 'Desi', 'Ng']
['Bernj', 'Ferro', 'Felise', 'Favian', 'Maude', 'Emelita', 'Shepp', 'Nannette', 'Nafis', 'Neille', 'Halstead', 'McIntosh', 'Ruyle', 'Mitchiner', 'Larry', 'Verras', 'Malo', 'Crean', 'Kassi', 'Shannah', 'Blondell', 'Marijo', 'Dole', 'Hanway', 'Elmira', 'Hawger', 'Sievert', 'Nath', 'Debera', 'Placido', 'Dett', 'Blasius', 'Willetta', 'McClimans', 'Catherin']
['Billy', 'Jeniece', 'Ciapas', 'Felicie', 'Japeth', 'Questa', 'Ardys', 'Foulk', 'Atkins', 'Feinstein', 'Dott', 'Cal', 'Grochow', 'Higgs', 'Nari', 'Janerich', 'Quitt', 'Bluhm', 'Lamb', 'Danais', 'Plantagenet', 'Saxen', 'Dare', 'Utas', 'Wing', 'Eldwen', 'Florentia', 'Fillender', 'Till', 'Alvinia', 'Fadiman', 'Groh', 'Lyle', 'Fokos', 'Fitz']
['Lon', 'Harriet', 'Converse', 'Tristam', 'Shea', 'Sachi', 'Alf', 'Volkan', 'Midian', 'Margeaux', 'Durante', 'Fast', 'Behlau', 'Derril', 'Ferullo', 'Pontius', 'Astto', 'Wendye', 'Gibun', 'Dulcea', 'Kanya', 'Uzzia', 'Paulita', 'Demetria', 'Ainslee', 'Freddy', 'Kylah', 'Adriane', 'Morville', 'Auroora', 'McCullough', 'Karon', 'Enid', 'Epstein', 'Ace']
['Lenes', 'Ebba', 'Meingolda', 'Derinna', 'Mathur']
['Minda']
['Karie']
['Shelby']
['Mackenzie']
['Rooke']
