['ari', 'ada', 'apt', 'aok', 'abf', 'aqt', 'ams', 'adq', 'asa', 'acf']
['ana', 'ahd', 'asc', 'alc', 'apq', 'aob', 'aqc', 'alr', 'akw', 'aol']
['arl', 'aep', 'aby', 'asg', 'aae', 'afm', 'aqf', 'adt', 'aek', 'asp']
['akd', 'aeg', 'aii', 'ami', 'abq', 'ars', 'ale', 'apa', 'ahn', 'aoz']
['apk', 'adk', 'afw', 'amh', 'asm', 'akh', 'aeo', 'aqz', 'akq', 'aba']
['amg', 'ahl', 'alt', 'ajs', 'aje', 'adc', 'agb', 'aod', 'ajp', 'akm']
['aiq', 'afd', 'arc', 'aiz', 'amd', 'akr', 'aqj', 'apm', 'ahk', 'anw']
['aax', 'ate', 'aai', 'aoq', 'ata', 'aqn', 'aap', 'aac', 'akf', 'aca']
['amm', 'ama', 'alu', 'asv', 'aaz', 'aqh', 'amt', 'akv', 'acb', 'aqe']
['ajc', 'arq', 'aoi', 'afy', 'any', 'ald', 'alz', 'aau', 'abc', 'ame']
['amj', 'ads', 'aor', 'ass', 'aco', 'asy', 'aku', 'acc', 'acy', 'ajq']
['aej', 'alf', 'agl', 'add', 'acx', 'amc', 'ahu', 'aew', 'aht', 'ahr']
['aeq', 'aqo', 'amb', 'agw', 'arr', 'amu', 'ask', 'apb', 'aaq', 'aab']
['anl', 'adr', 'aat', 'aea', 'akl', 'acr', 'asw', 'asi', 'adv', 'aas']
['alk', 'ahj', 'aes', 'afz', 'acz', 'aju', 'ajm', 'aoy', 'acq', 'apu']
['afa', 'aqv', 'aoh', 'aqb', 'amz', 'aha', 'apc', 'ahh', 'ahc', 'aed']
['arp', 'anb', 'ajy', 'adj', 'aos', 'ajt', 'ajx', 'asl', 'aqq', 'art']
['aqr', 'ank', 'amf', 'adp', 'alh', 'ash', 'amn', 'aij', 'arn', 'ast']
['aft', 'adf', 'aqs', 'arg', 'atd', 'arb', 'apj', 'aof', 'ael', 'aop']
['adg', 'acj', 'aoc', 'anh', 'acd', 'aqy', 'are', 'afg', 'aip', 'aog']
['aaj', 'afb', 'aex', 'aic', 'aaw', 'arh', 'amx', 'anz', 'ary', 'adn']
['anr', 'aqx', 'atb', 'ahi', 'ahq', 'aom', 'akg', 'ain', 'ala', 'apy']
['anj', 'asu', 'agn', 'aji', 'abs', 'akn', 'ang', 'abk', 'aki', 'ano']
['apf', 'adl', 'ahz', 'aeu', 'ajl', 'ajj', 'anm', 'akc', 'agd', 'asf']
['aky', 'ahm', 'aiu', 'abd', 'aks', 'alb', 'ajr', 'aiy', 'aei', 'aph']
['asz', 'aqa', 'abh', 'agj', 'age', 'aly', 'aev', 'amv', 'aiw', 'ani']
['aik', 'ark', 'ags', 'aet', 'arj', 'alx', 'ake', 'akp', 'anq', 'agg']
['aja', 'air', 'agz', 'ant', 'arf', 'ahs', 'afs', 'aec', 'afo', 'aal']
['apw', 'abw', 'arv', 'alg', 'amp', 'aay', 'afv', 'agv', 'afp', 'aih']
['agu', 'agh', 'afq', 'agr', 'afc', 'ajf', 'acp', 'ajz', 'atc', 'asd']
['afl', 'ane', 'alj', 'akk', 'ach', 'aox', 'aid', 'ahb', 'aqk', 'aef']
['akb', 'apg', 'abx', 'adb', 'aqg', 'aif', 'acs', 'ali', 'adz', 'afi']
['acw', 'afx', 'abb', 'apn', 'ajw', 'ahy', 'aqd', 'adu', 'aoo', 'aim']
['ann', 'amy', 'aoe', 'ajh', 'api', 'aiv', 'alo', 'aps', 'act', 'abt']
['ajn', 'asr', 'aro', 'ady', 'aoa', 'abl', 'adi', 'aov', 'abn', 'adx']
['ace', 'akx', 'akj', 'agq', 'ape', 'ajv', 'abz', 'agt', 'ajd', 'afe']
['afh', 'aci', 'aie', 'abv', 'aem', 'aln', 'aqp', 'aml', 'abm', 'anp']
['ack', 'ahe', 'aga', 'aqi', 'ade', 'ako', 'arm', 'aso', 'abg', 'aow']
['ahw', 'aee', 'anx', 'ail', 'aia', 'ase', 'anu', 'afj', 'atf', 'anc']
['aeh', 'agk', 'adm', 'amw', 'apd', 'aez', 'ahg', 'ajo', 'asj', 'ajg']
['acu', 'asq', 'aot', 'abu', 'amq', 'apz', 'acl', 'ado', 'app', 'abo']
['ajk', 'adw', 'acm', 'all', 'aig', 'aon', 'agi', 'ara', 'ahv', 'amr']
['ait', 'aaf', 'afr', 'aan', 'ajb', 'agc', 'abi', 'apv', 'arx', 'aag']
['aav', 'aqm', 'aao', 'abr', 'ais', 'alv', 'agp', 'aql', 'agy', 'akz']
['anv', 'amo', 'acv', 'agm', 'arw', 'alp', 'agf', 'als', 'abp', 'aar']
['apr', 'aio', 'agx', 'alq', 'aqu', 'aah', 'aou', 'abj', 'aka', 'apo']
['anf', 'aen', 'aaa', 'asn', 'arz', 'asb', 'afn', 'ahx', 'alw', 'ans']
['aho', 'afk', 'aib', 'and', 'amk', 'abe', 'aff', 'aak', 'aix', 'apl']
['aoj', 'aqw', 'adh', 'aey', 'acg', 'aad', 'acn', 'aeb', 'aer', 'ahp']
['apx', 'aru', 'ard', 'asx', 'akt', 'ago', 'ahf', 'alm', 'afu', 'aam']
