['he', 'ag', 'kh', 'w', 'ae', 'ei', 'ha', 'fd', 'ee', 'fn']
['gk', 'fh', 'jc', 'r', 'aq', 'fz', 'dl', 'ci', 'da', 'ex']
['jw', 'ax', 'hg', 'i', 'dt', 'ig', 'im', 'o', 'cz', 'gp']
['hb', 'x', 'ar', 'kb', 'df', 'dy', 'ec', 'cl', 'ds', 'an']
['ej', 'y', 'aw', 'fy', 'go', 'gw', 'ff', 'al', 'fp', 'cd']
['m', 'es', 'fk', 'iq', 'ju', 'hr', 'jb', 't', 'dd', 'fw']
['hi', 'dk', 'hm', 'dc', 'ef', 'cj', 'cw', 'fv', 'p', 'gi']
['cx', 'dw', 'fe', 'aa', 'd', 'hw', 'l', 'z', 'ja', 'ey']
['db', 'ck', 'g', 'ib', 'gu', 'b', 'aj', 'jx', 'km', 'f']
['di', 'cc', 'iw', 'fo', 'dz', 'jk', 'fu', 'cg', 'fs', 'jq']
['gn', 'eb', 'if', 'dv', 'bp', 'jv', 'eg', 'gh', 'gc', 'hc']
['q', 'gg', 'k', 'el', 'dj', 's', 'bu', 'co', 'iy', 'ga']
['ca', 'fc', 'bw', 'cp', 'is', 'gz', 'bf', 'ip', 'bc', 'bo']
['ic', 'jo', 'ik', 'kd', 'cm', 'ez', 'jh', 'gb', 'il', 'gl']
['bv', 'hh', 'dh', 'jd', 'gf', 'by', 'jf', 'jl', 'bq', 'gr']
['e', 'fj', 'ki', 'hv', 'kn', 'kf', 'cv', 'ka', 'ij', 'hj']
['kj', 'bd', 'kc', 'ke', 'hz', 'bl', 'dq', 'cs', 'gy', 'cy']
['dn', 'fl', 'gq', 'c', 'ir', 'hx', 'bb', 'ho', 'ai', 'eo']
['bn', 'do', 'ji', 'fx', 'jm', 'au', 'ft', 'ea', 'kg', 'bx']
['eu', 'at', 'n', 'jr', 'ep', 'js', 'ah', 'cu', 'hf', 'j']
['ay', 'fq', 'ch', 'bm', 'h', 'bi', 'bt', 'fg', 'io', 'ht']
['bj', 'av', 'jt', 'v', 'bk', 'cn', 'ce', 'u', 'de', 'ba']
['it', 'er', 'gx', 'zz', 'eq', 'bh', 'ia', 'kl', 'br', 'cf']
['ac', 'in', 'iz', 'ih', 'gv', 'et', 'hk', 'ak', 'iu', 'gm']
['gj', 'ap', 'ie', 'hq', 'hl', 'fa', 'as', 'hp', 'ew', 'a']
['ed', 'hs', 'ii', 'gd', 'ev', 'hd', 'jj', 'fb', 'ix', 'dr']
['ab', 'cb', 'ct', 'cr', 'bg', 'je', 'eh', 'iv', 'fi', 'bs']
['gt', 'ad', 'bz', 'du', 'jz', 'jn', 'ek', 'hu', 'jg', 'ge']
['az', 'hy', 'dp', 'cq', 'dg', 'gs', 'jp', 'kk', 'en', 'fm']
['af', 'dx', 'ao', 'am', 'dm', 'hn', 'be', 'em', 'fr', 'jy']
