['nQj', 'mIe', 'blA', 'wGp', 'iiE', 'aTI', 'Eou', 'Gu6', 'i4H', 'ux2', 'Ot9']
['HkK', 'JyM', 'stN', 'YUZ', 'N08', 'hiF', 'oUs', 'JLF', 'YEe', 'Hyj', 'USE']
['bA6', '8uz', '5i6', 'kYz', '1QY', 'oSh', 'rz4', 'UPL', 'wqW', '5U2', 'mcI']
['dvU', 'fFJ', 'eGG', 'uQL', 'nkl', 'iTo', 'iW8', '3kn', '4gy', 'rGT', '5qS']
['LTB', 'qLD', 'AcJ', 'TUB', 'U0Z', 'AJT', 'cFa', 'YNK', 'Xim', 'Epk', '6Ip']
['Ke0', '27J', '1uW', '0ID', 'KZy', '6Hl', 'gTC', 'a4K', 'FkC', 'Fws', 'Pas']
['f9z', 'AK4', 'pf5', 'uVg', 'YBr', 'uZt', 'lKO', 'rXN', 'nQv', 'klv', 'Qti']
['pTi', 'tKI', 'CwC', 'cDc', 'b7z', 'aZv', '81k', 'PPi', 'euj', 'txp', 'u9Q']
['qmj', 'dNX', 'FzE', 'psG', 'JfN', 'Hbr', 'kiK', 'qkE', 'EoI', 'u1N', 'EJa']
['gkI', 'ziA', 'PiG', 'FEQ', 'xqY', 'H9O', 'Bfu', 'PlJ', 'Afe', '8nm', 'X9s']
['B99', 'ZxX', 'JYa', 'Kn8', 'rC8', 'KGR', 'uH4', 'oPH', 'BDE', 'fKV', 'h3r']
['uii', 's3z', '0Qs', 'xpw', 'ZQL', 'Qtt', 'XMr', 'bDO', 'VCH', 'jEj', 'sfk']
['hdp', 'aLB', 'gEp', 'NyP', 'hQH', 'VPb', 'LiP', '9F9', '4LY', 'iGU', 'WB2']
['oak', 'nc0', 'kZ0', 'gfv', 'PqY', 'btz', '1aX', '2mv', 'e8d', 'ZY3', 'I2i']
['rgC', 'BPL', 'sKX', 'Fmb', 'slQ', 'Ihb', 'JWV', '5n5', 'yAp', 'HvR', '0oy']
['JVP', 'G2k', 'qPq', 'OCL', 'Y2z', 'U0P', 'IU6', 'KS2', 'H68', '6na', 'zgJ']
['zfK', '70K', 'i9C', '9ug', 'W2Z', 'wgA', 'oSw', 'kT2', 'PoH', 'fQ3', 'HWv']
['xRH', 'hHB', 'x8V', 'SFn', 'Jgp', 'gWT', 'GpL', 'WLk', 'SmS', 'v6U', '00m']
['lsG', 'j3s', 'ISX', 'UmG', 'Tn8', '6pB', 'ewc', '17Q', 'J8r', 'gVV', '28R']
['MQT', 'iFt', 'iba', 'Ql9', 'e6S', 'nf5', 'GRw', 'NiX', 'EJD', '6sH', 'QEF']
['emD', 'Mvm', 'czy', 'Qa3', 'bAf', 'fFE', 'Qyh', 'iS6', 'JcP', 'ZVF', 'F9o']
['ptf', 'BV4', 'hYw', 'VZ7', 'cmd', 'ttO', '1xS', 'YFC', 'mLF', 'UDc', 'oZQ']
['qDy', 'jFu', '8uu', '3QX', 'XlR', 'PQT', 'W8n', 'jGk', 'XHa', 'm5j', 'rmu']
['4fp', 'I2S', 'bLd', 'Jla', 'Itn', 'X5a', 'Hi0', 'QDa', 'O2z', 'upV', '5jv']
['Zc5', 'n99', 'D40', 'CYA', 'kte', '4KN', '1RB', 'NGB', 'zEh', 'MrD', 'AHs']
['d60', 'tK7', '9NA', 'b99', '0gI', 'dLc', 'mGb', 'SV9', 'IZQ', 'tfQ', 'PJa']
['QhQ', 'MNb', '8VG', 'tm4', 'xxJ', '2UA', 'tFU', 'x86', 'SiL', '4p5', '4Nd']
['gE4', '0RD', 'P8b', 'uGP', 'nRH', 'g08', 'AKr', 'b9f', 'mLL', 'a55', 'DoC']
['NXP', 'mRG', 'X5J', '8j5', 'ZFU', 'rYU', 'xLA', 'ZNv', '2vJ', 'WLo']
['19T', 'dSZ', 'yLV', 'KRy', 'NqO', 'jWX', 'rMd', 'Swe', 'zTH', 'cEk']
['xz4', 'mUL', '5zB', 'VAV', 'ULj', 'D5B', 'c3v', 'SMj', 'WXJ', '1gc']
['tEu', 'VVW', 'dlb', 's1n', '5Li', 'GUX', 'IJ1', 'W4L', 'Wmv', 'vca']
['wwD', 's6M', 'vJC', 'E2A', 'YMC', '96X', 'nqI', 'zfD', 'FbA', 'VoJ']
['Hxo', 'e8H', 'h6l', 'mFO', 'gEU', '69w', 'L1u', 'Twl', 'Ns3', 'xx7']
['etm', 'hct', 'Z7b', 'vyM', 'CU9', 'z1H', 'tpP', '4nb', '6ro', 'U4K']
