['Alexi', 'Brandi', 'Brandea', 'Bride', 'Betteann', 'Babita', 'Alexia', 'Catriona', 'Cherise', 'Arliene']
['Aili', 'Asia', 'Babara', 'Arlina', 'Cesya', 'Bunny', 'Calli', 'Berna', 'Bren', 'Bethany']
['Augusta', 'Cody', 'Carlynn', 'Aile', 'Brandise', 'Caro', 'Agnola', 'Arlie', 'Adelice', 'Aliza']
['Ardella', 'Bernardine', 'Angel', 'Allissa', 'Billi', 'Annabelle', 'Anastasia', 'Amanda', 'Charyl', 'Babbette']
['Caryn', 'Casie', 'Audy', 'Brandie', 'Barbra', 'Babette', 'Chelsey', 'Carlee', 'Athene', 'Cassondra']
['Chelsy', 'Cherrita', 'Abby', 'Carmelita', 'Adorne', 'Ardeen', 'Anne', 'Caron', 'Christan', 'Aveline']
['Benetta', 'Barbey', 'Aimil', 'Blinnie', 'Almeda', 'Angelina', 'Anica', 'Alanah', 'Bessy', 'Alisun']
['Ariela', 'Belita', 'Bernardina', 'Ashli', 'Christel', 'Berty', 'Camella', 'Brigid', 'Belva', 'Alice']
['Andriana', 'Cheslie', 'Carrissa', 'Christabella', 'Bobbye', 'Annora', 'Bobby', 'Ardene', 'Agatha', 'Cassy']
['Binni', 'Brandy', 'Cami', 'Bobbee', 'Bunni', 'Aurore', 'Andrea', 'Bibbie', 'Alix', 'Bettine']
['Bernadine', 'Anastassia', 'Cammy', 'Beverie', 'Berta', 'Angil', 'Bamby', 'Catlaina', 'Ardra', 'Caren']
['Cariotta', 'Anatola', 'Bess', 'Annabel', 'Amy', 'Antoinette', 'Carlyn', 'Alie', 'Callida', 'Athena']
['Babbie', 'Penny', 'Cammi', 'Ada', 'Camel', 'Anabelle', 'Alexandrina', 'Ali', 'Cal', 'Amabel']
['Billie', 'Carole', 'Blancha', 'Carmel', 'Alejandra', 'Ara', 'Blanche', 'Ambur', 'Charmion', 'Alys']
['Calla', 'Anjela', 'Alicea', 'Arlene', 'Cherilyn', 'Aubine', 'Aubrette', 'Bridgette', 'Benita', 'Barbaraanne']
['Ashlen', 'Billy', 'Avis', 'Bryna', 'Caroljean', 'Anallese', 'Cathrine', 'Aurelea', 'Anet', 'Brittaney']
['Berni', 'Cherye', 'Abra', 'Austina', 'Bobette', 'Adoree', 'Anthiathia', 'Brier', 'Christye']
['Astrix', 'Annamaria', 'Betti', 'Carina', 'Annadiane', 'Bliss', 'Agace', 'Bill', 'Carolina']
['Allix', 'Cacilia', 'Anabal', 'Carolyn', 'Candra', 'Charin', 'Alayne', 'Catlee', 'Celestyn']
['Auroora', 'Aeriel', 'Betty', 'Annelise', 'Catherine', 'Celestine', 'Angela', 'Beatrice', 'Ashlie']
['Chanda', 'Anni', 'Carmine', 'Calida', 'Casandra', 'Caralie', 'Alverta', 'Allegra', 'Barbabra']
['Blythe', 'Christal', 'Alissa', 'Chiarra', 'Amargo', 'Aaren', 'Bernete', 'Alysa', 'Charleen']
['Berri', 'Annabela', 'Bobbie', 'Caryl', 'Chiquia', 'David', 'Babs', 'Alikee', 'Carri']
['Carena', 'Bonnee', 'Bert', 'Catie', 'April', 'Ailene', 'Charity', 'Carlye', 'Alyda']
['Adelheid', 'Caril', 'Analiese', 'Andi', 'Bellanca', 'Celie', 'Bobinette', 'Addi', 'Alvira']
['Angie', 'Catharine', 'Andree', 'Cele', 'Brigida', 'Bertine', 'Candis', 'Charlot', 'Christyna']
