['DTS', 'VWR', 'IPY', 'SQR', 'TWL', 'SQS', 'YLS', 'TMR', 'FPR', 'DMP', 'JMT', 'YYU', 'GFL', 'FDS', 'NLI', 'BIN', 'OII', 'HCD', 'XWK', 'DCZ', 'NQL', 'CHR', 'KNZ', 'ARM', 'DJA']
['AHE', 'WJI', 'PYK', 'JGS', 'EAA', 'YKR', 'KAJ', 'KJN', 'WDF', 'NOP', 'WWL', 'YEN', 'ITN', 'EBY', 'FHI', 'JZA', 'HXZ', 'AQN', 'QMI', 'MMS', 'ESU', 'YYJ', 'DHT', 'NGH', 'WTX']
['BHL', 'SGO', 'CHA', 'LZE', 'YYC', 'MOH', 'VWX', 'NFI', 'HUN', 'QFE', 'FKU', 'IKW', 'KNO', 'HQB', 'SMM', 'GPH', 'EOF', 'HGF', 'RYE', 'OXU', 'WED', 'QTJ', 'ZQN', 'VAC', 'GUE']
['SFB', 'CDZ', 'TSS', 'ONX', 'DZR', 'UCH', 'KLV', 'GUN', 'GPL', 'WYK', 'PON', 'BLK', 'CUZ', 'GUR', 'EEA', 'UHU', 'XVF', 'OHR', 'YSD', 'QIB', 'WUI', 'TVZ', 'PAS', 'BBZ', 'MLN']
['RZW', 'GSB', 'CEY', 'ASO', 'HZF', 'VQR', 'YKH', 'BRY', 'QTR', 'YDT', 'OCI', 'RKH', 'NGI', 'UTL', 'EQX', 'QRE', 'PGE', 'NWB', 'KXZ', 'JME', 'POC', 'VMW', 'TLC', 'MJR', 'RIA']
['PBP', 'ACP', 'PDU', 'LOQ', 'LHQ', 'VCY', 'GBL', 'QLI', 'HIG', 'EBA', 'YTR', 'XOE', 'MVS', 'CXP', 'MBZ', 'NUG', 'YKF', 'CZB', 'JOQ', 'FWN', 'MZP', 'WCB', 'RNM', 'SCZ', 'CIH']
['BEQ', 'SCX', 'NDJ', 'DTU', 'KUO', 'MWQ', 'MNB', 'PZA', 'FQC', 'XFW', 'JXM', 'QJK', 'MCI', 'NTW', 'RYA', 'KVD', 'XRV', 'ULP', 'CFP', 'OEN', 'QIK', 'XJW', 'TQB', 'ZIT', 'ALI']
['DXK', 'TMD', 'VFV', 'SFK', 'BJR', 'PIL', 'HXF', 'TVY', 'WZL', 'RNU', 'RSG', 'IQJ', 'ZBU', 'VFM', 'GEF', 'TFN', 'EDD', 'ZFU', 'SYQ', 'ZGL', 'UHE', 'PCL', 'KDV', 'UIO', 'CFJ']
['IEK', 'JWQ', 'WCD', 'XCX', 'ABC', 'PKK', 'GUT', 'YHX', 'ECG', 'AGI', 'PTX', 'IDJ', 'DNE', 'BFH', 'JUQ', 'YUG', 'WWT', 'XVQ', 'IFU', 'FPT', 'CDW', 'QZB', 'QNG', 'RKO', 'WIF']
['UFK', 'TBT', 'QAM', 'JHO', 'QDB', 'GLR', 'JKL', 'DMN', 'RUR', 'LWH', 'AJB', 'ZKY', 'JII', 'INO', 'KSW', 'UZY', 'MIE', 'WMY', 'EKJ', 'TKB', 'MAC', 'LBW', 'MUL', 'EUK', 'GGA']
['JXZ', 'BCI', 'HTW', 'HNC', 'JTZ', 'TFQ', 'UKF', 'IPK', 'HYW', 'XIY', 'SNW', 'SFJ', 'NNG', 'YWW', 'FWB', 'VRD', 'JZV', 'FEV', 'YER', 'ZFK', 'SDH', 'ELO', 'JDC', 'XHQ', 'NDI']
['DFW', 'RXD', 'KEQ', 'UMO', 'SUT', 'PJW', 'YPX', 'LZI', 'YVQ', 'YSP', 'NXI', 'YOA', 'DTW', 'SCS', 'SRP', 'QVI', 'TDJ', 'WER', 'DAT', 'RJS', 'KZQ', 'IKN', 'UOM', 'EPR', 'XPW']
['LJA', 'KLM', 'LMU', 'ALG', 'GMF', 'ZBF', 'IDO', 'QEP', 'EBB', 'HBC', 'IYH', 'IUY', 'QTQ', 'UEN', 'FCU', 'VYF', 'NHA', 'TBN', 'IFO', 'PVQ', 'HPH', 'YKQ', 'GUQ', 'MUO', 'XEO']
['YSM', 'OFJ', 'HMT', 'MED', 'SUP', 'RUP', 'AYK', 'YDL', 'PGO', 'CAO', 'RSJ', 'HGD', 'CCY', 'PVS', 'UKO', 'FJH', 'RYT', 'FTL', 'QCJ', 'IPV', 'AYJ', 'FOW', 'DMH', 'TGH', 'KLS']
['XNY', 'KMP', 'OLD', 'LTC', 'MVB', 'MUV', 'XQI', 'MLH', 'RDG', 'QLH', 'ODG', 'XDE', 'KMD', 'WLU', 'AWX', 'THJ', 'IIT', 'CYA', 'NLS', 'CNU', 'ALL', 'BDX', 'FCJ', 'EWG', 'CGQ']
['TFT', 'VMJ', 'LGP', 'VXB', 'FMU', 'EZU', 'YNR', 'JSL', 'FTE', 'JJB', 'ACJ', 'TGW', 'ZNQ', 'SUQ', 'DWU', 'ZJU', 'WSD', 'FXI', 'ROL', 'BTJ', 'SAQ', 'IPG', 'ZCY', 'POR', 'UGW']
['CGD', 'PMO', 'AMV', 'SFD', 'QQN', 'MIN', 'IYD', 'AUL', 'PAX', 'SDF', 'FOD', 'HJA', 'NPS', 'JZY', 'OZT', 'FXX', 'NXU', 'DRX', 'QBJ', 'NSI', 'MSC', 'XEN', 'HHK', 'XKQ', 'ARV']
['SNM', 'OON', 'UZU', 'FWA', 'SRB', 'GWT', 'DYU', 'MSE', 'CJB', 'KLZ', 'VZX', 'FUR', 'EDP', 'DAW', 'UNW', 'NJD', 'FJL', 'SNS', 'SGT', 'IIY', 'DOT', 'FTI', 'FXH', 'ELJ', 'LUT']
['MYN', 'LLX', 'GGM', 'QYA', 'TQM', 'JMO', 'GXJ', 'PME', 'HPV', 'ZPA', 'WKY', 'LXJ', 'AIM', 'RIX', 'AZD', 'UDD', 'BZI', 'ZFO', 'LZP', 'GGP', 'IAM', 'IKB', 'VTH', 'KVY', 'POJ']
['IUE', 'WHJ', 'PAU', 'RBJ', 'LWA', 'APD', 'GYM', 'TUK', 'ZCF', 'WGY', 'ZRO', 'NDB', 'WJS', 'MJV', 'YAR', 'BCW', 'CRF', 'XXQ', 'SCK', 'OVZ', 'YYG', 'FSW', 'LHD', 'YTQ', 'JVR']
