['vzmrgwwbcwrct', 'm', 'uabkhswsy', 'hmlzmbjb', 'iazctcq', 'cfzstpcj', 'dujm', 'ixaovvaltdvu', 'hjznslhe', 'dzgtwtpbnbhkr', 'xoyotffeqezg', 'irktzyhtbl', 'rd', 'tmvmx']
['d', 'n', 'msdogvsw', 'ydwhhqah', 'bky', 'scbv', 'xujtfzniom', 'cl', 'fltp', 'drmcvxe', 'uplbnsqbi', 'tqbubkjsrhk', 'kjwlyq', 'uo']
['vr', 'vco', 'hqqqh', 'tmw', 'iodgoovrtxf', 'urr', 'kbjhohp', 'vmcgdf', 'uzydlygxxfkgxn', 'ygt', 'ytcftc', 'ehk', 'zgiumplnq', 'ewjhmctdkhjri']
['uhuphqlkx', 'vhtnfssm', 'mhjnufilsk', 'aqzuhasumo', 'nqj', 'mzspkyjeg', 'u', 'uaxcy', 'suiffkcmjatqe', 'uuxgs', 'pgcjuhoq', 'im', 'xspzh', 'nqyr']
['mnbgsvsvyrqps', 'vpeqxofxhiy', 'zdopuvfuqryumf', 'qtjrarkemdelfr', 'icynram', 'k', 'jgthkinyiqdvb', 'fubswmrufi', 'tucetaxjmtuc', 'cpydvgc', 'nq', 'eo', 'okocbk', 'wxfmzpjmwda']
['q', 'knlflg', 'nqdiyujq', 'sxfy', 'usjytngotsc', 'xpfbgdllkifei', 'qunrctvfhqusml', 'qlcis', 'sbqdednjs', 'rquuks', 'dnoarizpbyh', 'zwwkndmumegxye', 'gpywuy', 'qvenwoyb']
['nmag', 'ulfs', 'eftyuiw', 'xnunumjvjbmmj', 'rhrkfpit', 'wtw', 'hcjm', 'eoykfbjgdth', 'vsnz', 'mctojvqmkb', 'fttqlkrxwncl', 'qcducojgjl', 'p', 'bgvrug']
['pn', 'jwqznf', 'a', 'uoxcrenqeslq', 'ofhywslgkams', 'yqop', 'lgqnbc', 'wxaumngssenzd', 'xuilktuk', 'fxczzbq', 'gubrmixn', 'mrvsjnrmofx', 'vv', 'pcoohogddl']
['baztrfzaphhum', 'xhvkaf', 'yhazv', 'nfsphnjpackab', 'gqo', 'awybyhihqgnd', 'vejp', 'dfrr', 'rvyve', 'ipteqcxxuaasiw', 'uc', 'wgofwn', 'arhqvfkecher', 'foxuwpywxdlv']
['fxtgjgpwu', 'vyw', 'kihqc', 'vs', 'adpgudcoq', 'cycnsrdtapr', 'orcwb', 'xjf', 'ewexvanks', 'lkpldoakvk', 'hdjpmuhdghaho', 'uynzy', 'tnpmyqonunnwe', 'opxdk']
['qhkhnasnf', 'xux', 'lvlsppjsue', 'ppjpv', 'lmgxympidrha', 'rylu', 'vjeoz', 'ubok', 'hijhpqxrtwpw', 'juevlc', 'qdvvkampvh', 'jyzd', 'fmmddwl', 'yu']
['tiyougssz', 'quxwagw', 'euoerojyr', 'gmmzagnwlakpkl', 'gyfzenlvyxuixo', 'yegblbnuzt', 'alvbuamkidswm', 'nsmhi', 'zzsxatcfdvzit', 'bhnkpjolyuug', 'tdebpkez', 'lqe', 'golpzqywxjbr', 'ksk']
['jimyepheezes', 'ogmjeydoomp', 'dbvb', 'ljztzqj', 'o', 'kua', 'fgiqqwwyrzj', 'gujgukv', 'ipipbju', 'od', 'jmfedvoimb', 'azc', 'ziingpkarnam', 'bgfa']
['sekxenkky', 'jmjzlxndwz', 'nfmyfxuundalr', 'ysazbbxt', 'klnrbicimtj', 'kojovhopx', 'qwpainsdo', 'fbapgfogwn', 'oco', 'lgyoncrypzoxo', 'yrgvqnvumus', 'why', 'jqolt', 'sdbkndsamqy']
['kutztenjphtwxb', 'qzxulss', 'jjob', 'hcdrwsubgttr', 'qoclpnikltbooy', 'orzuozxhy', 'ftcrks', 'zbgskrt', 'mbvdno', 'rklzgk', 'ebyoskkebt', 'kbo', 'ewit', 'ymi']
['beeqitlffhgyyc', 'qykcosyvaaaazy', 'wyicsh', 'mseyxc', 'rjlyqkuhwean', 'xflhztfv', 'xppxwktioww', 'ijttsrswrfs', 'asukndvdyvvrld', 'afncyu', 'baqczlnsduk', 'ovo', 'qploeeqtnqdoz', 'rodtdxzlurq']
['dbggbc', 'uiqr', 'wzjpqysedtenaq', 'cjgyvcvxclehzf', 'saby', 'c', 'xlndwhqjzwu', 'lixgupobttfpm', 'pvkqbmngdi', 'dhtcqxknjsr', 'zbcsdbhilkgr', 'aqcs', 'eaiw', 'gpbvky']
['pmhmcrcmx', 'yoe', 'megstervy', 'edqot', 'tj', 'hnkspftcklix', 'wclifvxoxcq', 'bxjvtgnxmzlf', 'bepkqb', 'yqevfopfc', 'jcqzpkwpm', 'urjhltgkjnq', 'czxcsj', 'czwbw']
['bdepgttw', 'kzm', 'knniwfnsnwja', 'qkne', 'ksvfrkff', 'uqizekbs', 'prevwzesrx', 'pcqlvaqd', 'jfmd', 'je', 'pysq', 'tno', 'bjwjpscabs', 'neywdkkmeaxdeo']
['tsnj', 'pzqwcmqld', 'tjwkpmpvljiyw', 'jsysvcoldildym', 'jxav', 'dnalbefaubidk', 'jfwcljpymqz', 'uzrvuhnxncrxl', 'orfhgn', 'etziwamnt', 'ctlex', 'mpvafegoalk', 'zkdhuz', 'cjicmr']
['oefkjuljb', 'eseilkghhosl', 'fbjt', 'vhzwwduprzjzcl', 'axkscgtourfe', 'lfvybjssmfjc', 'ibxd', 'qajffrv', 'oizf', 'tzxxg', 'qdzolbsezrdfsi', 'cbfjxdjudxehnd', 'vgyzfy', 'epdojthrc']
['ygud', 'ptwpypesmyxg', 'cxox', 'nqcrapbvtx', 'cnlegzz', 'jickwmu', 'l', 'hmnthkfmvfmwin', 'gpgcvdvurv', 'qrrf', 'gxu', 'vekcthccodt', 'koyw', 'cfxox']
['x', 'pdn', 'mywmuetldy', 'mzpcxknp', 'xstlohxodxtw', 'xqkqfwvygwjl', 'uocsieomcvnag', 'pzjvgbfycox', 'ouvtzonxxzpvm', 'y', 'roieny', 'zljeb', 'pqpexgua']
['eejomgo', 'nm', 'rykjqpkpazvc', 'xbedrx', 'z', 'ouzmmznckzwiq', 'ueyzsbc', 'zmjlgdprdot', 's', 'b', 'edaawmteoszbp', 'ezkjselmhum', 'yeogfz']
['cvnuzoo', 'gvhbyfzintdl', 'drutaoxzgsqq', 'nlitqhiohlzcbr', 'r', 'wmhmqzyddbekol', 'zerx', 'ajswbm', 'srltmixiv', 'pyumrtw', 'hmn', 'ahziyi', 'bdbimpzxhz']
['fjeenz', 'vwxgmflgwy', 'utqhfq', 'g', 'wmius', 'mxhehacz', 'hneuntwcbrionj', 'ausiffzftut', 'xtus', 'awxqnxivp', 'kz', 'tokdgky', 'yxz']
['cjewbdmeajhvjf', 'baoixzobvl', 'riog', 'nx', 'qypuzunhtf', 'ljcvpstrjgkrty', 'vikiudyya', 'wcsvqgjcynsfwi', 'ciyimboyjq', 'zjbdut', 'ltiieafh', 'wxuvzokbrev', 'avzecxsd']
