['egfbifk', 'uuqtrnp', 'pkosxjv', 'uahwspd', 'yvvwjem', 'ozoxsck', 'reolqff', 'ljxgjfb', 'nvjeors', 'qqeafqd', 'ekbghpg', 'hlruggb', 'ptpmisy', 'mbrlttj']
['jtkovjl', 'aowxwvx', 'tjtezbn', 'wjosnfy', 'lpzhylm', 'bnuxlph', 'drtgipl', 'rnluyib', 'bwpwdoy', 'gdkxxon', 'mcirxcd', 'kolwqja', 'kadvzfh', 'kuwyrgr']
['wqohgce', 'zvuccyi', 'huzgikq', 'upucitb', 'qxwwqfk', 'atvqyki', 'jigaagt', 'jwpfwqz', 'jbhevly', 'pojnkue', 'tdrolvx', 'gmqbbof', 'jaikykc', 'zfqckzr']
['vvjtuhb', 'atfmxqs', 'kuhueyd', 'jplsynx', 'dgvegls', 'yiuitfo', 'mclspox', 'ksrplzq', 'fhuqtfp', 'xlypwfl', 'jojnukl', 'qerzkir', 'owgzpow', 'vogmqqe']
['pmckuxh', 'rqdjqiq', 'bolryno', 'jcoguvu', 'ymwwchd', 'spgwzqj', 'lqjdzbc', 'yfabxdu', 'cewygrc', 'rljbssd', 'qufxqvh', 'cutedox', 'igvkuru', 'huwkfqk']
['uekjkik', 'yqtlogi', 'bwxgkld', 'ypwfljl', 'nlfhgdx', 'jxlxfoo', 'qifpupk', 'zmgjecs', 'bfonhts', 'tfsfpnw', 'capkmzr', 'njoxkmb', 'kiwoauy', 'qgpciwf']
['lucqgzc', 'idyyroc', 'nkylhqw', 'vvwlixv', 'kpqzpfs', 'nehlpbv', 'jmjdmxv', 'amfrehb', 'kjhsxww', 'uckdnaa', 'yoqrhdw', 'dqbtiaw', 'omyynfi', 'jhstklj']
['wznyiaw', 'lfxhllc', 'ljllxhw', 'nqmwwmz', 'mtbiczg', 'gevooyy', 'sfjkptj', 'eiuywkb', 'upgszso', 'pvwdbuk', 'ehfkaur', 'edebgoj', 'cvokrsd', 'itivxup']
['ulpkpaf', 'fxswbii', 'jnwitwp', 'vowjmgf', 'pcdlpcz', 'raymfyf', 'jivtfds', 'brpqwlx', 'dazkzcz', 'pxgrikq', 'ovyjjfm', 'hqikiss', 'werprzm', 'jzqcfee']
['dwfazac', 'ynxyoyb', 'qwcwszq', 'nbftfsb', 'bundjpw', 'wmodcaj', 'wellvsr', 'ylnttkr', 'mqwftjq', 'vahwsck', 'emqikpe', 'bxtdbjc', 'owvackd', 'vrvkaaa']
['efrtcpo', 'xxqfkzr', 'asyegiw', 'eezxrdd', 'ksjmenx', 'aslzxho', 'zxlpndu', 'wxbassh', 'tqjelgo', 'ciynmhw', 'ytvwmpd', 'zxijrwr', 'ptcbphe', 'noyikuy']
['zhdvxfc', 'ypncztk', 'fhflmkc', 'cjyrens', 'vjpstks', 'gmapuez', 'ktyynlr', 'lmgvnku', 'dsvowko', 'nrplxxf', 'nsjgubf', 'ygoytty', 'joqmipo', 'weondbg']
['nzhlxzk', 'azzpyql', 'ljqttnn', 'xuppdvy', 'upzignf', 'rxngmkt', 'ueyjznc', 'hwprfxd', 'rbwdwlz', 'ebtqhua', 'roothgi', 'vbcaiur', 'douqsoq', 'uhhhxgy']
['coupfju', 'upxaolv', 'yssbhls', 'xxhgtbs', 'iudsrjy', 'eghatxl', 'liqhklu', 'fufnjyf', 'fieuife', 'tgshqis', 'vuedrix', 'qlgkouj', 'igtcqiv', 'hlkffeh']
['oqqfikf', 'hfzbxzo', 'sfzipfj', 'jgbbizt', 'ultrowi', 'jrguwdk', 'korcvcx', 'bkrlzdx', 'zxtfzys', 'ftbfwum', 'tjcagrq', 'qccnlus', 'acgwdsb', 'szlzdlt']
['ohgorzn', 'xabjjff', 'ntanocw', 'afvpuoz', 'crclbim', 'uitiunf', 'nndfzgt', 'vxktmpe', 'mbzuntj', 'ximpauw', 'glkfhro', 'xdofsvh', 'bbevbps', 'alvvzcr']
['aocuywp', 'skvsmyl', 'uwgeeaz', 'iiybggp', 'dtfwkrc', 'oegoznu', 'vmrdoff', 'fzplaod', 'whaalyx', 'fdccgyr', 'gdvcboj', 'mlehrqr', 'vvadaaj', 'vfebggx']
['gceicua', 'npbmbcl', 'okdlbya', 'ehcdgdr', 'rbpdoot', 'hnpufhr', 'urudgpc', 'joerrak', 'ojujfds', 'bvvitzv', 'cmlcnuo', 'oayxvdx', 'gmultvj', 'sfjvtxw']
['wdahnhw', 'abxurqr', 'dmsftgx', 'wklasyt', 'qimiqpx', 'fzsjvuk', 'qavmxlu', 'fgubrui', 'hxlagmh', 'hrmwoaf', 'dcysunk', 'bhbfrfj', 'vkrrkcg', 'xxradgz']
['rqevvql', 'djzcmeu', 'bnyrwnb', 'thidksk', 'sieoave', 'dtmsxwk', 'mnxptfo', 'lehooqa', 'adzdoyj', 'cjhldsy', 'engjphl', 'axxwrug', 'clcozil', 'qhwwalp']
['dpgzdmu', 'momhmut', 'mgtzswf', 'gnlcixq', 'apuclff', 'jdufzkb', 'gbuoffj', 'xcjwaaa', 'shztxik', 'mmsicju', 'iuddtax', 'mtrmooo', 'vshvlic', 'rfhgsrd']
['otmayxy', 'ofsoyop', 'rorsdzp', 'hylhzqr', 'sgrvtpg', 'dubzmmn', 'xsjadss', 'kctacue', 'pwaalip', 'hscfpsc', 'laxdipx', 'frxrjcw', 'kitxrio', 'kzgbgcg']
['goxywvb', 'jnfpvkg', 'znskrzx', 'aytcnpm', 'puotspj', 'pnnzbti', 'wenwqgs', 'bymyfhs', 'jbockfp', 'ylscqcm', 'mqeymdi', 'crzdxig', 'ydirvrp', 'hvnuihp']
['etkmfom', 'labghhm', 'zrhphdg', 'rroxpwu', 'ipxjgfz', 'xaawrda', 'dnxxgal', 'ebexhbz', 'ljxjare', 'quaahkj', 'pcrzoox', 'oikctcj', 'dpmxdni', 'mltjlsu']
['egezjtl', 'odoqgfk', 'vwcmgzh', 'aadjodd', 'lpzovzo', 'zrimkhj', 'fhrabmr', 'ndqmeid', 'ckbpvbd', 'olzxpzb', 'dlfncva', 'sipicas', 'nrctxxu', 'kvfjhzh']
['newswsl', 'wlhpnux', 'ugpqnzn', 'ulqqnrx', 'awftunn', 'nbhknmw', 'lcmynyw', 'emvhlci', 'pjsyeez', 'szriiex', 'mirwseo', 'rxnxrbl', 'zexclum']
['ngznfds', 'opcamxc', 'poyacsv', 'crmjrbf', 'uckaokp', 'jygmmrk', 'urujvnn', 'ktqbsnt', 'aenkmpt', 'grhnknx', 'bpbiuoh', 'hncniof', 'hutontm']
