['Amber', 'Kimberly', 'Madeline', 'Faith', 'Vanessa', 'Makayla', 'Clare', 'Mary', 'Jordan', 'Brittany']
['Adrienne', 'Cristal', 'Aileen', 'Shyanne', 'Tierra', 'Chyna', 'Julianne', 'Regina', 'Esperanza', 'Athena']
['Sonia', 'Tayler', 'Marilyn', 'Jayden', 'Nora', 'Malia', 'Kailee', 'Marlene', 'Genevieve', 'Piper']
['Angelique', 'Tianna', 'Deborah', 'Larissa', 'Macie', 'Regan', 'Skye', 'Lucia', 'Sasha', 'Paulina']
['Joy', 'Tyra', 'Kaylin', 'Alina', 'Felicity', 'Pamela', 'Fiona', 'Kaila', 'Alyson', 'Tania']
['Tia', 'Lesley', 'Theresa', 'Kali', 'Layla', 'Yasmine', 'Maddison', 'Alayna', 'Serenity', 'Alice']
['Brandi', 'Litzy', 'Viviana', 'Hunter', 'Jaden', 'Kaylie', 'Melody', 'Kasey', 'Tiara', 'Kierra']
['Meagan', 'Linda', 'Helen', 'Lacey', 'Ellie', 'Marina', 'Gina', 'Tiana', 'Kaitlynn', 'Virginia']
['Baylee', 'Ashleigh', 'Denise', 'Kamryn', 'Destinee', 'Esther', 'Cristina', 'Josie', 'Katlyn', 'Georgia']
['Gillian', 'Lucy', 'Annie', 'Lisa', 'Hallie', 'Tabitha', 'Wendy', 'Rosa', 'Rose', 'Logan']
['Natasha', 'Kiana', 'Aliyah', 'Alissa', 'Reagan', 'Miriam', 'Makenna', 'Mercedes', 'Kira', 'Josephine']
['Tessa', 'Nadia', 'Sandra', 'Haylee', 'Guadalupe', 'Ruby', 'Celeste', 'Whitney', 'Sidney', 'Carolina']
['Jazmine', 'Sadie', 'Rachael', 'Patricia', 'Alison', 'Macy', 'Katrina', 'Cierra', 'Jazmin', 'Gianna']
['Asia', 'Christine', 'Aubrey', 'Valeria', 'Delaney', 'Lauryn', 'Raven', 'Nina', 'Kristina', 'Kate']
['Kyra', 'Kendra', 'Jordyn', 'Maggie', 'Naomi', 'Ava', 'Amaya', 'Brooklyn', 'Valerie', 'Avery']
['Brittney', 'Hope', 'Shannon', 'Angelina', 'Lydia', 'Jamie', 'Ana', 'Evelyn', 'Bethany', 'Daniela']
['Riley', 'Lillian', 'Crystal', 'Adriana', 'Madelyn', 'Arianna', 'Caitlyn', 'Jade', 'Meghan', 'Kiara']
['Audrey', 'Gabriella', 'Margaret', 'Mikayla', 'Amy', 'Leah', 'Miranda', 'Claire', 'Cassidy', 'Kelly']
['Jada', 'Laura', 'Mariah', 'Angela', 'Autumn', 'Kassandra', 'Marissa', 'Breanna', 'Zoe', 'Briana']
['Nia', 'Eve', 'Brenna', 'Toni', 'Anastasia', 'Sydnee', 'Arielle', 'Alaina', 'Melina', 'Eliana']
['Savanna', 'Breana', 'Kelli', 'Kendall', 'Mckenna', 'Serena', 'Adrianna', 'Kara', 'Madelynn', 'Amelia']
['Perla', 'Miracle', 'Eden', 'Priscilla', 'Bridget', 'Elisa', 'Camille', 'Brooklynn', 'Casey', 'Devin']
['Jenny', 'Lizbeth', 'Colleen', 'Jacquelyn', 'Lorena', 'Renee', 'Leilani', 'Kaley', 'Gloria', 'Daniella']
['Brandy', 'Amari', 'Eleanor', 'Francesca', 'Tatyana', 'Noelle', 'Kenya', 'Carla', 'Macey', 'Jessie']
['Angie', 'Elaina', 'Alondra', 'Desiree', 'Nichole', 'Sylvia', 'Carrie', 'Carlie', 'Ashlyn', 'Alanna']
['Jillian', 'Claudia', 'Angel', 'Lily', 'Abby', 'Gabriela', 'Heather', 'Erika', 'Ann', 'Sage']
['Chasity', 'Aurora', 'Sara', 'Jaclyn', 'Erin', 'Kiley', 'Caroline', 'Courtney', 'Taryn', 'Alma']
['Emilie', 'Kathleen', 'Daisy', 'Felicia', 'Angelica', 'Ariel', 'Lindsay', 'Camryn', 'Zaria', 'Kristen']
['Mikaela', 'Julissa', 'Mayra', 'Hailee', 'Brisa', 'Cora', 'Gisselle', 'Cheyanne', 'Martha', 'Marie']
['Paris', 'Johanna', 'Justine', 'Elena', 'Nancy', 'Allyson', 'Gracie', 'Tara', 'Kristin', 'Katelynn']
['Rebekah', 'Irene', 'Carly', 'Bianca', 'Diana', 'Mya', 'Madyson', 'Monica', 'Alejandra', 'Janelle']
['Michaela', 'Emely', 'Annabelle', 'Alexus', 'Hayley', 'Dana', 'Yesenia', 'Karen', 'Tatiana', 'Charity']
['Annika', 'Elisabeth', 'Lesly', 'Kiera', 'Kelsie', 'Precious', 'Ashlynn', 'India', 'Kiersten', 'Lexi']
['Iris', 'Marisol', 'Jayda', 'Jocelyn', 'Krystal', 'Kaleigh', 'Phoebe', 'Heaven', 'Zoey', 'Halle']
['Skyler', 'Alana', 'Julianna', 'Ayanna', 'Kirsten', 'Shelby', 'Genesis', 'Caitlin', 'Bailee', 'Mckayla']
['Cara', 'Yasmin', 'Alicia', 'Tatum', 'Tamia', 'Susan', 'Ruth', 'Tamara', 'Abbey', 'Luz']
['Harley', 'Summer', 'Chelsea', 'Kennedy', 'Eliza', 'Janet', 'Krista', 'Carissa', 'Britney', 'Talia']
['Joanna', 'Kayleigh', 'Juliana', 'Fatima', 'Clara', 'Chelsey', 'Janae', 'Cheyenne', 'Ashton', 'Lindsey']
['Rylee', 'Leslie', 'Julie', 'Alexa', 'Ivy', 'Dakota', 'Cassie', 'Molly', 'Heidi', 'Esmeralda']
['Makenzie', 'Imani', 'Kylee', 'Carolyn', 'Eva', 'Charlotte', 'Meredith', 'Karla', 'Aaliyah', 'Shayla']
['Marisa', 'Peyton', 'Anne', 'Brenda', 'Christina', 'April', 'Kaylee', 'Bailey', 'Hanna', 'Melissa']
['Cecilia', 'Madeleine', 'Cynthia', 'Ariana', 'Melanie', 'Diamond', 'Payton', 'Maya', 'Kassidy', 'Karina']
['Ellen', 'Kathryn', 'Mia', 'Isabel', 'Jaqueline', 'Tiffany', 'Vivian', 'Danielle', 'Carmen', 'Michelle']
['Holly', 'Katelyn', 'Jasmin', 'Jayla', 'Sierra', 'Selena', 'Dominique', 'Ciara', 'Tori', 'Gabrielle']
['Callie', 'Liliana', 'Cassandra', 'Kyla', 'Sofia', 'Clarissa', 'Deanna', 'Jenna', 'Paola', 'Kaitlin']
['Mallory', 'Katie', 'Kelsey', 'Sabrina', 'Alexandria', 'Alexia', 'Cindy', 'Jane', 'Giselle', 'Sophie']
['Teresa', 'Trinity', 'Paige', 'Kailey', 'Karissa', 'Kylie', 'Alisha', 'Monique', 'Anahi', 'Bryanna']
['Carley', 'Skylar', 'Lilly', 'Natalia', 'Mariana', 'Ashlee', 'Andrea', 'Shania', 'Tyler', 'Addison']
['Isabelle', 'Sharon', 'Rhiannon', 'Elise', 'Cameron', 'Ella', 'Haleigh', 'Barbara', 'Erica', 'Madisyn']
['Veronica', 'Emilee', 'Mckenzie', 'Brooke', 'Catherine', 'Allie', 'Deja', 'Madalyn', 'Jacqueline', 'Raquel']
