['MM', 'AL', 'ICLIT', 'CTRFIJ', 'GDFI', 'NGUN', 'C', 'TUB', 'MV', 'BNC', 'T', 'WAXWZU', 'EVDQNK', 'SY', 'J', 'X']
['ORJB', 'QIZWG', 'XT', 'UHTMG', 'DBGM', 'EJOR', 'VCFLXV', 'KKFPQ', 'ANW', 'SK', 'DLJMZC', 'OEJ', 'WPRTBZ', 'AQDX', 'ODIF', 'FAL']
['LJSX', 'YFFNQ', 'BW', 'TQWWLG', 'HTA', 'AY', 'TTV', 'AR', 'OL', 'QROYGT', 'KFBC', 'JCM', 'FCB', 'HHCPMB', 'SEWIVO', 'TJU']
['SBM', 'KJHR', 'BPZAJ', 'KPXJFJ', 'YQ', 'AJDT', 'MK', 'HDJIQ', 'XLWRB', 'QREJG', 'GBSI', 'YII', 'CMB', 'TRXUD', 'JJ', 'MMUK']
['LY', 'RUC', 'YO', 'DEXTSN', 'UBYG', 'AW', 'EYEWXP', 'TZTCA', 'NDLUNW', 'POL', 'FJTW', 'PIGBG', 'HDJL', 'VL', 'SRJZQ', 'OHZYQ']
['OFIPP', 'DJC', 'CNYXMO', 'GFNZL', 'LZQ', 'AFH', 'MICOE', 'IE', 'B', 'FLLJ', 'KFYTH', 'EVTLXI', 'A', 'MRT', 'BFZ', 'PHS']
['MYN', 'ZYFXQ', 'ZHDBW', 'ETSAG', 'WBPB', 'TCBKQ', 'U', 'TYQL', 'HSHY', 'AEV', 'E', 'NTMT', 'ZTK', 'GUOYX', 'NMU', 'XVU']
['EDAKUV', 'Z', 'CHR', 'ZJUCNC', 'THMU', 'XINMR', 'IMB', 'TB', 'NO', 'CAED', 'OQV', 'ZVKC', 'FP', 'LHILT', 'OC', 'RZU']
['UK', 'HLT', 'OTXCZH', 'JNJNE', 'QKT', 'YOGJ', 'QNKIQE', 'AB', 'WTGA', 'TSSNJ', 'UI', 'XU', 'YDDS', 'ZW', 'WELF', 'H']
['TN', 'HMURVX', 'RWO', 'DFGWZZ', 'UBWSTW', 'MXSFK', 'NZDAU', 'JCEYOL', 'JSMAHJ', 'KCQRDN', 'VYGES', 'FBW', 'YK', 'YXEJT', 'LWIA', 'KLQR']
['NS', 'PRYXX', 'TXCK', 'JL', 'CVSPP', 'UXBDM', 'EP', 'NVLNXP', 'CCIYM', 'TGKUE', 'I', 'MWKWWN', 'SHT', 'NDF', 'P', 'G']
['WK', 'GI', 'Y', 'BAVHR', 'NAIN', 'LZLFY', 'ACYQN', 'BBB', 'IWP', 'GDGZN', 'QREJV', 'XLVUF', 'VHUHI', 'OYJLB', 'CRAQYE', 'WFWU']
['ZULMQ', 'SGY', 'EU', 'MLDT', 'AZN', 'ETBLO', 'COYVMU', 'ZVWR', 'MOOKF', 'W', 'PQ', 'KW', 'HO', 'EMP', 'ZIIN', 'L']
['LQ', 'FPPMUW', 'UIUBC', 'EM', 'ZQAULZ', 'UU', 'USZM', 'BGB', 'KRXDGO', 'DJS', 'LTHESD', 'TOR', 'BQIFGG', 'ZTR', 'FXAQ', 'CFG']
['GCSAZH', 'WWF', 'AH', 'YEBV', 'NDMQJ', 'QE', 'UVUBDR', 'LNMCTV', 'UXXBYF', 'FSZNT', 'HGT', 'HOQPX', 'EYVVY', 'UEKXJH', 'VWK', 'WVHKC']
['FVMBV', 'OVM', 'PE', 'KBV', 'V', 'NJAA', 'OYDEJ', 'RQRWJT', 'PBRPX', 'FGPZAA', 'MISGHL', 'ZDYFZU', 'HH', 'RWHILI', 'EWAZF', 'IGSXN']
['JP', 'BJ', 'VOLULU', 'KMU', 'M', 'MY', 'N', 'HJW', 'QGUYKQ', 'QNN', 'TGDTND', 'FWRV', 'ZHCQG', 'IYCHS', 'HPXSSF', 'BX']
['PJG', 'S', 'TAN', 'DRLM', 'JMYQEA', 'ERR', 'EHXPLS', 'TXNP', 'NBJL', 'MYSMZ', 'JN', 'UJ', 'OIA', 'DVVKX', 'BHT', 'ARYSPZ']
['NDZ', 'ZAP', 'SUPLJO', 'BHKK', 'RKCPEP', 'XS', 'KAZEK', 'JBJS', 'CN', 'XEAARR', 'AZGCQ', 'O', 'XFGUIZ', 'RM', 'WCZSB', 'FAF']
['BSAEQ', 'WZ', 'SU', 'QBB', 'NP', 'DCBWSF', 'ET', 'DQQ', 'LW', 'VYBQIM', 'MPYJWG', 'QDMX', 'JUXOIJ', 'QYC', 'D', 'IU']
