['Patsy', 'Janice', 'Richard', 'Tommy']
['Mario', 'Gene', 'Salvatore', 'Debra']
['Samantha', 'Josephine', 'Lester', 'Kristina']
['Maybell', 'Laura', 'Harriet', 'Zachary']
['Matilda', 'Earl', 'Dennis', 'Paul']
['Roberto', 'Kyle', 'Mireya', 'Jonathan']
['Isabelle', 'Joshua', 'Bruce', 'Marcus']
['Hector', 'Danielle', 'Matthew', 'Kimberly']
['Argentina', 'Gloria', 'Brittany', 'Claire']
['Evelyn', 'Bernard', 'Esther', 'Andre']
['Lidia', 'Diane', 'Esta', 'Hildegard']
['Gordon', 'Lorena', 'Jammie', 'Colleen']
['Sarah', 'Dena', 'Levi', 'Jane']
['Katrina', 'Kenny', 'Randall', 'Albert']
['Douglas', 'Annie', 'Laurie', 'Amanda']
['Lawrence', 'Kathryne', 'Kristen', 'Ronald']
['Victoria', 'Jodi', 'Toni', 'Krista']
['Grace', 'John', 'Pearl', 'Steven']
['Beatriz', 'Christiana', 'Carl', 'Christopher']
['Jeanette', 'Desiree', 'Ethel', 'Russel']
['Barbra', 'Claudia', 'Adrian', 'Joyce']
['Lisa', 'Shaun', 'Marybeth', 'Janet']
['Colin', 'Heather', 'Tom', 'Randy']
['Darryl', 'Billie', 'Maria', 'Stacy']
['Stephen', 'Cyndy', 'Dawn', 'Emilee']
['Craig', 'Regina', 'Leo', 'Lizzie']
['Rebecca', 'Josie', 'Patrick', 'Newton']
['Allen', 'Kelvin', 'Daniel', 'Marge']
['Katie', 'Sheryl', 'Mary', 'Peggy']
['Phyllis', 'Fredrick', 'Shane', 'Ruth']
['Rafael', 'Rena', 'Corinne', 'Chris']
['Jonathon', 'Nancy', 'Lowell', 'Pat']
['Lela', 'Kathleen', 'Shirley', 'Marie']
['Joseph', 'Mae', 'Felipe', 'Oscar']
['Latonya', 'Lorenzo', 'Tammy', 'Julius']
['Kay', 'Melvin', 'Melanie', 'Marla']
['Clyde', 'Lorene', 'Raquel', 'Ralph']
['Bernie', 'Lydia', 'Hillary', 'Fred']
['Marion', 'Hugo', 'Jessie', 'Vera']
['Anna', 'Brett', 'Alice', 'Roger']
['Ivan', 'Mona', 'Kristine', 'Vicente']
['Erik', 'Reggie', 'Christian', 'Karen']
['Fletcher', 'Alberta', 'Jessica', 'Curtis']
['Jewell', 'Brandon', 'Peter', 'Loretta']
['Carroll', 'Carlton', 'Raymond', 'Monica']
['Dan', 'Alvin', 'Victor', 'Lottie']
['Barry', 'Jason', 'George', 'Anthony']
['Sandra', 'Shante', 'Pamela', 'Miriam']
['Rod', 'Jennifer', 'Gary', 'Keith']
['Sharon', 'Esperanza', 'Nathaniel', 'Terry']
['Carmen', 'Eunice', 'Gilbert', 'Casandra']
['Larry', 'Warren', 'Marta', 'Rueben']
['Cathleen', 'Tonya', 'Michael', 'Jeffrey']
['Deandre', 'Quentin', 'Gerard', 'Isaac']
['Johnathan', 'Beverly', 'Walter', 'Heidi']
['Katherine', 'Teresa', 'Frances', 'Tim']
['Emily', 'Lori', 'Joel', 'Rocio']
['Dwayne', 'Evan', 'Eric', 'Kurt']
['Carrie', 'Merle', 'Renee', 'Jerome']
['Brian', 'Harry', 'Pauline', 'Jewel']
['Philip', 'Ted', 'Sulema', 'Shelly']
['Adam', 'Guadalupe', 'Justine', 'Tommie']
['Nicholas', 'Gerald', 'Rory', 'Vicky']
['Maxine', 'Elvera', 'Roberta', 'Paula']
['Christine', 'Antonio', 'Vanessa', 'Ella']
['Ray', 'Sheldon', 'Jeremy', 'Kelly']
['Maryann', 'Jacqueline', 'Wanda', 'Cleo']
['Julie', 'Virgie', 'Chelsea', 'Tanya']
['Cara', 'Lena', 'Gail', 'Crystal']
['Kathryn', 'Aileen', 'James', 'Mitchell']
['Lucy', 'Wilbur', 'Theresa', 'Dolores']
['Joy', 'Olive', 'Frida', 'Fay']
['Phillip', 'Leola', 'Betty', 'Shawn']
['Byron', 'Juan', 'Louis', 'Robert']
['Tiara', 'Linda', 'Tabatha', 'Weldon']
['Maureen', 'Cedric', 'Mamie', 'Harold']
['Bernice', 'Cindy', 'Cesar', 'Lacey']
['Clara', 'Kim', 'Melissa', 'Jean']
['Rachel', 'Iris', 'Virginia', 'Jim']
['Edward', 'Donald', 'Lucille', 'Lucia']
['Gale', 'Julia', 'Vance', 'Marjorie']
['Abdul', 'Sheila', 'Daphne', 'Samuel']
['Porfirio', 'Noma', 'Patricia', 'Hazel']
['Erma', 'Thelma', 'Martin', 'Molly']
['Catherine', 'Charlotte', 'Stanley', 'Stephanie']
['Rhonda', 'Louise', 'Ashley', 'Lillie']
['Alex', 'Alonzo', 'Blanche', 'Jayne']
['Joan', 'Eva', 'Delia', 'Ada']
['Cameron', 'Bonita', 'Minnie', 'David']
['Charles', 'Andrea', 'Edwin', 'Arturo']
['Norma', 'Ladonna', 'Robin', 'Bernadette']
['Carolyn', 'Damian', 'Alan', 'Helen']
['Lexie', 'Kenneth', 'Mei', 'Sally']
['Darrin', 'Benjamin', 'Arline', 'Brenda']
['Horace', 'Lakesha', 'Anita', 'Patrice']
['Carole', 'Nellie', 'Jasmine', 'Cynthia']
['Jeffery', 'Lauren', 'Octavia', 'Geraldine']
['Gladys', 'Frank', 'Milton', 'Houston']
['Carol', 'William', 'Judith', 'Ricardo']
['Rick', 'Margaret', 'Trenton', 'Chester']
['Antoinette', 'Mark', 'Doretha', 'Cheri']
['Jeff', 'Deborah', 'Sam', 'Tracy']
['Emerson', 'Carla', 'Melony', 'Shawna']
['Brooks', 'Beatrice', 'Devon', 'Johnnie']
['Luis', 'Ernest', 'Eduardo']
['Matt', 'Carina', 'Erica']
['Scotty', 'Johnny', 'Arthur']
['Myra', 'Todd', 'Wade']
['Sara', 'Debbie', 'Timothy']
['Jami', 'Mari', 'Leigh']
['Doris', 'Michelle', 'Elizabeth']
['Derrick', 'Megan', 'Cheryl']
['Irene', 'Wilfredo', 'Hilton']
['Donna', 'Dorothy', 'Jerry']
['Dottie', 'Bobby', 'Vickie']
['Barbara', 'Susan', 'Ruthie']
['Tomas', 'Mildred', 'Mavis']
['Gregory', 'Henry', 'Martha']
['Carlos', 'Aron', 'Austin']
['Anne', 'Bessie', 'Kelli']
['Ericka', 'Thomas', 'Harriett']
['Manuel', 'Clifford', 'Steve']
['Antonietta', 'Dewayne', 'Angel']
['Roy', 'Justin', 'Joe']
