['4DBE20', 'AAAF0B', 'CE0D10', '3963FC', '85CFC7', '60B803', '5C5B8D', '05F2DC', 'C07CCC', '1D216B', '41AFC9', '1E0B30', '20C0D0', '34E9FE', 'A89402', 'A1D29E', '31B17E', '923B8C', '66547C', 'A4FCD1']
['3E6399', '052CC7', '28CCA5', '88E0AE', '73271F', '273165', '71AE93', '4A32EA', '940AC5', '81DA52', '1D4417', 'E1A380', 'FCD63D', '3D046E', 'EEF23E', '0C3AFF', 'F13455', 'DFE9C6', '8EC8D8', '09FFA6']
['38515C', '7647CD', '82B105', '22394B', '1D9893', '0231A4', '45CE10', '9B09E5', '5ABFA9', 'D65E29', '5C016B', '9330C0', 'B32674', '62BC31', '316244', '33ABEE', 'B49939', 'BA7ED0', 'C2A74D', '83ACF7']
['DDB7C8', '6C5208', '2215AE', '5A3E90', '1F6554', '099A40', '0CFFC9', '71AC6D', '99E133', '2EDC82', '30C157', 'BE5B1D', 'EB3718', '00CD58', 'E1B665', 'DBF47C', 'BCD2F5', '6BF4D3', 'B2C529', '43FE78']
['FFD642', '6246E1', '8963E1', '5BC875', 'BB986B', '94C20E', '99392B', '98B1CA', '1330B3', '929578', '9D6554', 'DF44F5', 'F8B91A', 'E3583F', 'F37211', '26DA83', 'D8A834', 'A34095', 'E7EFA5', '398310']
['A0DDCD', '77B9A5', '8ECA84', 'FF3177', '3228BB', '5332A9', '26B294', 'F61AD7', '89372A', 'D6DD9E', '78E144', 'F9011B', 'E4F6EF', '696B37', '10BBE1', '2DE42A', '05473A', 'E479C8', 'FB3B86', 'C748A2']
['292CB3', 'DBDDB5', '7848BA', '54C37C', 'FD1DAC', '7C730C', 'C0A19A', '1866E0', '420711', '5C0D69', '2F584A', 'D50881', '177A03', '9C5DCF', '77EB41', '1600AD', '72D023', '7AADBC', 'DB6CBF', '565E46']
['3A0D10', 'EDB261', '118FE2', '52BFE5', '1D528C', '6D4DDC', 'E33128', 'CC08F5', '2D2248', 'ABE83F', '7CC3A7', '037831', 'C54164', 'E77DD8', '6E7E64', 'B0F05D', '8E8C76', '415552', '0E78AA', '66C38E']
['A4EAD9', 'F545E1', '113E1F', '6833E8', '09CFE9', 'DCB902', '5248A9', '1FBE40', '2E6B38', 'EC35B5', '1D39ED', '414B77', '1D0C35', 'F85131', 'D9180C', '029563', 'BB9072', '35DA72', '511040', '87EE7F']
['400D20', 'E2701A', 'D6F426', 'BE3703', 'F32B0B', '865328', 'DE6241', '1A770B', '0B99EF', '1CAAAC', '8DF985', 'A4F4BB', '943005', '00C269', '0E6FA7', '255208', '9FCB42', 'CA893B', '8D43AD', '935873']
['D78532', 'D883C0', '31B801', '189812', '4AE7C7', 'B4BD91', 'EB7E6A', 'F2B7FD', '6DCBC8', 'E4C3BA', 'F28C7F', 'CC66B0', '4BD8B1', '5ADC6D', '0FE5DD', '244528', 'EC2626', 'DF5F9C', 'CB5EDA', '0FC6EE']
['917501', 'B0C2D3', '52FB79', '770A4C', '0A3E48', 'CBE0EA', '6EEE66', '9CE56C', '6D4C8F', '04279E', '80F9BC', 'D049CD', '068D28', '2961DB', '4E8355', '40C7FF', '9C4CA5', '920715', '2B8E0B', 'EE9200']
['FD33F7', 'BA6187', '6AFCAC', '463E2C', 'B8B01F', '160ED4', '5E2607', '7F8E1D', '82F466', 'B2CB4D', '1DD8D0', '992AEE', 'B2A692', '49EB71', 'FE7E47', 'E15D93', 'E46F9E', '823C51', 'B56D74', '552199']
['4D74EB', 'D79D49', '4AC817', '98497D', '5E4F6B', '2819EE', '8BEC15', '6E3DED', '66B93A', 'E8C5B8', 'B78EF9', '75002A', '0AC7A0', '2F46CD', 'F3EDD7', 'C1CAB9', '893D61', '73F93C', 'B00B7F', 'C4882F']
['5C4F81', '25B295', 'E9F19A', '6C1A62', '3EF396', '369765', '5F88E7', '3FAE1E', 'CD374A', '7B306C', '92C42A', '0D6A28', 'AB96B9', '82BD08', '5D4F2F', '36FCBF', 'C34593', '29267F', '7B325B', 'FCB503']
['E0044F', '8806E7', 'B166D1', '29D22B', 'A03FB7', 'E277CB', '5B4152', 'F4C13E', '81E0FA', 'D8849E', 'F33ACF', '95F017', '8AC55C', '5D5C76', 'F1DB81', '3CB50A', '3E7F60', 'FBF275', '4430C2', 'E191B0']
['C69699', 'DDA295', '4EBF50', '7C8A3D', '0525B9', '593840', 'D324E7', '7FADE3', '718436', '88FFF8', '9ABAFB', '5451FF', 'EB90EE', '5A5DE8', 'EFBA0C', 'C0EA59', 'E93252', '380FF7', 'D78522', '29BFBC']
['D2F8E5', '94AED5', '478A7C', 'E8A38A', 'B13536', 'FAB638', '39CAB7', '30EA83', '83752D', '69FD70', '26C6B9', '593AF4', '1F4650', 'FC75E7', 'CED5FC', 'C60FE7', '03B42D', 'D0E36A', '1E571E', '81A856']
['F7F9CB', '0C4437', '846154', '90E78E', '34ACF3', 'AD6105', '8883AC', 'CC9A13', '55B952', '56B4C2', '66F8EA', '1C3933', 'D0E5BE', '76131B', 'F1B367', 'F4EDF8', '42EE34', 'D2BDB6', '6C3CD5', '672145']
['9C4F00', '4C0FCD', '747199', '77042F', 'C19610', '81A0D3', '89A551', '0AFD91', '539972', 'C9EF6D', '97D861', '5C91EE', 'F9EB1F', 'E81232', '503A55', '4FCF52', 'C5416A', 'D83AF7', '5A681E', '4C1D36']
['7D4045', '7FE1F2', '2BEC39', 'CD5322', '3D830C', 'CC4384', 'A911EF', '2E4B9D', '18AEFC', '47063A', 'B2C27D', '58ED2B', '18D668', '8FF839', '2B3DD7', '882258', '78DB65', '739ABF', '51197D', 'D363AB']
['46371B', '74ADA7', '3F75A9', '15AA36', '628552', 'D31361', '206150', '19EFAF', 'B85F11', 'C8F1A7', '24A4D1', '5BEDDF', 'FECCAB', '035E05', 'B6FA16', '4BBAFA', '43F505', '2C02B7', '38EA17', '608F21']
['01E026', '9923B4', '9D8AD8', 'E492E0', '3235BA', '8254EB', '187923', '601CA7', 'AF83FA', 'A5F27A', '75C017', '31C6A3', '4BC7D0', 'EED7BB', '49EEB4', '9DF876', 'F448AE', 'BC38A8', '219F75', '14A3E7']
['5AF312', 'C3678B', 'D2EB79', 'AC34B5', '7334F9', 'D8492F', '0264AF', '2D56C1', '2B8F4B', 'EF37A6', '93D432', '026256', '8F75EC', '9C0B9D', 'C96CD6', 'B38307', '1743CD', '2D4D61', 'EB9D60', '9BAC71']
['1986A0', '833C34', 'B6ACFC', '09944C', '26DB4C', '468F31', 'D98FB6', '848C87', '605983', 'B4257C', '1350AD', '3B6837', '326662', '1B06C5', '364B78', '861E09', '1656DC', '3D4600', 'FBB00D', '57FCD8']
