['Livy', 'Dotti', 'Cassandra', 'Haley', 'Catha', 'Rosamond', 'Zenia', 'Monique', 'Delly', 'Dena', 'Kaitlynn', 'Maddalena', 'Danni', 'Eolanda', 'Casi']
['Stephannie', 'Nicki', 'Lesly', 'Cristen', 'Mair', 'Missy', 'Tiffany', 'Jaynell', 'Diahann', 'Tamara', 'Belle', 'Lynnet', 'Harriet', 'Gavra', 'Mufinella']
['Doris', 'Nancie', 'Joelly', 'Euphemia', 'Kathryn', 'Ronnica', 'Gwennie', 'Opal', 'Nedda', 'Vinni', 'Alyson', 'Ulrike', 'Eulalie', 'Stormi', 'Estele']
['Rowena', 'Mariellen', 'Joanna', 'Lorie', 'Adriane', 'Anabelle', 'Brittan', 'Jorrie', 'Alia', 'Fran', 'Marcie', 'Cristionna', 'Katti', 'Bernice', 'Jesse']
['Cheslie', 'Eran', 'Oliy', 'Bonita', 'Andromache', 'Kathy', 'Ruperta', 'Gaby', 'Allie', 'Carla', 'Lisette', 'Roslyn', 'Bekki', 'Oralee', 'Valli']
['Faythe', 'Tiffy', 'Desiri', 'Erminia', 'Tanitansy', 'Ingunna', 'Della', 'Allene', 'Marcella', 'Millisent', 'Nissie', 'Fredericka', 'Dorine', 'Elvera', 'Paulina']
['Carroll', 'Eve', 'Jolie', 'Fawnia', 'Anabal', 'Netty', 'Charmine', 'Lani', 'Moyna', 'Kellie', 'Paige', 'Janice', 'Claudie', 'Sonni', 'Yovonnda']
['Mella', 'Gianina', 'Kittie', 'Georgiana', 'Serena', 'Adiana', 'Erica', 'Vonni', 'Rosana', 'Lotte', 'Lulu', 'Sandie', 'Kala', 'Selinda', 'Agnes']
['Diane', 'Bertie', 'Camala', 'Shanie', 'Tim', 'Mechelle', 'Terese', 'Agneta', 'Nanon', 'Kara', 'Cindie', 'Karie', 'Rita', 'Lira', 'Vicky']
['Marisa', 'Silva', 'Sula', 'Amalee', 'Latisha', 'Tiphanie', 'Ramonda', 'Marlena', 'Malva', 'Sileas', 'Doroteya', 'Brunhilda', 'Sile', 'Sadye', 'Marris']
['Madelena', 'Roxane', 'Korney', 'Caryn', 'Shoshana', 'Vanni', 'Nicoli', 'Randie', 'Dee', 'Anette', 'Yetta', 'Briny', 'Leanora', 'Carri', 'Meggi']
['Fania', 'Fernande', 'Daphene', 'Sheila', 'Rosene', 'Annice', 'Hortense', 'Anabel', 'Clarissa', 'Matilde', 'Melloney', 'Patty', 'Idelle', 'Maxie', 'Agnese']
['Zulema', 'Sada', 'Helyn', 'Quintana', 'Mei', 'Mirna', 'Brigitte', 'Hedwiga', 'Jessamyn', 'Britney', 'Tani', 'Angelica', 'Drusy', 'Kiele', 'Emelda']
['Row', 'Chelsy', 'Flory', 'Orsa', 'Edith', 'Kellsie', 'Tarra', 'Melinde', 'Jacqui', 'Risa', 'Ansley', 'Agatha', 'Laverne', 'Cassondra', 'Athena']
['Dita', 'Johanna', 'Morena', 'Dominica', 'Cathryn', 'Lyda', 'Alexandrina', 'Dyane', 'Lorena', 'Sherrie', 'Charita', 'Ranice', 'Veradis', 'Stesha', 'Cherilynn']
['Rhody', 'Else', 'Kathleen', 'Thia', 'Jemie', 'Idalina', 'Arlee', 'Estella', 'Reggi', 'Tamra', 'Marabel', 'Inga', 'Britteny', 'Jen', 'Birgitta']
['Conchita', 'Sofie', 'Neile', 'Julie', 'Xylina', 'Marlie', 'Debora', 'Shirl', 'Lorain', 'Lydie', 'Peg', 'Corinne', 'Rhodia', 'Demetria', 'Gerry']
['Tallie', 'Noell', 'Collete', 'Krissy', 'Marijo', 'Martina', 'Winifred', 'Clemence', 'Gabbie', 'Gale', 'Rivkah', 'Bridgette', 'Josepha', 'Leda', 'Brook']
['Yoshi', 'Beatrice', 'Georgeanne', 'Antonietta', 'Anastassia', 'Austina', 'Willi', 'Clemmie', 'Pammy', 'Yolanda', 'Addi', 'Aviva', 'Kaitlin', 'Natalya', 'Frankie']
['Colline', 'Kania', 'Avivah', 'Corly', 'Babara', 'Starlin', 'Noreen', 'Stefa', 'Cristabel', 'Nelie', 'Gae', 'Teddi', 'Myrtle', 'Andie', 'Brear']
