['wwwww', 'x', 'wwww', 'xxx', 'xxxxxx', 'xxxxxxxx', 'wwwwwww', 'w', 'ww', 'xxxx', 'xx', 'xxxxxxx', 'xxxxx', 'wwwwwwww', 'www', 'wwwwww']
['888', '77777', '7777777', '8888', '77777777', '77', '8888888', '777777', '7', '7777', '777', '8', '88', '888888', '88888888', '88888']
['PPPPPPP', 'PPPPP', 'PPPPPP', 'OOOOOOOO', 'OOOOOO', 'PPP', 'OOOO', 'OOOOO', 'OO', 'OOO', 'OOOOOOO', 'PPPP', 'PPPPPPPP', 'O', 'PP', 'P']
['yyyy', 'yyyyy', 'yyy', 'zzzzz', 'yyyyyyyy', 'zzzzzz', 'zz', 'z', 'zzzzzzzz', 'yy', 'y', 'zzzz', 'yyyyyy', 'yyyyyyy', 'zzzzzzz', 'zzz']
['jjjjj', 'ii', 'jjjjjjjj', 'iiiiiiii', 'jjj', 'iiii', 'jjjj', 'jj', 'i', 'iiiiiii', 'jjjjjj', 'iiiiii', 'jjjjjjj', 'iii', 'iiiii', 'j']
['QQQQQQ', 'QQQQQ', 'RRRRRRR', 'QQQQ', 'QQQQQQQQ', 'RRRRRR', 'QQQ', 'RRRR', 'RRRRRRRR', 'RR', 'QQ', 'Q', 'RRR', 'RRRRR', 'QQQQQQQ', 'R']
['IIIIIII', 'IIII', 'JJJJJ', 'IIIIIIII', 'III', 'IIIII', 'JJJJJJJJ', 'JJJJJJ', 'I', 'JJJ', 'JJJJ', 'IIIIII', 'J', 'JJJJJJJ', 'II', 'JJ']
['GGGG', 'HHHHHH', 'HHHHH', 'GGGGGGG', 'GGG', 'GGGGGGGG', 'GGGGGG', 'HHHHHHH', 'GG', 'HH', 'GGGGG', 'HHHH', 'HHH', 'H', 'HHHHHHHH', 'G']
['uuu', 'vvvvvv', 'uuuuuuu', 'vvvv', 'uuuuuuuu', 'uu', 'v', 'uuuuu', 'vvvvvvvv', 'u', 'vvv', 'uuuu', 'vvvvv', 'uuuuuu', 'vvvvvvv', 'vv']
['mmmm', 'mmmmmmm', 'm', 'mmmmmmmm', 'nnnnn', 'n', 'nnnnnnnn', 'nnnnnn', 'nnn', 'mmmmm', 'nn', 'mmmmmm', 'mmm', 'nnnnnnn', 'mm', 'nnnn']
['kkkkkk', 'llll', 'k', 'll', 'lllll', 'lll', 'kkk', 'kkkkkkkk', 'l', 'lllllll', 'kkkkk', 'llllll', 'kk', 'llllllll', 'kkkkkkk', 'kkkk']
['dddddddd', 'dddd', 'd', 'cc', 'ddddddd', 'cccccccc', 'ddddd', 'c', 'ccccccc', 'ccccc', 'dddddd', 'ccc', 'cccc', 'ddd', 'cccccc', 'dd']
['222', '22222222', '2222222', '2222', '22222', '1111111', '11', '222222', '1', '11111111', '1111', '2', '22', '111111', '111', '11111']
['XXXXX', 'WWW', 'WWWW', 'WW', 'WWWWWW', 'XXXX', 'XX', 'WWWWWWW', 'WWWWWWWW', 'WWWWW', 'W', 'XXXXXX', 'XXXXXXXX', 'XXX', 'XXXXXXX', 'X']
['UUUUUU', 'UUUU', 'VVV', 'VVVVVVVV', 'U', 'UU', 'V', 'UUUUUUU', 'UUUUU', 'VV', 'VVVVV', 'VVVVVVV', 'VVVVVV', 'UUUUUUUU', 'UUU', 'VVVV']
['TTTTTTTT', 'S', 'SSS', 'SS', 'SSSSS', 'SSSSSSSS', 'SSSSSSS', 'TTTTTT', 'SSSSSS', 'TTTTTTT', 'TTTT', 'SSSS', 'TTT', 'TT', 'TTTTT', 'T']
['CCCCCCCC', 'DDDDDDD', 'C', 'CCCCCCC', 'DDDDDD', 'CCCCC', 'DD', 'CCCC', 'DDDDD', 'DDDD', 'CCC', 'DDDDDDDD', 'D', 'CC', 'CCCCCC', 'DDD']
['ttttt', 'ttt', 'ttttttt', 'tt', 'tttt', 'ss', 'ssssssss', 'sssssss', 'sss', 's', 'sssss', 'ssssss', 'ssss', 'tttttttt', 't', 'tttttt']
['qq', 'q', 'rrrrrrrr', 'rrrr', 'r', 'rr', 'rrrrr', 'qqqqqqqq', 'qqqq', 'qqqqqqq', 'rrrrrr', 'rrr', 'qqq', 'qqqqq', 'qqqqqq', 'rrrrrrr']
['ooooooo', 'ppppppp', 'ooooo', 'pppp', 'oooooooo', 'pp', 'oooooo', 'oooo', 'pppppppp', 'oo', 'ooo', 'ppp', 'pppppp', 'p', 'o', 'ppppp']
['gggggg', 'g', 'h', 'hhhhhhhh', 'ggg', 'hhhhhhh', 'hhhhh', 'ggggggg', 'hhhh', 'hhhhhh', 'hh', 'ggggg', 'hhh', 'gggggggg', 'gg', 'gggg']
['66666666', '55555', '66666', '666666', '6', '555', '6666666', '5555', '5', '555555', '5555555', '666', '55555555', '6666', '66', '55']
['33', '3333333', '444', '44', '4444', '444444', '333333', '33333', '44444444', '44444', '333', '33333333', '3', '4444444', '4', '3333']
['Z', 'YYYY', 'ZZZZ', 'ZZZ', 'YYYYYYY', 'Y', 'YYYYY', 'YY', 'ZZ', 'YYYYYYYY', 'ZZZZZZZZ', 'YYYYYY', 'ZZZZZ', 'ZZZZZZ', 'YYY', 'ZZZZZZZ']
['MM', 'NNN', 'NNNNNNNN', 'MMMMM', 'MMMMMMMM', 'MMMM', 'MMMMMM', 'NNNNN', 'NNNNNNN', 'MMMMMMM', 'N', 'NNNN', 'NN', 'MMM', 'NNNNNN', 'M']
['K', 'LLLLLL', 'LL', 'KKK', 'KKKK', 'KKKKK', 'LLL', 'LLLL', 'KKKKKKKK', 'LLLLLLL', 'LLLLL', 'KKKKKK', 'KK', 'LLLLLLLL', 'KKKKKKK', 'L']
['EEEEEE', 'EEEEEEEE', 'FFFF', 'EEEEEEE', 'FFFFFFFF', 'FFFFFF', 'FFF', 'EEEE', 'FF', 'EEEEE', 'EE', 'FFFFFFF', 'E', 'EEE', 'FFFFF', 'F']
['AAA', 'AAAAAAA', 'BBBB', 'BB', 'AAAA', 'AAAAAAAA', 'AAAAAA', 'BBB', 'BBBBB', 'B', 'BBBBBBB', 'AAAAA', 'BBBBBBBB', 'A', 'AA', 'BBBBBB']
['aaaaaaa', 'bbbbbbbb', 'aaa', 'aa', 'bbbb', 'bbbbbb', 'aaaaa', 'aaaaaaaa', 'bbb', 'b', 'bbbbb', 'bb', 'bbbbbbb', 'aaaaaa', 'a', 'aaaa']
['e', 'eee', 'ffffffff', 'eeeeeeee', 'eeee', 'eeeeee', 'eeeeeee', 'fffffff', 'ff', 'ee', 'ffffff', 'ffff', 'fffff', 'fff', 'eeeee', 'f']
