['Gilda5', 'Davide5', 'Prisca3', 'Santo9', 'Folco8', 'Oreste0', 'Mariano0', 'Fabio8', 'Sue2', 'Deborah4', 'Marzio6', 'Oretta9', 'Costantino7', 'Carmela6', 'Kayla9', 'Muzio8', 'Laerte9', 'Gregorio7', 'Ludovico9', 'Rosolino0']
['Kris3', 'Renzo5', 'Gaetano4', 'Tommaso8', 'Siro0', 'Guendalina3', 'Brigitta5', 'Flaviana6', 'Lazzaro2', 'Furio5', 'Ferdinando0', 'Penelope7', 'Guido6', 'Noah0', 'Lauro5', 'Mattia9', 'Caio2', 'Sabino2', 'Laura9', 'Fernando8']
['Leonardo7', 'Michele7', 'Thea5', 'Fiorentino3', 'Tazio7', 'Cira8', 'Giacinto6', 'Damiana9', 'Orfeo7', 'Marvin0', 'Luigi7', 'Armando0', 'Sesto4', 'Maruska3', 'Eustachio2', 'Jari0', 'Joannes5', 'Fabiano1', 'Lidia0', 'Bibiana4']
['Cleros6', 'Laura1', 'Filomena3', 'Leonardo0', 'Karim1', 'Mattia1', 'Ivano3', 'Leonardo1', 'Cira7', 'Concetta1', 'Pierfrancesco0', 'Noel4', 'Marianita1', 'Caligola7', 'Enzo7', 'Umberto6', 'Marianita7', 'Gioacchino7', 'Anselmo3', 'Giovanna3']
['Mariagiulia4', 'Folco0', 'Trevis8', 'Mirko6', 'Tolomeo6', 'Armando8', 'Noah6', 'Demis1', 'Miriam8', 'Valdo2', 'Bortolo9', 'Anastasio3', 'Edilio6', 'Maggiore2', 'Edilio5', 'Jarno1', 'Ursula5', 'Alighieri1', 'Terzo7', 'Rosalba1']
['Fiorenzo8', 'Cassiopea9', 'Matteo9', 'Elio8', 'Fortunata0', 'Erminio4', 'Filomena4', 'Gerlando9', 'Erminia8', 'Italo5', 'Gavino8', 'Caio6', 'Olimpia3', 'Domiziano7', 'Eriberto9', 'Artes8', 'Marino4', 'Albino1', 'Lauro3', 'Joshua3']
['Costanzo4', 'Sasha9', 'Davide8', 'Audenico0', 'Liborio8', 'Joseph7', 'Marina4', 'Benedetta4', 'Rita6', 'Gilda2', 'Benedetta1', 'Timoteo4', 'Ethan9', 'Evangelista9', 'Miriana4', 'Nayade9', 'Laerte5', 'Mietta2', 'Emanuel3', 'Demis2']
['Rosalino2', 'Odone8', 'Cleros2', 'Nestore3', 'Ian0', 'Loretta4', 'Edilio2', 'Marianita8', 'Quirino1', 'Gianriccardo3', 'Lisa0', 'Rufo5', 'Cesidia8', 'Celeste3', 'Cleopatra5', 'Sue0', 'Jacopo4', 'Marianita5', 'Fabiano3', 'Lia2']
['Tristano5', 'Ferdinando6', 'Giancarlo3', 'Tristano8', 'Gianantonio5', 'Pablo7', 'Cleros7', 'Ulrico6', 'Edipo4', 'Adriano1', 'Marcella3', 'Quarto3', 'Danuta0', 'Amerigo5', 'Giobbe6', 'Baldassarre3', 'Valdo9', 'Folco3', 'Damiana2', 'Mietta0']
['Nestore6', 'Modesto4', 'Ettore0', 'Umberto9', 'Mirko4', 'Sesto2', 'Battista3', 'Orfeo1', 'Giulietta7', 'Marcella4', 'Concetta9', 'Matilde9', 'Raniero0', 'Rosalino0', 'Eusebio3', 'Folco4', 'Timoteo9', 'Kai5', 'Ubaldo1', 'Enzo3']
['Pacifico0', 'Tazio1', 'Irene7', 'Gelsomina6', 'Nestore5', 'Fatima0', 'Siro2', 'Ileana5', 'Elda4', 'Claudia6', 'Sandro2', 'Dante5', 'Piersilvio3', 'Odone9', 'Fiorenzo1', 'Marzio5', 'Radames7', 'Rosita1', 'Odone4', 'Emidio9']
['Isabel1', 'Jari2', 'Zelida4', 'Samira6', 'Lamberto6', 'Elio3', 'Vinicio8', 'Bibiana6', 'Gianleonardo6', 'Alighiero7', 'Elga3', 'Giorgio6', 'Dante0', 'Marino8', 'Elda2', 'Gianantonio6', 'Amedeo5', 'Akira3', 'Mariagiulia9', 'Iacopo2']
['Benedetta5', 'Jole3', 'Bettino1', 'Tancredi5', 'Giacobbe7', 'Genziana8', 'Orfeo5', 'Enrico1', 'Xavier5', 'Gianriccardo2', 'Rocco9', 'Walter7', 'Penelope5', 'Oretta5', 'Ermes4', 'Monia8', 'Armando5', 'Raoul7', 'Piersilvio0', 'Fatima2']
['Aroldo4', 'Siro9', 'Demis3', 'Enzo6', 'Silvano4', 'Orfeo9', 'Graziano0', 'Maggiore3', 'Guido1', 'Cassiopea3', 'Danthon5', 'Sirio6', 'Liborio4', 'Rodolfo9', 'Pietro1', 'Primo1', 'Osvaldo5', 'Emanuel1', 'Gianmarco5', 'Loris4']
['Elga8', 'Rebecca6', 'Cirino1', 'Priamo8', 'Deborah2', 'Jelena1', 'Carmelo4', 'Elsa1', 'Alberto5', 'Thea4', 'Adriano0', 'Karim8', 'Priamo0', 'Radames4', 'Brigitta8', 'Gaetano5', 'Assia0', 'Fabio9', 'Primo3', 'Tancredi4']
['Ercole9', 'Avide3', 'Nathan9', 'Gianantonio3', 'Ludovico2', 'Moreno5', 'Michael9', 'Cassiopea8', 'Demi6', 'Jack2', 'Marzio4', 'Mattia6', 'Mecren9', 'Marzio7', 'Luce0', 'Elsa0', 'Giulio2', 'Nazzareno0', 'Mariagiulia0', 'Concetta5']
['Gregorio2', 'Mauro7', 'Santo3', 'Isabel6', 'Quasimodo0', 'Eustachio1', 'Ercole2', 'Giorgio2', 'Tolomeo0', 'Iacopo1', 'Nestore8', 'Anastasio7', 'Siro8', 'Italo9', 'Loredana6', 'Vania2', 'Marieva7', 'Alessio3', 'Nestore7', 'Nathan2']
['Giovanna5', 'Cleopatra8', 'Violante6', 'Odino6', 'Romeo2', 'Emanuel7', 'Ercole8', 'Nico6', 'Cleopatra1', 'Doriana2', 'Maika6', 'Gianmaria7', 'Amerigo1', 'Lidia6', 'Sarita7', 'Eliziario6', 'Gioacchino6', 'Trevis2', 'Enzo0', 'Marieva8']
['Loredana0', 'Rebecca5', 'Sarita4', 'Patrizio4', 'Edipo5', 'Marina6', 'Primo9', 'Giordano5', 'Bettino8', 'Walter3', 'Renato5', 'Bortolo5', 'Antonio9', 'Lorenzo9', 'Giorgio3', 'Osea0', 'Erminio9', 'Demi9', 'Teseo4', 'Sebastian2']
['Davide1', 'Arduino8', 'Pablo9', 'Cosetta2', 'Tancredi6', 'Michael4', 'Joseph3', 'Sibilla4', 'Kris2', 'Walter1', 'Luce6', 'Miriana9', 'Mecren5', 'Claudia1', 'Costanzo6', 'Cleros4', 'Clodovea2', 'Assia4', 'Antimo9', 'Nestore4']
['Jacopo3', 'Diamante6', 'Monia6', 'Antonino6', 'Ercole4', 'Ethan7', 'Erminia2', 'Fatima9', 'Egisto1', 'Eusebio6', 'Siro3', 'Cleros5', 'Carlo1', 'Kayla3', 'Ian2', 'Ubaldo2', 'Ilario9', 'Secondo5', 'Diamante4', 'Rebecca2']
['Samira4', 'Zaccaria2', 'Mietta1', 'Umberto0', 'Ermes9', 'Nico1', 'Odino9', 'Nicoletta3', 'Luigi4', 'Sesto8', 'Loretta1', 'Maika9', 'Joshua0', 'Carmela3', 'Serse1', 'Cleopatra7', 'Azue3', 'Arturo8', 'Xavier7', 'Lino4']
['Vania3', 'Amedeo6', 'Eriberto7', 'Ione9', 'Secondo0', 'Folco6', 'Marina7', 'Amedeo1', 'Rosalba8', 'Sirio1', 'Sabatino1', 'Miriana7', 'Soriana6', 'Radames1', 'Ausonio0', 'Ruth1', 'Trevis3', 'Mariagiulia3', 'Osea9', 'Renzo6']
['Sasha7', 'Augusto8', 'Fiorenzo7', 'Alessandro3', 'Sebastian4', 'Hector0', 'Anselmo9', 'Ercole1', 'Donatella7', 'Eriberto1', 'Arcibaldo8', 'Caligola0', 'Marcella0', 'Laerte0', 'Alessio7', 'Pacifico5', 'Romeo4', 'Celeste4', 'Rosaria8', 'Fortunata6']
['Anselmo8', 'Ariel9', 'Osea1', 'Prisca2', 'Arduino5', 'Deborah9', 'Nabil5', 'Lidia4', 'Alan9', 'Clodovea1', 'Dylan9', 'Max1', 'Miriam7', 'Manfredi5', 'Orfeo4', 'Vera2', 'Ethan3', 'Nathan3', 'Timoteo5', 'Erminia5']
