['Carree', 'Deny', 'Natalina', 'Emelina', 'Sara', 'Lorena', 'Catina', 'Melodie', 'Anya', 'Jenna', 'Devinne', 'Dana', 'Tresa', 'Lindsy', 'Leilah', 'Fredelia', 'Dulcea', 'Ortensia']
['Elinor', 'Janette', 'Feliza', 'Siobhan', 'Garland', 'Faith', 'Denyse', 'Kristin', 'Karlotta', 'Cinnamon', 'Thomasina', 'Genni', 'Mina', 'Susana', 'Arliene', 'Jodi', 'Sharron', 'Lillis']
['Henrietta', 'Maryl', 'Jsandye', 'Erna', 'Constantina', 'Silva', 'Jolie', 'Pollyanna', 'Laura', 'Biddie', 'Ellie', 'Idell', 'Lacey', 'Fawne', 'Sue', 'Philomena', 'Roseann', 'Toma']
['Lorna', 'Cynde', 'Patience', 'Shayna', 'Raine', 'Tammy', 'Jeralee', 'Clemmy', 'Valerie', 'Licha', 'Kay', 'Giralda', 'Una', 'Analise', 'Kellen', 'Jennica', 'Tatiana', 'Laurice']
['Gigi', 'Amitie', 'Lorinda', 'Kylen', 'Winifred', 'Geri', 'Laverna', 'Heather', 'Delila', 'Yalonda', 'Vilma', 'Kial', 'Gerianna', 'Jessamyn', 'Edeline', 'Lettie', 'Koressa', 'Alyce']
['Noelyn', 'Vonny', 'Marjie', 'Arleyne', 'Mia', 'Esmaria', 'Gerrilee', 'Raven', 'Lois', 'Erinna', 'Dayle', 'Lynnett', 'Magdaia', 'Pia', 'Linette', 'Sophie', 'Terra', 'Paulina']
['Isabelle', 'Midge', 'Minnnie', 'Lilla', 'Dianna', 'Cristina', 'Avivah', 'Ethelind', 'Milena', 'Misti', 'Rosina', 'Bessy', 'Christina', 'Jessika', 'Maddalena', 'Vallie', 'Alvina', 'Keri']
['Brynne', 'Rebbecca', 'Natala', 'Bonnee', 'Therine', 'Bobbie', 'SheilaKathryn', 'Kata', 'Chrystel', 'Meggy', 'Lori', 'Rozanna', 'Sephira', 'Maryjo', 'Cory', 'Matilda', 'Lyn', 'Ealasaid']
['Shaina', 'AnnaDiane', 'Grazia', 'Callie', 'Rosalinde', 'Jasmin', 'Sayre', 'Tanhya', 'Shayne', 'Reggi', 'Brynna', 'Verina', 'Erma', 'Gayle', 'Mareah', 'Tanya', 'Karol', 'Joleen']
['Kerstin', 'Gwenette', 'Sheilah', 'Penny', 'Romonda', 'Miquela', 'Jess', 'Allsun', 'Sofia', 'Prudi', 'Libby', 'Patti', 'Ula', 'Katha', 'Dulcie', 'Pierrette', 'Essa', 'Rachel']
['Harriett', 'Karisa', 'Evvy', 'Oliy', 'Caryn', 'Laureen', 'Vivia', 'Brenn', 'Valentine', 'Vi', 'Katleen', 'Ashely', 'Eddi', 'Vickie', 'Imogen', 'Raye', 'Cordie', 'Kippy']
['Leora', 'Siusan', 'Paula', 'Nevsa', 'Nerta', 'Cammie', 'Neilla', 'Jane', 'Shelli', 'Jaime', 'Lorrin', 'Merline', 'Clari', 'Melva', 'Viva', 'Dulcia', 'Martguerita', 'Frankie']
['Jeannine', 'Myrilla', 'Ray', 'Jeannette', 'Christabel', 'Donella', 'Reta', 'Laraine', 'Zita', 'Constantia', 'Trude', 'Jaclyn', 'Nelia', 'Wendeline', 'Cordy', 'Sheena', 'Corey', 'Goldina']
['Tova', 'Carlye', 'Marla', 'Emilee', 'Marylou', 'Elisabet', 'Elayne', 'Loria', 'Robena', 'Marley', 'Honey', 'Barbe', 'Laverne', 'Bibbie', 'Phillis', 'Madonna', 'Goldi', 'Marigold']
['Inna', 'Eula', 'Trista', 'Kania', 'Lisabeth', 'Daisi', 'Ashli', 'Billy', 'Natka', 'Aubrette', 'Renelle', 'Henriette', 'Kettie', 'Crystie', 'Tamarah', 'Fayth', 'Ginger', 'Kassia']
['Emmy', 'Jacquenette', 'Starr', 'Dolores', 'Renae', 'Vanessa', 'Genna', 'Lila', 'Betteanne', 'Debby', 'AnnaDiana', 'Ardenia', 'Marice', 'Lona', 'HelenElizabeth', 'Gussy', 'Tessy', 'Tersina']
['Christin', 'Costanza', 'Livia', 'Phedra', 'Joannes', 'Riannon', 'Tybi', 'Suellen', 'Janey', 'Veronike', 'Geralda', 'Brigid', 'Lorraine', 'Kiersten', 'Kacey', 'Cayla', 'Jobina', 'Herminia']
['Corinna', 'Annalee', 'Sheeree', 'Zorana', 'Randene', 'Sharla', 'Nomi', 'Brandise', 'Joly', 'Libbi', 'Cate', 'Camille', 'Madelin', 'Susi', 'Emmalynne', 'Lisbeth', 'Mariejeanne', 'Lia']
['Moyra', 'Andriette', 'Chris', 'Lina', 'Nerissa', 'Stefa', 'Toni', 'Carmelia', 'Ardine', 'Flori', 'Heidie', 'Johnette', 'Phil', 'Pandora', 'Giselle', 'Helenka', 'Gaynor', 'Uta']
['Tamarra', 'Idalina', 'Chelsea', 'Nora', 'Megan', 'Evangeline', 'Joycelin', 'Gwendolen', 'Brandie', 'Clemmie', 'Darcee', 'Kaylyn', 'Paulette', 'Shani', 'Madalena', 'Sheree', 'Bell', 'Drucill']
['Vin', 'Tobi', 'Anjanette', 'Freda', 'Rosene', 'Tressa', 'Lita', 'Ivie', 'Camilla', 'Bria', 'Andree', 'Coretta', 'Neila', 'Kinna', 'Claudina', 'Barbaraanne', 'Eadie', 'Marcia']
['Jada', 'Anthe', 'Eve', 'Pansie', 'Blake', 'Mable', 'Ondrea', 'Nicoli', 'Edi', 'Lauretta', 'Willabella', 'Fayina', 'Pavla', 'Shay', 'Nadine', 'Jeannie', 'Deeann', 'Merrielle']
['Ashlen', 'Annie', 'Sherline', 'Liz', 'Stepha', 'Sallyanne', 'Rosalind', 'Leona', 'Nolana', 'Hendrika', 'Coral', 'Courtnay', 'Kelcey', 'Shelby', 'Shelia', 'Wilow', 'Charis', 'Pippy']
['Lanni', 'Rasla', 'Reeva', 'Hyacinth', 'Serena', 'Madelyn', 'Carline', 'Hatty', 'Gabriell', 'Mehetabel', 'Meris', 'Cherry', 'Marlyn', 'Amabel', 'Jorey', 'Zoe', 'Harrie', 'Jeniffer']
['Kora', 'Kathlin', 'Debbie', 'Di', 'Tiffani', 'Mariette', 'Wilone', 'Sibylle', 'Corella', 'Lavinia', 'Almeda', 'Danell', 'Saundra', 'Thalia', 'Katalin', 'Kalindi', 'Tilda', 'Cecelia']
