['Ellen', 'Benny', 'Staci', 'Sonja', 'Cliff', 'Cyrus', 'Elmer', 'Gayle', 'Maura', 'Peter', 'Tanya', 'Fidel', 'Tracy']
['Amado', 'Linda', 'Issac', 'Daisy', 'Mario', 'Leona', 'Perry', 'Clara', 'Orval', 'Audra', 'Randi', 'Donny', 'Pearl']
['Maude', 'Louis', 'Tasha', 'Tyron', 'Leann', 'Brant', 'Shaun', 'Lyman', 'Dante', 'Jonah', 'Rusty', 'Nelda', 'Mason']
['Brian', 'Freda', 'Wendi', 'Clark', 'Melba', 'Jaime', 'Margo', 'Monty', 'Malik', 'Craig', 'Dixie', 'Alice', 'Sheri']
['Holly', 'Hazel', 'Carly', 'Lorie', 'Candy', 'Mamie', 'Nancy', 'Nikki', 'Olive', 'Willy', 'Timmy', 'Lanny', 'Cesar']
['Elvin', 'Doris', 'Elena', 'Brock', 'Alvin', 'Maria', 'Sofia', 'Kayla', 'Tommy', 'Kevin', 'Wally', 'Karen', 'Trent']
['Annie', 'Irvin', 'Mable', 'Eddie', 'Jayne', 'Bobbi', 'Darin', 'Vilma', 'Patti', 'Ruben', 'Carla', 'Arlen', 'Lauri']
['Micah', 'Josie', 'Misty', 'Steve', 'Laura', 'Hilda', 'Moses', 'Helga', 'Erick', 'Clint', 'Ilene', 'Corey', 'Debra']
['Betsy', 'Mitzi', 'Kathy', 'Moshe', 'Grant', 'Cindy', 'Della', 'Jamar', 'Leila', 'Lydia', 'Terri', 'Odell', 'Verna']
['Ronny', 'Adele', 'Merle', 'Shane', 'Davis', 'Dwain', 'Queen', 'Karin', 'Ariel', 'Janet', 'Erika', 'James', 'David']
['Sally', 'Allan', 'Dario', 'Wilma', 'Berta', 'Marty', 'Basil', 'Billy', 'Barry', 'Aline', 'Bruno', 'Becky']
['Flora', 'Katie', 'Robyn', 'Jared', 'Mandy', 'Ebony', 'Bryan', 'Julio', 'Wendy', 'Bryce', 'Britt', 'Casey']
['Major', 'Terry', 'Tonya', 'Quinn', 'Wyatt', 'Essie', 'Effie', 'Adela', 'Aaron', 'Ervin', 'Felix', 'Kelly']
['Leroy', 'Danny', 'Lacey', 'Alton', 'Roger', 'Pedro', 'Tonia', 'Roman', 'Lucio', 'Donna', 'Twila', 'Fritz']
['Deann', 'Greta', 'Marcy', 'Sammy', 'Dusty', 'Sonny', 'Ahmad', 'Chase', 'Jacob', 'Jason', 'April', 'Teddy']
['Amber', 'Tessa', 'Joann', 'Randy', 'Zelma', 'Bette', 'Renee', 'Rufus', 'Elias', 'Kirby', 'Hyman', 'Erica']
['Nadia', 'Daron', 'Emily', 'Garry', 'Sybil', 'Percy', 'Josef', 'Tammi', 'Emery', 'Homer', 'Robin', 'Joyce']
['Sadie', 'Marla', 'Jamel', 'Sandy', 'Buddy', 'Chris', 'Claud', 'Rhoda', 'Brent', 'Viola', 'Roxie', 'Chong']
['Pansy', 'Lorna', 'Avery', 'Ollie', 'Elvia', 'Rhett', 'Marci', 'Ernie', 'Elsie', 'Clyde', 'Julia', 'Vicky']
['Edwin', 'Mitch', 'Mikel', 'Wanda', 'Janis', 'Paige', 'Naomi', 'Bryon', 'Brady', 'Chang', 'Myron', 'Devin']
