['Miley', 'Sayd', 'Keili', 'Dusan', 'Vyncent', 'Kirubel', 'Aley', 'Kemily', 'Antrone', 'Akasha', 'Adeleine']
['Raphael', 'Hannelore', 'Abhinav', 'Jirah', 'Natasia', 'Oluwatobi', 'Hakop', 'Mikelle', 'Asa', 'Samauri', 'Jemiah']
['Fe', 'Zahriyah', 'Lynia', 'Olive', 'Jaaziah', 'Daxen', 'Kaeley', 'Larrissa', 'Sanae', 'Jaleesa', 'Alyze']
['Shahid', 'Kellon', 'Sevastian', 'Rayne', 'Lamariah', 'Salmaan', 'Dessie', 'Dairon', 'Alainna', 'Zoiee', 'Carine']
['Tobias', 'Nethra', 'Zaahir', 'Dominika', 'Renyah', 'Danyca', 'Siena', 'Emmely', 'Donnovan', 'Dragon', 'Amor']
['Kairy', 'Nancy', 'Vanesa', 'Abdulraheem', 'Ramses', 'Taegan', 'Kenniyah', 'Nidhi', 'Kensleigh', 'Citlally', 'Shamaiya']
['Maude', 'Xaviel', 'Azavier', 'Jacob', 'Crystina', 'Jahred', 'Fabrizzio', 'Nakaya', 'Julia', 'Jaydah', 'Liat']
['Meryl', 'Mikea', 'Lukis', 'Vinnie', 'Cicily', 'Kinzie', 'Marialy', 'Avigail', 'Ayahna', 'Andriy', 'Ameerah']
['Sharlene', 'Shanaiya', 'Merary', 'Timia', 'Lazaria', 'Caliegh', 'Coi', 'Jalyiah', 'Shalonda', 'Trinitey', 'Margie']
['Ilyn', 'Jayme', 'Alyiana', 'Cordai', 'Antonin', 'Tayseer', 'Kamora', 'Guy', 'Inaki', 'Tralaya', 'Kaleo']
['Stafford', 'Juliano', 'Khalee', 'Mumin', 'Merlina', 'Yu', 'Sussy', 'Guadalupe', 'Farah', 'Soniah', 'Lilyonna']
['Dajana', 'Azeriah', 'Khamil', 'Casondra', 'Jaquan', 'Osmin', 'Keion', 'Jos', 'Camill', 'Mezmariah', 'Helaman']
['Donnelle', 'Kalum', 'Evia', 'Jasiya', 'Kay', 'Kyo', 'Tacori', 'Katalina', 'Zykerria', 'Loni', 'Adaley']
['Jerriah', 'Jeremias', 'Jaleena', 'Jema', 'Khila', 'Jophy', 'Dereck', 'Emmanuela', 'Kenzo', 'Chidi', 'Bright']
['Deliany', 'Marck', 'Ally', 'Johnavan', 'Rosalio', 'Markise', 'Dea', 'Dorcas', 'Abaan', 'Gunther', 'Aizik']
['Avielle', 'Zayquan', 'Srinath', 'Veena', 'Monserath', 'Elway', 'Deriyon', 'Coraline', 'Ishmel', 'Emree', 'Quentyn']
['Taigen', 'Jesalyn', 'Mylie', 'Eddieberto', 'Artyom', 'Zyeir', 'Jerel', 'Kapena', 'Aysenur', 'Cylah', 'Mylani']
['Tashvi', 'Evangelyne', 'Natsumi', 'Quintavious', 'Tayyab', 'Ricky', 'Brenya', 'Keyin', 'Jaeline', 'Matt', 'Yavian']
['Abdoulaziz', 'Nitzia', 'Thien', 'Seiry', 'Charlett', 'Jailon', 'Lealand', 'Kaymarie', 'Jaimarie', 'Sincere', 'Aayana']
['Antwane', 'Emilie', 'Giankarlo', 'Jeru', 'Kobe', 'Azzareya', 'Jabes', 'Aanyah', 'Anwesha', 'Leilah', 'Nalaya']
['Jamonte', 'Keni', 'Keemya', 'Mckaylin', 'Haya', 'Nakari', 'Oviya', 'Thaddius', 'Jezzelle', 'Gracia', 'Treyson']
['Noami', 'Doyle', 'Bailei', 'Jersi', 'Kaeleen', 'Ryleeann', 'Sihaam', 'Apollonia', 'Jandre', 'Aman', 'Amr']
['Aleiyah', 'Lauralynn', 'Kariana', 'Colie', 'Mikyla', 'Janine', 'Jovey', 'Aylana', 'Anastacio', 'Giannie', 'Leib']
['Trystian', 'Adaisha', 'Gyzelle', 'Sydelle', 'Taye', 'Arsalan', 'Yarisbel', 'Armita', 'Jahlen', 'Kvaughn', 'Masud']
['Zolin', 'Iris', 'Gertrude', 'Marifer', 'Davidjr', 'Ancel', 'Khloee', 'Mircale', 'Byron', 'Ori', 'Tyannah']
['Lilienne', 'Devaun', 'Marik', 'Orren', 'Bailynn', 'Salif', 'Kaira', 'Jatziry', 'Jax', 'Aarohi', 'Shy']
['Ron', 'Carsten', 'Shamyia', 'Kitty', 'Rohil', 'Griffon', 'Stefanny', 'Raymir', 'Larry', 'Atika', 'Sameeha']
['Jalilah', 'Hugo', 'Trenise', 'Katarina', 'Shiala', 'Derionna', 'Coulson', 'Nohely', 'Fidel', 'Alaija', 'Serra']
['Soriya', 'Shamiyah', 'Serenety', 'Eeliyah', 'Rock', 'Merissa', 'Jarem', 'Joed', 'Lailani', 'Jaquis', 'Rey']
['Malaja', 'Demetreus', 'Niemah', 'Jdan', 'Kaymi', 'Zackrey', 'Marnae', 'Lada', 'Amritha', 'Terriona', 'Adysen']
['Cisco', 'Raeleigh', 'Ahnaya', 'Zamyah', 'Detravion', 'Mylez', 'Sevren', 'Mailen', 'Kirrah', 'Marcellius']
['Benito', 'Braeley', 'Kameryn', 'Marwan', 'Zuzanna', 'Yajahira', 'Yarithza', 'Vivica', 'Nishta', 'Anouk']
['Prakruti', 'Deedra', 'Blaine', 'Anagha', 'Litsy', 'Kimball', 'Hallei', 'Feven', 'Anela', 'Navia']
['Jakelin', 'Brinleigh', 'Shanell', 'Halo', 'Jarrell', 'Dell', 'Nayara', 'Denize', 'Jebediah', 'Thadius']
['Farha', 'Ettel', 'Liann', 'Tasi', 'Milene', 'Lakiyah', 'Kenzlie', 'Marcellino', 'Elisah', 'Shannel']
['Laticia', 'Makyra', 'Jamaine', 'Jazir', 'Tahir', 'Adriene', 'Ailene', 'Takia', 'Anadalay', 'Dainen']
['Michaell', 'Shelbee', 'Kyston', 'Jekeria', 'Dhyan', 'Shakila', 'Mykaylah', 'Alayasia', 'Deidre', 'Alieyah']
['Dashun', 'Venezia', 'Ganon', 'Delara', 'Estephanie', 'Casandra', 'Sashya', 'Noha', 'Chanze', 'Spartan']
['Hayven', 'Alison', 'Amonti', 'Mikaelah', 'Charlize', 'Yaire', 'Rexford', 'Sagan', 'Treyonna', 'Abdulrehman']
['Sinia', 'Janesha', 'Marrius', 'Cynae', 'Tanyla', 'Ebany', 'Bow', 'Elysha', 'Hashem', 'Jamiyla']
['Carena', 'Zinia', 'Ingrid', 'Hesham', 'Mariaelena', 'Shardae', 'Selena', 'Britnee', 'Nakeya', 'Adanna']
['Satomi', 'Michai', 'Jamaad', 'Seleen', 'Cliff', 'Jasahn', 'Delisha', 'Yonason', 'Saheim', 'Asha']
['Fox', 'Gauge', 'Dhalia', 'Tralyn', 'Analiah', 'Dyami', 'Isaak', 'Endi', 'Jomary', 'Rielly']
['Kenzington', 'Artie', 'Reynaldo', 'Leighann', 'Handsome', 'Quintasia', 'Desteni', 'Daxx', 'Tafari', 'Tobechi']
['Jameisha', 'Tajuan', 'Cyris', 'Suri', 'Mykenna', 'Chyna', 'Gwendolynn', 'Kayliann', 'Eleah', 'Bristol']
['Keyvin', 'Lizmari', 'Leni', 'Abriyana', 'Kaushik', 'Vedika', 'Gor', 'Sabastion', 'Jamear', 'Harlem']
['Eliziah', 'Aibhilin', 'Montana', 'Basha', 'Sheniyah', 'Ellarie', 'Brydan', 'Tam', 'Jesus', 'Aryeh']
