['ANQ', 'AMO', 'AFY', 'APP', 'ANR', 'ADQ', 'ALV', 'AGD', 'AQQ', 'ANH', 'AGR', 'ABO', 'AEA']
['ANI', 'ATK', 'API', 'ALF', 'AER', 'AND', 'ANM', 'AQU', 'AMI', 'APW', 'ARG', 'ASL', 'AMB']
['AAA', 'AJJ', 'AAI', 'ATB', 'AIL', 'AQM', 'ACY', 'AOB', 'AHU', 'AII', 'ATL', 'AQL', 'AAM']
['ADJ', 'AMF', 'ATX', 'AJE', 'AGS', 'APA', 'APY', 'ASI', 'ABP', 'APS', 'AOQ', 'ASH', 'AIP']
['AOA', 'AJM', 'AAV', 'AHL', 'AOR', 'AAB', 'AGI', 'ATH', 'ANW', 'ACV', 'ARK', 'AKX', 'AIM']
['ABJ', 'AMQ', 'AHO', 'AFL', 'ASF', 'AMS', 'ATR', 'ABG', 'AJT', 'AAH', 'ADP', 'ABN', 'APN']
['AHE', 'ARN', 'ADN', 'AKT', 'AQE', 'AME', 'AHK', 'ALJ', 'AEJ', 'AKP', 'AEE', 'AGQ', 'AGL']
['AMX', 'ASA', 'AQW', 'AJO', 'AKJ', 'ACM', 'ARD', 'AFW', 'ABB', 'AKW', 'AFH', 'ATE', 'AJD']
['APD', 'AFU', 'AOS', 'AGA', 'AML', 'AQJ', 'AHP', 'AHY', 'AGT', 'AAX', 'AEH', 'AAS', 'ARW']
['ACU', 'AFS', 'ADG', 'ACR', 'ADX', 'AQP', 'AFB', 'AOI', 'ANS', 'AJN', 'AJL', 'APM', 'ATC']
['AGC', 'AGH', 'ASN', 'ADH', 'ALS', 'AQH', 'AFN', 'ABI', 'ALQ', 'AAT', 'APC', 'AJG', 'APF']
['ADY', 'ADR', 'ACA', 'AIE', 'AFK', 'AAQ', 'AHS', 'AJF', 'AMG', 'ATV', 'AMH', 'APR', 'AES']
['AAN', 'ALX', 'AEY', 'ARP', 'AIY', 'ANB', 'AJP', 'ABE', 'AKI', 'ATJ', 'ASR', 'AHJ', 'AAK']
['AFF', 'ABQ', 'AKE', 'ARF', 'ADF', 'AMV', 'ATI', 'ANU', 'AFO', 'AIA', 'ACX', 'AGJ', 'ASM']
['ARB', 'AAY', 'ATA', 'AEQ', 'AJK', 'AFD', 'ALC', 'ALT', 'ACI', 'ABT', 'ADE', 'ANN', 'AEU']
['ASY', 'ASQ', 'AOL', 'ADU', 'ALH', 'ANA', 'AKY', 'ALB', 'AAE', 'AFI', 'AGK', 'ASU', 'AMC']
['AKO', 'AJR', 'AEP', 'ASX', 'AGF', 'ANJ', 'ACF', 'AJC', 'ANO', 'ABX', 'ACD', 'AAR', 'AAW']
['AKK', 'APQ', 'AON', 'AGU', 'AGB', 'AEX', 'ADW', 'ANT', 'AJH', 'ARU', 'AJU', 'AST', 'ABH']
['AKQ', 'AIW', 'ASE', 'ADD', 'ACH', 'ATY', 'ARM', 'ALL', 'ARH', 'AQG', 'ADI', 'AEK', 'AOM']
['ACQ', 'AGY', 'ASB', 'APB', 'ASD', 'APX', 'ATT', 'AMN', 'ADA', 'AET', 'AMA', 'AEM', 'ARV']
['AJS', 'ABL', 'AIT', 'AQF', 'ALI', 'ADS', 'AQV', 'AJW', 'AGP', 'AJV', 'ART', 'AFE']
['AKM', 'APJ', 'AIK', 'AQI', 'ARY', 'ABR', 'AEF', 'ARR', 'ASJ', 'AGM', 'ANL', 'ASW']
['AHH', 'AIB', 'ARL', 'ATW', 'AOY', 'AKG', 'ANV', 'AIU', 'APH', 'ACB', 'AKD', 'ARE']
['AIV', 'AID', 'ARX', 'AOW', 'AKV', 'AEO', 'AOJ', 'ABM', 'ATU', 'ASP', 'ARJ', 'AOT']
['AQR', 'AAD', 'AEI', 'AHM', 'AIN', 'ACG', 'APT', 'ACS', 'AHX', 'APG', 'AFA', 'ABD']
['ABC', 'ASC', 'AQS', 'AQN', 'ACK', 'ABA', 'AQB', 'AKN', 'AEB', 'AKU', 'AQT', 'AKC']
['AFR', 'ATD', 'ALU', 'APV', 'AAP', 'AQY', 'ANG', 'AOV', 'ASO', 'AOD', 'AMP', 'ANE']
['APO', 'AAU', 'AKA', 'AJA', 'APU', 'AIH', 'AFQ', 'AAF', 'ARC', 'AJY', 'ALK', 'ACO']
['ADK', 'ALD', 'AMK', 'APE', 'ACE', 'APK', 'ABU', 'AJB', 'ADO', 'ACJ', 'AMR', 'AJQ']
['ARO', 'AHD', 'AOU', 'AHV', 'ABW', 'AIO', 'AOO', 'AJI', 'AIF', 'AMU', 'ALE', 'ARS']
['APL', 'AOC', 'AMD', 'ATN', 'AMY', 'AQC', 'AEC', 'AIS', 'AOK', 'AFX', 'ACW', 'ADL']
['AHB', 'AFG', 'AFJ', 'AGW', 'ABY', 'AOH', 'ARI', 'AOE', 'AKR', 'AFT', 'ALW', 'AGV']
['AEN', 'AIC', 'ACL', 'ADC', 'AIG', 'ASK', 'AHF', 'ANX', 'ASV', 'AKH', 'AOG', 'AFV']
['AHR', 'ATG', 'ANY', 'AGX', 'ALM', 'AOF', 'AKF', 'ADT', 'AQA', 'ATS', 'ATQ', 'AFP']
['ABS', 'AEW', 'ANF', 'AHT', 'AKB', 'AFM', 'ANC', 'ASG', 'AEV', 'AAG', 'AHG', 'AHC']
['AGN', 'AHA', 'ANK', 'ASS', 'AAJ', 'AMW', 'AEL', 'AGE', 'ADB', 'AKL', 'AQO', 'ATF']
['AMM', 'AKS', 'AOX', 'AEG', 'ATO', 'ATM', 'ALP', 'AAO', 'AIX', 'ADM', 'AIJ', 'AOP']
['AFC', 'ANP', 'AIR', 'AMT', 'AQD', 'ABV', 'AQK', 'AJX', 'AHN', 'ACT', 'AHW', 'ALR']
['ALG', 'ALA', 'AIQ', 'AHQ', 'ALO', 'AGO', 'AMJ', 'AED', 'ACP', 'AHI', 'AGG', 'ATP']
['ABK', 'ALY', 'ADV', 'ACC', 'AAL', 'AAC', 'ARQ', 'AQX', 'ARA', 'ABF', 'ACN', 'ALN']
