['Bertha', 'Mireya', 'Rick', 'Blair', 'Josephine']
['Rhonda', 'Laura', 'Myriam', 'Gary', 'Bruce']
['Roy', 'Mario', 'Gwen', 'Kimberly']
['Joshua', 'Evelyn', 'Kristin', 'Tommy']
['Guy', 'Randolph', 'Dennis', 'Daniel']
['Glennie', 'Selina', 'Laurence', 'Jacob']
['Douglas', 'Therese', 'Bradley', 'Steven']
['Emily', 'Gordon', 'Nelson', 'Sylvester']
['Stephen', 'Leticia', 'Maria', 'Ronald']
['Connie', 'Gilda', 'Esther', 'Sheryl']
['Eleanor', 'Troy', 'Jodi', 'Lana']
['Heather', 'Albert', 'Angelica', 'Herbert']
['Kirk', 'Belinda', 'Patrick', 'Jo']
['Alice', 'Moses', 'Morgan', 'Sherri']
['Natalie', 'Donald', 'Willie', 'Phyllis']
['Dawn', 'Pat', 'Melissa', 'Lahoma']
['Lawrence', 'Grant', 'Craig', 'Richard']
['Clyde', 'Don', 'Maureen', 'Paul']
['Nancy', 'Fredda', 'Lisha', 'Curtis']
['Freda', 'Jayme', 'Virginia', 'Mae']
['Kathleen', 'Clarence', 'Ida', 'Marie']
['Tuan', 'Alvin', 'Marion', 'Marcella']
['Fernando', 'Harvey', 'Dawna', 'Lydia']
['Marcelino', 'Keri', 'Molly', 'Chris']
['Pamela', 'Kevin', 'Sam', 'Andrew']
['Cornelius', 'Reggie', 'Karen', 'Amos']
['Nina', 'Ouida', 'Jean', 'Diana']
['Raymond', 'Kisha', 'Ralph', 'Peggy']
['Gladys', 'Joseph', 'Elsie', 'Dana']
['Raphael', 'Warren', 'Hedwig', 'Jessica']
['Adele', 'Ward', 'Jonathan', 'Anthony']
['Imogene', 'Larry', 'Carol', 'Winifred']
['Gerald', 'Stephanie', 'Beulah', 'Brandon']
['Jeffrey', 'Lori', 'Theresa', 'Alicia']
['Ray', 'Georgette', 'Debra', 'Jeffery']
['Joanne', 'Veronica', 'Calvin', 'Cathy']
['Christine', 'Reuben', 'Mack', 'Ruth']
['Lucie', 'Roberta', 'James', 'Francisco']
['Ann', 'Beverly', 'Christian', 'Vella']
['Wilma', 'George', 'Kelly', 'Tim']
['Wendy', 'Rebecca', 'Kaitlyn', 'Eric']
['Katherine', 'Tanya', 'Wanda', 'Glen']
['Polly', 'Rosa', 'Maryann', 'Harold']
['Priscilla', 'Paula', 'Louis', 'Tony']
['Cecile', 'Jeanine', 'Kristine', 'Cesar']
['Antonio', 'Betty', 'Lyle', 'Lynne']
['Adam', 'Kellie', 'Lena', 'Susan']
['Lorraine', 'Lucy', 'Rolf', 'Rachel']
['Linda', 'Rosalee', 'Patricia', 'Ruby']
['Berta', 'Sarita', 'Pablo', 'Andres']
['Selma', 'Brian', 'Stanley', 'Glenna']
['Ingeborg', 'Elia', 'Eva', 'Cheryl']
['Lulu', 'Clayton', 'Michelle', 'Krysten']
['Kathryn', 'Seth', 'Lucille', 'April']
['Everett', 'Viola', 'Jane', 'Marjorie']
['Marlene', 'Olivia', 'Ashley', 'Eugenia']
['Mary', 'Charles', 'Cindy', 'Michele']
['Miguel', 'Raul', 'Bessie', 'Winnifred']
['John', 'Edward', 'Brenda', 'Jimmy']
['Loraine', 'Miles', 'Kerri', 'Christina']
['Edwin', 'Rosalyn', 'Danny', 'Garrett']
['Karren', 'Del', 'Helen', 'Booker']
['Norma', 'Dean', 'Thelma', 'Willis']
['Judy', 'Robin', 'Theodore', 'Ronda']
['Annalee', 'Frank', 'Juan', 'Carl']
['Nicole', 'Jacque', 'Joni', 'Elizabeth']
['Mark', 'Emmie', 'Cory', 'Shannon']
['William', 'Wayne', 'Jose', 'Burl']
['Carole', 'Matt', 'Irving', 'Gertrude']
['Will', 'Geraldine', 'Ernestine', 'Derek']
['Scot', 'Margert', 'Matthew', 'David']
['Caridad', 'Timothy', 'Janet', 'Wilson']
['Raeann', 'Margarito', 'Annette', 'Myron']
['Deborah', 'Gregory', 'Morris', 'Dorothea']
['Suzie', 'Leigh', 'Lonnie', 'Laurie']
['Ellen', 'Rosie', 'Robert', 'Lessie']
['Corey', 'Irene', 'Leanne', 'Clarissa']
['Ivonne', 'Cecilia', 'Peter', 'Emery']
['Shirley', 'Jason', 'Darrell', 'Bobby']
['Derrick', 'Doris', 'Leona', 'Tamika']
['Mike', 'Deanna', 'Dorothy', 'Marilyn']
['Ricky', 'Carlos', 'Dale', 'Carmelita']
['Frederick', 'Eura', 'Donna', 'Mildred']
['Ursula', 'Gerardo', 'Sofia', 'Amy']
['Crystal', 'Bethany', 'Cassandra', 'Inez']
['Barbara', 'Bernard', 'Jeremy', 'Wallace']
['Ana', 'Martin', 'Lillian', 'Lewis']
['Reginald', 'Ryan', 'Philip', 'Jennifer']
['Nola', 'Steve', 'Jesus', 'Audrey']
['Marco', 'Jorge', 'Joe', 'Toni']
['Roberto', 'Lloyd', 'Bonnie', 'Christopher']
['Alfred', 'Mabel', 'Sally', 'Hugh']
['Margaret', 'Roosevelt', 'Gail', 'Alison']
['Latisha', 'Eugene', 'Beth', 'Marquerite']
['Angela', 'Walter', 'Martha', 'Quintin']
['Danielle', 'Reinaldo', 'Norman', 'Andre']
['Jeff', 'Robyn', 'Melanie', 'Terry']
['Fredrick', 'Kylie', 'Janene', 'Constance']
['Wesley', 'Stacy', 'Kerrie', 'Ellis']
['Domingo', 'Juanita', 'Kenneth', 'Pauline']
['Kim', 'Gloria', 'Marlin', 'Arturo']
['Rafael', 'Lilian', 'Erik', 'Stacie']
['Alex', 'Victor', 'Andrea', 'Pamella']
['Charlotte', 'Michael', 'Mable', 'Lane']
['Teresa', 'Thomas', 'Alexander', 'Ollie']
['Roger', 'Tara', 'Fred', 'Pete']
['Darlene', 'Samuel', 'Monica', 'Travis']
['Carmen', 'Anna', 'Phillip', 'Jesse']
['Justin', 'Joann', 'Stephany', 'Ernest']
['Catherine', 'Sharon', 'Cassie', 'Judith']
['Sylvia', 'Susanna', 'Marian', 'Tracy']
