['AKM', 'ANI', 'AJS', 'ANQ', 'AJK', 'AKT', 'AKF', 'AJU', 'AKJ', 'ANH', 'ANR', 'ALM', 'ALB', 'AKZ', 'AMP', 'AAD', 'AJP', 'AMA', 'AJL']
['ABV', 'ANY', 'ALH', 'AMX', 'ALU', 'ANM', 'AJW', 'AJT', 'AKX', 'ALW', 'AMT', 'AKB', 'AND', 'AOF', 'AMY', 'AMN', 'ALS', 'ANG', 'AJD']
['AMZ', 'ALC', 'ABA', 'ALD', 'ALQ', 'AMH', 'AJJ', 'AJI', 'AMG', 'AJG', 'ANE', 'AKO', 'ANP', 'ANK', 'AKK', 'AOH', 'ANC', 'AOB', 'AJV']
['AJR', 'AMF', 'ALE', 'AKG', 'AKP', 'AAK', 'AOD', 'AMO', 'AIZ', 'AJB', 'AJX', 'AMQ', 'AJZ', 'AMU', 'AOK', 'AKH', 'ANN', 'AKA', 'AMC']
['AMM', 'AMV', 'ANU', 'ALJ', 'AKL', 'AKU', 'ALG', 'AKV', 'ANS', 'ALT', 'ALA', 'AJH', 'AAR', 'AMB', 'ALY', 'ANW', 'ANX', 'ANL', 'ALK']
['AOC', 'AMI', 'AJC', 'AKI', 'ALX', 'AKR', 'ANV', 'AKS', 'AKN', 'ANO', 'ALZ', 'AKE', 'AML', 'AOA', 'ALI', 'AAF', 'ALL', 'AMR', 'AOM']
['AJO', 'ANF', 'AJF', 'AME', 'ABX', 'AKC', 'AOJ', 'AJM', 'ANA', 'AOG', 'AJN', 'AMK', 'AMJ', 'AMD', 'ANJ', 'ALV', 'AJY', 'AKD', 'AJQ']
['AJE', 'AJA', 'AKY', 'AKW', 'AAE', 'ALN', 'ANZ', 'ANB', 'ALO', 'AOI', 'ALP', 'AOL', 'AOE', 'ANT', 'AKQ', 'ALR', 'ALF', 'AMW', 'AMS']
['AHM', 'AIY', 'AHT', 'AHO', 'AGP', 'AHF', 'AGE', 'AIS', 'AIU', 'AGC', 'AHD', 'AGI', 'AFU', 'AHA', 'AIW', 'AAH', 'AGV', 'AGZ', 'AIF']
['AHE', 'AGN', 'AGS', 'AIL', 'AIA', 'AHW', 'AIK', 'AGM', 'AIM', 'AGA', 'AHR', 'AIN', 'AHV', 'AHN', 'AHZ', 'AAO', 'AIH', 'AII', 'AGY']
['AFR', 'AAV', 'AIX', 'AHJ', 'AIJ', 'AFP', 'AFZ', 'AGX', 'AGK', 'AGF', 'AGW', 'AIR', 'AHS', 'AIT', 'AFS', 'AIO', 'AGD', 'AHG', 'AGQ']
['AHX', 'AHP', 'AFO', 'AHH', 'AFX', 'ABC', 'AGL', 'AID', 'AIC', 'AGH', 'AHQ', 'AHY', 'AGB', 'AFV', 'AIV', 'AGO', 'AHC', 'AHI', 'AGG']
['ABS', 'AHL', 'AFW', 'AIB', 'ACC', 'AGT', 'AGJ', 'AGR', 'AFY', 'AHU', 'AIP', 'AIQ', 'AFQ', 'AGU', 'AHB', 'AIG', 'AIE', 'AHK', 'AFT']
['AEF', 'AFM', 'AFA', 'AEK', 'ADL', 'AFF', 'AEA', 'AFL', 'ADS', 'AEV', 'AAG', 'AFE', 'AEI', 'ADZ', 'AER', 'AEL', 'AEZ', 'ADU', 'AEO']
['AAC', 'ADT', 'ADO', 'AEX', 'AFC', 'AEN', 'ADN', 'ADM', 'AEE', 'AFJ', 'AEW', 'AFK', 'AFN', 'AFG', 'ADR', 'AEC', 'AFI', 'AEH', 'ADP']
['ADX', 'ADV', 'AEB', 'AES', 'AEU', 'AEG', 'AAB', 'AEQ', 'AEP', 'ADQ', 'AFH', 'AED', 'AEJ', 'AFD', 'AEY', 'AET', 'AFB', 'ADW', 'AEM']
['ADJ', 'ACE', 'ACY', 'ACT', 'ADI', 'ADY', 'ACO', 'ACQ', 'ADK', 'ACM', 'ACG', 'ADC', 'ACK', 'ADA', 'ADG', 'ADB', 'ABF', 'ACS', 'ACJ']
['APL', 'APZ', 'AOS', 'AOW', 'AQI', 'AQF', 'AOU', 'APU', 'APT', 'APP', 'APY', 'API', 'AOO', 'APB', 'APG', 'AQL', 'AOP', 'AOT']
['APD', 'AQG', 'AOR', 'AQD', 'AQJ', 'APA', 'APK', 'APX', 'AOX', 'AON', 'AQA', 'AQB', 'APS', 'AOZ', 'AOV', 'AQO', 'APM', 'APV']
['APE', 'APJ', 'APF', 'APO', 'AQK', 'AQN', 'AQM', 'APQ', 'AOY', 'AQE', 'AQC', 'APW', 'AOQ', 'AQH', 'APH', 'APC', 'APR', 'APN']
['ACL', 'ACU', 'ABL', 'ACR', 'ADH', 'ACH', 'ABO', 'ACX', 'ACF', 'ACD', 'ACP', 'ABP', 'ACI', 'ADD', 'ACZ', 'ACN', 'ADE', 'ACW']
['AAN', 'AAA', 'ADF', 'AAT', 'AAZ', 'AAY', 'AAU', 'ABB', 'AAQ', 'ABE', 'ACV', 'AAX', 'ABG', 'AAS', 'AAP', 'ABH', 'AAW', 'ABD']
['ABQ', 'AAI', 'ABJ', 'ABY', 'ABK', 'ACA', 'ABR', 'ABU', 'ABW', 'AAJ', 'AAL', 'ABM', 'ABI', 'ABT', 'ACB', 'ABN', 'AAM', 'ABZ']
