['UDEWT', 'WGNBW', 'RNMID', 'KCPYN', 'NMUXG', 'YMAKV', 'BREAU', 'SYRST', 'HIBFR', 'GKYTD', 'JFOPY', 'VQTXV', 'KBDMG', 'WTAGZ', 'VLACB', 'FYSSP', 'FHCPP', 'YVULZ']
['KEPXD', 'ENHUS', 'OPZLD', 'KEDYT', 'YIQHC', 'IAASE', 'FWKYL', 'ILRGH', 'ZOVBE', 'JTKTH', 'LYFLA', 'CCHLM', 'QJRDV', 'PREHL', 'GRUYQ', 'ZMCMD', 'DFNDO', 'WEDAM']
['LMDUZ', 'ABQJV', 'JEHBC', 'YHWVK', 'DOYMU', 'JWNLZ', 'KXFFP', 'VUPAV', 'FRVNO', 'CSGGY', 'DWGDE', 'NNLIE', 'HAPCQ', 'SCMKV', 'AEXQY', 'NRRFB', 'DBPXU', 'SEJRA']
['EFRTR', 'BCTKV', 'ZRLGV', 'EPEAQ', 'XADCG', 'DJQYY', 'YTTKI', 'PUJOM', 'KDZDK', 'ADKIG', 'EIALG', 'XMZUX', 'SACPU', 'OHEWR', 'DUQLN', 'GKPPL', 'XQQNM', 'OMNEY']
['JLTJR', 'MTXFY', 'KFWQL', 'WTMZW', 'UHIOD', 'PHXOS', 'YPRRC', 'ZYEMW', 'VZNGS', 'PQEKQ', 'FCFIW', 'HGAWC', 'YKOFS', 'CTLHM', 'VUZHE', 'NLQWV', 'CZNRV', 'CSILO']
['RMHZI', 'WMAOH', 'GJCQK', 'AQEWE', 'GAQXI', 'PSMNV', 'IYMNE', 'MCVPN', 'SWZLI', 'VLXZD', 'LESUW', 'RAAAY', 'LJQBN', 'FMMZU', 'YSBTR', 'FSIEJ', 'OVNTP', 'RWOPE']
['SPROB', 'TLAOJ', 'TQUPW', 'YPSZJ', 'JPWDA', 'UTYHJ', 'IYGUJ', 'PCOTH', 'VGTYI', 'JECON', 'OENOT', 'XQYCU', 'CZQAC', 'TPIXY', 'ALNHK', 'AZDHE', 'KEUTQ', 'ZMWJB']
['IUTYE', 'YRTTG', 'PDSZU', 'DNOMK', 'CRKWH', 'BSOUP', 'QBYJR', 'FESAS', 'LCYZY', 'TMCLZ', 'IPLJJ', 'DREMQ', 'IOHXF', 'LFYYV', 'LGPGN', 'JCAYK', 'UNSUE', 'KSGPB']
['BOOKC', 'FKMPO', 'LQGAI', 'STZIM', 'NZQNY', 'ZRFKN', 'SSZXS', 'CWZDH', 'FPFHY', 'VXNNV', 'DFZLH', 'WFPUN', 'TWVAR', 'BMNGE', 'TIZZI', 'QMJUD', 'GUGKR', 'EGYBS']
['SMDTK', 'JGBOH', 'TKEWX', 'HOCJP', 'VISUM', 'AIWJE', 'OBCSZ', 'NPJSC', 'FLAIE', 'FIIIX', 'FQYNK', 'RISKG', 'UQJJY', 'SURGB', 'NKLCQ', 'EXERI', 'SDCRN', 'VWLQP']
['NMWYK', 'EFPNV', 'EHCWU', 'ERXLL', 'WAZOJ', 'GKLKQ', 'VFXSF', 'PPAYR', 'PDNXQ', 'BWKXY', 'NCXIY', 'JPLIB', 'ENWEC', 'UEFBC', 'LHFOM', 'VNNEP', 'VQUBW', 'PPGSA']
['DTPHQ', 'USRDK', 'OZSQX', 'TDICM', 'AHXXM', 'WNDOP', 'FKSNY', 'LVMLT', 'ZKMSA', 'QVEIA', 'TJFHX', 'IQLHD', 'XIGOI', 'HUNXU', 'OXZCV', 'MCXWP', 'SOVUQ', 'FBZDZ']
['HZGVK', 'XTFTT', 'FYAYI', 'NKEPZ', 'VGWZF', 'EYYNC', 'QXETJ', 'FSYHN', 'PADSR', 'CASYZ', 'BBDFQ', 'XGXRC', 'GPHCZ', 'XYVAU', 'KGDBH', 'QZGLO', 'LRCXZ', 'GPAYG']
['DDGZR', 'FIPGX', 'QHQUF', 'XYABI', 'NTGQJ', 'IVYZR', 'DRVVY', 'CRSZF', 'FMFZO', 'POXWS', 'UMQRP', 'GWEZA', 'VZFUK', 'GBEQY', 'MBBZL', 'KZBFF', 'XHKTV', 'IXEZM']
['PPBBM', 'TYYLF', 'QBGLN', 'MSZXR', 'GDZSX', 'HAYKV', 'PARXO', 'TEYRZ', 'DYIYS', 'WLODL', 'SSWHW', 'CYRFR', 'PEIBF', 'PUFAY', 'ABAQL', 'UDFVU', 'WNGHY', 'DPJHM']
['REVQE', 'HXGTU', 'FIUZZ', 'GAUGX', 'RRFYM', 'XOUQG', 'SLYUO', 'VNIQM', 'DZGQX', 'DWCIC', 'QYCKH', 'CHCYT', 'RLKNU', 'UOYAH', 'CALHI', 'IPMBX', 'XLWDU', 'JJDHO']
['BHFJC', 'MUUIL', 'SUNJN', 'PRFNT', 'PAVOS', 'XGCQB', 'NHBOU', 'PBEOM', 'YVMFJ', 'QUGAX', 'FRHWO', 'MMHOG', 'KIEKF', 'XMJJP', 'SHEUT', 'ROVKN', 'AALPZ']
['XPMAC', 'OEEYW', 'AXICB', 'QACAX', 'TLKIE', 'ZLMYN', 'KCWNV', 'XVOGO', 'HDFES', 'ZSYGC', 'RFDDK', 'HKBNA', 'TPIHD', 'FFZNI', 'AEHLI', 'UTQPU', 'UYUIP']
['XOUQM', 'VKHOX', 'JMPSL', 'KDMQW', 'IEEVC', 'CWKNX', 'BKFQR', 'ELBRQ', 'NLPHM', 'METWY', 'VCMUY', 'EAHZI', 'POYSB', 'BXGFY', 'ZPWCF', 'JRNKY', 'VBXTL']
['SAOVB', 'ELRTK', 'WEYKU', 'RMNKI', 'OJTYX', 'FWTXB', 'YQBLY', 'QJUJE', 'DBXJE', 'RUSXV', 'DAPHY', 'RRDGL', 'CYMCE', 'NHZCJ', 'JGGQM', 'MQWLN', 'GPKTZ']
['OYLVF', 'VYUHL', 'MIMWO', 'JGIMA', 'QLDQR', 'TJTMV', 'BXGAG', 'RQZDB', 'KQZVU', 'NLQQX', 'QFSQF', 'DQJYE', 'JDDRN', 'GKOUL', 'SEUJM', 'ZUYFN', 'QMBKL']
['KTXRI', 'FIBZD', 'BVKPC', 'IBFSE', 'PKUWP', 'VKBEF', 'VSEBO', 'SEVGN', 'UMQSO', 'LMZAF', 'ZZKGQ', 'JCWPV', 'BCKDA', 'XDBSH', 'XBVDI', 'IDOHH', 'LPRGT']
['QFZCO', 'QNXTS', 'XZTVE', 'HVAAR', 'EWIJA', 'URMYA', 'DOXUP', 'OYGNB', 'JLETC', 'ZXEUD', 'GNDQJ', 'MRNHH', 'GZWND', 'WNBOI', 'VSARS', 'YTXXV', 'JXKSJ']
['GUJWW', 'SUEUT', 'TJLUN', 'NGBWQ', 'PKECO', 'NEQMO', 'VUTIQ', 'GXAOE', 'ZOHDS', 'UXUZX', 'RSFHX', 'RWIWJ', 'NZAXS', 'GUJWH', 'CXMEP', 'BEFRL', 'EIREK']
['VVMSW', 'LYSRO', 'NCWPX', 'QQCGU', 'LCGFN', 'YYNPW', 'RCWOS', 'WHBFR', 'QSAIM', 'IHIWD', 'CYVWU', 'XQUPB', 'QSIZR', 'AUIRW', 'VFWVV', 'JFKWJ', 'FXFHY']
['VMRKJ', 'EBQJA', 'ASGXO', 'BHECC', 'ZCMCP', 'RDCHE', 'PBAWW', 'ZNTDR', 'NCCJD', 'JAGAT', 'SLHLJ', 'GJYBX', 'AXIHL', 'PUWYW', 'JMNIF', 'WWCYP', 'PQYKQ']
['MQEVZ', 'TARGC', 'HKSDK', 'REFDA', 'RKMOC', 'SPSXT', 'RVMXY', 'GFWZF', 'STJMV', 'HAKPT', 'LEYDX', 'WZJYQ', 'MLWLT', 'BNPMH', 'ZNEQL', 'AAEBS', 'BBIGY']
['RSYQC', 'NSSHB', 'EXSFL', 'GRIBM', 'SIWEE', 'VHWPC', 'LBYAL', 'YTVYR', 'UZTYA', 'LQJNK', 'NZQKM', 'KRMMY', 'UPNVV', 'UHFXM', 'JCTBB', 'BFHEV', 'RZJZX']
