['Mitchiner', 'Delinda', 'Neille', 'Sosanna', 'Dulcea', 'Bruns', 'Balliett', 'Krystalle', 'Osrick', 'Starinsky', 'Pippo', 'Arel', 'Prebo', 'Tuttle', 'Hayyim', 'Hillegass', 'Moyers', 'Birck', 'Leod', 'Girovard', 'Arianna', 'Sinnard', 'Lou', 'Dowlen', 'Halimeda']
['Griswold', 'Coumas', 'Behlau', 'Nannette', 'Ferullo', 'Sheeran', 'Javler', 'Towne', 'Danita', 'Freddy', 'Fabrice', 'McCoy', 'Margeaux', 'Koetke', 'Uzzia', 'Jestude', 'Cyd', 'Cutty', 'Tonya', 'Fruin', 'Sandstrom', 'Pontius', 'Quitt', 'Leiser', 'Kronick']
['Kile', 'Risteau', 'McClimans', 'Kerianne', 'Lombardi', 'Bhayani', 'Tristam', 'Everick', 'Zobe', 'Zelma', 'Yerxa', 'Tine', 'Ardehs', 'Rhonda', 'Anuska', 'Klute', 'Latimer', 'Burkhart', 'Hatch', 'Shanly', 'Woodhead', 'Padget', 'Lacy', 'Hillel', 'Grimona']
['Ursola', 'Blondell', 'Lorilyn', 'Ruyle', 'Haldane', 'Ferro', 'Noyes', 'Debera', 'Reste', 'Marijo', 'Lindell', 'Jobyna', 'Crean', 'Ragland', 'Placido', 'Brittnee', 'Elmira', 'Sievert', 'Dole', 'Kassi', 'Love', 'Shannah', 'Hawger', 'Bello', 'Ashling']
['Nari', 'Donn', 'Ng', 'Jorgenson', 'Ardys', 'Dott', 'Foulk', 'Binette', 'Felicie', 'Hudis', 'Ciapas', 'Janerich', 'Evangeline', 'Holton', 'Carlick', 'Karlise', 'Toh', 'Elihu', 'Feinstein', 'Japeth', 'Harmony', 'Atkins', 'Hermon', 'Questa', 'Weirick']
['Fitz', 'Midian', 'Lynett', 'Clovah', 'Epstein', 'Tutankhamen', 'Clymer', 'Rooke', 'Druce', 'Griffin', 'Holms', 'Willis', 'Erlewine', 'Ace', 'Kimon', 'Adaurd', 'Crompton', 'Willetta', 'Vevay', 'Montagna', 'Derinna', 'Ubana', 'Cheria', 'Uchida', 'Morville']
['Gillian', 'Bui', 'Kaufmann', 'Berneta', 'Proudfoot', 'Firman', 'Antonetta', 'Leanna', 'Dietrich', 'Janaya', 'Tennes', 'Smukler', 'Carrillo', 'Ammadis', 'Masterson', 'Cicely', 'Mikol', 'Dimitry', 'Yim', 'Selma', 'Delila', 'Caines', 'Ber', 'Tiphane', 'Agosto']
['Turrell', 'Nestor', 'Nanette', 'Matthaeus', 'Basso', 'Holey', 'Charin', 'Cloots', 'Busey', 'Stearns', 'Dearman', 'Jillana', 'Gibun', 'Rani', 'Myrvyn', 'Kanya', 'Hett', 'Perloff', 'Scherman', 'Danna', 'Bounds', 'Oscar', 'Darrow', 'Emelita', 'Hook']
['Nance', 'Barnett', 'Colly', 'Lawler', 'Monahan', 'Schnabel', 'Winer', 'Les', 'Damon', 'Rocray', 'Gwenette', 'Vesta', 'Eleni', 'Yarvis', 'Nessy', 'Renick', 'Eilis', 'Nisse', 'Fairfax', 'Cristiona', 'Saville', 'Grath', 'Puklich', 'Hardej', 'Baldridge']
['Blasius', 'Till', 'Catherin', 'Florentia', 'Gloriana', 'Lamb', 'Groh', 'Jimmy', 'Utas', 'Karie', 'Groos', 'Lyle', 'Fadiman', 'Flo', 'Fillender', 'Dare', 'Saxen', 'Wing', 'Alvinia', 'Danais', 'Bluhm', 'Plantagenet', 'Eldwen', 'Fokos', 'Minda']
['Gombosi', 'Chemush', 'Buckler', 'Robbin', 'Maribel', 'Acacia', 'Faunia', 'Earlene', 'Lauree', 'Farro', 'Katzir', 'Melda', 'Chancellor', 'Ebneter', 'Ottinger', 'Merth', 'Rodolphe', 'Roanna', 'Matthew', 'Coh', 'Formenti', 'Genie', 'Darsie', 'Gerianne', 'Jenkel']
['Ultun', 'Costin', 'Merola', 'Nafis', 'Adolphus', 'Larry', 'Klapp', 'Won', 'Barby', 'Norean', 'Maye', 'Favian', 'Gunn', 'Malo', 'Emmer', 'Lynnelle', 'Galligan', 'Felise', 'Halstead', 'Nicolis', 'Clea', 'Fidelio', 'Swanhilda', 'Dela', 'Brazee']
['Newton', 'Durante', 'Ted', 'Lenes', 'Rombert', 'Neveda', 'McKinney', 'Wunder', 'Thorman', 'Paulita', 'Neva', 'Derril', 'Cataldo', 'Converse', 'Meras', 'Raynor', 'Saudra', 'Edrick', 'Lunetta', 'Wendye', 'Ches', 'Rue', 'Tessy', 'Lux', 'Jehiel']
['Winebaum', 'Avril', 'Velda', 'Milore', 'Rik', 'Jori', 'Ashford', 'Cardwell', 'Akeyla', 'Sigsmond', 'Lenhart', 'Knute', 'Shepp', 'Desi', 'Girardo', 'Hadleigh', 'Manaker', 'Moonier', 'Minier', 'Cavallaro', 'Marijn', 'Mauchi', 'Hamlin', 'Tarkany', 'Hakim']
['Hittel', 'Davidde', 'Sumer', 'Deni', 'Elburr', 'Celestyn', 'Gowrie', 'Fast', 'Flemming', 'Summons', 'Salomi', 'Corkhill', 'Hannover', 'Tillford', 'Bevon', 'Elberta', 'Dotson', 'Bran', 'Hako', 'Beaver', 'Flieger', 'Mokas', 'Letta', 'Safire', 'Micheal']
['McIntosh', 'Maude', 'Livingston', 'Bernj', 'Zandt', 'Sachi', 'Hotze', 'Berner', 'Udell', 'Woo', 'Henrique', 'Shea', 'Alf', 'Aviv', 'Vikky', 'Franek', 'Pryce', 'Harriet', 'Cerracchio', 'Dett', 'Benilda', 'Harland', 'Marina', 'Hankins', 'Uta']
['Janenna', 'Yasu', 'Balcer', 'Kudva', 'Chaddie', 'Candyce', 'Oakes', 'Saylor', 'Australia', 'Mushro', 'Carter', 'Fredkin', 'Polish', 'Utica', 'Biggs', 'Shelbi', 'Lentha', 'Ludovico', 'Ruhnke', 'Cristoforo', 'Ursi', 'Glenn', 'Jeniece', 'Meingolda', 'Virginia']
['Ratcliffe', 'Vonni', 'Danuloff', 'Pinto', 'Hanway', 'Eudocia', 'Augustina', 'Holofernes', 'Enid', 'Serafine', 'Dumas', 'Melburn', 'Stephenson', 'Ashman', 'Vaish', 'Tay', 'Melisa', 'Doroteya', 'Ginzburg', 'Raul', 'Larson', 'Hong', 'Cherry', 'Volkan', 'Marilou']
['Fifine', 'Kylah', 'Prince', 'Schreck', 'Lamson', 'Verras', 'Fausta', 'Watson', 'Sandeep', 'Billy', 'Jenness', 'Jason', 'Chae', 'Pappas', 'Jessalin', 'Mansoor', 'Kerwon', 'Wight', 'Clere', 'Ainslee', 'Odin', 'Barsky', 'Wistrup', 'Beebe', 'Worlock']
['McCullough', 'Astto', 'Lon', 'Shelby', 'Dedric', 'Ebba', 'Emelia', 'Joed', 'Kinzer', 'Cal', 'Grochow', 'Adriane', 'Antonino', 'Higgs', 'Demetria', 'Auroora', 'Karon', 'Lotus', 'Tavy', 'Mathur', 'Eno', 'Buxton', 'Balling', 'Nath', 'Mackenzie']
